2026-01-30 00:13:41,851 [INFO] WebApp:191 - Connection restablished
2026-01-30 04:07:22,786 [INFO] WebApp:194 - Connection lost
2026-01-30 04:07:23,465 [INFO] WebApp:191 - Connection restablished
2026-01-30 04:07:28,817 [INFO] WebApp:194 - Connection lost
2026-01-30 04:07:29,115 [INFO] WebApp:191 - Connection restablished
2026-01-30 05:07:25,444 [INFO] NvicIntPanel:101 - NVIC parent = com.st.microxplorer.plugins.ip.nvic.MultiNvicIntPanel[,0,0,450x288,layout=javax.swing.BoxLayout,alignmentX=0.0,alignmentY=0.0,border=,flags=9,maximumSize=,minimumSize=,preferredSize=]
2026-01-30 11:32:09,318 [INFO] WebApp:194 - Connection lost
2026-01-30 12:59:48,329 [INFO] WebApp:191 - Connection restablished
2026-01-30 13:01:32,287 [INFO] WebApp:194 - Connection lost
2026-01-30 13:01:32,569 [INFO] WebApp:191 - Connection restablished
2026-01-30 16:37:52,458 [INFO] NvicIntPanel:101 - NVIC parent = com.st.microxplorer.plugins.ip.nvic.MultiNvicIntPanel[,0,0,450x229,layout=javax.swing.BoxLayout,alignmentX=0.0,alignmentY=0.0,border=,flags=9,maximumSize=,minimumSize=,preferredSize=]
2026-01-30 17:13:56,047 [INFO] NvicIntPanel:101 - NVIC parent = com.st.microxplorer.plugins.ip.nvic.MultiNvicIntPanel[,0,0,0x0,invalid,layout=javax.swing.BoxLayout,alignmentX=0.0,alignmentY=0.0,border=,flags=9,maximumSize=,minimumSize=,preferredSize=]
2026-01-30 21:14:39,297 [INFO] WebApp:194 - Connection lost
2026-01-30 21:16:53,524 [INFO] WebApp:191 - Connection restablished
2026-01-30 21:16:58,732 [INFO] WebApp:194 - Connection lost
2026-01-30 21:16:59,319 [INFO] WebApp:191 - Connection restablished
2026-01-30 23:33:48,511 [INFO] UtilMem:75 - End SaveConfig() Used Memory: 675679496 Bytes (1073741824)
2026-01-30 23:33:48,688 [INFO] UtilMem:75 - End SaveConfig() Used Memory: 698225928 Bytes (1073741824)
2026-01-30 23:33:51,925 [INFO] UtilMem:75 - End SaveConfig() Used Memory: 916949992 Bytes (1073741824)
2026-01-30 23:33:52,846 [INFO] BlockDiagram:2775 - set Specific Code input for plugin: FREERTOS
2026-01-30 23:33:52,847 [INFO] BlockDiagram:2775 - set Specific Code input for plugin: TIM1_8G4
2026-01-30 23:33:52,848 [INFO] BlockDiagram:2775 - set Specific Code input for plugin: TIM1_8G4
2026-01-30 23:33:52,848 [INFO] BlockDiagram:2775 - set Specific Code input for plugin: TIM1_8G4
2026-01-30 23:33:52,848 [INFO] BlockDiagram:2775 - set Specific Code input for plugin: TIM1_8G4
2026-01-30 23:33:52,848 [INFO] BlockDiagram:2775 - set Specific Code input for plugin: SYS
2026-01-30 23:33:52,848 [INFO] BlockDiagram:2775 - set Specific Code input for plugin: ADC
2026-01-30 23:33:52,849 [INFO] BlockDiagram:2775 - set Specific Code input for plugin: RCC
2026-01-30 23:33:52,849 [INFO] BlockDiagram:2775 - set Specific Code input for plugin: LPUART
2026-01-30 23:33:52,849 [INFO] BlockDiagram:2775 - set Specific Code input for plugin: NVIC
2026-01-30 23:33:52,850 [INFO] BlockDiagram:2775 - set Specific Code input for plugin: DMA
2026-01-30 23:33:52,850 [INFO] BlockDiagram:2775 - set Specific Code input for plugin: UART
2026-01-30 23:33:52,850 [INFO] BlockDiagram:2775 - set Specific Code input for plugin: UART
2026-01-30 23:33:52,851 [INFO] BlockDiagram:2775 - set Specific Code input for plugin: GPIO
2026-01-30 23:33:52,855 [INFO] CodeGenerator:892 - code generatio: config db path: C:\Users\Sterm\Desktop\STM32\STM32CubeIDE_1.18.0\STM32CubeIDE\plugins\com.st.stm32cube.common.mx_6.15.0.202507011659\\db\
2026-01-30 23:33:53,414 [INFO] CodeEngine:265 - oldGeneratedFile, C:\Users\Sterm\Desktop\STM32\workspace\Rover_Project_Fake\zzz_Board1\MXTmpFiles\license.tmp_save
2026-01-30 23:33:54,066 [INFO] CodeEngine:289 - Generated code: C:\Users\Sterm\Desktop\STM32\workspace\Rover_Project_Fake\zzz_Board1\MXTmpFiles\license.tmp
2026-01-30 23:33:54,268 [INFO] CodeEngine:265 - oldGeneratedFile, C:\Users\Sterm\Desktop\STM32\workspace\Rover_Project_Fake\zzz_Board1\Core\Src\gpio.c_save
2026-01-30 23:33:54,514 [INFO] CodeEngine:289 - Generated code: C:\Users\Sterm\Desktop\STM32\workspace\Rover_Project_Fake\zzz_Board1\Core\Src\gpio.c
2026-01-30 23:33:54,529 [INFO] CodeEngine:265 - oldGeneratedFile, C:\Users\Sterm\Desktop\STM32\workspace\Rover_Project_Fake\zzz_Board1\Core\Inc\gpio.h_save
2026-01-30 23:33:54,692 [INFO] CodeEngine:289 - Generated code: C:\Users\Sterm\Desktop\STM32\workspace\Rover_Project_Fake\zzz_Board1\Core\Inc\gpio.h
2026-01-30 23:33:56,702 [INFO] Middleware:1452 - No code input for Bsp Dependency
2026-01-30 23:33:56,723 [INFO] CodeEngine:265 - oldGeneratedFile, C:\Users\Sterm\Desktop\STM32\workspace\Rover_Project_Fake\zzz_Board1\MXTmpFiles\rtos_inc.tmp_save
2026-01-30 23:33:56,936 [INFO] CodeEngine:289 - Generated code: C:\Users\Sterm\Desktop\STM32\workspace\Rover_Project_Fake\zzz_Board1\MXTmpFiles\rtos_inc.tmp
2026-01-30 23:33:56,950 [INFO] CodeEngine:265 - oldGeneratedFile, C:\Users\Sterm\Desktop\STM32\workspace\Rover_Project_Fake\zzz_Board1\MXTmpFiles\rtos_kernelInit.tmp_save
2026-01-30 23:33:57,153 [INFO] CodeEngine:289 - Generated code: C:\Users\Sterm\Desktop\STM32\workspace\Rover_Project_Fake\zzz_Board1\MXTmpFiles\rtos_kernelInit.tmp
2026-01-30 23:33:57,190 [INFO] CodeEngine:265 - oldGeneratedFile, C:\Users\Sterm\Desktop\STM32\workspace\Rover_Project_Fake\zzz_Board1\MXTmpFiles\rtos_kernelStart.tmp_save
2026-01-30 23:33:57,384 [INFO] CodeEngine:289 - Generated code: C:\Users\Sterm\Desktop\STM32\workspace\Rover_Project_Fake\zzz_Board1\MXTmpFiles\rtos_kernelStart.tmp
2026-01-30 23:33:57,416 [INFO] CodeEngine:265 - oldGeneratedFile, C:\Users\Sterm\Desktop\STM32\workspace\Rover_Project_Fake\zzz_Board1\MXTmpFiles\rtos_typedefs.tmp_save
2026-01-30 23:33:57,556 [INFO] CodeEngine:289 - Generated code: C:\Users\Sterm\Desktop\STM32\workspace\Rover_Project_Fake\zzz_Board1\MXTmpFiles\rtos_typedefs.tmp
2026-01-30 23:33:57,573 [INFO] CodeEngine:265 - oldGeneratedFile, C:\Users\Sterm\Desktop\STM32\workspace\Rover_Project_Fake\zzz_Board1\MXTmpFiles\rtos_vars.tmp_save
2026-01-30 23:33:57,711 [INFO] CodeEngine:289 - Generated code: C:\Users\Sterm\Desktop\STM32\workspace\Rover_Project_Fake\zzz_Board1\MXTmpFiles\rtos_vars.tmp
2026-01-30 23:33:57,725 [INFO] CodeEngine:265 - oldGeneratedFile, C:\Users\Sterm\Desktop\STM32\workspace\Rover_Project_Fake\zzz_Board1\MXTmpFiles\rtos_pfp.tmp_save
2026-01-30 23:33:57,848 [INFO] CodeEngine:289 - Generated code: C:\Users\Sterm\Desktop\STM32\workspace\Rover_Project_Fake\zzz_Board1\MXTmpFiles\rtos_pfp.tmp
2026-01-30 23:33:57,869 [INFO] CodeEngine:265 - oldGeneratedFile, C:\Users\Sterm\Desktop\STM32\workspace\Rover_Project_Fake\zzz_Board1\MXTmpFiles\rtos_obj_creat.tmp_save
2026-01-30 23:33:57,988 [INFO] CodeEngine:289 - Generated code: C:\Users\Sterm\Desktop\STM32\workspace\Rover_Project_Fake\zzz_Board1\MXTmpFiles\rtos_obj_creat.tmp
2026-01-30 23:33:58,000 [INFO] CodeEngine:265 - oldGeneratedFile, C:\Users\Sterm\Desktop\STM32\workspace\Rover_Project_Fake\zzz_Board1\MXTmpFiles\rtos_default_thread.tmp_save
2026-01-30 23:33:58,113 [INFO] CodeEngine:289 - Generated code: C:\Users\Sterm\Desktop\STM32\workspace\Rover_Project_Fake\zzz_Board1\MXTmpFiles\rtos_default_thread.tmp
2026-01-30 23:33:58,125 [INFO] CodeEngine:265 - oldGeneratedFile, C:\Users\Sterm\Desktop\STM32\workspace\Rover_Project_Fake\zzz_Board1\MXTmpFiles\rtos_threads.tmp_save
2026-01-30 23:33:58,213 [INFO] CodeEngine:289 - Generated code: C:\Users\Sterm\Desktop\STM32\workspace\Rover_Project_Fake\zzz_Board1\MXTmpFiles\rtos_threads.tmp
2026-01-30 23:33:58,245 [INFO] Middleware:1452 - No code input for Bsp Dependency
2026-01-30 23:33:58,257 [INFO] CodeEngine:265 - oldGeneratedFile, C:\Users\Sterm\Desktop\STM32\workspace\Rover_Project_Fake\zzz_Board1\MXTmpFiles\rtos_inc.tmp_save
2026-01-30 23:33:58,334 [INFO] CodeEngine:289 - Generated code: C:\Users\Sterm\Desktop\STM32\workspace\Rover_Project_Fake\zzz_Board1\MXTmpFiles\rtos_inc.tmp
2026-01-30 23:33:58,345 [INFO] CodeEngine:265 - oldGeneratedFile, C:\Users\Sterm\Desktop\STM32\workspace\Rover_Project_Fake\zzz_Board1\MXTmpFiles\rtos_kernelInit.tmp_save
2026-01-30 23:33:58,412 [INFO] CodeEngine:289 - Generated code: C:\Users\Sterm\Desktop\STM32\workspace\Rover_Project_Fake\zzz_Board1\MXTmpFiles\rtos_kernelInit.tmp
2026-01-30 23:33:58,421 [INFO] CodeEngine:265 - oldGeneratedFile, C:\Users\Sterm\Desktop\STM32\workspace\Rover_Project_Fake\zzz_Board1\MXTmpFiles\rtos_kernelStart.tmp_save
2026-01-30 23:33:58,499 [INFO] CodeEngine:289 - Generated code: C:\Users\Sterm\Desktop\STM32\workspace\Rover_Project_Fake\zzz_Board1\MXTmpFiles\rtos_kernelStart.tmp
2026-01-30 23:33:58,511 [INFO] CodeEngine:265 - oldGeneratedFile, C:\Users\Sterm\Desktop\STM32\workspace\Rover_Project_Fake\zzz_Board1\MXTmpFiles\rtos_typedefs.tmp_save
2026-01-30 23:33:58,581 [INFO] CodeEngine:289 - Generated code: C:\Users\Sterm\Desktop\STM32\workspace\Rover_Project_Fake\zzz_Board1\MXTmpFiles\rtos_typedefs.tmp
2026-01-30 23:33:58,593 [INFO] CodeEngine:265 - oldGeneratedFile, C:\Users\Sterm\Desktop\STM32\workspace\Rover_Project_Fake\zzz_Board1\MXTmpFiles\rtos_vars.tmp_save
2026-01-30 23:33:58,683 [INFO] CodeEngine:289 - Generated code: C:\Users\Sterm\Desktop\STM32\workspace\Rover_Project_Fake\zzz_Board1\MXTmpFiles\rtos_vars.tmp
2026-01-30 23:33:58,692 [INFO] CodeEngine:265 - oldGeneratedFile, C:\Users\Sterm\Desktop\STM32\workspace\Rover_Project_Fake\zzz_Board1\MXTmpFiles\rtos_pfp.tmp_save
2026-01-30 23:33:58,760 [INFO] CodeEngine:289 - Generated code: C:\Users\Sterm\Desktop\STM32\workspace\Rover_Project_Fake\zzz_Board1\MXTmpFiles\rtos_pfp.tmp
2026-01-30 23:33:58,770 [INFO] CodeEngine:265 - oldGeneratedFile, C:\Users\Sterm\Desktop\STM32\workspace\Rover_Project_Fake\zzz_Board1\MXTmpFiles\rtos_obj_creat.tmp_save
2026-01-30 23:33:58,846 [INFO] CodeEngine:289 - Generated code: C:\Users\Sterm\Desktop\STM32\workspace\Rover_Project_Fake\zzz_Board1\MXTmpFiles\rtos_obj_creat.tmp
2026-01-30 23:33:58,858 [INFO] CodeEngine:265 - oldGeneratedFile, C:\Users\Sterm\Desktop\STM32\workspace\Rover_Project_Fake\zzz_Board1\MXTmpFiles\rtos_default_thread.tmp_save
2026-01-30 23:33:58,926 [INFO] CodeEngine:289 - Generated code: C:\Users\Sterm\Desktop\STM32\workspace\Rover_Project_Fake\zzz_Board1\MXTmpFiles\rtos_default_thread.tmp
2026-01-30 23:33:58,938 [INFO] CodeEngine:265 - oldGeneratedFile, C:\Users\Sterm\Desktop\STM32\workspace\Rover_Project_Fake\zzz_Board1\MXTmpFiles\rtos_threads.tmp_save
2026-01-30 23:33:59,008 [INFO] CodeEngine:289 - Generated code: C:\Users\Sterm\Desktop\STM32\workspace\Rover_Project_Fake\zzz_Board1\MXTmpFiles\rtos_threads.tmp
2026-01-30 23:33:59,019 [INFO] CodeEngine:265 - oldGeneratedFile, C:\Users\Sterm\Desktop\STM32\workspace\Rover_Project_Fake\zzz_Board1\Core\Inc\FreeRTOSConfig.h_save
2026-01-30 23:33:59,116 [INFO] CodeEngine:289 - Generated code: C:\Users\Sterm\Desktop\STM32\workspace\Rover_Project_Fake\zzz_Board1\Core\Inc\FreeRTOSConfig.h
2026-01-30 23:33:59,130 [INFO] CodeEngine:265 - oldGeneratedFile, C:\Users\Sterm\Desktop\STM32\workspace\Rover_Project_Fake\zzz_Board1\Core\Src\app_freertos.c_save
2026-01-30 23:33:59,251 [INFO] CodeEngine:289 - Generated code: C:\Users\Sterm\Desktop\STM32\workspace\Rover_Project_Fake\zzz_Board1\Core\Src\app_freertos.c
2026-01-30 23:33:59,270 [INFO] CodeEngine:265 - oldGeneratedFile, C:\Users\Sterm\Desktop\STM32\workspace\Rover_Project_Fake\zzz_Board1\Core\Src\adc.c_save
2026-01-30 23:33:59,465 [INFO] CodeEngine:289 - Generated code: C:\Users\Sterm\Desktop\STM32\workspace\Rover_Project_Fake\zzz_Board1\Core\Src\adc.c
2026-01-30 23:33:59,478 [INFO] CodeEngine:265 - oldGeneratedFile, C:\Users\Sterm\Desktop\STM32\workspace\Rover_Project_Fake\zzz_Board1\Core\Inc\adc.h_save
2026-01-30 23:33:59,575 [INFO] CodeEngine:289 - Generated code: C:\Users\Sterm\Desktop\STM32\workspace\Rover_Project_Fake\zzz_Board1\Core\Inc\adc.h
2026-01-30 23:33:59,691 [INFO] CodeEngine:265 - oldGeneratedFile, C:\Users\Sterm\Desktop\STM32\workspace\Rover_Project_Fake\zzz_Board1\Core\Src\dma.c_save
2026-01-30 23:33:59,774 [INFO] CodeEngine:289 - Generated code: C:\Users\Sterm\Desktop\STM32\workspace\Rover_Project_Fake\zzz_Board1\Core\Src\dma.c
2026-01-30 23:33:59,784 [INFO] CodeEngine:265 - oldGeneratedFile, C:\Users\Sterm\Desktop\STM32\workspace\Rover_Project_Fake\zzz_Board1\Core\Inc\dma.h_save
2026-01-30 23:33:59,859 [INFO] CodeEngine:289 - Generated code: C:\Users\Sterm\Desktop\STM32\workspace\Rover_Project_Fake\zzz_Board1\Core\Inc\dma.h
2026-01-30 23:33:59,876 [INFO] CodeEngine:265 - oldGeneratedFile, C:\Users\Sterm\Desktop\STM32\workspace\Rover_Project_Fake\zzz_Board1\Core\Src\usart.c_save
2026-01-30 23:33:59,994 [INFO] CodeEngine:289 - Generated code: C:\Users\Sterm\Desktop\STM32\workspace\Rover_Project_Fake\zzz_Board1\Core\Src\usart.c
2026-01-30 23:34:00,005 [INFO] CodeEngine:265 - oldGeneratedFile, C:\Users\Sterm\Desktop\STM32\workspace\Rover_Project_Fake\zzz_Board1\Core\Inc\usart.h_save
2026-01-30 23:34:00,095 [INFO] CodeEngine:289 - Generated code: C:\Users\Sterm\Desktop\STM32\workspace\Rover_Project_Fake\zzz_Board1\Core\Inc\usart.h
2026-01-30 23:34:00,119 [INFO] CodeEngine:265 - oldGeneratedFile, C:\Users\Sterm\Desktop\STM32\workspace\Rover_Project_Fake\zzz_Board1\Core\Src\tim.c_save
2026-01-30 23:34:00,244 [INFO] CodeEngine:289 - Generated code: C:\Users\Sterm\Desktop\STM32\workspace\Rover_Project_Fake\zzz_Board1\Core\Src\tim.c
2026-01-30 23:34:00,256 [INFO] CodeEngine:265 - oldGeneratedFile, C:\Users\Sterm\Desktop\STM32\workspace\Rover_Project_Fake\zzz_Board1\Core\Inc\tim.h_save
2026-01-30 23:34:00,332 [INFO] CodeEngine:289 - Generated code: C:\Users\Sterm\Desktop\STM32\workspace\Rover_Project_Fake\zzz_Board1\Core\Inc\tim.h
2026-01-30 23:34:00,362 [INFO] CodeEngine:265 - oldGeneratedFile, C:\Users\Sterm\Desktop\STM32\workspace\Rover_Project_Fake\zzz_Board1\Core\Src\stm32g4xx_it.c_save
2026-01-30 23:34:00,515 [INFO] CodeEngine:289 - Generated code: C:\Users\Sterm\Desktop\STM32\workspace\Rover_Project_Fake\zzz_Board1\Core\Src\stm32g4xx_it.c
2026-01-30 23:34:00,527 [INFO] CodeEngine:265 - oldGeneratedFile, C:\Users\Sterm\Desktop\STM32\workspace\Rover_Project_Fake\zzz_Board1\Core\Inc\stm32g4xx_it.h_save
2026-01-30 23:34:00,596 [INFO] CodeEngine:289 - Generated code: C:\Users\Sterm\Desktop\STM32\workspace\Rover_Project_Fake\zzz_Board1\Core\Inc\stm32g4xx_it.h
2026-01-30 23:34:00,627 [INFO] CodeEngine:265 - oldGeneratedFile, C:\Users\Sterm\Desktop\STM32\workspace\Rover_Project_Fake\zzz_Board1\Core\Src\stm32g4xx_hal_msp.c_save
2026-01-30 23:34:00,736 [INFO] CodeEngine:289 - Generated code: C:\Users\Sterm\Desktop\STM32\workspace\Rover_Project_Fake\zzz_Board1\Core\Src\stm32g4xx_hal_msp.c
2026-01-30 23:34:00,746 [INFO] CodeEngine:265 - oldGeneratedFile, C:\Users\Sterm\Desktop\STM32\workspace\Rover_Project_Fake\zzz_Board1\MXTmpFiles\system.tmp_save
2026-01-30 23:34:00,822 [INFO] CodeEngine:289 - Generated code: C:\Users\Sterm\Desktop\STM32\workspace\Rover_Project_Fake\zzz_Board1\MXTmpFiles\system.tmp
2026-01-30 23:34:00,833 [INFO] CodeEngine:265 - oldGeneratedFile, C:\Users\Sterm\Desktop\STM32\workspace\Rover_Project_Fake\zzz_Board1\Core\Src\stm32g4xx_hal_timebase_tim.c_save
2026-01-30 23:34:00,903 [INFO] CodeEngine:289 - Generated code: C:\Users\Sterm\Desktop\STM32\workspace\Rover_Project_Fake\zzz_Board1\Core\Src\stm32g4xx_hal_timebase_tim.c
2026-01-30 23:34:00,921 [INFO] CodeEngine:321 - oldGeneratedFile, C:\Users\Sterm\Desktop\STM32\workspace\Rover_Project_Fake\zzz_Board1\Core\Inc\stm32g4xx_hal_conf.h_save
2026-01-30 23:34:00,986 [INFO] CodeEngine:345 - Generated code: C:\Users\Sterm\Desktop\STM32\workspace\Rover_Project_Fake\zzz_Board1\Core\Inc\stm32g4xx_hal_conf.h
2026-01-30 23:34:01,018 [WARN] IPConfigManager:3238 - Warning: the RefConfig RCC_CommonPeriphClockConfig is not available in your config.xml file
2026-01-30 23:34:01,032 [INFO] ApiDbMcu:532 - Load IP Config File for ADC1
2026-01-30 23:34:01,050 [INFO] ApiDbMcu:532 - Load IP Config File for LPUART1
2026-01-30 23:34:01,098 [INFO] ApiDbMcu:532 - Load IP Config File for UART4
2026-01-30 23:34:01,113 [INFO] ApiDbMcu:532 - Load IP Config File for UART5
2026-01-30 23:34:01,132 [INFO] ApiDbMcu:532 - Load IP Config File for TIM1
2026-01-30 23:34:01,185 [INFO] ApiDbMcu:532 - Load IP Config File for TIM2
2026-01-30 23:34:01,202 [INFO] ApiDbMcu:532 - Load IP Config File for TIM3
2026-01-30 23:34:01,226 [INFO] ApiDbMcu:532 - Load IP Config File for TIM4
2026-01-30 23:34:01,231 [INFO] ApiDbMcu:532 - Load IP Config File for RCC
2026-01-30 23:34:01,260 [INFO] CodeEngine:265 - oldGeneratedFile, C:\Users\Sterm\Desktop\STM32\workspace\Rover_Project_Fake\zzz_Board1\Core\Inc\main.h_save
2026-01-30 23:34:01,369 [INFO] CodeEngine:289 - Generated code: C:\Users\Sterm\Desktop\STM32\workspace\Rover_Project_Fake\zzz_Board1\Core\Inc\main.h
2026-01-30 23:34:01,380 [INFO] CodeEngine:265 - oldGeneratedFile, C:\Users\Sterm\Desktop\STM32\workspace\Rover_Project_Fake\zzz_Board1\Core\Src\main.c_save
2026-01-30 23:34:01,538 [INFO] CodeEngine:289 - Generated code: C:\Users\Sterm\Desktop\STM32\workspace\Rover_Project_Fake\zzz_Board1\Core\Src\main.c
2026-01-30 23:34:02,285 [INFO] ProjectBuilder:3606 - Time for Copy HAL[1] : 432mS.
2026-01-30 23:34:02,320 [INFO] ProjectBuilder:5216 - Project Generator version: 4.7.0-B52
2026-01-30 23:34:02,466 [INFO] ConfigFileManager:1595 - The Die is : DIE469
2026-01-30 23:34:02,475 [INFO] ApiDbMcu:532 - Load IP Config File for FATFS
2026-01-30 23:34:02,490 [INFO] ApiDbMcu:532 - Load IP Config File for USBPD
2026-01-30 23:34:02,507 [INFO] ApiDbMcu:532 - Load IP Config File for USB_DEVICE
