2026-01-29 00:14:35,711 [INFO] WebApp:194 - Connection lost
2026-01-29 00:44:21,602 [INFO] WebApp:191 - Connection restablished
2026-01-29 04:06:46,607 [INFO] WebApp:194 - Connection lost
2026-01-29 04:06:47,128 [INFO] WebApp:191 - Connection restablished
2026-01-29 04:06:52,644 [INFO] WebApp:194 - Connection lost
2026-01-29 04:06:52,969 [INFO] WebApp:191 - Connection restablished
2026-01-29 10:54:51,191 [INFO] WebApp:194 - Connection lost
2026-01-29 12:33:05,000 [INFO] WebApp:191 - Connection restablished
2026-01-29 12:33:08,085 [INFO] WebApp:194 - Connection lost
2026-01-29 12:33:08,403 [INFO] WebApp:191 - Connection restablished
2026-01-29 12:33:14,611 [INFO] WebApp:194 - Connection lost
2026-01-29 12:33:14,882 [INFO] WebApp:191 - Connection restablished
2026-01-29 16:13:50,311 [INFO] MainUpdater:2872 - connection check result : 10
2026-01-29 16:13:50,331 [INFO] MainUpdater:2872 - connection check result : 10
2026-01-29 16:13:50,962 [INFO] MicroXplorer:468 - Change Database Path : 
2026-01-29 16:13:50,962 [INFO] MicroXplorer:498 - Change Database Version : DB.6.0.150
2026-01-29 16:13:51,316 [ERROR] ProjectManagerView:395 - 
java.lang.NullPointerException: Cannot invoke "javax.swing.JTextField.getText()" because the return value of "java.util.List.get(int)" is null
	at com.st.microxplorer.plugins.projectmanager.gui.ProjectChoiceTab$9.caretUpdate(ProjectChoiceTab.java:2706) ~[filemanager.jar:?]
	at javax.swing.text.JTextComponent.fireCaretUpdate(JTextComponent.java:408) ~[?:?]
	at javax.swing.text.JTextComponent$MutableCaretEvent.fire(JTextComponent.java:4484) ~[?:?]
	at javax.swing.text.JTextComponent$MutableCaretEvent.stateChanged(JTextComponent.java:4506) ~[?:?]
	at javax.swing.text.DefaultCaret.fireStateChanged(DefaultCaret.java:857) ~[?:?]
	at javax.swing.text.DefaultCaret.changeCaretPosition(DefaultCaret.java:1343) ~[?:?]
	at javax.swing.text.DefaultCaret.handleSetDot(DefaultCaret.java:1242) ~[?:?]
	at javax.swing.text.DefaultCaret.setDot(DefaultCaret.java:1223) ~[?:?]
	at javax.swing.text.DefaultCaret$Handler.insertUpdate(DefaultCaret.java:1819) ~[?:?]
	at javax.swing.text.AbstractDocument.fireInsertUpdate(AbstractDocument.java:227) ~[?:?]
	at javax.swing.text.AbstractDocument.handleInsertString(AbstractDocument.java:781) ~[?:?]
	at javax.swing.text.AbstractDocument.insertString(AbstractDocument.java:740) ~[?:?]
	at javax.swing.text.PlainDocument.insertString(PlainDocument.java:131) ~[?:?]
	at javax.swing.text.AbstractDocument.replace(AbstractDocument.java:699) ~[?:?]
	at javax.swing.text.JTextComponent.setText(JTextComponent.java:1725) ~[?:?]
	at com.st.microxplorer.plugins.projectmanager.gui.ProjectChoiceTab.createHeapStackFields(ProjectChoiceTab.java:993) ~[filemanager.jar:?]
	at com.st.microxplorer.plugins.projectmanager.gui.ProjectChoiceTab.buildLinkSettingsPanel(ProjectChoiceTab.java:3813) ~[filemanager.jar:?]
	at com.st.microxplorer.plugins.projectmanager.gui.ProjectChoiceTab.defineWindowsFields(ProjectChoiceTab.java:1987) ~[filemanager.jar:?]
	at com.st.microxplorer.plugins.projectmanager.gui.ProjectChoiceTab.updateSettings(ProjectChoiceTab.java:558) ~[filemanager.jar:?]
	at com.st.microxplorer.plugins.projectmanager.gui.ProjectSettingsPanel.UpdateDialog(ProjectSettingsPanel.java:247) ~[filemanager.jar:?]
	at com.st.microxplorer.plugins.projectmanager.ProjectManagerView.propertyChange(ProjectManagerView.java:392) ~[filemanager.jar:?]
	at java.beans.PropertyChangeSupport.fire(PropertyChangeSupport.java:343) ~[?:?]
	at java.beans.PropertyChangeSupport.firePropertyChange(PropertyChangeSupport.java:335) ~[?:?]
	at java.beans.PropertyChangeSupport.firePropertyChange(PropertyChangeSupport.java:268) ~[?:?]
	at com.st.microxplorer.util.MXPropertyChangeSupport.firePropertyChange(MXPropertyChangeSupport.java:54) ~[STM32CubeMX.jar:?]
	at com.st.microxplorer.mxsystem.MxSystem.closeConfig(MxSystem.java:899) ~[STM32CubeMX.jar:?]
	at com.st.microxplorer.maingui.MainPanel.closeConfig(MainPanel.java:792) ~[STM32CubeMX.jar:?]
	at com.st.microxplorer.plugins.filemanager.engine.OpenFileManager.loadConfigurationFile(OpenFileManager.java:288) ~[filemanager.jar:?]
	at com.st.microxplorer.plugins.filemanager.engine.MainFileManager.userLoadConfig(MainFileManager.java:364) ~[filemanager.jar:?]
	at com.st.microxplorer.plugins.filemanager.engine.MainFileManager.userLoadConfig(MainFileManager.java:342) ~[filemanager.jar:?]
	at com.st.microxplorer.plugins.filemanager.FileManagerView.getSpecificTask(FileManagerView.java:264) ~[filemanager.jar:?]
	at com.st.stm32cube.common.mx.editor.CubeMxEditor.getMxTabbedPaneInstance(CubeMxEditor.java:1198) ~[com.st.stm32cube.common.mx_6.15.0.202507011659/:?]
	at com.st.stm32cube.common.mx.editor.CubeMxEditor$12$1.createSwingComponent(CubeMxEditor.java:1068) ~[com.st.stm32cube.common.mx_6.15.0.202507011659/:?]
	at com.st.stm32cube.common.mx.oss.core.awtswtbridge.EmbeddedSwingComposite.doComponentCreation(EmbeddedSwingComposite.java:492) ~[com.st.stm32cube.common.mx.oss_6.15.0.202507011659/:?]
	at com.st.stm32cube.common.mx.oss.core.awtswtbridge.EmbeddedSwingComposite$4.run(EmbeddedSwingComposite.java:291) ~[com.st.stm32cube.common.mx.oss_6.15.0.202507011659/:?]
	at com.st.stm32cube.common.mx.oss.core.awtswtbridge.AwtEnvironment$2.run(AwtEnvironment.java:166) ~[com.st.stm32cube.common.mx.oss_6.15.0.202507011659/:?]
	at java.awt.event.InvocationEvent.dispatch(InvocationEvent.java:318) ~[?:?]
	at java.awt.EventQueue.dispatchEventImpl(EventQueue.java:773) ~[?:?]
	at java.awt.EventQueue$4.run(EventQueue.java:720) ~[?:?]
	at java.awt.EventQueue$4.run(EventQueue.java:714) ~[?:?]
	at java.security.AccessController.doPrivileged(AccessController.java:400) ~[?:?]
	at java.security.ProtectionDomain$JavaSecurityAccessImpl.doIntersectionPrivilege(ProtectionDomain.java:87) ~[?:?]
	at java.awt.EventQueue.dispatchEvent(EventQueue.java:742) ~[?:?]
	at java.awt.EventDispatchThread.pumpOneEventForFilters(EventDispatchThread.java:203) ~[?:?]
	at java.awt.EventDispatchThread.pumpEventsForFilter(EventDispatchThread.java:124) ~[?:?]
	at java.awt.EventDispatchThread.pumpEventsForHierarchy(EventDispatchThread.java:113) ~[?:?]
	at java.awt.EventDispatchThread.pumpEvents(EventDispatchThread.java:109) ~[?:?]
	at java.awt.EventDispatchThread.pumpEvents(EventDispatchThread.java:101) ~[?:?]
	at java.awt.EventDispatchThread.run(EventDispatchThread.java:90) ~[?:?]
2026-01-29 16:13:51,657 [WARN] ThirdParty:871 - waiting for thirdparty lock release [close project]
2026-01-29 16:13:51,657 [INFO] ThirdParty:873 - entering critical section [close project]
2026-01-29 16:13:51,659 [INFO] ThirdParty:883 - exiting critical section [close project]
2026-01-29 16:13:51,684 [INFO] PinOutPanel:1589 - setPackage(No Configuration,No Configuration)
2026-01-29 16:13:52,018 [INFO] UtilMem:75 - Begin LoadConfig() Used Memory: 810879776 Bytes (1073741824)
2026-01-29 16:13:52,026 [INFO] MicroXplorer:468 - Change Database Path : 
2026-01-29 16:13:52,026 [INFO] MicroXplorer:498 - Change Database Version : DB.6.0.150
2026-01-29 16:13:52,027 [INFO] OpenFileManager:355 - Change cursor
2026-01-29 16:13:52,214 [INFO] Mcu:2029 - Initializing MCU STM32G474R(B-C-E)Tx STM32G474RETx STM32G474RET3
2026-01-29 16:14:02,838 [INFO] Context:786 - Trying to add GPIOservice into a context  which must be forbidden
2026-01-29 16:14:05,771 [INFO] ImportTextPane:234 - (OptionalMessage_ERROR) Pin22 (VP_RIF_VS_RIF1) cannot be retrieved for this MCU
2026-01-29 16:14:05,912 [INFO] RtosManager:558 - Registered RTOS mode: class=CMSIS, group=RTOS, mode=CMSIS_V1, owner=FREERTOS
2026-01-29 16:14:05,912 [INFO] RtosManager:558 - Registered RTOS mode: class=CMSIS, group=RTOS2, mode=CMSIS_V2, owner=FREERTOS
2026-01-29 16:14:05,912 [INFO] RtosManager:558 - Registered RTOS mode: class=RTOS, group=Core, mode=CMSIS_V1, owner=FREERTOS
2026-01-29 16:14:05,912 [INFO] RtosManager:558 - Registered RTOS mode: class=RTOS, group=Core, mode=CMSIS_V2, owner=FREERTOS
2026-01-29 16:14:05,914 [WARN] ModelIntegratedComponent:184 - Missing modes for component STMicroelectronics:FreeRTOS:0.0.1:STMicroelectronics:RTOS:FreeRTOS:Core:::10.2.0:
2026-01-29 16:14:05,938 [WARN] ModelIntegratedComponent:63 - No mode defined for component null
2026-01-29 16:14:05,938 [WARN] ModelIntegratedComponent:63 - No mode defined for component null
2026-01-29 16:14:05,938 [WARN] ModelIntegratedComponent:63 - No mode defined for component null
2026-01-29 16:14:05,939 [WARN] ModelIntegratedComponent:63 - No mode defined for component null
2026-01-29 16:14:05,939 [WARN] ModelIntegratedComponent:63 - No mode defined for component null
2026-01-29 16:14:05,939 [WARN] ModelIntegratedComponent:63 - No mode defined for component null
2026-01-29 16:14:05,939 [WARN] ModelIntegratedComponent:63 - No mode defined for component null
2026-01-29 16:14:05,939 [WARN] ModelIntegratedComponent:63 - No mode defined for component null
2026-01-29 16:14:05,939 [WARN] ModelIntegratedComponent:63 - No mode defined for component null
2026-01-29 16:14:05,939 [WARN] ModelIntegratedComponent:63 - No mode defined for component null
2026-01-29 16:14:05,939 [WARN] ModelIntegratedComponent:63 - No mode defined for component null
2026-01-29 16:14:05,940 [WARN] ModelIntegratedComponent:63 - No mode defined for component null
2026-01-29 16:14:05,940 [WARN] ModelIntegratedComponent:63 - No mode defined for component null
2026-01-29 16:14:05,940 [WARN] ModelIntegratedComponent:63 - No mode defined for component null
2026-01-29 16:14:05,940 [WARN] ModelIntegratedComponent:63 - No mode defined for component null
2026-01-29 16:14:05,941 [WARN] ModelIntegratedComponent:63 - No mode defined for component null
2026-01-29 16:14:05,941 [WARN] ModelIntegratedComponent:63 - No mode defined for component null
2026-01-29 16:14:05,941 [WARN] ModelIntegratedComponent:63 - No mode defined for component null
2026-01-29 16:14:05,941 [WARN] ModelIntegratedComponent:63 - No mode defined for component null
2026-01-29 16:14:05,941 [WARN] ModelIntegratedComponent:63 - No mode defined for component null
2026-01-29 16:14:05,941 [WARN] ModelIntegratedComponent:63 - No mode defined for component null
2026-01-29 16:14:05,941 [WARN] ModelIntegratedComponent:63 - No mode defined for component null
2026-01-29 16:14:05,941 [WARN] ModelIntegratedComponent:63 - No mode defined for component null
2026-01-29 16:14:05,941 [WARN] ModelIntegratedComponent:63 - No mode defined for component null
2026-01-29 16:14:05,941 [WARN] ModelIntegratedComponent:63 - No mode defined for component null
2026-01-29 16:14:05,941 [WARN] ModelIntegratedComponent:63 - No mode defined for component null
2026-01-29 16:14:05,941 [WARN] ModelIntegratedComponent:63 - No mode defined for component null
2026-01-29 16:14:05,941 [WARN] ModelIntegratedComponent:63 - No mode defined for component null
2026-01-29 16:14:05,941 [WARN] ModelIntegratedComponent:63 - No mode defined for component null
2026-01-29 16:14:05,941 [WARN] ModelIntegratedComponent:63 - No mode defined for component null
2026-01-29 16:14:05,941 [WARN] ModelIntegratedComponent:63 - No mode defined for component null
2026-01-29 16:14:05,941 [WARN] ModelIntegratedComponent:63 - No mode defined for component null
2026-01-29 16:14:05,942 [WARN] ModelIntegratedComponent:63 - No mode defined for component null
2026-01-29 16:14:05,942 [WARN] ModelIntegratedComponent:63 - No mode defined for component null
2026-01-29 16:14:05,942 [WARN] ModelIntegratedComponent:63 - No mode defined for component null
2026-01-29 16:14:05,942 [WARN] ModelPack:524 - Component already loaded: STMicroelectronics:HAL Drivers:0.0.0:STMicroelectronics:Device:STMicro_Driver:XSPI:HAL::0.0.1:HAL_XSPI
2026-01-29 16:14:07,089 [INFO] ThirdPartyModel:298 - Start build external matchings
2026-01-29 16:14:08,634 [INFO] ThirdPartyModel:316 - End build external matchings
2026-01-29 16:14:08,684 [INFO] RtosManager:1018 - Current active RTOS is FREERTOS [Cortex-M4NS]
2026-01-29 16:14:08,695 [INFO] ImportTextPane:234 - (OptionalMessage_ERROR) IP (ADC1) : Parameter (CommonPathInternal) has invalid value (ADC_CHANNEL_VREFINT|ADC_CHANNEL_TEMPSENSOR_ADC1|null|null)
2026-01-29 16:14:08,695 [INFO] ImportTextPane:234 - (OptionalMessage_ERROR) IP (DMA) : Parameter (Instance) has Id (ADC1) currently not set
2026-01-29 16:14:08,695 [INFO] ImportTextPane:234 - (OptionalMessage_ERROR) IP (DMA) : Parameter (Request) has Id (ADC1) currently not set
2026-01-29 16:14:08,696 [INFO] ImportTextPane:234 - (OptionalMessage_ERROR) IP (DMA) : Parameter (Direction) has Id (ADC1) currently not set
2026-01-29 16:14:08,696 [INFO] ImportTextPane:234 - (OptionalMessage_ERROR) IP (DMA) : Parameter (PeriphInc) has Id (ADC1) currently not set
2026-01-29 16:14:08,696 [INFO] ImportTextPane:234 - (OptionalMessage_ERROR) IP (DMA) : Parameter (MemInc) has Id (ADC1) currently not set
2026-01-29 16:14:08,697 [INFO] ImportTextPane:234 - (OptionalMessage_ERROR) IP (DMA) : Parameter (PeriphDataAlignment) has Id (ADC1) currently not set
2026-01-29 16:14:08,698 [INFO] ImportTextPane:234 - (OptionalMessage_ERROR) IP (DMA) : Parameter (MemDataAlignment) has Id (ADC1) currently not set
2026-01-29 16:14:08,698 [INFO] ImportTextPane:234 - (OptionalMessage_ERROR) IP (DMA) : Parameter (Mode) has Id (ADC1) currently not set
2026-01-29 16:14:08,698 [INFO] ImportTextPane:234 - (OptionalMessage_ERROR) IP (DMA) : Parameter (Priority) has Id (ADC1) currently not set
2026-01-29 16:14:08,698 [INFO] ImportTextPane:234 - (OptionalMessage_ERROR) IP (DMA) : Parameter (SignalID) has Id (ADC1) currently not set
2026-01-29 16:14:08,698 [INFO] ImportTextPane:234 - (OptionalMessage_ERROR) IP (DMA) : Parameter (Polarity) has Id (ADC1) currently not set
2026-01-29 16:14:08,698 [INFO] ImportTextPane:234 - (OptionalMessage_ERROR) IP (DMA) : Parameter (RequestNumber) has Id (ADC1) currently not set
2026-01-29 16:14:08,698 [INFO] ImportTextPane:234 - (OptionalMessage_ERROR) IP (DMA) : Parameter (SyncSignalID) has Id (ADC1) currently not set
2026-01-29 16:14:08,699 [INFO] ImportTextPane:234 - (OptionalMessage_ERROR) IP (DMA) : Parameter (SyncPolarity) has Id (ADC1) currently not set
2026-01-29 16:14:08,699 [INFO] ImportTextPane:234 - (OptionalMessage_ERROR) IP (DMA) : Parameter (SyncEnable) has Id (ADC1) currently not set
2026-01-29 16:14:08,699 [INFO] ImportTextPane:234 - (OptionalMessage_ERROR) IP (DMA) : Parameter (EventEnable) has Id (ADC1) currently not set
2026-01-29 16:14:08,701 [INFO] ImportTextPane:234 - (OptionalMessage_ERROR) IP (DMA) : Parameter (SyncRequestNumber) has Id (ADC1) currently not set
2026-01-29 16:14:08,701 [INFO] ImportTextPane:234 - (OptionalMessage_ERROR) IP (DMA) : Parameter (Instance) has Id (UART4_RX) currently not set
2026-01-29 16:14:08,701 [INFO] ImportTextPane:234 - (OptionalMessage_ERROR) IP (DMA) : Parameter (Request) has Id (UART4_RX) currently not set
2026-01-29 16:14:08,701 [INFO] ImportTextPane:234 - (OptionalMessage_ERROR) IP (DMA) : Parameter (Direction) has Id (UART4_RX) currently not set
2026-01-29 16:14:08,701 [INFO] ImportTextPane:234 - (OptionalMessage_ERROR) IP (DMA) : Parameter (PeriphInc) has Id (UART4_RX) currently not set
2026-01-29 16:14:08,701 [INFO] ImportTextPane:234 - (OptionalMessage_ERROR) IP (DMA) : Parameter (MemInc) has Id (UART4_RX) currently not set
2026-01-29 16:14:08,701 [INFO] ImportTextPane:234 - (OptionalMessage_ERROR) IP (DMA) : Parameter (PeriphDataAlignment) has Id (UART4_RX) currently not set
2026-01-29 16:14:08,702 [INFO] ImportTextPane:234 - (OptionalMessage_ERROR) IP (DMA) : Parameter (MemDataAlignment) has Id (UART4_RX) currently not set
2026-01-29 16:14:08,702 [INFO] ImportTextPane:234 - (OptionalMessage_ERROR) IP (DMA) : Parameter (Mode) has Id (UART4_RX) currently not set
2026-01-29 16:14:08,702 [INFO] ImportTextPane:234 - (OptionalMessage_ERROR) IP (DMA) : Parameter (Priority) has Id (UART4_RX) currently not set
2026-01-29 16:14:08,702 [INFO] ImportTextPane:234 - (OptionalMessage_ERROR) IP (DMA) : Parameter (SignalID) has Id (UART4_RX) currently not set
2026-01-29 16:14:08,702 [INFO] ImportTextPane:234 - (OptionalMessage_ERROR) IP (DMA) : Parameter (Polarity) has Id (UART4_RX) currently not set
2026-01-29 16:14:08,702 [INFO] ImportTextPane:234 - (OptionalMessage_ERROR) IP (DMA) : Parameter (RequestNumber) has Id (UART4_RX) currently not set
2026-01-29 16:14:08,702 [INFO] ImportTextPane:234 - (OptionalMessage_ERROR) IP (DMA) : Parameter (SyncSignalID) has Id (UART4_RX) currently not set
2026-01-29 16:14:08,702 [INFO] ImportTextPane:234 - (OptionalMessage_ERROR) IP (DMA) : Parameter (SyncPolarity) has Id (UART4_RX) currently not set
2026-01-29 16:14:08,702 [INFO] ImportTextPane:234 - (OptionalMessage_ERROR) IP (DMA) : Parameter (SyncEnable) has Id (UART4_RX) currently not set
2026-01-29 16:14:08,703 [INFO] ImportTextPane:234 - (OptionalMessage_ERROR) IP (DMA) : Parameter (EventEnable) has Id (UART4_RX) currently not set
2026-01-29 16:14:08,703 [INFO] ImportTextPane:234 - (OptionalMessage_ERROR) IP (DMA) : Parameter (SyncRequestNumber) has Id (UART4_RX) currently not set
2026-01-29 16:14:08,703 [INFO] ImportTextPane:234 - (OptionalMessage_ERROR) IP (DMA) : Parameter (Instance) has Id (UART4_TX) currently not set
2026-01-29 16:14:08,703 [INFO] ImportTextPane:234 - (OptionalMessage_ERROR) IP (DMA) : Parameter (Request) has Id (UART4_TX) currently not set
2026-01-29 16:14:08,703 [INFO] ImportTextPane:234 - (OptionalMessage_ERROR) IP (DMA) : Parameter (Direction) has Id (UART4_TX) currently not set
2026-01-29 16:14:08,703 [INFO] ImportTextPane:234 - (OptionalMessage_ERROR) IP (DMA) : Parameter (PeriphInc) has Id (UART4_TX) currently not set
2026-01-29 16:14:08,703 [INFO] ImportTextPane:234 - (OptionalMessage_ERROR) IP (DMA) : Parameter (MemInc) has Id (UART4_TX) currently not set
2026-01-29 16:14:08,703 [INFO] ImportTextPane:234 - (OptionalMessage_ERROR) IP (DMA) : Parameter (PeriphDataAlignment) has Id (UART4_TX) currently not set
2026-01-29 16:14:08,703 [INFO] ImportTextPane:234 - (OptionalMessage_ERROR) IP (DMA) : Parameter (MemDataAlignment) has Id (UART4_TX) currently not set
2026-01-29 16:14:08,703 [INFO] ImportTextPane:234 - (OptionalMessage_ERROR) IP (DMA) : Parameter (Mode) has Id (UART4_TX) currently not set
2026-01-29 16:14:08,703 [INFO] ImportTextPane:234 - (OptionalMessage_ERROR) IP (DMA) : Parameter (Priority) has Id (UART4_TX) currently not set
2026-01-29 16:14:08,703 [INFO] ImportTextPane:234 - (OptionalMessage_ERROR) IP (DMA) : Parameter (SignalID) has Id (UART4_TX) currently not set
2026-01-29 16:14:08,703 [INFO] ImportTextPane:234 - (OptionalMessage_ERROR) IP (DMA) : Parameter (Polarity) has Id (UART4_TX) currently not set
2026-01-29 16:14:08,703 [INFO] ImportTextPane:234 - (OptionalMessage_ERROR) IP (DMA) : Parameter (RequestNumber) has Id (UART4_TX) currently not set
2026-01-29 16:14:08,704 [INFO] ImportTextPane:234 - (OptionalMessage_ERROR) IP (DMA) : Parameter (SyncSignalID) has Id (UART4_TX) currently not set
2026-01-29 16:14:08,704 [INFO] ImportTextPane:234 - (OptionalMessage_ERROR) IP (DMA) : Parameter (SyncPolarity) has Id (UART4_TX) currently not set
2026-01-29 16:14:08,704 [INFO] ImportTextPane:234 - (OptionalMessage_ERROR) IP (DMA) : Parameter (SyncEnable) has Id (UART4_TX) currently not set
2026-01-29 16:14:08,704 [INFO] ImportTextPane:234 - (OptionalMessage_ERROR) IP (DMA) : Parameter (EventEnable) has Id (UART4_TX) currently not set
2026-01-29 16:14:08,704 [INFO] ImportTextPane:234 - (OptionalMessage_ERROR) IP (DMA) : Parameter (SyncRequestNumber) has Id (UART4_TX) currently not set
2026-01-29 16:14:09,799 [INFO] UtilMem:75 - End LoadConfig() Used Memory: 783140344 Bytes (1073741824)
2026-01-29 16:14:09,917 [WARN] ThirdParty:833 - waiting for thirdparty lock release [change project]
2026-01-29 16:14:09,919 [INFO] ThirdParty:835 - entering critical section [change project]
2026-01-29 16:14:09,919 [INFO] ThirdParty:1030 - CMSIS Pack Vendor :STMicroelectronics X-CUBE-PM33A1 1.0.0
2026-01-29 16:14:09,919 [INFO] ThirdParty:1030 - CMSIS Pack Vendor :STMicroelectronics USBPD 4.1
2026-01-29 16:14:09,919 [INFO] ThirdParty:1030 - CMSIS Pack Vendor :STMicroelectronics USB_HOST 2.0.0
2026-01-29 16:14:09,919 [INFO] ThirdParty:1030 - CMSIS Pack Vendor :STMicroelectronics FP-SNS-MOTENVWB1 1.4.0
2026-01-29 16:14:09,919 [INFO] ThirdParty:1030 - CMSIS Pack Vendor :STMicroelectronics X-CUBE-AZRTOS-F4 1.1.0
2026-01-29 16:14:09,920 [INFO] ThirdParty:1030 - CMSIS Pack Vendor :STMicroelectronics LIBJPEG 8.0.0
2026-01-29 16:14:09,920 [INFO] ThirdParty:1030 - CMSIS Pack Vendor :STMicroelectronics FP-ATR-ASTRA1 2.0.2
2026-01-29 16:14:09,920 [INFO] ThirdParty:1030 - CMSIS Pack Vendor :Avnet-IotConnect X-CUBE-IoTC-DA16k-PMOD 1.0.0
2026-01-29 16:14:09,920 [INFO] ThirdParty:1030 - CMSIS Pack Vendor :STMicroelectronics X-CUBE-SMBUS 2.1.0
2026-01-29 16:14:09,920 [INFO] ThirdParty:1030 - CMSIS Pack Vendor :STMicroelectronics X-CUBE-WB05N 1.1.0
2026-01-29 16:14:09,920 [INFO] ThirdParty:1030 - CMSIS Pack Vendor :STMicroelectronics X-CUBE-ISPU 2.1.0
2026-01-29 16:14:09,920 [INFO] ThirdParty:1030 - CMSIS Pack Vendor :STMicroelectronics X-CUBE-IPS 3.2.0
2026-01-29 16:14:09,920 [INFO] ThirdParty:1030 - CMSIS Pack Vendor :STMicroelectronics X-CUBE-ST60 1.0.0
2026-01-29 16:14:09,920 [INFO] ThirdParty:1030 - CMSIS Pack Vendor :STMicroelectronics X-CUBE-NFC12 1.0.0
2026-01-29 16:14:09,920 [INFO] ThirdParty:1030 - CMSIS Pack Vendor :STMicroelectronics X-CUBE-AZRTOS-F7 1.1.0
2026-01-29 16:14:09,920 [INFO] ThirdParty:1030 - CMSIS Pack Vendor :STMicroelectronics X-CUBE-AZRTOS-L5 2.0.0
2026-01-29 16:14:09,920 [INFO] ThirdParty:1030 - CMSIS Pack Vendor :STMicroelectronics USB_DEVICE 2.0.0
2026-01-29 16:14:09,920 [INFO] ThirdParty:1030 - CMSIS Pack Vendor :STMicroelectronics X-CUBE-NFC6 3.1.0
2026-01-29 16:14:09,920 [INFO] ThirdParty:1030 - CMSIS Pack Vendor :STMicroelectronics FP-SNS-MOTENV1 5.1.0
2026-01-29 16:14:09,921 [INFO] ThirdParty:1030 - CMSIS Pack Vendor :STMicroelectronics FreeRTOS 0.0.1
2026-01-29 16:14:09,921 [INFO] ThirdParty:1030 - CMSIS Pack Vendor :STMicroelectronics X-CUBE-DPower 1.2.0
2026-01-29 16:14:09,921 [INFO] ThirdParty:1030 - CMSIS Pack Vendor :STMicroelectronics FP-SNS-FLIGHT1 5.0.2
2026-01-29 16:14:09,921 [INFO] ThirdParty:1030 - CMSIS Pack Vendor :Infineon AIROC-Wi-Fi-Bluetooth-STM32 1.7.0
2026-01-29 16:14:09,921 [INFO] ThirdParty:1030 - CMSIS Pack Vendor :STMicroelectronics PDM2PCM 3.3.0
2026-01-29 16:14:09,921 [INFO] ThirdParty:1030 - CMSIS Pack Vendor :STMicroelectronics X-CUBE-AZRTOS-H7 3.4.0
2026-01-29 16:14:09,922 [INFO] ThirdParty:1030 - CMSIS Pack Vendor :STMicroelectronics X-CUBE-DISPLAY 3.0.0
2026-01-29 16:14:09,922 [INFO] ThirdParty:1030 - CMSIS Pack Vendor :STMicroelectronics X-CUBE-NFC10 1.0.0
2026-01-29 16:14:09,922 [INFO] ThirdParty:1030 - CMSIS Pack Vendor :STMicroelectronics X-CUBE-BLEMGR 4.0.0
2026-01-29 16:14:09,922 [INFO] ThirdParty:1030 - CMSIS Pack Vendor :STMicroelectronics X-CUBE-FREERTOS 1.3.1
2026-01-29 16:14:09,922 [INFO] ThirdParty:1030 - CMSIS Pack Vendor :STMicroelectronics HAL Drivers 0.0.0
2026-01-29 16:14:09,922 [INFO] ThirdParty:1030 - CMSIS Pack Vendor :STMicroelectronics X-CUBE-ST60 1.1.0
2026-01-29 16:14:09,922 [INFO] ThirdParty:1030 - CMSIS Pack Vendor :emotas I-CUBE-CANOPEN 1.3.0
2026-01-29 16:14:09,922 [INFO] ThirdParty:1030 - CMSIS Pack Vendor :STMicroelectronics X-CUBE-FREERTOS 1.3.0
2026-01-29 16:14:09,922 [INFO] ThirdParty:1030 - CMSIS Pack Vendor :STMicroelectronics X-CUBE-NFC7 1.0.1
2026-01-29 16:14:09,922 [INFO] ThirdParty:1030 - CMSIS Pack Vendor :STMicroelectronics MBEDTLS 2.14.1
2026-01-29 16:14:09,922 [INFO] ThirdParty:1030 - CMSIS Pack Vendor :STMicroelectronics X-CUBE-GNSS1 7.1.0
2026-01-29 16:14:09,922 [INFO] ThirdParty:1030 - CMSIS Pack Vendor :STMicroelectronics X-CUBE-TOUCHGFX 4.26.0
2026-01-29 16:14:09,922 [INFO] ThirdParty:1030 - CMSIS Pack Vendor :quantropi X-CUBE-qispace-sdk-base 2.0.0
2026-01-29 16:14:09,922 [INFO] ThirdParty:1030 - CMSIS Pack Vendor :STMicroelectronics X-CUBE-AI 10.0.0
2026-01-29 16:14:09,922 [INFO] ThirdParty:1030 - CMSIS Pack Vendor :STMicroelectronics FP-SNS-STBOX1 2.1.0
2026-01-29 16:14:09,922 [INFO] ThirdParty:1030 - CMSIS Pack Vendor :STMicroelectronics FP-SNS-STAIOTCFT 1.0.0
2026-01-29 16:14:09,922 [INFO] ThirdParty:1030 - CMSIS Pack Vendor :STMicroelectronics FP-SNS-SMARTAG2 1.2.0
2026-01-29 16:14:09,922 [INFO] ThirdParty:1030 - CMSIS Pack Vendor :STMicroelectronics FP-SNS-FLIGHT1 5.1.0
2026-01-29 16:14:09,923 [INFO] ThirdParty:1030 - CMSIS Pack Vendor :STMicroelectronics X-CUBE-MEMS1 11.1.0
2026-01-29 16:14:09,923 [INFO] ThirdParty:1030 - CMSIS Pack Vendor :STMicroelectronics X-CUBE-AZRTOS-WL 2.0.0
2026-01-29 16:14:09,923 [INFO] ThirdParty:1030 - CMSIS Pack Vendor :STMicroelectronics X-CUBE-DPower 1.3.0
2026-01-29 16:14:09,923 [INFO] ThirdParty:1030 - CMSIS Pack Vendor :STMicroelectronics FP-SNS-MOTENV1 5.0.0
2026-01-29 16:14:09,923 [INFO] ThirdParty:1030 - CMSIS Pack Vendor :STMicroelectronics USB_DEVICE 1.0.0
2026-01-29 16:14:09,923 [INFO] ThirdParty:1030 - CMSIS Pack Vendor :STMicroelectronics X-CUBE-AZRTOS-H7RS 1.2.0
2026-01-29 16:14:09,923 [INFO] ThirdParty:1030 - CMSIS Pack Vendor :STMicroelectronics X-CUBE-AZRTOS-L4 2.0.0
2026-01-29 16:14:09,923 [INFO] ThirdParty:1030 - CMSIS Pack Vendor :STMicroelectronics ThreadX 0.0.2
2026-01-29 16:14:09,923 [INFO] ThirdParty:1030 - CMSIS Pack Vendor :WES I-CUBE-Cesium 1.3.0
2026-01-29 16:14:09,923 [INFO] ThirdParty:1030 - CMSIS Pack Vendor :STMicroelectronics lwIP 2.1.2
2026-01-29 16:14:09,923 [INFO] ThirdParty:1030 - CMSIS Pack Vendor :STMicroelectronics X-CUBE-SFXS2LP1 4.0.0
2026-01-29 16:14:09,923 [INFO] ThirdParty:1030 - CMSIS Pack Vendor :STMicroelectronics X-CUBE-BLE2 3.3.0
2026-01-29 16:14:09,923 [INFO] ThirdParty:1030 - CMSIS Pack Vendor :Avnet-IOTCONNECT X-CUBE-iotc-st67-sdk 1.0.0
2026-01-29 16:14:09,923 [INFO] ThirdParty:1030 - CMSIS Pack Vendor :STMicroelectronics PDM2PCM 3.2.0
2026-01-29 16:14:09,923 [INFO] ThirdParty:1030 - CMSIS Pack Vendor :STMicroelectronics X-CUBE-ST67W61 1.2.0
2026-01-29 16:14:09,923 [INFO] ThirdParty:1030 - CMSIS Pack Vendor :STMicroelectronics X-CUBE-AZRTOS-H7 3.3.0
2026-01-29 16:14:09,923 [INFO] ThirdParty:1030 - CMSIS Pack Vendor :STMicroelectronics X-CUBE-NFC9 1.0.0
2026-01-29 16:14:09,924 [INFO] ThirdParty:1030 - CMSIS Pack Vendor :STMicroelectronics X-CUBE-BLE1 7.1.0
2026-01-29 16:14:09,924 [INFO] ThirdParty:1030 - CMSIS Pack Vendor :wolfSSL I-CUBE-wolfMQTT 1.19.2
2026-01-29 16:14:09,924 [INFO] ThirdParty:1030 - CMSIS Pack Vendor :STMicroelectronics USB_DEVICE 3.0.0
2026-01-29 16:14:09,924 [INFO] ThirdParty:1030 - CMSIS Pack Vendor :STMicroelectronics X-CUBE-FREERTOS 1.4.0
2026-01-29 16:14:09,924 [INFO] ThirdParty:1030 - CMSIS Pack Vendor :STMicroelectronics X-CUBE-EEPRMA1 5.2.0
2026-01-29 16:14:09,924 [INFO] ThirdParty:1030 - CMSIS Pack Vendor :STMicroelectronics X-CUBE-BLEMGR 4.1.0
2026-01-29 16:14:09,924 [INFO] ThirdParty:1030 - CMSIS Pack Vendor :STMicroelectronics X-CUBE-AZRTOS-WB 2.0.0
2026-01-29 16:14:09,924 [INFO] ThirdParty:1030 - CMSIS Pack Vendor :STMicroelectronics X-CUBE-GNSS1 7.0.1
2026-01-29 16:14:09,924 [INFO] ThirdParty:1030 - CMSIS Pack Vendor :STMicroelectronics X-CUBE-TOUCHGFX 4.25.0
2026-01-29 16:14:09,924 [INFO] ThirdParty:1030 - CMSIS Pack Vendor :STMicroelectronics X-CUBE-ST67W61 1.1.0
2026-01-29 16:14:09,924 [INFO] ThirdParty:1030 - CMSIS Pack Vendor :STMicroelectronics X-CUBE-AI 10.1.0
2026-01-29 16:14:09,924 [INFO] ThirdParty:1030 - CMSIS Pack Vendor :STMicroelectronics FP-SNS-STBOX1 2.0.0
2026-01-29 16:14:09,924 [INFO] ThirdParty:1030 - CMSIS Pack Vendor :STMicroelectronics X-CUBE-MEMS1 12.0.0
2026-01-29 16:14:09,924 [INFO] ThirdParty:1030 - CMSIS Pack Vendor :STMicroelectronics X-CUBE-STSE01 2.0.0
2026-01-29 16:14:09,924 [INFO] ThirdParty:1030 - CMSIS Pack Vendor :STMicroelectronics X-CUBE-MEMS1 11.2.0
2026-01-29 16:14:09,924 [INFO] ThirdParty:1030 - CMSIS Pack Vendor :STMicroelectronics X-CUBE-AZRTOS-G0 1.1.0
2026-01-29 16:14:09,925 [INFO] ThirdParty:1030 - CMSIS Pack Vendor :STMicroelectronics X-CUBE-SAFEA1 1.2.2
2026-01-29 16:14:09,925 [INFO] ThirdParty:1030 - CMSIS Pack Vendor :STMicroelectronics X-CUBE-NFC4 3.0.0
2026-01-29 16:14:09,925 [INFO] ThirdParty:1030 - CMSIS Pack Vendor :STMicroelectronics X-CUBE-SUBG2 5.0.0
2026-01-29 16:14:09,925 [INFO] ThirdParty:1030 - CMSIS Pack Vendor :STMicroelectronics X-CUBE-AZRTOS-H7RS 1.1.0
2026-01-29 16:14:09,925 [INFO] ThirdParty:1030 - CMSIS Pack Vendor :STMicroelectronics STM32_WPAN 1.0.0
2026-01-29 16:14:09,926 [INFO] ThirdParty:1030 - CMSIS Pack Vendor :EmbeddedOffice I-CUBE-FS-RTOS 1.0.1
2026-01-29 16:14:09,927 [INFO] ThirdParty:1030 - CMSIS Pack Vendor :STMicroelectronics lwIP 2.0.3
2026-01-29 16:14:09,928 [INFO] ThirdParty:1030 - CMSIS Pack Vendor :Cesanta I-CUBE-Mongoose 7.13.0
2026-01-29 16:14:09,928 [INFO] ThirdParty:1030 - CMSIS Pack Vendor :STMicroelectronics USB_HOST 1.0.0
2026-01-29 16:14:09,928 [INFO] ThirdParty:1030 - CMSIS Pack Vendor :STMicroelectronics X-CUBE-AZRTOS-G4 2.0.0
2026-01-29 16:14:09,928 [INFO] ThirdParty:1030 - CMSIS Pack Vendor :STMicroelectronics X-CUBE-WB05N 2.0.0
2026-01-29 16:14:09,928 [INFO] ThirdParty:1030 - CMSIS Pack Vendor :STMicroelectronics PDM2PCM 3.1.0
2026-01-29 16:14:09,928 [INFO] ThirdParty:1030 - CMSIS Pack Vendor :wolfSSL I-CUBE-wolfTPM 3.8.0
2026-01-29 16:14:09,928 [INFO] ThirdParty:1030 - CMSIS Pack Vendor :wolfSSL I-CUBE-wolfSSH 1.4.20
2026-01-29 16:14:09,928 [INFO] ThirdParty:1030 - CMSIS Pack Vendor :STMicroelectronics X-CUBE-NFC7 2.0.0
2026-01-29 16:14:09,929 [INFO] ThirdParty:1030 - CMSIS Pack Vendor :STMicroelectronics X-CUBE-TCPP 4.2.0
2026-01-29 16:14:09,929 [INFO] ThirdParty:1030 - CMSIS Pack Vendor :RealThread X-CUBE-RT-Thread_Nano 4.1.1
2026-01-29 16:14:09,929 [INFO] ThirdParty:1030 - CMSIS Pack Vendor :STMicroelectronics FP-ATR-SIGFOX1 3.2.0
2026-01-29 16:14:09,929 [INFO] ThirdParty:1030 - CMSIS Pack Vendor :STMicroelectronics X-CUBE-EEPRMA1 5.1.0
2026-01-29 16:14:09,929 [INFO] ThirdParty:1030 - CMSIS Pack Vendor :STMicroelectronics MBEDTLS 2.16.2
2026-01-29 16:14:09,929 [INFO] ThirdParty:1030 - CMSIS Pack Vendor :STMicroelectronics X-CUBE-IPS 3.1.0
2026-01-29 16:14:09,929 [INFO] ThirdParty:1030 - CMSIS Pack Vendor :STMicroelectronics X-CUBE-ALS 1.0.2
2026-01-29 16:14:09,929 [INFO] ThirdParty:1030 - CMSIS Pack Vendor :wolfSSL I-CUBE-wolfSSL 5.7.6
2026-01-29 16:14:09,929 [INFO] ThirdParty:1030 - CMSIS Pack Vendor :ITTIA_DB I-CUBE-ITTIADB 8.9.0
2026-01-29 16:14:09,929 [INFO] ThirdParty:1030 - CMSIS Pack Vendor :STMicroelectronics X-CUBE-STSE01 1.0.0
2026-01-29 16:14:09,929 [INFO] ThirdParty:1030 - CMSIS Pack Vendor :portGmbH I-Cube-SoM-uGOAL 1.1.0
2026-01-29 16:14:09,929 [INFO] ThirdParty:1030 - CMSIS Pack Vendor :STMicroelectronics X-CUBE-NFC6 3.2.0
2026-01-29 16:14:09,929 [INFO] ThirdParty:1030 - CMSIS Pack Vendor :STMicroelectronics X-CUBE-ST67W61 1.0.0
2026-01-29 16:14:09,929 [INFO] ThirdParty:1030 - CMSIS Pack Vendor :STMicroelectronics X-CUBE-AI 10.2.0
2026-01-29 16:14:09,929 [INFO] ThirdParty:1030 - CMSIS Pack Vendor :STMicroelectronics ThreadX 1.0.0
2026-01-29 16:14:09,929 [INFO] ThirdParty:1030 - CMSIS Pack Vendor :SEGGER I-CUBE-embOS 1.3.1
2026-01-29 16:14:09,929 [INFO] ThirdParty:1030 - CMSIS Pack Vendor :STMicroelectronics X-CUBE-ALGOBUILD 1.4.0
2026-01-29 16:14:09,929 [INFO] ThirdParty:1030 - CMSIS Pack Vendor :STMicroelectronics X-CUBE-MEMS1 11.3.0
2026-01-29 16:14:09,929 [INFO] ThirdParty:1030 - CMSIS Pack Vendor :STMicroelectronics X-CUBE-AZRTOS-H7RS 1.0.0
2026-01-29 16:14:09,929 [INFO] ThirdParty:1030 - CMSIS Pack Vendor :STMicroelectronics X-CUBE-TOF1 3.4.2
2026-01-29 16:14:09,929 [INFO] ThirdParty:1030 - CMSIS Pack Vendor :STMicroelectronics X-CUBE-TOF1 3.4.3
2026-01-29 16:14:09,930 [INFO] ThirdParty:841 - exiting critical section [change project]
2026-01-29 16:14:10,818 [INFO] PinOutPanel:1589 - setPackage(No Configuration,No Configuration)
2026-01-29 16:14:10,823 [INFO] PinOutPanel:1589 - setPackage(STM32G474RETx,LQFP64)
2026-01-29 16:14:11,318 [INFO] UtilMem:75 - Before build in PCC Used Memory: 790313024 Bytes (1073741824)
2026-01-29 16:14:12,369 [INFO] UtilMem:75 - After build in PCC Used Memory: 893595712 Bytes (1073741824)
2026-01-29 16:14:12,386 [INFO] ApiDbMcu:532 - Load IP Config File for FREERTOS
2026-01-29 16:14:12,432 [INFO] IPUIPlugin:80 - create IPUIPlugin
2026-01-29 16:14:12,432 [INFO] IPUIPlugin:80 - create IPUIPlugin
2026-01-29 16:14:12,432 [INFO] IPUIPlugin:80 - create IPUIPlugin
2026-01-29 16:14:12,432 [INFO] IPUIPlugin:80 - create IPUIPlugin
2026-01-29 16:14:12,432 [INFO] IPUIPlugin:80 - create IPUIPlugin
2026-01-29 16:14:12,433 [INFO] IPUIPlugin:80 - create IPUIPlugin
2026-01-29 16:14:12,433 [INFO] IPUIPlugin:80 - create IPUIPlugin
2026-01-29 16:14:12,433 [INFO] IPUIPlugin:80 - create IPUIPlugin
2026-01-29 16:14:12,433 [INFO] IPUIPlugin:80 - create IPUIPlugin
2026-01-29 16:14:12,433 [INFO] IPUIPlugin:80 - create IPUIPlugin
2026-01-29 16:14:12,433 [INFO] IPUIPlugin:80 - create IPUIPlugin
2026-01-29 16:14:12,433 [INFO] IPUIPlugin:80 - create IPUIPlugin
2026-01-29 16:14:12,434 [INFO] IPUIPlugin:80 - create IPUIPlugin
2026-01-29 16:14:12,434 [INFO] IPUIPlugin:80 - create IPUIPlugin
2026-01-29 16:14:12,434 [INFO] IPUIPlugin:80 - create IPUIPlugin
2026-01-29 16:14:12,434 [INFO] IPUIPlugin:80 - create IPUIPlugin
2026-01-29 16:14:12,434 [INFO] IPUIPlugin:80 - create IPUIPlugin
2026-01-29 16:14:12,435 [INFO] IPUIPlugin:80 - create IPUIPlugin
2026-01-29 16:14:12,435 [INFO] IPUIPlugin:80 - create IPUIPlugin
2026-01-29 16:14:12,436 [INFO] IPUIPlugin:80 - create IPUIPlugin
2026-01-29 16:14:12,436 [INFO] IPUIPlugin:80 - create IPUIPlugin
2026-01-29 16:14:12,436 [INFO] IPUIPlugin:80 - create IPUIPlugin
2026-01-29 16:14:12,436 [INFO] IPUIPlugin:80 - create IPUIPlugin
2026-01-29 16:14:12,436 [INFO] IPUIPlugin:80 - create IPUIPlugin
2026-01-29 16:14:12,437 [INFO] IPUIPlugin:80 - create IPUIPlugin
2026-01-29 16:14:12,437 [INFO] IPUIPlugin:80 - create IPUIPlugin
2026-01-29 16:14:12,437 [INFO] IPUIPlugin:80 - create IPUIPlugin
2026-01-29 16:14:12,438 [INFO] IPUIPlugin:80 - create IPUIPlugin
2026-01-29 16:14:12,438 [INFO] IPUIPlugin:80 - create IPUIPlugin
2026-01-29 16:14:12,439 [INFO] IPUIPlugin:80 - create IPUIPlugin
2026-01-29 16:14:12,439 [INFO] IPUIPlugin:80 - create IPUIPlugin
2026-01-29 16:14:12,439 [INFO] IPUIPlugin:80 - create IPUIPlugin
2026-01-29 16:14:12,439 [INFO] IPUIPlugin:80 - create IPUIPlugin
2026-01-29 16:14:12,440 [INFO] IPUIPlugin:80 - create IPUIPlugin
2026-01-29 16:14:12,440 [INFO] IPUIPlugin:80 - create IPUIPlugin
2026-01-29 16:14:12,440 [INFO] IPUIPlugin:80 - create IPUIPlugin
2026-01-29 16:14:12,440 [INFO] IPUIPlugin:80 - create IPUIPlugin
2026-01-29 16:14:12,441 [INFO] IPUIPlugin:80 - create IPUIPlugin
2026-01-29 16:14:12,444 [INFO] IPUIPlugin:80 - create IPUIPlugin
2026-01-29 16:14:12,444 [INFO] IPUIPlugin:80 - create IPUIPlugin
2026-01-29 16:14:12,444 [INFO] IPUIPlugin:80 - create IPUIPlugin
2026-01-29 16:14:12,445 [INFO] IPUIPlugin:80 - create IPUIPlugin
2026-01-29 16:14:12,445 [INFO] IPUIPlugin:80 - create IPUIPlugin
2026-01-29 16:14:12,445 [INFO] IPUIPlugin:80 - create IPUIPlugin
2026-01-29 16:14:12,445 [INFO] IPUIPlugin:80 - create IPUIPlugin
2026-01-29 16:14:12,446 [INFO] IPUIPlugin:80 - create IPUIPlugin
2026-01-29 16:14:12,447 [INFO] IPUIPlugin:80 - create IPUIPlugin
2026-01-29 16:14:12,447 [INFO] IPUIPlugin:80 - create IPUIPlugin
2026-01-29 16:14:12,447 [INFO] IPUIPlugin:80 - create IPUIPlugin
2026-01-29 16:14:12,448 [INFO] IPUIPlugin:80 - create IPUIPlugin
2026-01-29 16:14:12,448 [INFO] IPUIPlugin:80 - create IPUIPlugin
2026-01-29 16:14:12,448 [INFO] IPUIPlugin:80 - create IPUIPlugin
2026-01-29 16:14:12,448 [INFO] IPUIPlugin:80 - create IPUIPlugin
2026-01-29 16:14:12,448 [INFO] IPUIPlugin:80 - create IPUIPlugin
2026-01-29 16:14:12,449 [INFO] IPUIPlugin:80 - create IPUIPlugin
2026-01-29 16:14:12,449 [INFO] IPUIPlugin:80 - create IPUIPlugin
2026-01-29 16:14:12,450 [INFO] IPUIPlugin:80 - create IPUIPlugin
2026-01-29 16:14:12,450 [INFO] IPUIPlugin:80 - create IPUIPlugin
2026-01-29 16:14:12,451 [INFO] IPUIPlugin:80 - create IPUIPlugin
2026-01-29 16:14:12,451 [INFO] IPUIPlugin:80 - create IPUIPlugin
2026-01-29 16:14:12,451 [INFO] IPUIPlugin:80 - create IPUIPlugin
2026-01-29 16:14:12,451 [INFO] IPUIPlugin:80 - create IPUIPlugin
2026-01-29 16:14:12,452 [INFO] IPUIPlugin:80 - create IPUIPlugin
2026-01-29 16:14:12,453 [INFO] IPUIPlugin:80 - create IPUIPlugin
2026-01-29 16:14:12,453 [INFO] IPUIPlugin:80 - create IPUIPlugin
2026-01-29 16:14:12,454 [INFO] IPUIPlugin:80 - create IPUIPlugin
2026-01-29 16:14:12,456 [INFO] IPUIPlugin:80 - create IPUIPlugin
2026-01-29 16:14:12,457 [INFO] IPUIPlugin:80 - create IPUIPlugin
2026-01-29 16:14:12,457 [INFO] IPUIPlugin:80 - create IPUIPlugin
2026-01-29 16:14:12,458 [INFO] IPUIPlugin:80 - create IPUIPlugin
2026-01-29 16:14:12,458 [INFO] IPUIPlugin:80 - create IPUIPlugin
2026-01-29 16:14:12,460 [INFO] IPUIPlugin:80 - create IPUIPlugin
2026-01-29 16:14:12,461 [INFO] IPUIPlugin:80 - create IPUIPlugin
2026-01-29 16:14:12,461 [INFO] IPUIPlugin:80 - create IPUIPlugin
2026-01-29 16:14:12,462 [INFO] IPUIPlugin:80 - create IPUIPlugin
2026-01-29 16:14:12,463 [INFO] IPUIPlugin:80 - create IPUIPlugin
2026-01-29 16:14:12,463 [INFO] IPUIPlugin:80 - create IPUIPlugin
2026-01-29 16:14:12,492 [WARN] FreeRTOS:1023 - Null or empty value: should not occur! (nothing added to the table)
2026-01-29 16:14:12,639 [INFO] CADModel:165 - CPN selected for project levelSTM32G474RET3
2026-01-29 16:14:12,639 [INFO] CADModel:114 - Register for checkConnection events
2026-01-29 16:14:12,646 [INFO] RtosManager:728 - Active RTOS found at IOC load: FREERTOS [Cortex-M4NS]
2026-01-29 16:14:12,739 [INFO] OpenFileManager:386 - Restore cursor
