2026-02-11 02:15:54,457 [INFO] WebApp:194 - Connection lost
2026-02-11 02:53:42,447 [INFO] WebApp:191 - Connection restablished
2026-02-11 03:32:00,043 [INFO] WebApp:194 - Connection lost
2026-02-11 03:32:00,693 [INFO] WebApp:191 - Connection restablished
2026-02-11 03:32:50,533 [INFO] WebApp:194 - Connection lost
2026-02-11 03:32:50,807 [INFO] WebApp:191 - Connection restablished
2026-02-11 04:16:55,345 [INFO] WebApp:194 - Connection lost
2026-02-11 04:16:55,896 [INFO] WebApp:191 - Connection restablished
2026-02-11 04:17:01,496 [INFO] WebApp:194 - Connection lost
2026-02-11 04:17:01,646 [INFO] WebApp:191 - Connection restablished
2026-02-11 11:46:17,930 [INFO] WebApp:194 - Connection lost
2026-02-11 15:35:24,390 [INFO] WebApp:191 - Connection restablished
2026-02-11 15:55:56,727 [INFO] UtilMem:75 - End SaveConfig() Used Memory: 793589056 Bytes (1073741824)
2026-02-11 15:55:57,023 [INFO] UtilMem:75 - End SaveConfig() Used Memory: 822335680 Bytes (1073741824)
2026-02-11 15:56:04,449 [INFO] UtilMem:75 - End SaveConfig() Used Memory: 770716600 Bytes (1073741824)
2026-02-11 15:56:05,307 [INFO] BlockDiagram:2775 - set Specific Code input for plugin: FREERTOS
2026-02-11 15:56:05,307 [INFO] BlockDiagram:2775 - set Specific Code input for plugin: TIM1_8G4
2026-02-11 15:56:05,307 [INFO] BlockDiagram:2775 - set Specific Code input for plugin: TIM1_8G4
2026-02-11 15:56:05,307 [INFO] BlockDiagram:2775 - set Specific Code input for plugin: TIM1_8G4
2026-02-11 15:56:05,307 [INFO] BlockDiagram:2775 - set Specific Code input for plugin: TIM1_8G4
2026-02-11 15:56:05,307 [INFO] BlockDiagram:2775 - set Specific Code input for plugin: SYS
2026-02-11 15:56:05,307 [INFO] BlockDiagram:2775 - set Specific Code input for plugin: ADC
2026-02-11 15:56:05,307 [INFO] BlockDiagram:2775 - set Specific Code input for plugin: RCC
2026-02-11 15:56:05,308 [INFO] BlockDiagram:2775 - set Specific Code input for plugin: LPUART
2026-02-11 15:56:05,308 [INFO] BlockDiagram:2775 - set Specific Code input for plugin: NVIC
2026-02-11 15:56:05,308 [INFO] BlockDiagram:2775 - set Specific Code input for plugin: DMA
2026-02-11 15:56:05,308 [INFO] BlockDiagram:2775 - set Specific Code input for plugin: UART
2026-02-11 15:56:05,308 [INFO] BlockDiagram:2775 - set Specific Code input for plugin: UART
2026-02-11 15:56:05,309 [INFO] BlockDiagram:2775 - set Specific Code input for plugin: GPIO
2026-02-11 15:56:05,321 [INFO] CodeGenerator:892 - code generatio: config db path: C:\Users\Sterm\Desktop\STM32\STM32CubeIDE_1.18.0\STM32CubeIDE\plugins\com.st.stm32cube.common.mx_6.15.0.202507011659\\db\
2026-02-11 15:56:05,345 [INFO] Argument:325 - Argument : hdmavalue: null
2026-02-11 15:56:05,348 [INFO] Argument:327 - 	 sub Args: 
2026-02-11 15:56:05,349 [INFO] Argument:325 - Argument : Instancevalue: DMA1_Channel1
2026-02-11 15:56:05,349 [INFO] Argument:335 - Argument : Instancevalue: DMA1_Channel1
2026-02-11 15:56:05,349 [INFO] Argument:325 - Argument : Initvalue: null
2026-02-11 15:56:05,349 [INFO] Argument:327 - 	 sub Args: 
2026-02-11 15:56:05,349 [INFO] Argument:325 - Argument : Requestvalue: DMA_REQUEST_ADC1
2026-02-11 15:56:05,349 [INFO] Argument:335 - Argument : Requestvalue: DMA_REQUEST_ADC1
2026-02-11 15:56:05,349 [INFO] Argument:325 - Argument : Directionvalue: DMA_PERIPH_TO_MEMORY
2026-02-11 15:56:05,349 [INFO] Argument:335 - Argument : Directionvalue: DMA_PERIPH_TO_MEMORY
2026-02-11 15:56:05,349 [INFO] Argument:325 - Argument : PeriphIncvalue: DMA_PINC_DISABLE
2026-02-11 15:56:05,349 [INFO] Argument:335 - Argument : PeriphIncvalue: DMA_PINC_DISABLE
2026-02-11 15:56:05,349 [INFO] Argument:325 - Argument : MemIncvalue: DMA_MINC_ENABLE
2026-02-11 15:56:05,349 [INFO] Argument:335 - Argument : MemIncvalue: DMA_MINC_ENABLE
2026-02-11 15:56:05,350 [INFO] Argument:325 - Argument : PeriphDataAlignmentvalue: DMA_PDATAALIGN_HALFWORD
2026-02-11 15:56:05,350 [INFO] Argument:335 - Argument : PeriphDataAlignmentvalue: DMA_PDATAALIGN_HALFWORD
2026-02-11 15:56:05,350 [INFO] Argument:325 - Argument : MemDataAlignmentvalue: DMA_MDATAALIGN_HALFWORD
2026-02-11 15:56:05,350 [INFO] Argument:335 - Argument : MemDataAlignmentvalue: DMA_MDATAALIGN_HALFWORD
2026-02-11 15:56:05,350 [INFO] Argument:325 - Argument : Modevalue: DMA_CIRCULAR
2026-02-11 15:56:05,350 [INFO] Argument:335 - Argument : Modevalue: DMA_CIRCULAR
2026-02-11 15:56:05,350 [INFO] Argument:325 - Argument : Priorityvalue: DMA_PRIORITY_LOW
2026-02-11 15:56:05,350 [INFO] Argument:335 - Argument : Priorityvalue: DMA_PRIORITY_LOW
2026-02-11 15:56:05,350 [INFO] Argument:325 - Argument : Lockvalue: null
2026-02-11 15:56:05,350 [INFO] Argument:335 - Argument : Lockvalue: null
2026-02-11 15:56:05,350 [INFO] Argument:325 - Argument : Statevalue: null
2026-02-11 15:56:05,351 [INFO] Argument:335 - Argument : Statevalue: null
2026-02-11 15:56:05,351 [INFO] Argument:325 - Argument : Parentvalue: null
2026-02-11 15:56:05,351 [INFO] Argument:335 - Argument : Parentvalue: null
2026-02-11 15:56:05,351 [INFO] Argument:325 - Argument : XferCpltCallbackvalue: null
2026-02-11 15:56:05,351 [INFO] Argument:335 - Argument : XferCpltCallbackvalue: null
2026-02-11 15:56:05,351 [INFO] Argument:325 - Argument : XferHalfCpltCallbackvalue: null
2026-02-11 15:56:05,351 [INFO] Argument:335 - Argument : XferHalfCpltCallbackvalue: null
2026-02-11 15:56:05,351 [INFO] Argument:325 - Argument : XferErrorCallbackvalue: null
2026-02-11 15:56:05,351 [INFO] Argument:335 - Argument : XferErrorCallbackvalue: null
2026-02-11 15:56:05,351 [INFO] Argument:325 - Argument : XferAbortCallbackvalue: null
2026-02-11 15:56:05,351 [INFO] Argument:335 - Argument : XferAbortCallbackvalue: null
2026-02-11 15:56:05,351 [INFO] Argument:325 - Argument : ErrorCodevalue: null
2026-02-11 15:56:05,351 [INFO] Argument:335 - Argument : ErrorCodevalue: null
2026-02-11 15:56:05,351 [INFO] Argument:325 - Argument : ChannelIndexvalue: null
2026-02-11 15:56:05,351 [INFO] Argument:335 - Argument : ChannelIndexvalue: null
2026-02-11 15:56:05,351 [INFO] Argument:325 - Argument : DMAmuxChannelvalue: null
2026-02-11 15:56:05,351 [INFO] Argument:335 - Argument : DMAmuxChannelvalue: null
2026-02-11 15:56:05,351 [INFO] Argument:325 - Argument : DMAmuxChannelStatusvalue: null
2026-02-11 15:56:05,351 [INFO] Argument:335 - Argument : DMAmuxChannelStatusvalue: null
2026-02-11 15:56:05,351 [INFO] Argument:325 - Argument : DMAmuxChannelStatusMaskvalue: null
2026-02-11 15:56:05,351 [INFO] Argument:335 - Argument : DMAmuxChannelStatusMaskvalue: null
2026-02-11 15:56:05,353 [INFO] Argument:325 - Argument : DMAmuxRequestGenvalue: null
2026-02-11 15:56:05,353 [INFO] Argument:335 - Argument : DMAmuxRequestGenvalue: null
2026-02-11 15:56:05,353 [INFO] Argument:325 - Argument : DMAmuxRequestGenStatusvalue: null
2026-02-11 15:56:05,353 [INFO] Argument:335 - Argument : DMAmuxRequestGenStatusvalue: null
2026-02-11 15:56:05,353 [INFO] Argument:325 - Argument : DMAmuxRequestGenStatusMaskvalue: null
2026-02-11 15:56:05,353 [INFO] Argument:335 - Argument : DMAmuxRequestGenStatusMaskvalue: null
2026-02-11 15:56:05,441 [INFO] Argument:325 - Argument : hdmavalue: null
2026-02-11 15:56:05,441 [INFO] Argument:327 - 	 sub Args: 
2026-02-11 15:56:05,442 [INFO] Argument:325 - Argument : Instancevalue: DMA1_Channel3
2026-02-11 15:56:05,442 [INFO] Argument:335 - Argument : Instancevalue: DMA1_Channel3
2026-02-11 15:56:05,442 [INFO] Argument:325 - Argument : Initvalue: null
2026-02-11 15:56:05,442 [INFO] Argument:327 - 	 sub Args: 
2026-02-11 15:56:05,442 [INFO] Argument:325 - Argument : Requestvalue: DMA_REQUEST_UART4_TX
2026-02-11 15:56:05,442 [INFO] Argument:335 - Argument : Requestvalue: DMA_REQUEST_UART4_TX
2026-02-11 15:56:05,442 [INFO] Argument:325 - Argument : Directionvalue: DMA_MEMORY_TO_PERIPH
2026-02-11 15:56:05,442 [INFO] Argument:335 - Argument : Directionvalue: DMA_MEMORY_TO_PERIPH
2026-02-11 15:56:05,442 [INFO] Argument:325 - Argument : PeriphIncvalue: DMA_PINC_DISABLE
2026-02-11 15:56:05,442 [INFO] Argument:335 - Argument : PeriphIncvalue: DMA_PINC_DISABLE
2026-02-11 15:56:05,442 [INFO] Argument:325 - Argument : MemIncvalue: DMA_MINC_ENABLE
2026-02-11 15:56:05,442 [INFO] Argument:335 - Argument : MemIncvalue: DMA_MINC_ENABLE
2026-02-11 15:56:05,442 [INFO] Argument:325 - Argument : PeriphDataAlignmentvalue: DMA_PDATAALIGN_BYTE
2026-02-11 15:56:05,442 [INFO] Argument:335 - Argument : PeriphDataAlignmentvalue: DMA_PDATAALIGN_BYTE
2026-02-11 15:56:05,442 [INFO] Argument:325 - Argument : MemDataAlignmentvalue: DMA_MDATAALIGN_BYTE
2026-02-11 15:56:05,443 [INFO] Argument:335 - Argument : MemDataAlignmentvalue: DMA_MDATAALIGN_BYTE
2026-02-11 15:56:05,443 [INFO] Argument:325 - Argument : Modevalue: DMA_NORMAL
2026-02-11 15:56:05,443 [INFO] Argument:335 - Argument : Modevalue: DMA_NORMAL
2026-02-11 15:56:05,443 [INFO] Argument:325 - Argument : Priorityvalue: DMA_PRIORITY_LOW
2026-02-11 15:56:05,443 [INFO] Argument:335 - Argument : Priorityvalue: DMA_PRIORITY_LOW
2026-02-11 15:56:05,443 [INFO] Argument:325 - Argument : Lockvalue: null
2026-02-11 15:56:05,443 [INFO] Argument:335 - Argument : Lockvalue: null
2026-02-11 15:56:05,444 [INFO] Argument:325 - Argument : Statevalue: null
2026-02-11 15:56:05,444 [INFO] Argument:335 - Argument : Statevalue: null
2026-02-11 15:56:05,444 [INFO] Argument:325 - Argument : Parentvalue: null
2026-02-11 15:56:05,444 [INFO] Argument:335 - Argument : Parentvalue: null
2026-02-11 15:56:05,445 [INFO] Argument:325 - Argument : XferCpltCallbackvalue: null
2026-02-11 15:56:05,447 [INFO] Argument:335 - Argument : XferCpltCallbackvalue: null
2026-02-11 15:56:05,447 [INFO] Argument:325 - Argument : XferHalfCpltCallbackvalue: null
2026-02-11 15:56:05,447 [INFO] Argument:335 - Argument : XferHalfCpltCallbackvalue: null
2026-02-11 15:56:05,447 [INFO] Argument:325 - Argument : XferErrorCallbackvalue: null
2026-02-11 15:56:05,447 [INFO] Argument:335 - Argument : XferErrorCallbackvalue: null
2026-02-11 15:56:05,447 [INFO] Argument:325 - Argument : XferAbortCallbackvalue: null
2026-02-11 15:56:05,447 [INFO] Argument:335 - Argument : XferAbortCallbackvalue: null
2026-02-11 15:56:05,447 [INFO] Argument:325 - Argument : ErrorCodevalue: null
2026-02-11 15:56:05,448 [INFO] Argument:335 - Argument : ErrorCodevalue: null
2026-02-11 15:56:05,448 [INFO] Argument:325 - Argument : ChannelIndexvalue: null
2026-02-11 15:56:05,448 [INFO] Argument:335 - Argument : ChannelIndexvalue: null
2026-02-11 15:56:05,448 [INFO] Argument:325 - Argument : DMAmuxChannelvalue: null
2026-02-11 15:56:05,448 [INFO] Argument:335 - Argument : DMAmuxChannelvalue: null
2026-02-11 15:56:05,448 [INFO] Argument:325 - Argument : DMAmuxChannelStatusvalue: null
2026-02-11 15:56:05,448 [INFO] Argument:335 - Argument : DMAmuxChannelStatusvalue: null
2026-02-11 15:56:05,448 [INFO] Argument:325 - Argument : DMAmuxChannelStatusMaskvalue: null
2026-02-11 15:56:05,449 [INFO] Argument:335 - Argument : DMAmuxChannelStatusMaskvalue: null
2026-02-11 15:56:05,449 [INFO] Argument:325 - Argument : DMAmuxRequestGenvalue: null
2026-02-11 15:56:05,449 [INFO] Argument:335 - Argument : DMAmuxRequestGenvalue: null
2026-02-11 15:56:05,449 [INFO] Argument:325 - Argument : DMAmuxRequestGenStatusvalue: null
2026-02-11 15:56:05,449 [INFO] Argument:335 - Argument : DMAmuxRequestGenStatusvalue: null
2026-02-11 15:56:05,449 [INFO] Argument:325 - Argument : DMAmuxRequestGenStatusMaskvalue: null
2026-02-11 15:56:05,449 [INFO] Argument:335 - Argument : DMAmuxRequestGenStatusMaskvalue: null
2026-02-11 15:56:05,649 [INFO] CodeEngine:265 - oldGeneratedFile, C:\Users\Sterm\Desktop\STM32\workspace\Rover_Project_Fake\zzz_Board1\MXTmpFiles\license.tmp_save
2026-02-11 15:56:05,978 [INFO] CodeEngine:289 - Generated code: C:\Users\Sterm\Desktop\STM32\workspace\Rover_Project_Fake\zzz_Board1\MXTmpFiles\license.tmp
2026-02-11 15:56:06,135 [INFO] CodeEngine:265 - oldGeneratedFile, C:\Users\Sterm\Desktop\STM32\workspace\Rover_Project_Fake\zzz_Board1\Core\Src\gpio.c_save
2026-02-11 15:56:06,299 [INFO] CodeEngine:289 - Generated code: C:\Users\Sterm\Desktop\STM32\workspace\Rover_Project_Fake\zzz_Board1\Core\Src\gpio.c
2026-02-11 15:56:06,319 [INFO] CodeEngine:265 - oldGeneratedFile, C:\Users\Sterm\Desktop\STM32\workspace\Rover_Project_Fake\zzz_Board1\Core\Inc\gpio.h_save
2026-02-11 15:56:06,439 [INFO] CodeEngine:289 - Generated code: C:\Users\Sterm\Desktop\STM32\workspace\Rover_Project_Fake\zzz_Board1\Core\Inc\gpio.h
2026-02-11 15:56:08,006 [INFO] Middleware:1452 - No code input for Bsp Dependency
2026-02-11 15:56:08,023 [INFO] CodeEngine:265 - oldGeneratedFile, C:\Users\Sterm\Desktop\STM32\workspace\Rover_Project_Fake\zzz_Board1\MXTmpFiles\rtos_inc.tmp_save
2026-02-11 15:56:08,158 [INFO] CodeEngine:289 - Generated code: C:\Users\Sterm\Desktop\STM32\workspace\Rover_Project_Fake\zzz_Board1\MXTmpFiles\rtos_inc.tmp
2026-02-11 15:56:08,170 [INFO] CodeEngine:265 - oldGeneratedFile, C:\Users\Sterm\Desktop\STM32\workspace\Rover_Project_Fake\zzz_Board1\MXTmpFiles\rtos_kernelInit.tmp_save
2026-02-11 15:56:08,292 [INFO] CodeEngine:289 - Generated code: C:\Users\Sterm\Desktop\STM32\workspace\Rover_Project_Fake\zzz_Board1\MXTmpFiles\rtos_kernelInit.tmp
2026-02-11 15:56:08,303 [INFO] CodeEngine:265 - oldGeneratedFile, C:\Users\Sterm\Desktop\STM32\workspace\Rover_Project_Fake\zzz_Board1\MXTmpFiles\rtos_kernelStart.tmp_save
2026-02-11 15:56:08,395 [INFO] CodeEngine:289 - Generated code: C:\Users\Sterm\Desktop\STM32\workspace\Rover_Project_Fake\zzz_Board1\MXTmpFiles\rtos_kernelStart.tmp
2026-02-11 15:56:08,408 [INFO] CodeEngine:265 - oldGeneratedFile, C:\Users\Sterm\Desktop\STM32\workspace\Rover_Project_Fake\zzz_Board1\MXTmpFiles\rtos_typedefs.tmp_save
2026-02-11 15:56:08,505 [INFO] CodeEngine:289 - Generated code: C:\Users\Sterm\Desktop\STM32\workspace\Rover_Project_Fake\zzz_Board1\MXTmpFiles\rtos_typedefs.tmp
2026-02-11 15:56:08,523 [INFO] CodeEngine:265 - oldGeneratedFile, C:\Users\Sterm\Desktop\STM32\workspace\Rover_Project_Fake\zzz_Board1\MXTmpFiles\rtos_vars.tmp_save
2026-02-11 15:56:08,621 [INFO] CodeEngine:289 - Generated code: C:\Users\Sterm\Desktop\STM32\workspace\Rover_Project_Fake\zzz_Board1\MXTmpFiles\rtos_vars.tmp
2026-02-11 15:56:08,631 [INFO] CodeEngine:265 - oldGeneratedFile, C:\Users\Sterm\Desktop\STM32\workspace\Rover_Project_Fake\zzz_Board1\MXTmpFiles\rtos_pfp.tmp_save
2026-02-11 15:56:08,718 [INFO] CodeEngine:289 - Generated code: C:\Users\Sterm\Desktop\STM32\workspace\Rover_Project_Fake\zzz_Board1\MXTmpFiles\rtos_pfp.tmp
2026-02-11 15:56:08,729 [INFO] CodeEngine:265 - oldGeneratedFile, C:\Users\Sterm\Desktop\STM32\workspace\Rover_Project_Fake\zzz_Board1\MXTmpFiles\rtos_obj_creat.tmp_save
2026-02-11 15:56:08,822 [INFO] CodeEngine:289 - Generated code: C:\Users\Sterm\Desktop\STM32\workspace\Rover_Project_Fake\zzz_Board1\MXTmpFiles\rtos_obj_creat.tmp
2026-02-11 15:56:08,832 [INFO] CodeEngine:265 - oldGeneratedFile, C:\Users\Sterm\Desktop\STM32\workspace\Rover_Project_Fake\zzz_Board1\MXTmpFiles\rtos_default_thread.tmp_save
2026-02-11 15:56:08,904 [INFO] CodeEngine:289 - Generated code: C:\Users\Sterm\Desktop\STM32\workspace\Rover_Project_Fake\zzz_Board1\MXTmpFiles\rtos_default_thread.tmp
2026-02-11 15:56:08,913 [INFO] CodeEngine:265 - oldGeneratedFile, C:\Users\Sterm\Desktop\STM32\workspace\Rover_Project_Fake\zzz_Board1\MXTmpFiles\rtos_threads.tmp_save
2026-02-11 15:56:08,988 [INFO] CodeEngine:289 - Generated code: C:\Users\Sterm\Desktop\STM32\workspace\Rover_Project_Fake\zzz_Board1\MXTmpFiles\rtos_threads.tmp
2026-02-11 15:56:09,021 [INFO] Middleware:1452 - No code input for Bsp Dependency
2026-02-11 15:56:09,037 [INFO] CodeEngine:265 - oldGeneratedFile, C:\Users\Sterm\Desktop\STM32\workspace\Rover_Project_Fake\zzz_Board1\MXTmpFiles\rtos_inc.tmp_save
2026-02-11 15:56:09,113 [INFO] CodeEngine:289 - Generated code: C:\Users\Sterm\Desktop\STM32\workspace\Rover_Project_Fake\zzz_Board1\MXTmpFiles\rtos_inc.tmp
2026-02-11 15:56:09,124 [INFO] CodeEngine:265 - oldGeneratedFile, C:\Users\Sterm\Desktop\STM32\workspace\Rover_Project_Fake\zzz_Board1\MXTmpFiles\rtos_kernelInit.tmp_save
2026-02-11 15:56:09,201 [INFO] CodeEngine:289 - Generated code: C:\Users\Sterm\Desktop\STM32\workspace\Rover_Project_Fake\zzz_Board1\MXTmpFiles\rtos_kernelInit.tmp
2026-02-11 15:56:09,217 [INFO] CodeEngine:265 - oldGeneratedFile, C:\Users\Sterm\Desktop\STM32\workspace\Rover_Project_Fake\zzz_Board1\MXTmpFiles\rtos_kernelStart.tmp_save
2026-02-11 15:56:09,278 [INFO] CodeEngine:289 - Generated code: C:\Users\Sterm\Desktop\STM32\workspace\Rover_Project_Fake\zzz_Board1\MXTmpFiles\rtos_kernelStart.tmp
2026-02-11 15:56:09,291 [INFO] CodeEngine:265 - oldGeneratedFile, C:\Users\Sterm\Desktop\STM32\workspace\Rover_Project_Fake\zzz_Board1\MXTmpFiles\rtos_typedefs.tmp_save
2026-02-11 15:56:09,377 [INFO] CodeEngine:289 - Generated code: C:\Users\Sterm\Desktop\STM32\workspace\Rover_Project_Fake\zzz_Board1\MXTmpFiles\rtos_typedefs.tmp
2026-02-11 15:56:09,388 [INFO] CodeEngine:265 - oldGeneratedFile, C:\Users\Sterm\Desktop\STM32\workspace\Rover_Project_Fake\zzz_Board1\MXTmpFiles\rtos_vars.tmp_save
2026-02-11 15:56:09,459 [INFO] CodeEngine:289 - Generated code: C:\Users\Sterm\Desktop\STM32\workspace\Rover_Project_Fake\zzz_Board1\MXTmpFiles\rtos_vars.tmp
2026-02-11 15:56:09,468 [INFO] CodeEngine:265 - oldGeneratedFile, C:\Users\Sterm\Desktop\STM32\workspace\Rover_Project_Fake\zzz_Board1\MXTmpFiles\rtos_pfp.tmp_save
2026-02-11 15:56:09,533 [INFO] CodeEngine:289 - Generated code: C:\Users\Sterm\Desktop\STM32\workspace\Rover_Project_Fake\zzz_Board1\MXTmpFiles\rtos_pfp.tmp
2026-02-11 15:56:09,542 [INFO] CodeEngine:265 - oldGeneratedFile, C:\Users\Sterm\Desktop\STM32\workspace\Rover_Project_Fake\zzz_Board1\MXTmpFiles\rtos_obj_creat.tmp_save
2026-02-11 15:56:09,620 [INFO] CodeEngine:289 - Generated code: C:\Users\Sterm\Desktop\STM32\workspace\Rover_Project_Fake\zzz_Board1\MXTmpFiles\rtos_obj_creat.tmp
2026-02-11 15:56:09,635 [INFO] CodeEngine:265 - oldGeneratedFile, C:\Users\Sterm\Desktop\STM32\workspace\Rover_Project_Fake\zzz_Board1\MXTmpFiles\rtos_default_thread.tmp_save
2026-02-11 15:56:09,718 [INFO] CodeEngine:289 - Generated code: C:\Users\Sterm\Desktop\STM32\workspace\Rover_Project_Fake\zzz_Board1\MXTmpFiles\rtos_default_thread.tmp
2026-02-11 15:56:09,731 [INFO] CodeEngine:265 - oldGeneratedFile, C:\Users\Sterm\Desktop\STM32\workspace\Rover_Project_Fake\zzz_Board1\MXTmpFiles\rtos_threads.tmp_save
2026-02-11 15:56:09,815 [INFO] CodeEngine:289 - Generated code: C:\Users\Sterm\Desktop\STM32\workspace\Rover_Project_Fake\zzz_Board1\MXTmpFiles\rtos_threads.tmp
2026-02-11 15:56:09,830 [INFO] CodeEngine:265 - oldGeneratedFile, C:\Users\Sterm\Desktop\STM32\workspace\Rover_Project_Fake\zzz_Board1\Core\Inc\FreeRTOSConfig.h_save
2026-02-11 15:56:09,959 [INFO] CodeEngine:289 - Generated code: C:\Users\Sterm\Desktop\STM32\workspace\Rover_Project_Fake\zzz_Board1\Core\Inc\FreeRTOSConfig.h
2026-02-11 15:56:09,972 [INFO] CodeEngine:265 - oldGeneratedFile, C:\Users\Sterm\Desktop\STM32\workspace\Rover_Project_Fake\zzz_Board1\Core\Src\app_freertos.c_save
2026-02-11 15:56:10,118 [INFO] CodeEngine:289 - Generated code: C:\Users\Sterm\Desktop\STM32\workspace\Rover_Project_Fake\zzz_Board1\Core\Src\app_freertos.c
2026-02-11 15:56:10,140 [INFO] CodeEngine:265 - oldGeneratedFile, C:\Users\Sterm\Desktop\STM32\workspace\Rover_Project_Fake\zzz_Board1\Core\Src\adc.c_save
2026-02-11 15:56:10,294 [INFO] CodeEngine:289 - Generated code: C:\Users\Sterm\Desktop\STM32\workspace\Rover_Project_Fake\zzz_Board1\Core\Src\adc.c
2026-02-11 15:56:10,304 [INFO] CodeEngine:265 - oldGeneratedFile, C:\Users\Sterm\Desktop\STM32\workspace\Rover_Project_Fake\zzz_Board1\Core\Inc\adc.h_save
2026-02-11 15:56:10,387 [INFO] CodeEngine:289 - Generated code: C:\Users\Sterm\Desktop\STM32\workspace\Rover_Project_Fake\zzz_Board1\Core\Inc\adc.h
2026-02-11 15:56:10,490 [INFO] CodeEngine:265 - oldGeneratedFile, C:\Users\Sterm\Desktop\STM32\workspace\Rover_Project_Fake\zzz_Board1\Core\Src\dma.c_save
2026-02-11 15:56:10,583 [INFO] CodeEngine:289 - Generated code: C:\Users\Sterm\Desktop\STM32\workspace\Rover_Project_Fake\zzz_Board1\Core\Src\dma.c
2026-02-11 15:56:10,597 [INFO] CodeEngine:265 - oldGeneratedFile, C:\Users\Sterm\Desktop\STM32\workspace\Rover_Project_Fake\zzz_Board1\Core\Inc\dma.h_save
2026-02-11 15:56:10,680 [INFO] CodeEngine:289 - Generated code: C:\Users\Sterm\Desktop\STM32\workspace\Rover_Project_Fake\zzz_Board1\Core\Inc\dma.h
2026-02-11 15:56:10,704 [INFO] CodeEngine:265 - oldGeneratedFile, C:\Users\Sterm\Desktop\STM32\workspace\Rover_Project_Fake\zzz_Board1\Core\Src\usart.c_save
2026-02-11 15:56:10,804 [INFO] CodeEngine:289 - Generated code: C:\Users\Sterm\Desktop\STM32\workspace\Rover_Project_Fake\zzz_Board1\Core\Src\usart.c
2026-02-11 15:56:10,817 [INFO] CodeEngine:265 - oldGeneratedFile, C:\Users\Sterm\Desktop\STM32\workspace\Rover_Project_Fake\zzz_Board1\Core\Inc\usart.h_save
2026-02-11 15:56:10,887 [INFO] CodeEngine:289 - Generated code: C:\Users\Sterm\Desktop\STM32\workspace\Rover_Project_Fake\zzz_Board1\Core\Inc\usart.h
2026-02-11 15:56:10,907 [INFO] CodeEngine:265 - oldGeneratedFile, C:\Users\Sterm\Desktop\STM32\workspace\Rover_Project_Fake\zzz_Board1\Core\Src\tim.c_save
2026-02-11 15:56:11,017 [INFO] CodeEngine:289 - Generated code: C:\Users\Sterm\Desktop\STM32\workspace\Rover_Project_Fake\zzz_Board1\Core\Src\tim.c
2026-02-11 15:56:11,026 [INFO] CodeEngine:265 - oldGeneratedFile, C:\Users\Sterm\Desktop\STM32\workspace\Rover_Project_Fake\zzz_Board1\Core\Inc\tim.h_save
2026-02-11 15:56:11,095 [INFO] CodeEngine:289 - Generated code: C:\Users\Sterm\Desktop\STM32\workspace\Rover_Project_Fake\zzz_Board1\Core\Inc\tim.h
2026-02-11 15:56:11,137 [INFO] CodeEngine:265 - oldGeneratedFile, C:\Users\Sterm\Desktop\STM32\workspace\Rover_Project_Fake\zzz_Board1\Core\Src\stm32g4xx_it.c_save
2026-02-11 15:56:11,314 [INFO] CodeEngine:289 - Generated code: C:\Users\Sterm\Desktop\STM32\workspace\Rover_Project_Fake\zzz_Board1\Core\Src\stm32g4xx_it.c
2026-02-11 15:56:11,322 [INFO] CodeEngine:265 - oldGeneratedFile, C:\Users\Sterm\Desktop\STM32\workspace\Rover_Project_Fake\zzz_Board1\Core\Inc\stm32g4xx_it.h_save
2026-02-11 15:56:11,387 [INFO] CodeEngine:289 - Generated code: C:\Users\Sterm\Desktop\STM32\workspace\Rover_Project_Fake\zzz_Board1\Core\Inc\stm32g4xx_it.h
2026-02-11 15:56:11,417 [INFO] CodeEngine:265 - oldGeneratedFile, C:\Users\Sterm\Desktop\STM32\workspace\Rover_Project_Fake\zzz_Board1\Core\Src\stm32g4xx_hal_msp.c_save
2026-02-11 15:56:11,526 [INFO] CodeEngine:289 - Generated code: C:\Users\Sterm\Desktop\STM32\workspace\Rover_Project_Fake\zzz_Board1\Core\Src\stm32g4xx_hal_msp.c
2026-02-11 15:56:11,536 [INFO] CodeEngine:265 - oldGeneratedFile, C:\Users\Sterm\Desktop\STM32\workspace\Rover_Project_Fake\zzz_Board1\MXTmpFiles\system.tmp_save
2026-02-11 15:56:11,603 [INFO] CodeEngine:289 - Generated code: C:\Users\Sterm\Desktop\STM32\workspace\Rover_Project_Fake\zzz_Board1\MXTmpFiles\system.tmp
2026-02-11 15:56:11,614 [INFO] CodeEngine:265 - oldGeneratedFile, C:\Users\Sterm\Desktop\STM32\workspace\Rover_Project_Fake\zzz_Board1\Core\Src\stm32g4xx_hal_timebase_tim.c_save
2026-02-11 15:56:11,685 [INFO] CodeEngine:289 - Generated code: C:\Users\Sterm\Desktop\STM32\workspace\Rover_Project_Fake\zzz_Board1\Core\Src\stm32g4xx_hal_timebase_tim.c
2026-02-11 15:56:11,703 [INFO] CodeEngine:321 - oldGeneratedFile, C:\Users\Sterm\Desktop\STM32\workspace\Rover_Project_Fake\zzz_Board1\Core\Inc\stm32g4xx_hal_conf.h_save
2026-02-11 15:56:11,772 [INFO] CodeEngine:345 - Generated code: C:\Users\Sterm\Desktop\STM32\workspace\Rover_Project_Fake\zzz_Board1\Core\Inc\stm32g4xx_hal_conf.h
2026-02-11 15:56:11,797 [WARN] IPConfigManager:3238 - Warning: the RefConfig RCC_CommonPeriphClockConfig is not available in your config.xml file
2026-02-11 15:56:11,824 [INFO] CodeEngine:265 - oldGeneratedFile, C:\Users\Sterm\Desktop\STM32\workspace\Rover_Project_Fake\zzz_Board1\Core\Inc\main.h_save
2026-02-11 15:56:11,925 [INFO] CodeEngine:289 - Generated code: C:\Users\Sterm\Desktop\STM32\workspace\Rover_Project_Fake\zzz_Board1\Core\Inc\main.h
2026-02-11 15:56:11,939 [INFO] CodeEngine:265 - oldGeneratedFile, C:\Users\Sterm\Desktop\STM32\workspace\Rover_Project_Fake\zzz_Board1\Core\Src\main.c_save
2026-02-11 15:56:12,050 [INFO] CodeEngine:289 - Generated code: C:\Users\Sterm\Desktop\STM32\workspace\Rover_Project_Fake\zzz_Board1\Core\Src\main.c
2026-02-11 15:56:12,773 [INFO] ProjectBuilder:3606 - Time for Copy HAL[1] : 377mS.
2026-02-11 15:56:12,785 [INFO] ProjectBuilder:5216 - Project Generator version: 4.7.0-B52
2026-02-11 15:56:12,902 [INFO] ConfigFileManager:1595 - The Die is : DIE469
2026-02-11 15:56:14,947 [INFO] ProjectBuilder:5496 - Time for Generating toolchain IDE Files: 2105mS.
2026-02-11 15:56:14,949 [INFO] ProjectBuilder:3463 - Time for Copy CMSIS : 1mS.
2026-02-11 15:56:14,967 [INFO] ProjectBuilder:3463 - Time for Copy CMSIS : 0mS.
2026-02-11 16:44:17,651 [INFO] WebApp:194 - Connection lost
2026-02-11 16:44:18,180 [INFO] WebApp:191 - Connection restablished
2026-02-11 16:44:37,462 [INFO] WebApp:194 - Connection lost
2026-02-11 16:44:37,642 [INFO] WebApp:191 - Connection restablished
2026-02-11 16:47:46,005 [INFO] WebApp:194 - Connection lost
2026-02-11 16:47:47,847 [INFO] WebApp:191 - Connection restablished
2026-02-11 20:46:06,436 [INFO] WebApp:194 - Connection lost
2026-02-11 20:48:43,375 [INFO] WebApp:191 - Connection restablished
2026-02-11 20:48:45,997 [INFO] WebApp:194 - Connection lost
2026-02-11 20:48:46,188 [INFO] WebApp:191 - Connection restablished
2026-02-11 23:24:50,118 [INFO] WebApp:194 - Connection lost
2026-02-11 23:24:58,300 [INFO] WebApp:191 - Connection restablished
