2026-02-10 01:47:22,127 [INFO] TasksAndQueuesTab:757 - Static
2026-02-10 01:47:22,216 [INFO] TasksAndQueuesTab:757 - Static
2026-02-10 01:47:22,216 [INFO] TasksAndQueuesTab:757 - Static
2026-02-10 01:47:22,217 [INFO] TasksAndQueuesTab:757 - Static
2026-02-10 01:47:22,218 [INFO] TasksAndQueuesTab:757 - Static
2026-02-10 01:47:22,218 [INFO] TasksAndQueuesTab:757 - Static
2026-02-10 01:47:22,218 [INFO] TasksAndQueuesTab:757 - Static
2026-02-10 01:47:22,218 [INFO] TasksAndQueuesTab:757 - Static
2026-02-10 02:15:00,617 [ERROR] RtosPanel:558 - Can not restore the selected Tab for FREERTOS(A reason can be that the tab is no more available.)
2026-02-10 02:15:01,059 [ERROR] RtosPanel:558 - Can not restore the selected Tab for FREERTOS(A reason can be that the tab is no more available.)
2026-02-10 02:15:01,422 [ERROR] RtosPanel:558 - Can not restore the selected Tab for FREERTOS(A reason can be that the tab is no more available.)
2026-02-10 02:47:25,793 [INFO] WebApp:194 - Connection lost
2026-02-10 02:47:31,375 [INFO] WebApp:191 - Connection restablished
2026-02-10 03:23:23,292 [INFO] WebApp:194 - Connection lost
2026-02-10 03:24:34,144 [INFO] WebApp:191 - Connection restablished
2026-02-10 03:24:34,837 [INFO] WebApp:194 - Connection lost
2026-02-10 03:24:35,027 [INFO] WebApp:191 - Connection restablished
2026-02-10 03:24:37,363 [INFO] WebApp:194 - Connection lost
2026-02-10 03:24:37,506 [INFO] WebApp:191 - Connection restablished
2026-02-10 03:46:02,336 [INFO] WebApp:194 - Connection lost
2026-02-10 03:46:02,996 [INFO] WebApp:191 - Connection restablished
2026-02-10 03:46:05,385 [INFO] WebApp:194 - Connection lost
2026-02-10 03:46:05,550 [INFO] WebApp:191 - Connection restablished
2026-02-10 03:59:28,881 [INFO] WebApp:194 - Connection lost
2026-02-10 03:59:29,370 [INFO] WebApp:191 - Connection restablished
2026-02-10 03:59:34,964 [INFO] WebApp:194 - Connection lost
2026-02-10 03:59:35,114 [INFO] WebApp:191 - Connection restablished
2026-02-10 11:31:26,747 [INFO] WebApp:194 - Connection lost
2026-02-10 13:02:09,565 [INFO] WebApp:191 - Connection restablished
2026-02-10 13:02:09,771 [INFO] WebApp:194 - Connection lost
2026-02-10 13:02:09,795 [INFO] WebApp:191 - Connection restablished
2026-02-10 13:02:12,460 [INFO] WebApp:194 - Connection lost
2026-02-10 13:02:12,615 [INFO] WebApp:191 - Connection restablished
2026-02-10 13:02:20,453 [INFO] WebApp:194 - Connection lost
2026-02-10 13:02:20,625 [INFO] WebApp:191 - Connection restablished
2026-02-10 13:05:59,519 [INFO] CADModel:198 - CPN selected (Project mode): STM32G474RET3
2026-02-10 13:05:59,612 [INFO] CADModel:200 - Internet connection configuration mode: 1
2026-02-10 13:05:59,613 [INFO] CADModel:203 - rpn retrievedSTM32G474RE
2026-02-10 13:05:59,999 [INFO] WebAppUi:336 - Instantiating new browser for Project
2026-02-10 13:06:01,571 [INFO] WebAppUi:1235 - Register for checkConnection events
2026-02-10 13:06:01,574 [INFO] WebAppUi:1270 - Apply proxy settings
2026-02-10 13:06:01,587 [INFO] WebAppUi:1308 - Chromium requires no authentication
2026-02-10 13:06:01,591 [INFO] WebAppUi:1294 - Direct internet connection detected
2026-02-10 13:06:01,635 [INFO] WebAppUi:1166 - Web application path used C:\Users\Sterm\Desktop\STM32\STM32CubeIDE_1.18.0\STM32CubeIDE\plugins\com.st.stm32cube.common.mx_6.15.0.202507011659\db\plugins\mcufinder\reactClient\index.html
2026-02-10 13:06:01,750 [INFO] WebAppUi:938 - Path where api_config.json is located C:\Users\Sterm\.stmcufinder\plugins\mcufinder//mcu/api_config.json
2026-02-10 13:06:01,757 [INFO] WebAppUi:939 - Setting api config in window object
2026-02-10 13:06:01,841 [INFO] WebAppUi:947 - Path where cad_preferences.json is located C:\Users\Sterm/.stm32cubeide/
2026-02-10 13:06:01,841 [INFO] WebAppUi:948 - Setting consent info in window object
2026-02-10 13:06:02,337 [INFO] WebAppUi:843 - Allow Downloads
2026-02-10 13:06:02,342 [INFO] WebAppUi:336 - Instantiating new browser for Finder
2026-02-10 13:06:02,723 [INFO] WebAppUi:1100 - Web application message: [UlApiManager component] Connecting to SSO
2026-02-10 13:06:02,745 [INFO] WebAppUi:1235 - Register for checkConnection events
2026-02-10 13:06:02,745 [INFO] WebAppUi:1270 - Apply proxy settings
2026-02-10 13:06:02,748 [INFO] WebAppUi:1308 - Chromium requires no authentication
2026-02-10 13:06:02,749 [INFO] WebAppUi:1294 - Direct internet connection detected
2026-02-10 13:06:02,754 [INFO] WebAppUi:1166 - Web application path used C:\Users\Sterm\Desktop\STM32\STM32CubeIDE_1.18.0\STM32CubeIDE\plugins\com.st.stm32cube.common.mx_6.15.0.202507011659\db\plugins\mcufinder\reactClient\index.html
2026-02-10 13:06:02,769 [INFO] WebAppUi:938 - Path where api_config.json is located C:\Users\Sterm\.stmcufinder\plugins\mcufinder//mcu/api_config.json
2026-02-10 13:06:02,770 [INFO] WebAppUi:939 - Setting api config in window object
2026-02-10 13:06:02,838 [INFO] WebAppUi:947 - Path where cad_preferences.json is located C:\Users\Sterm/.stm32cubeide/
2026-02-10 13:06:02,839 [INFO] WebAppUi:948 - Setting consent info in window object
2026-02-10 13:06:03,180 [INFO] WebAppUi:843 - Allow Downloads
2026-02-10 13:06:03,187 [INFO] WebAppUi:664 - RPN selected STM32G474RE
2026-02-10 13:06:03,189 [INFO] WebAppUi:665 - RefName selected STM32G474RETx
2026-02-10 13:06:03,190 [INFO] WebAppUi:666 - CPN selected STM32G474RET3
2026-02-10 13:06:03,221 [INFO] WebAppUi:829 - Which Bigleton in use 2 and which CPN is about STM32G474RET3
2026-02-10 13:06:03,223 [INFO] WebAppUi:703 - Have injected Javascript into web application
2026-02-10 13:06:03,223 [INFO] WebAppUiContainer:153 - Web application run mode: Project CPN: STM32G474RET3
2026-02-10 13:06:03,401 [INFO] WebAppUi:1100 - Web application message: [UlApiManager component] Connected to Ultra Librarian SSO
2026-02-10 13:06:03,403 [INFO] WebAppUi:1100 - Web application message: [UlApiManager component] Connected to Ultra Librarian API
2026-02-10 13:06:03,432 [INFO] WebAppUi:1100 - Web application message: [UlApiManager component] Connecting to SSO
2026-02-10 13:06:04,087 [INFO] WebAppUi:1100 - Web application message: [UlApiManager component] Connected to Ultra Librarian SSO
2026-02-10 13:06:04,089 [INFO] WebAppUi:1100 - Web application message: [UlApiManager component] Connected to Ultra Librarian API
2026-02-10 13:06:05,172 [INFO] WebAppUi:1100 - Web application message: CAD resources feature launch attempt
2026-02-10 13:06:05,825 [INFO] WebAppUi:938 - Path where api_config.json is located C:\Users\Sterm\.stmcufinder\plugins\mcufinder//mcu/api_config.json
2026-02-10 13:06:05,825 [INFO] WebAppUi:939 - Setting api config in window object
2026-02-10 13:06:05,888 [INFO] WebAppUi:947 - Path where cad_preferences.json is located C:\Users\Sterm/.stm32cubeide/
2026-02-10 13:06:05,888 [INFO] WebAppUi:948 - Setting consent info in window object
2026-02-10 13:06:07,158 [INFO] WebAppUi:1100 - Web application message: THREE.WebGLRenderer 101
2026-02-10 13:06:10,694 [ERROR] RtosPanel:558 - Can not restore the selected Tab for FREERTOS(A reason can be that the tab is no more available.)
2026-02-10 13:06:11,180 [ERROR] RtosPanel:558 - Can not restore the selected Tab for FREERTOS(A reason can be that the tab is no more available.)
2026-02-10 13:06:11,557 [ERROR] RtosPanel:558 - Can not restore the selected Tab for FREERTOS(A reason can be that the tab is no more available.)
2026-02-10 13:45:25,355 [INFO] WebApp:403 - JxBrowser engine has been closed 
2026-02-10 13:45:25,380 [INFO] WebAppUi:504 - JxBrowser engine has been closed 
2026-02-10 13:45:25,384 [INFO] WebAppUi:541 - Close the Jxbrowser engine manually
