2026-02-01 12:55:36,229 [INFO] LogOutputStream:77 - [STDOUT_REDIRECT] 
2026-02-01 12:55:38,122 [INFO] ProjectBuilder:5496 - Time for Generating toolchain IDE Files: 2501mS.
2026-02-01 12:55:38,124 [INFO] ProjectBuilder:3463 - Time for Copy CMSIS : 1mS.
2026-02-01 12:55:38,142 [INFO] ProjectBuilder:3463 - Time for Copy CMSIS : 0mS.
2026-02-01 14:49:34,477 [INFO] WebApp:194 - Connection lost
2026-02-01 14:49:35,296 [INFO] WebApp:191 - Connection restablished
2026-02-01 14:50:11,030 [INFO] WebApp:194 - Connection lost
2026-02-01 14:50:11,400 [INFO] WebApp:191 - Connection restablished
2026-02-01 16:55:57,540 [INFO] WebApp:194 - Connection lost
2026-02-01 16:55:58,201 [INFO] WebApp:191 - Connection restablished
2026-02-01 17:43:46,922 [INFO] WebApp:194 - Connection lost
2026-02-01 17:43:47,641 [INFO] WebApp:191 - Connection restablished
2026-02-01 18:24:33,937 [INFO] WebApp:194 - Connection lost
2026-02-01 18:24:35,103 [INFO] WebApp:191 - Connection restablished
2026-02-01 18:53:35,774 [INFO] WebApp:194 - Connection lost
2026-02-01 18:53:36,387 [INFO] WebApp:191 - Connection restablished
2026-02-01 22:07:39,604 [INFO] WebApp:194 - Connection lost
2026-02-01 22:07:43,763 [INFO] WebApp:191 - Connection restablished
2026-02-01 22:07:46,045 [INFO] WebApp:194 - Connection lost
2026-02-01 22:07:46,585 [INFO] WebApp:191 - Connection restablished
