2026-02-08 01:28:48,605 [INFO] WebApp:194 - Connection lost
2026-02-08 01:28:55,563 [INFO] WebApp:191 - Connection restablished
2026-02-08 01:28:58,382 [INFO] WebApp:194 - Connection lost
2026-02-08 01:28:58,529 [INFO] WebApp:191 - Connection restablished
2026-02-08 02:27:30,809 [INFO] WebApp:194 - Connection lost
2026-02-08 02:27:31,250 [INFO] WebApp:191 - Connection restablished
2026-02-08 11:56:03,947 [INFO] MainUpdater:2872 - connection check result : 10
2026-02-08 11:56:03,978 [INFO] MainUpdater:2872 - connection check result : 10
2026-02-08 11:56:04,816 [INFO] I2cTimingTraitement:330 - 0x40B285C2
2026-02-08 11:56:04,920 [INFO] MicroXplorer:468 - Change Database Path : 
2026-02-08 11:56:04,923 [INFO] MicroXplorer:498 - Change Database Version : DB.6.0.150
2026-02-08 11:56:05,174 [ERROR] ProjectManagerView:395 - 
java.lang.NullPointerException: Cannot invoke "javax.swing.JTextField.getText()" because the return value of "java.util.List.get(int)" is null
	at com.st.microxplorer.plugins.projectmanager.gui.ProjectChoiceTab$9.caretUpdate(ProjectChoiceTab.java:2706) ~[filemanager.jar:?]
	at javax.swing.text.JTextComponent.fireCaretUpdate(JTextComponent.java:408) ~[?:?]
	at javax.swing.text.JTextComponent$MutableCaretEvent.fire(JTextComponent.java:4484) ~[?:?]
	at javax.swing.text.JTextComponent$MutableCaretEvent.stateChanged(JTextComponent.java:4506) ~[?:?]
	at javax.swing.text.DefaultCaret.fireStateChanged(DefaultCaret.java:857) ~[?:?]
	at javax.swing.text.DefaultCaret.changeCaretPosition(DefaultCaret.java:1343) ~[?:?]
	at javax.swing.text.DefaultCaret.handleSetDot(DefaultCaret.java:1242) ~[?:?]
	at javax.swing.text.DefaultCaret.setDot(DefaultCaret.java:1223) ~[?:?]
	at javax.swing.text.DefaultCaret$Handler.insertUpdate(DefaultCaret.java:1819) ~[?:?]
	at javax.swing.text.AbstractDocument.fireInsertUpdate(AbstractDocument.java:227) ~[?:?]
	at javax.swing.text.AbstractDocument.handleInsertString(AbstractDocument.java:781) ~[?:?]
	at javax.swing.text.AbstractDocument.insertString(AbstractDocument.java:740) ~[?:?]
	at javax.swing.text.PlainDocument.insertString(PlainDocument.java:131) ~[?:?]
	at javax.swing.text.AbstractDocument.replace(AbstractDocument.java:699) ~[?:?]
	at javax.swing.text.JTextComponent.setText(JTextComponent.java:1725) ~[?:?]
	at com.st.microxplorer.plugins.projectmanager.gui.ProjectChoiceTab.createHeapStackFields(ProjectChoiceTab.java:993) ~[filemanager.jar:?]
	at com.st.microxplorer.plugins.projectmanager.gui.ProjectChoiceTab.buildLinkSettingsPanel(ProjectChoiceTab.java:3813) ~[filemanager.jar:?]
	at com.st.microxplorer.plugins.projectmanager.gui.ProjectChoiceTab.defineWindowsFields(ProjectChoiceTab.java:1987) ~[filemanager.jar:?]
	at com.st.microxplorer.plugins.projectmanager.gui.ProjectChoiceTab.updateSettings(ProjectChoiceTab.java:558) ~[filemanager.jar:?]
	at com.st.microxplorer.plugins.projectmanager.gui.ProjectSettingsPanel.UpdateDialog(ProjectSettingsPanel.java:247) ~[filemanager.jar:?]
	at com.st.microxplorer.plugins.projectmanager.ProjectManagerView.propertyChange(ProjectManagerView.java:392) ~[filemanager.jar:?]
	at java.beans.PropertyChangeSupport.fire(PropertyChangeSupport.java:343) ~[?:?]
	at java.beans.PropertyChangeSupport.firePropertyChange(PropertyChangeSupport.java:335) ~[?:?]
	at java.beans.PropertyChangeSupport.firePropertyChange(PropertyChangeSupport.java:268) ~[?:?]
	at com.st.microxplorer.util.MXPropertyChangeSupport.firePropertyChange(MXPropertyChangeSupport.java:54) ~[STM32CubeMX.jar:?]
	at com.st.microxplorer.mxsystem.MxSystem.closeConfig(MxSystem.java:899) ~[STM32CubeMX.jar:?]
	at com.st.microxplorer.maingui.MainPanel.closeConfig(MainPanel.java:792) ~[STM32CubeMX.jar:?]
	at com.st.microxplorer.plugins.filemanager.engine.OpenFileManager.loadConfigurationFile(OpenFileManager.java:288) ~[filemanager.jar:?]
	at com.st.microxplorer.plugins.filemanager.engine.MainFileManager.userLoadConfig(MainFileManager.java:364) ~[filemanager.jar:?]
	at com.st.microxplorer.plugins.filemanager.engine.MainFileManager.userLoadConfig(MainFileManager.java:342) ~[filemanager.jar:?]
	at com.st.microxplorer.plugins.filemanager.FileManagerView.getSpecificTask(FileManagerView.java:264) ~[filemanager.jar:?]
	at com.st.stm32cube.common.mx.editor.CubeMxEditor.getMxTabbedPaneInstance(CubeMxEditor.java:1198) ~[com.st.stm32cube.common.mx_6.15.0.202507011659/:?]
	at com.st.stm32cube.common.mx.editor.CubeMxEditor$12$1.createSwingComponent(CubeMxEditor.java:1068) ~[com.st.stm32cube.common.mx_6.15.0.202507011659/:?]
	at com.st.stm32cube.common.mx.oss.core.awtswtbridge.EmbeddedSwingComposite.doComponentCreation(EmbeddedSwingComposite.java:492) ~[com.st.stm32cube.common.mx.oss_6.15.0.202507011659/:?]
	at com.st.stm32cube.common.mx.oss.core.awtswtbridge.EmbeddedSwingComposite$4.run(EmbeddedSwingComposite.java:291) ~[com.st.stm32cube.common.mx.oss_6.15.0.202507011659/:?]
	at com.st.stm32cube.common.mx.oss.core.awtswtbridge.AwtEnvironment$2.run(AwtEnvironment.java:166) ~[com.st.stm32cube.common.mx.oss_6.15.0.202507011659/:?]
	at java.awt.event.InvocationEvent.dispatch(InvocationEvent.java:318) ~[?:?]
	at java.awt.EventQueue.dispatchEventImpl(EventQueue.java:773) ~[?:?]
	at java.awt.EventQueue$4.run(EventQueue.java:720) ~[?:?]
	at java.awt.EventQueue$4.run(EventQueue.java:714) ~[?:?]
	at java.security.AccessController.doPrivileged(AccessController.java:400) ~[?:?]
	at java.security.ProtectionDomain$JavaSecurityAccessImpl.doIntersectionPrivilege(ProtectionDomain.java:87) ~[?:?]
	at java.awt.EventQueue.dispatchEvent(EventQueue.java:742) ~[?:?]
	at java.awt.EventDispatchThread.pumpOneEventForFilters(EventDispatchThread.java:203) ~[?:?]
	at java.awt.EventDispatchThread.pumpEventsForFilter(EventDispatchThread.java:124) ~[?:?]
	at java.awt.EventDispatchThread.pumpEventsForHierarchy(EventDispatchThread.java:113) ~[?:?]
	at java.awt.EventDispatchThread.pumpEvents(EventDispatchThread.java:109) ~[?:?]
	at java.awt.EventDispatchThread.pumpEvents(EventDispatchThread.java:101) ~[?:?]
	at java.awt.EventDispatchThread.run(EventDispatchThread.java:90) ~[?:?]
2026-02-08 11:56:05,431 [WARN] ThirdParty:871 - waiting for thirdparty lock release [close project]
2026-02-08 11:56:05,432 [INFO] ThirdParty:873 - entering critical section [close project]
2026-02-08 11:56:05,435 [INFO] ThirdParty:883 - exiting critical section [close project]
2026-02-08 11:56:05,468 [INFO] PinOutPanel:1589 - setPackage(No Configuration,No Configuration)
2026-02-08 11:56:05,915 [INFO] UtilMem:75 - Begin LoadConfig() Used Memory: 766515136 Bytes (1073741824)
2026-02-08 11:56:05,926 [INFO] MicroXplorer:468 - Change Database Path : 
2026-02-08 11:56:05,927 [INFO] MicroXplorer:498 - Change Database Version : DB.6.0.150
2026-02-08 11:56:05,928 [INFO] OpenFileManager:355 - Change cursor
2026-02-08 11:56:06,232 [INFO] Mcu:2029 - Initializing MCU STM32G474R(B-C-E)Tx STM32G474RETx STM32G474RET3
2026-02-08 11:56:16,701 [INFO] Context:786 - Trying to add GPIOservice into a context  which must be forbidden
2026-02-08 11:56:19,079 [INFO] ImportTextPane:234 - (OptionalMessage_ERROR) Pin21 (VP_RIF_VS_RIF1) cannot be retrieved for this MCU
2026-02-08 11:56:19,198 [INFO] RtosManager:558 - Registered RTOS mode: class=CMSIS, group=RTOS, mode=CMSIS_V1, owner=FREERTOS
2026-02-08 11:56:19,198 [INFO] RtosManager:558 - Registered RTOS mode: class=CMSIS, group=RTOS2, mode=CMSIS_V2, owner=FREERTOS
2026-02-08 11:56:19,198 [INFO] RtosManager:558 - Registered RTOS mode: class=RTOS, group=Core, mode=CMSIS_V1, owner=FREERTOS
2026-02-08 11:56:19,199 [INFO] RtosManager:558 - Registered RTOS mode: class=RTOS, group=Core, mode=CMSIS_V2, owner=FREERTOS
2026-02-08 11:56:19,199 [WARN] ModelIntegratedComponent:184 - Missing modes for component STMicroelectronics:FreeRTOS:0.0.1:STMicroelectronics:RTOS:FreeRTOS:Core:::10.2.0:
2026-02-08 11:56:19,212 [WARN] ModelIntegratedComponent:63 - No mode defined for component null
2026-02-08 11:56:19,214 [WARN] ModelIntegratedComponent:63 - No mode defined for component null
2026-02-08 11:56:19,214 [WARN] ModelIntegratedComponent:63 - No mode defined for component null
2026-02-08 11:56:19,214 [WARN] ModelIntegratedComponent:63 - No mode defined for component null
2026-02-08 11:56:19,215 [WARN] ModelIntegratedComponent:63 - No mode defined for component null
2026-02-08 11:56:19,215 [WARN] ModelIntegratedComponent:63 - No mode defined for component null
2026-02-08 11:56:19,215 [WARN] ModelIntegratedComponent:63 - No mode defined for component null
2026-02-08 11:56:19,215 [WARN] ModelIntegratedComponent:63 - No mode defined for component null
2026-02-08 11:56:19,215 [WARN] ModelIntegratedComponent:63 - No mode defined for component null
2026-02-08 11:56:19,216 [WARN] ModelIntegratedComponent:63 - No mode defined for component null
2026-02-08 11:56:19,216 [WARN] ModelIntegratedComponent:63 - No mode defined for component null
2026-02-08 11:56:19,216 [WARN] ModelIntegratedComponent:63 - No mode defined for component null
2026-02-08 11:56:19,216 [WARN] ModelIntegratedComponent:63 - No mode defined for component null
2026-02-08 11:56:19,216 [WARN] ModelIntegratedComponent:63 - No mode defined for component null
2026-02-08 11:56:19,216 [WARN] ModelIntegratedComponent:63 - No mode defined for component null
2026-02-08 11:56:19,216 [WARN] ModelIntegratedComponent:63 - No mode defined for component null
2026-02-08 11:56:19,216 [WARN] ModelIntegratedComponent:63 - No mode defined for component null
2026-02-08 11:56:19,216 [WARN] ModelIntegratedComponent:63 - No mode defined for component null
2026-02-08 11:56:19,216 [WARN] ModelIntegratedComponent:63 - No mode defined for component null
2026-02-08 11:56:19,216 [WARN] ModelIntegratedComponent:63 - No mode defined for component null
2026-02-08 11:56:19,216 [WARN] ModelIntegratedComponent:63 - No mode defined for component null
2026-02-08 11:56:19,216 [WARN] ModelIntegratedComponent:63 - No mode defined for component null
2026-02-08 11:56:19,216 [WARN] ModelIntegratedComponent:63 - No mode defined for component null
2026-02-08 11:56:19,216 [WARN] ModelIntegratedComponent:63 - No mode defined for component null
2026-02-08 11:56:19,216 [WARN] ModelIntegratedComponent:63 - No mode defined for component null
2026-02-08 11:56:19,216 [WARN] ModelIntegratedComponent:63 - No mode defined for component null
2026-02-08 11:56:19,216 [WARN] ModelIntegratedComponent:63 - No mode defined for component null
2026-02-08 11:56:19,217 [WARN] ModelIntegratedComponent:63 - No mode defined for component null
2026-02-08 11:56:19,217 [WARN] ModelIntegratedComponent:63 - No mode defined for component null
2026-02-08 11:56:19,217 [WARN] ModelIntegratedComponent:63 - No mode defined for component null
2026-02-08 11:56:19,217 [WARN] ModelIntegratedComponent:63 - No mode defined for component null
2026-02-08 11:56:19,217 [WARN] ModelIntegratedComponent:63 - No mode defined for component null
2026-02-08 11:56:19,217 [WARN] ModelIntegratedComponent:63 - No mode defined for component null
2026-02-08 11:56:19,217 [WARN] ModelIntegratedComponent:63 - No mode defined for component null
2026-02-08 11:56:19,218 [WARN] ModelIntegratedComponent:63 - No mode defined for component null
2026-02-08 11:56:19,218 [WARN] ModelPack:524 - Component already loaded: STMicroelectronics:HAL Drivers:0.0.0:STMicroelectronics:Device:STMicro_Driver:XSPI:HAL::0.0.1:HAL_XSPI
2026-02-08 11:56:19,819 [INFO] ThirdPartyModel:298 - Start build external matchings
2026-02-08 11:56:21,736 [INFO] ThirdPartyModel:316 - End build external matchings
2026-02-08 11:56:21,795 [INFO] RtosManager:1018 - Current active RTOS is FREERTOS [Cortex-M4NS]
2026-02-08 11:56:21,807 [INFO] ImportTextPane:234 - (OptionalMessage_ERROR) IP (ADC1) : Parameter (CommonPathInternal) has invalid value (ADC_CHANNEL_VREFINT|ADC_CHANNEL_TEMPSENSOR_ADC1|null|null)
2026-02-08 11:56:21,807 [INFO] ImportTextPane:234 - (OptionalMessage_ERROR) IP (DMA) : Parameter (Instance) has Id (ADC1) currently not set
2026-02-08 11:56:21,807 [INFO] ImportTextPane:234 - (OptionalMessage_ERROR) IP (DMA) : Parameter (Request) has Id (ADC1) currently not set
2026-02-08 11:56:21,807 [INFO] ImportTextPane:234 - (OptionalMessage_ERROR) IP (DMA) : Parameter (Direction) has Id (ADC1) currently not set
2026-02-08 11:56:21,807 [INFO] ImportTextPane:234 - (OptionalMessage_ERROR) IP (DMA) : Parameter (PeriphInc) has Id (ADC1) currently not set
2026-02-08 11:56:21,809 [INFO] ImportTextPane:234 - (OptionalMessage_ERROR) IP (DMA) : Parameter (MemInc) has Id (ADC1) currently not set
2026-02-08 11:56:21,811 [INFO] ImportTextPane:234 - (OptionalMessage_ERROR) IP (DMA) : Parameter (PeriphDataAlignment) has Id (ADC1) currently not set
2026-02-08 11:56:21,811 [INFO] ImportTextPane:234 - (OptionalMessage_ERROR) IP (DMA) : Parameter (MemDataAlignment) has Id (ADC1) currently not set
2026-02-08 11:56:21,812 [INFO] ImportTextPane:234 - (OptionalMessage_ERROR) IP (DMA) : Parameter (Mode) has Id (ADC1) currently not set
2026-02-08 11:56:21,812 [INFO] ImportTextPane:234 - (OptionalMessage_ERROR) IP (DMA) : Parameter (Priority) has Id (ADC1) currently not set
2026-02-08 11:56:21,812 [INFO] ImportTextPane:234 - (OptionalMessage_ERROR) IP (DMA) : Parameter (SignalID) has Id (ADC1) currently not set
2026-02-08 11:56:21,812 [INFO] ImportTextPane:234 - (OptionalMessage_ERROR) IP (DMA) : Parameter (Polarity) has Id (ADC1) currently not set
2026-02-08 11:56:21,812 [INFO] ImportTextPane:234 - (OptionalMessage_ERROR) IP (DMA) : Parameter (RequestNumber) has Id (ADC1) currently not set
2026-02-08 11:56:21,812 [INFO] ImportTextPane:234 - (OptionalMessage_ERROR) IP (DMA) : Parameter (SyncSignalID) has Id (ADC1) currently not set
2026-02-08 11:56:21,812 [INFO] ImportTextPane:234 - (OptionalMessage_ERROR) IP (DMA) : Parameter (SyncPolarity) has Id (ADC1) currently not set
2026-02-08 11:56:21,812 [INFO] ImportTextPane:234 - (OptionalMessage_ERROR) IP (DMA) : Parameter (SyncEnable) has Id (ADC1) currently not set
2026-02-08 11:56:21,812 [INFO] ImportTextPane:234 - (OptionalMessage_ERROR) IP (DMA) : Parameter (EventEnable) has Id (ADC1) currently not set
2026-02-08 11:56:21,812 [INFO] ImportTextPane:234 - (OptionalMessage_ERROR) IP (DMA) : Parameter (SyncRequestNumber) has Id (ADC1) currently not set
2026-02-08 11:56:21,812 [INFO] ImportTextPane:234 - (OptionalMessage_ERROR) IP (DMA) : Parameter (Instance) has Id (UART4_TX) currently not set
2026-02-08 11:56:21,812 [INFO] ImportTextPane:234 - (OptionalMessage_ERROR) IP (DMA) : Parameter (Request) has Id (UART4_TX) currently not set
2026-02-08 11:56:21,813 [INFO] ImportTextPane:234 - (OptionalMessage_ERROR) IP (DMA) : Parameter (Direction) has Id (UART4_TX) currently not set
2026-02-08 11:56:21,813 [INFO] ImportTextPane:234 - (OptionalMessage_ERROR) IP (DMA) : Parameter (PeriphInc) has Id (UART4_TX) currently not set
2026-02-08 11:56:21,813 [INFO] ImportTextPane:234 - (OptionalMessage_ERROR) IP (DMA) : Parameter (MemInc) has Id (UART4_TX) currently not set
2026-02-08 11:56:21,813 [INFO] ImportTextPane:234 - (OptionalMessage_ERROR) IP (DMA) : Parameter (PeriphDataAlignment) has Id (UART4_TX) currently not set
2026-02-08 11:56:21,813 [INFO] ImportTextPane:234 - (OptionalMessage_ERROR) IP (DMA) : Parameter (MemDataAlignment) has Id (UART4_TX) currently not set
2026-02-08 11:56:21,813 [INFO] ImportTextPane:234 - (OptionalMessage_ERROR) IP (DMA) : Parameter (Mode) has Id (UART4_TX) currently not set
2026-02-08 11:56:21,813 [INFO] ImportTextPane:234 - (OptionalMessage_ERROR) IP (DMA) : Parameter (Priority) has Id (UART4_TX) currently not set
2026-02-08 11:56:21,813 [INFO] ImportTextPane:234 - (OptionalMessage_ERROR) IP (DMA) : Parameter (SignalID) has Id (UART4_TX) currently not set
2026-02-08 11:56:21,813 [INFO] ImportTextPane:234 - (OptionalMessage_ERROR) IP (DMA) : Parameter (Polarity) has Id (UART4_TX) currently not set
2026-02-08 11:56:21,813 [INFO] ImportTextPane:234 - (OptionalMessage_ERROR) IP (DMA) : Parameter (RequestNumber) has Id (UART4_TX) currently not set
2026-02-08 11:56:21,813 [INFO] ImportTextPane:234 - (OptionalMessage_ERROR) IP (DMA) : Parameter (SyncSignalID) has Id (UART4_TX) currently not set
2026-02-08 11:56:21,813 [INFO] ImportTextPane:234 - (OptionalMessage_ERROR) IP (DMA) : Parameter (SyncPolarity) has Id (UART4_TX) currently not set
2026-02-08 11:56:21,814 [INFO] ImportTextPane:234 - (OptionalMessage_ERROR) IP (DMA) : Parameter (SyncEnable) has Id (UART4_TX) currently not set
2026-02-08 11:56:21,814 [INFO] ImportTextPane:234 - (OptionalMessage_ERROR) IP (DMA) : Parameter (EventEnable) has Id (UART4_TX) currently not set
2026-02-08 11:56:21,814 [INFO] ImportTextPane:234 - (OptionalMessage_ERROR) IP (DMA) : Parameter (SyncRequestNumber) has Id (UART4_TX) currently not set
2026-02-08 11:56:23,313 [INFO] UtilMem:75 - End LoadConfig() Used Memory: 735233496 Bytes (1073741824)
2026-02-08 11:56:23,352 [WARN] ThirdParty:833 - waiting for thirdparty lock release [change project]
2026-02-08 11:56:23,353 [INFO] ThirdParty:835 - entering critical section [change project]
2026-02-08 11:56:23,353 [INFO] ThirdParty:1030 - CMSIS Pack Vendor :STMicroelectronics X-CUBE-PM33A1 1.0.0
2026-02-08 11:56:23,353 [INFO] ThirdParty:1030 - CMSIS Pack Vendor :STMicroelectronics USBPD 4.1
2026-02-08 11:56:23,353 [INFO] ThirdParty:1030 - CMSIS Pack Vendor :STMicroelectronics USB_HOST 2.0.0
2026-02-08 11:56:23,353 [INFO] ThirdParty:1030 - CMSIS Pack Vendor :STMicroelectronics FP-SNS-MOTENVWB1 1.4.0
2026-02-08 11:56:23,353 [INFO] ThirdParty:1030 - CMSIS Pack Vendor :STMicroelectronics X-CUBE-AZRTOS-F4 1.1.0
2026-02-08 11:56:23,353 [INFO] ThirdParty:1030 - CMSIS Pack Vendor :STMicroelectronics LIBJPEG 8.0.0
2026-02-08 11:56:23,354 [INFO] ThirdParty:1030 - CMSIS Pack Vendor :STMicroelectronics FP-ATR-ASTRA1 2.0.2
2026-02-08 11:56:23,354 [INFO] ThirdParty:1030 - CMSIS Pack Vendor :Avnet-IotConnect X-CUBE-IoTC-DA16k-PMOD 1.0.0
2026-02-08 11:56:23,354 [INFO] ThirdParty:1030 - CMSIS Pack Vendor :STMicroelectronics X-CUBE-SMBUS 2.1.0
2026-02-08 11:56:23,354 [INFO] ThirdParty:1030 - CMSIS Pack Vendor :STMicroelectronics X-CUBE-WB05N 1.1.0
2026-02-08 11:56:23,354 [INFO] ThirdParty:1030 - CMSIS Pack Vendor :STMicroelectronics X-CUBE-ISPU 2.1.0
2026-02-08 11:56:23,354 [INFO] ThirdParty:1030 - CMSIS Pack Vendor :STMicroelectronics X-CUBE-IPS 3.2.0
2026-02-08 11:56:23,354 [INFO] ThirdParty:1030 - CMSIS Pack Vendor :STMicroelectronics X-CUBE-ST60 1.0.0
2026-02-08 11:56:23,354 [INFO] ThirdParty:1030 - CMSIS Pack Vendor :STMicroelectronics X-CUBE-NFC12 1.0.0
2026-02-08 11:56:23,354 [INFO] ThirdParty:1030 - CMSIS Pack Vendor :STMicroelectronics X-CUBE-AZRTOS-F7 1.1.0
2026-02-08 11:56:23,354 [INFO] ThirdParty:1030 - CMSIS Pack Vendor :STMicroelectronics X-CUBE-AZRTOS-L5 2.0.0
2026-02-08 11:56:23,354 [INFO] ThirdParty:1030 - CMSIS Pack Vendor :STMicroelectronics USB_DEVICE 2.0.0
2026-02-08 11:56:23,354 [INFO] ThirdParty:1030 - CMSIS Pack Vendor :STMicroelectronics X-CUBE-NFC6 3.1.0
2026-02-08 11:56:23,354 [INFO] ThirdParty:1030 - CMSIS Pack Vendor :STMicroelectronics FP-SNS-MOTENV1 5.1.0
2026-02-08 11:56:23,354 [INFO] ThirdParty:1030 - CMSIS Pack Vendor :STMicroelectronics FreeRTOS 0.0.1
2026-02-08 11:56:23,354 [INFO] ThirdParty:1030 - CMSIS Pack Vendor :STMicroelectronics X-CUBE-DPower 1.2.0
2026-02-08 11:56:23,354 [INFO] ThirdParty:1030 - CMSIS Pack Vendor :STMicroelectronics FP-SNS-FLIGHT1 5.0.2
2026-02-08 11:56:23,354 [INFO] ThirdParty:1030 - CMSIS Pack Vendor :Infineon AIROC-Wi-Fi-Bluetooth-STM32 1.7.0
2026-02-08 11:56:23,354 [INFO] ThirdParty:1030 - CMSIS Pack Vendor :STMicroelectronics PDM2PCM 3.3.0
2026-02-08 11:56:23,354 [INFO] ThirdParty:1030 - CMSIS Pack Vendor :STMicroelectronics X-CUBE-AZRTOS-H7 3.4.0
2026-02-08 11:56:23,354 [INFO] ThirdParty:1030 - CMSIS Pack Vendor :STMicroelectronics X-CUBE-DISPLAY 3.0.0
2026-02-08 11:56:23,354 [INFO] ThirdParty:1030 - CMSIS Pack Vendor :STMicroelectronics X-CUBE-NFC10 1.0.0
2026-02-08 11:56:23,354 [INFO] ThirdParty:1030 - CMSIS Pack Vendor :STMicroelectronics X-CUBE-BLEMGR 4.0.0
2026-02-08 11:56:23,354 [INFO] ThirdParty:1030 - CMSIS Pack Vendor :STMicroelectronics X-CUBE-FREERTOS 1.3.1
2026-02-08 11:56:23,354 [INFO] ThirdParty:1030 - CMSIS Pack Vendor :STMicroelectronics HAL Drivers 0.0.0
2026-02-08 11:56:23,354 [INFO] ThirdParty:1030 - CMSIS Pack Vendor :STMicroelectronics X-CUBE-ST60 1.1.0
2026-02-08 11:56:23,355 [INFO] ThirdParty:1030 - CMSIS Pack Vendor :emotas I-CUBE-CANOPEN 1.3.0
2026-02-08 11:56:23,355 [INFO] ThirdParty:1030 - CMSIS Pack Vendor :STMicroelectronics X-CUBE-FREERTOS 1.3.0
2026-02-08 11:56:23,355 [INFO] ThirdParty:1030 - CMSIS Pack Vendor :STMicroelectronics X-CUBE-NFC7 1.0.1
2026-02-08 11:56:23,355 [INFO] ThirdParty:1030 - CMSIS Pack Vendor :STMicroelectronics MBEDTLS 2.14.1
2026-02-08 11:56:23,355 [INFO] ThirdParty:1030 - CMSIS Pack Vendor :STMicroelectronics X-CUBE-GNSS1 7.1.0
2026-02-08 11:56:23,355 [INFO] ThirdParty:1030 - CMSIS Pack Vendor :STMicroelectronics X-CUBE-TOUCHGFX 4.26.0
2026-02-08 11:56:23,355 [INFO] ThirdParty:1030 - CMSIS Pack Vendor :quantropi X-CUBE-qispace-sdk-base 2.0.0
2026-02-08 11:56:23,355 [INFO] ThirdParty:1030 - CMSIS Pack Vendor :STMicroelectronics X-CUBE-AI 10.0.0
2026-02-08 11:56:23,355 [INFO] ThirdParty:1030 - CMSIS Pack Vendor :STMicroelectronics FP-SNS-STBOX1 2.1.0
2026-02-08 11:56:23,355 [INFO] ThirdParty:1030 - CMSIS Pack Vendor :STMicroelectronics FP-SNS-STAIOTCFT 1.0.0
2026-02-08 11:56:23,355 [INFO] ThirdParty:1030 - CMSIS Pack Vendor :STMicroelectronics FP-SNS-SMARTAG2 1.2.0
2026-02-08 11:56:23,355 [INFO] ThirdParty:1030 - CMSIS Pack Vendor :STMicroelectronics FP-SNS-FLIGHT1 5.1.0
2026-02-08 11:56:23,355 [INFO] ThirdParty:1030 - CMSIS Pack Vendor :STMicroelectronics X-CUBE-MEMS1 11.1.0
2026-02-08 11:56:23,355 [INFO] ThirdParty:1030 - CMSIS Pack Vendor :STMicroelectronics X-CUBE-AZRTOS-WL 2.0.0
2026-02-08 11:56:23,355 [INFO] ThirdParty:1030 - CMSIS Pack Vendor :STMicroelectronics X-CUBE-DPower 1.3.0
2026-02-08 11:56:23,355 [INFO] ThirdParty:1030 - CMSIS Pack Vendor :STMicroelectronics FP-SNS-MOTENV1 5.0.0
2026-02-08 11:56:23,356 [INFO] ThirdParty:1030 - CMSIS Pack Vendor :STMicroelectronics USB_DEVICE 1.0.0
2026-02-08 11:56:23,356 [INFO] ThirdParty:1030 - CMSIS Pack Vendor :STMicroelectronics X-CUBE-AZRTOS-H7RS 1.2.0
2026-02-08 11:56:23,356 [INFO] ThirdParty:1030 - CMSIS Pack Vendor :STMicroelectronics X-CUBE-AZRTOS-L4 2.0.0
2026-02-08 11:56:23,356 [INFO] ThirdParty:1030 - CMSIS Pack Vendor :STMicroelectronics ThreadX 0.0.2
2026-02-08 11:56:23,356 [INFO] ThirdParty:1030 - CMSIS Pack Vendor :WES I-CUBE-Cesium 1.3.0
2026-02-08 11:56:23,356 [INFO] ThirdParty:1030 - CMSIS Pack Vendor :STMicroelectronics lwIP 2.1.2
2026-02-08 11:56:23,356 [INFO] ThirdParty:1030 - CMSIS Pack Vendor :STMicroelectronics X-CUBE-SFXS2LP1 4.0.0
2026-02-08 11:56:23,356 [INFO] ThirdParty:1030 - CMSIS Pack Vendor :STMicroelectronics X-CUBE-BLE2 3.3.0
2026-02-08 11:56:23,356 [INFO] ThirdParty:1030 - CMSIS Pack Vendor :Avnet-IOTCONNECT X-CUBE-iotc-st67-sdk 1.0.0
2026-02-08 11:56:23,356 [INFO] ThirdParty:1030 - CMSIS Pack Vendor :STMicroelectronics PDM2PCM 3.2.0
2026-02-08 11:56:23,357 [INFO] ThirdParty:1030 - CMSIS Pack Vendor :STMicroelectronics X-CUBE-ST67W61 1.2.0
2026-02-08 11:56:23,357 [INFO] ThirdParty:1030 - CMSIS Pack Vendor :STMicroelectronics X-CUBE-AZRTOS-H7 3.3.0
2026-02-08 11:56:23,357 [INFO] ThirdParty:1030 - CMSIS Pack Vendor :STMicroelectronics X-CUBE-NFC9 1.0.0
2026-02-08 11:56:23,357 [INFO] ThirdParty:1030 - CMSIS Pack Vendor :STMicroelectronics X-CUBE-BLE1 7.1.0
2026-02-08 11:56:23,357 [INFO] ThirdParty:1030 - CMSIS Pack Vendor :wolfSSL I-CUBE-wolfMQTT 1.19.2
2026-02-08 11:56:23,357 [INFO] ThirdParty:1030 - CMSIS Pack Vendor :STMicroelectronics USB_DEVICE 3.0.0
2026-02-08 11:56:23,357 [INFO] ThirdParty:1030 - CMSIS Pack Vendor :STMicroelectronics X-CUBE-FREERTOS 1.4.0
2026-02-08 11:56:23,357 [INFO] ThirdParty:1030 - CMSIS Pack Vendor :STMicroelectronics X-CUBE-EEPRMA1 5.2.0
2026-02-08 11:56:23,361 [INFO] ThirdParty:1030 - CMSIS Pack Vendor :STMicroelectronics X-CUBE-BLEMGR 4.1.0
2026-02-08 11:56:23,361 [INFO] ThirdParty:1030 - CMSIS Pack Vendor :STMicroelectronics X-CUBE-AZRTOS-WB 2.0.0
2026-02-08 11:56:23,362 [INFO] ThirdParty:1030 - CMSIS Pack Vendor :STMicroelectronics X-CUBE-GNSS1 7.0.1
2026-02-08 11:56:23,363 [INFO] ThirdParty:1030 - CMSIS Pack Vendor :STMicroelectronics X-CUBE-TOUCHGFX 4.25.0
2026-02-08 11:56:23,363 [INFO] ThirdParty:1030 - CMSIS Pack Vendor :STMicroelectronics X-CUBE-ST67W61 1.1.0
2026-02-08 11:56:23,364 [INFO] ThirdParty:1030 - CMSIS Pack Vendor :STMicroelectronics X-CUBE-AI 10.1.0
2026-02-08 11:56:23,364 [INFO] ThirdParty:1030 - CMSIS Pack Vendor :STMicroelectronics FP-SNS-STBOX1 2.0.0
2026-02-08 11:56:23,364 [INFO] ThirdParty:1030 - CMSIS Pack Vendor :STMicroelectronics X-CUBE-MEMS1 12.0.0
2026-02-08 11:56:23,364 [INFO] ThirdParty:1030 - CMSIS Pack Vendor :STMicroelectronics X-CUBE-STSE01 2.0.0
2026-02-08 11:56:23,364 [INFO] ThirdParty:1030 - CMSIS Pack Vendor :STMicroelectronics X-CUBE-MEMS1 11.2.0
2026-02-08 11:56:23,364 [INFO] ThirdParty:1030 - CMSIS Pack Vendor :STMicroelectronics X-CUBE-AZRTOS-G0 1.1.0
2026-02-08 11:56:23,364 [INFO] ThirdParty:1030 - CMSIS Pack Vendor :STMicroelectronics X-CUBE-SAFEA1 1.2.2
2026-02-08 11:56:23,364 [INFO] ThirdParty:1030 - CMSIS Pack Vendor :STMicroelectronics X-CUBE-NFC4 3.0.0
2026-02-08 11:56:23,364 [INFO] ThirdParty:1030 - CMSIS Pack Vendor :STMicroelectronics X-CUBE-SUBG2 5.0.0
2026-02-08 11:56:23,364 [INFO] ThirdParty:1030 - CMSIS Pack Vendor :STMicroelectronics X-CUBE-AZRTOS-H7RS 1.1.0
2026-02-08 11:56:23,364 [INFO] ThirdParty:1030 - CMSIS Pack Vendor :STMicroelectronics STM32_WPAN 1.0.0
2026-02-08 11:56:23,364 [INFO] ThirdParty:1030 - CMSIS Pack Vendor :EmbeddedOffice I-CUBE-FS-RTOS 1.0.1
2026-02-08 11:56:23,365 [INFO] ThirdParty:1030 - CMSIS Pack Vendor :STMicroelectronics lwIP 2.0.3
2026-02-08 11:56:23,365 [INFO] ThirdParty:1030 - CMSIS Pack Vendor :Cesanta I-CUBE-Mongoose 7.13.0
2026-02-08 11:56:23,365 [INFO] ThirdParty:1030 - CMSIS Pack Vendor :STMicroelectronics USB_HOST 1.0.0
2026-02-08 11:56:23,365 [INFO] ThirdParty:1030 - CMSIS Pack Vendor :STMicroelectronics X-CUBE-AZRTOS-G4 2.0.0
2026-02-08 11:56:23,365 [INFO] ThirdParty:1030 - CMSIS Pack Vendor :STMicroelectronics X-CUBE-WB05N 2.0.0
2026-02-08 11:56:23,365 [INFO] ThirdParty:1030 - CMSIS Pack Vendor :STMicroelectronics PDM2PCM 3.1.0
2026-02-08 11:56:23,365 [INFO] ThirdParty:1030 - CMSIS Pack Vendor :wolfSSL I-CUBE-wolfTPM 3.8.0
2026-02-08 11:56:23,365 [INFO] ThirdParty:1030 - CMSIS Pack Vendor :wolfSSL I-CUBE-wolfSSH 1.4.20
2026-02-08 11:56:23,365 [INFO] ThirdParty:1030 - CMSIS Pack Vendor :STMicroelectronics X-CUBE-NFC7 2.0.0
2026-02-08 11:56:23,365 [INFO] ThirdParty:1030 - CMSIS Pack Vendor :STMicroelectronics X-CUBE-TCPP 4.2.0
2026-02-08 11:56:23,365 [INFO] ThirdParty:1030 - CMSIS Pack Vendor :RealThread X-CUBE-RT-Thread_Nano 4.1.1
2026-02-08 11:56:23,366 [INFO] ThirdParty:1030 - CMSIS Pack Vendor :STMicroelectronics FP-ATR-SIGFOX1 3.2.0
2026-02-08 11:56:23,366 [INFO] ThirdParty:1030 - CMSIS Pack Vendor :STMicroelectronics X-CUBE-EEPRMA1 5.1.0
2026-02-08 11:56:23,366 [INFO] ThirdParty:1030 - CMSIS Pack Vendor :STMicroelectronics MBEDTLS 2.16.2
2026-02-08 11:56:23,366 [INFO] ThirdParty:1030 - CMSIS Pack Vendor :STMicroelectronics X-CUBE-IPS 3.1.0
2026-02-08 11:56:23,366 [INFO] ThirdParty:1030 - CMSIS Pack Vendor :STMicroelectronics X-CUBE-ALS 1.0.2
2026-02-08 11:56:23,366 [INFO] ThirdParty:1030 - CMSIS Pack Vendor :wolfSSL I-CUBE-wolfSSL 5.7.6
2026-02-08 11:56:23,367 [INFO] ThirdParty:1030 - CMSIS Pack Vendor :ITTIA_DB I-CUBE-ITTIADB 8.9.0
2026-02-08 11:56:23,367 [INFO] ThirdParty:1030 - CMSIS Pack Vendor :STMicroelectronics X-CUBE-STSE01 1.0.0
2026-02-08 11:56:23,367 [INFO] ThirdParty:1030 - CMSIS Pack Vendor :portGmbH I-Cube-SoM-uGOAL 1.1.0
2026-02-08 11:56:23,367 [INFO] ThirdParty:1030 - CMSIS Pack Vendor :STMicroelectronics X-CUBE-NFC6 3.2.0
2026-02-08 11:56:23,367 [INFO] ThirdParty:1030 - CMSIS Pack Vendor :STMicroelectronics X-CUBE-ST67W61 1.0.0
2026-02-08 11:56:23,367 [INFO] ThirdParty:1030 - CMSIS Pack Vendor :STMicroelectronics X-CUBE-AI 10.2.0
2026-02-08 11:56:23,367 [INFO] ThirdParty:1030 - CMSIS Pack Vendor :STMicroelectronics ThreadX 1.0.0
2026-02-08 11:56:23,367 [INFO] ThirdParty:1030 - CMSIS Pack Vendor :SEGGER I-CUBE-embOS 1.3.1
2026-02-08 11:56:23,368 [INFO] ThirdParty:1030 - CMSIS Pack Vendor :STMicroelectronics X-CUBE-ALGOBUILD 1.4.0
2026-02-08 11:56:23,368 [INFO] ThirdParty:1030 - CMSIS Pack Vendor :STMicroelectronics X-CUBE-MEMS1 11.3.0
2026-02-08 11:56:23,368 [INFO] ThirdParty:1030 - CMSIS Pack Vendor :STMicroelectronics X-CUBE-AZRTOS-H7RS 1.0.0
2026-02-08 11:56:23,368 [INFO] ThirdParty:1030 - CMSIS Pack Vendor :STMicroelectronics X-CUBE-TOF1 3.4.2
2026-02-08 11:56:23,368 [INFO] ThirdParty:1030 - CMSIS Pack Vendor :STMicroelectronics X-CUBE-TOF1 3.4.3
2026-02-08 11:56:23,369 [INFO] ThirdParty:841 - exiting critical section [change project]
2026-02-08 11:56:24,064 [INFO] PinOutPanel:1589 - setPackage(No Configuration,No Configuration)
2026-02-08 11:56:24,067 [INFO] PinOutPanel:1589 - setPackage(STM32G474RETx,LQFP64)
2026-02-08 11:56:24,622 [INFO] UtilMem:75 - Before build in PCC Used Memory: 986733272 Bytes (1073741824)
2026-02-08 11:56:25,251 [INFO] UtilMem:75 - After build in PCC Used Memory: 818962504 Bytes (1073741824)
2026-02-08 11:56:25,263 [INFO] ApiDbMcu:532 - Load IP Config File for FREERTOS
2026-02-08 11:56:25,303 [INFO] IPUIPlugin:80 - create IPUIPlugin
2026-02-08 11:56:25,304 [INFO] IPUIPlugin:80 - create IPUIPlugin
2026-02-08 11:56:25,304 [INFO] IPUIPlugin:80 - create IPUIPlugin
2026-02-08 11:56:25,304 [INFO] IPUIPlugin:80 - create IPUIPlugin
2026-02-08 11:56:25,304 [INFO] IPUIPlugin:80 - create IPUIPlugin
2026-02-08 11:56:25,304 [INFO] IPUIPlugin:80 - create IPUIPlugin
2026-02-08 11:56:25,304 [INFO] IPUIPlugin:80 - create IPUIPlugin
2026-02-08 11:56:25,304 [INFO] IPUIPlugin:80 - create IPUIPlugin
2026-02-08 11:56:25,304 [INFO] IPUIPlugin:80 - create IPUIPlugin
2026-02-08 11:56:25,304 [INFO] IPUIPlugin:80 - create IPUIPlugin
2026-02-08 11:56:25,304 [INFO] IPUIPlugin:80 - create IPUIPlugin
2026-02-08 11:56:25,304 [INFO] IPUIPlugin:80 - create IPUIPlugin
2026-02-08 11:56:25,304 [INFO] IPUIPlugin:80 - create IPUIPlugin
2026-02-08 11:56:25,305 [INFO] IPUIPlugin:80 - create IPUIPlugin
2026-02-08 11:56:25,305 [INFO] IPUIPlugin:80 - create IPUIPlugin
2026-02-08 11:56:25,306 [INFO] IPUIPlugin:80 - create IPUIPlugin
2026-02-08 11:56:25,306 [INFO] IPUIPlugin:80 - create IPUIPlugin
2026-02-08 11:56:25,307 [INFO] IPUIPlugin:80 - create IPUIPlugin
2026-02-08 11:56:25,307 [INFO] IPUIPlugin:80 - create IPUIPlugin
2026-02-08 11:56:25,307 [INFO] IPUIPlugin:80 - create IPUIPlugin
2026-02-08 11:56:25,308 [INFO] IPUIPlugin:80 - create IPUIPlugin
2026-02-08 11:56:25,308 [INFO] IPUIPlugin:80 - create IPUIPlugin
2026-02-08 11:56:25,308 [INFO] IPUIPlugin:80 - create IPUIPlugin
2026-02-08 11:56:25,308 [INFO] IPUIPlugin:80 - create IPUIPlugin
2026-02-08 11:56:25,308 [INFO] IPUIPlugin:80 - create IPUIPlugin
2026-02-08 11:56:25,308 [INFO] IPUIPlugin:80 - create IPUIPlugin
2026-02-08 11:56:25,308 [INFO] IPUIPlugin:80 - create IPUIPlugin
2026-02-08 11:56:25,308 [INFO] IPUIPlugin:80 - create IPUIPlugin
2026-02-08 11:56:25,309 [INFO] IPUIPlugin:80 - create IPUIPlugin
2026-02-08 11:56:25,309 [INFO] IPUIPlugin:80 - create IPUIPlugin
2026-02-08 11:56:25,309 [INFO] IPUIPlugin:80 - create IPUIPlugin
2026-02-08 11:56:25,309 [INFO] IPUIPlugin:80 - create IPUIPlugin
2026-02-08 11:56:25,309 [INFO] IPUIPlugin:80 - create IPUIPlugin
2026-02-08 11:56:25,309 [INFO] IPUIPlugin:80 - create IPUIPlugin
2026-02-08 11:56:25,310 [INFO] IPUIPlugin:80 - create IPUIPlugin
2026-02-08 11:56:25,310 [INFO] IPUIPlugin:80 - create IPUIPlugin
2026-02-08 11:56:25,310 [INFO] IPUIPlugin:80 - create IPUIPlugin
2026-02-08 11:56:25,310 [INFO] IPUIPlugin:80 - create IPUIPlugin
2026-02-08 11:56:25,310 [INFO] IPUIPlugin:80 - create IPUIPlugin
2026-02-08 11:56:25,311 [INFO] IPUIPlugin:80 - create IPUIPlugin
2026-02-08 11:56:25,311 [INFO] IPUIPlugin:80 - create IPUIPlugin
2026-02-08 11:56:25,311 [INFO] IPUIPlugin:80 - create IPUIPlugin
2026-02-08 11:56:25,311 [INFO] IPUIPlugin:80 - create IPUIPlugin
2026-02-08 11:56:25,311 [INFO] IPUIPlugin:80 - create IPUIPlugin
2026-02-08 11:56:25,311 [INFO] IPUIPlugin:80 - create IPUIPlugin
2026-02-08 11:56:25,312 [INFO] IPUIPlugin:80 - create IPUIPlugin
2026-02-08 11:56:25,312 [INFO] IPUIPlugin:80 - create IPUIPlugin
2026-02-08 11:56:25,312 [INFO] IPUIPlugin:80 - create IPUIPlugin
2026-02-08 11:56:25,313 [INFO] IPUIPlugin:80 - create IPUIPlugin
2026-02-08 11:56:25,314 [INFO] IPUIPlugin:80 - create IPUIPlugin
2026-02-08 11:56:25,314 [INFO] IPUIPlugin:80 - create IPUIPlugin
2026-02-08 11:56:25,314 [INFO] IPUIPlugin:80 - create IPUIPlugin
2026-02-08 11:56:25,314 [INFO] IPUIPlugin:80 - create IPUIPlugin
2026-02-08 11:56:25,315 [INFO] IPUIPlugin:80 - create IPUIPlugin
2026-02-08 11:56:25,315 [INFO] IPUIPlugin:80 - create IPUIPlugin
2026-02-08 11:56:25,315 [INFO] IPUIPlugin:80 - create IPUIPlugin
2026-02-08 11:56:25,315 [INFO] IPUIPlugin:80 - create IPUIPlugin
2026-02-08 11:56:25,315 [INFO] IPUIPlugin:80 - create IPUIPlugin
2026-02-08 11:56:25,316 [INFO] IPUIPlugin:80 - create IPUIPlugin
2026-02-08 11:56:25,316 [INFO] IPUIPlugin:80 - create IPUIPlugin
2026-02-08 11:56:25,316 [INFO] IPUIPlugin:80 - create IPUIPlugin
2026-02-08 11:56:25,316 [INFO] IPUIPlugin:80 - create IPUIPlugin
2026-02-08 11:56:25,317 [INFO] IPUIPlugin:80 - create IPUIPlugin
2026-02-08 11:56:25,317 [INFO] IPUIPlugin:80 - create IPUIPlugin
2026-02-08 11:56:25,317 [INFO] IPUIPlugin:80 - create IPUIPlugin
2026-02-08 11:56:25,317 [INFO] IPUIPlugin:80 - create IPUIPlugin
2026-02-08 11:56:25,318 [INFO] IPUIPlugin:80 - create IPUIPlugin
2026-02-08 11:56:25,318 [INFO] IPUIPlugin:80 - create IPUIPlugin
2026-02-08 11:56:25,319 [INFO] IPUIPlugin:80 - create IPUIPlugin
2026-02-08 11:56:25,319 [INFO] IPUIPlugin:80 - create IPUIPlugin
2026-02-08 11:56:25,320 [INFO] IPUIPlugin:80 - create IPUIPlugin
2026-02-08 11:56:25,320 [INFO] IPUIPlugin:80 - create IPUIPlugin
2026-02-08 11:56:25,320 [INFO] IPUIPlugin:80 - create IPUIPlugin
2026-02-08 11:56:25,321 [INFO] IPUIPlugin:80 - create IPUIPlugin
2026-02-08 11:56:25,321 [INFO] IPUIPlugin:80 - create IPUIPlugin
2026-02-08 11:56:25,322 [INFO] IPUIPlugin:80 - create IPUIPlugin
2026-02-08 11:56:25,323 [INFO] IPUIPlugin:80 - create IPUIPlugin
2026-02-08 11:56:25,361 [WARN] FreeRTOS:1023 - Null or empty value: should not occur! (nothing added to the table)
2026-02-08 11:56:25,472 [INFO] CADModel:165 - CPN selected for project levelSTM32G474RET3
2026-02-08 11:56:25,473 [INFO] CADModel:114 - Register for checkConnection events
2026-02-08 11:56:25,477 [INFO] RtosManager:728 - Active RTOS found at IOC load: FREERTOS [Cortex-M4NS]
2026-02-08 11:56:25,528 [INFO] OpenFileManager:386 - Restore cursor
2026-02-08 11:56:30,622 [ERROR] RtosPanel:558 - Can not restore the selected Tab for FREERTOS(A reason can be that the tab is no more available.)
2026-02-08 12:27:10,572 [INFO] MainUpdater:2872 - connection check result : 10
2026-02-08 12:27:10,610 [INFO] MainUpdater:2872 - connection check result : 10
2026-02-08 12:27:11,388 [INFO] MicroXplorer:468 - Change Database Path : 
2026-02-08 12:27:11,392 [INFO] MicroXplorer:498 - Change Database Version : DB.6.0.150
2026-02-08 12:27:11,734 [ERROR] ProjectManagerView:395 - 
java.lang.NullPointerException: Cannot invoke "javax.swing.JTextField.getText()" because the return value of "java.util.List.get(int)" is null
	at com.st.microxplorer.plugins.projectmanager.gui.ProjectChoiceTab$9.caretUpdate(ProjectChoiceTab.java:2706) ~[filemanager.jar:?]
	at javax.swing.text.JTextComponent.fireCaretUpdate(JTextComponent.java:408) ~[?:?]
	at javax.swing.text.JTextComponent$MutableCaretEvent.fire(JTextComponent.java:4484) ~[?:?]
	at javax.swing.text.JTextComponent$MutableCaretEvent.stateChanged(JTextComponent.java:4506) ~[?:?]
	at javax.swing.text.DefaultCaret.fireStateChanged(DefaultCaret.java:857) ~[?:?]
	at javax.swing.text.DefaultCaret.changeCaretPosition(DefaultCaret.java:1343) ~[?:?]
	at javax.swing.text.DefaultCaret.handleSetDot(DefaultCaret.java:1242) ~[?:?]
	at javax.swing.text.DefaultCaret.setDot(DefaultCaret.java:1223) ~[?:?]
	at javax.swing.text.DefaultCaret$Handler.insertUpdate(DefaultCaret.java:1819) ~[?:?]
	at javax.swing.text.AbstractDocument.fireInsertUpdate(AbstractDocument.java:227) ~[?:?]
	at javax.swing.text.AbstractDocument.handleInsertString(AbstractDocument.java:781) ~[?:?]
	at javax.swing.text.AbstractDocument.insertString(AbstractDocument.java:740) ~[?:?]
	at javax.swing.text.PlainDocument.insertString(PlainDocument.java:131) ~[?:?]
	at javax.swing.text.AbstractDocument.replace(AbstractDocument.java:699) ~[?:?]
	at javax.swing.text.JTextComponent.setText(JTextComponent.java:1725) ~[?:?]
	at com.st.microxplorer.plugins.projectmanager.gui.ProjectChoiceTab.createHeapStackFields(ProjectChoiceTab.java:993) ~[filemanager.jar:?]
	at com.st.microxplorer.plugins.projectmanager.gui.ProjectChoiceTab.buildLinkSettingsPanel(ProjectChoiceTab.java:3813) ~[filemanager.jar:?]
	at com.st.microxplorer.plugins.projectmanager.gui.ProjectChoiceTab.defineWindowsFields(ProjectChoiceTab.java:1987) ~[filemanager.jar:?]
	at com.st.microxplorer.plugins.projectmanager.gui.ProjectChoiceTab.updateSettings(ProjectChoiceTab.java:558) ~[filemanager.jar:?]
	at com.st.microxplorer.plugins.projectmanager.gui.ProjectSettingsPanel.UpdateDialog(ProjectSettingsPanel.java:247) ~[filemanager.jar:?]
	at com.st.microxplorer.plugins.projectmanager.ProjectManagerView.propertyChange(ProjectManagerView.java:392) ~[filemanager.jar:?]
	at java.beans.PropertyChangeSupport.fire(PropertyChangeSupport.java:343) ~[?:?]
	at java.beans.PropertyChangeSupport.firePropertyChange(PropertyChangeSupport.java:335) ~[?:?]
	at java.beans.PropertyChangeSupport.firePropertyChange(PropertyChangeSupport.java:268) ~[?:?]
	at com.st.microxplorer.util.MXPropertyChangeSupport.firePropertyChange(MXPropertyChangeSupport.java:54) ~[STM32CubeMX.jar:?]
	at com.st.microxplorer.mxsystem.MxSystem.closeConfig(MxSystem.java:899) ~[STM32CubeMX.jar:?]
	at com.st.microxplorer.maingui.MainPanel.closeConfig(MainPanel.java:792) ~[STM32CubeMX.jar:?]
	at com.st.microxplorer.plugins.filemanager.engine.OpenFileManager.loadConfigurationFile(OpenFileManager.java:288) ~[filemanager.jar:?]
	at com.st.microxplorer.plugins.filemanager.engine.MainFileManager.userLoadConfig(MainFileManager.java:364) ~[filemanager.jar:?]
	at com.st.microxplorer.plugins.filemanager.engine.MainFileManager.userLoadConfig(MainFileManager.java:342) ~[filemanager.jar:?]
	at com.st.microxplorer.plugins.filemanager.FileManagerView.getSpecificTask(FileManagerView.java:264) ~[filemanager.jar:?]
	at com.st.stm32cube.common.mx.editor.CubeMxEditor.getMxTabbedPaneInstance(CubeMxEditor.java:1198) ~[com.st.stm32cube.common.mx_6.15.0.202507011659/:?]
	at com.st.stm32cube.common.mx.editor.CubeMxEditor$12$1.createSwingComponent(CubeMxEditor.java:1068) ~[com.st.stm32cube.common.mx_6.15.0.202507011659/:?]
	at com.st.stm32cube.common.mx.oss.core.awtswtbridge.EmbeddedSwingComposite.doComponentCreation(EmbeddedSwingComposite.java:492) ~[com.st.stm32cube.common.mx.oss_6.15.0.202507011659/:?]
	at com.st.stm32cube.common.mx.oss.core.awtswtbridge.EmbeddedSwingComposite$4.run(EmbeddedSwingComposite.java:291) ~[com.st.stm32cube.common.mx.oss_6.15.0.202507011659/:?]
	at com.st.stm32cube.common.mx.oss.core.awtswtbridge.AwtEnvironment$2.run(AwtEnvironment.java:166) ~[com.st.stm32cube.common.mx.oss_6.15.0.202507011659/:?]
	at java.awt.event.InvocationEvent.dispatch(InvocationEvent.java:318) ~[?:?]
	at java.awt.EventQueue.dispatchEventImpl(EventQueue.java:773) ~[?:?]
	at java.awt.EventQueue$4.run(EventQueue.java:720) ~[?:?]
	at java.awt.EventQueue$4.run(EventQueue.java:714) ~[?:?]
	at java.security.AccessController.doPrivileged(AccessController.java:400) ~[?:?]
	at java.security.ProtectionDomain$JavaSecurityAccessImpl.doIntersectionPrivilege(ProtectionDomain.java:87) ~[?:?]
	at java.awt.EventQueue.dispatchEvent(EventQueue.java:742) ~[?:?]
	at java.awt.EventDispatchThread.pumpOneEventForFilters(EventDispatchThread.java:203) ~[?:?]
	at java.awt.EventDispatchThread.pumpEventsForFilter(EventDispatchThread.java:124) ~[?:?]
	at java.awt.EventDispatchThread.pumpEventsForHierarchy(EventDispatchThread.java:113) ~[?:?]
	at java.awt.EventDispatchThread.pumpEvents(EventDispatchThread.java:109) ~[?:?]
	at java.awt.EventDispatchThread.pumpEvents(EventDispatchThread.java:101) ~[?:?]
	at java.awt.EventDispatchThread.run(EventDispatchThread.java:90) ~[?:?]
2026-02-08 12:27:11,779 [WARN] ThirdParty:871 - waiting for thirdparty lock release [close project]
2026-02-08 12:27:11,779 [INFO] ThirdParty:873 - entering critical section [close project]
2026-02-08 12:27:11,781 [INFO] ThirdParty:883 - exiting critical section [close project]
2026-02-08 12:27:11,806 [INFO] PinOutPanel:1589 - setPackage(No Configuration,No Configuration)
2026-02-08 12:27:11,879 [INFO] UtilMem:75 - Begin LoadConfig() Used Memory: 859964008 Bytes (1073741824)
2026-02-08 12:27:11,887 [INFO] MicroXplorer:468 - Change Database Path : 
2026-02-08 12:27:11,887 [INFO] MicroXplorer:498 - Change Database Version : DB.6.0.150
2026-02-08 12:27:11,888 [INFO] OpenFileManager:355 - Change cursor
2026-02-08 12:27:12,150 [INFO] Mcu:2029 - Initializing MCU STM32G474R(B-C-E)Tx STM32G474RETx STM32G474RET3
2026-02-08 12:27:22,039 [INFO] Context:786 - Trying to add GPIOservice into a context  which must be forbidden
2026-02-08 12:27:24,837 [INFO] ImportTextPane:234 - (OptionalMessage_ERROR) Pin21 (VP_RIF_VS_RIF1) cannot be retrieved for this MCU
2026-02-08 12:27:24,927 [INFO] RtosManager:558 - Registered RTOS mode: class=CMSIS, group=RTOS, mode=CMSIS_V1, owner=FREERTOS
2026-02-08 12:27:24,927 [INFO] RtosManager:558 - Registered RTOS mode: class=CMSIS, group=RTOS2, mode=CMSIS_V2, owner=FREERTOS
2026-02-08 12:27:24,928 [INFO] RtosManager:558 - Registered RTOS mode: class=RTOS, group=Core, mode=CMSIS_V1, owner=FREERTOS
2026-02-08 12:27:24,928 [INFO] RtosManager:558 - Registered RTOS mode: class=RTOS, group=Core, mode=CMSIS_V2, owner=FREERTOS
2026-02-08 12:27:24,928 [WARN] ModelIntegratedComponent:184 - Missing modes for component STMicroelectronics:FreeRTOS:0.0.1:STMicroelectronics:RTOS:FreeRTOS:Core:::10.2.0:
2026-02-08 12:27:24,942 [WARN] ModelIntegratedComponent:63 - No mode defined for component null
2026-02-08 12:27:24,942 [WARN] ModelIntegratedComponent:63 - No mode defined for component null
2026-02-08 12:27:24,943 [WARN] ModelIntegratedComponent:63 - No mode defined for component null
2026-02-08 12:27:24,943 [WARN] ModelIntegratedComponent:63 - No mode defined for component null
2026-02-08 12:27:24,943 [WARN] ModelIntegratedComponent:63 - No mode defined for component null
2026-02-08 12:27:24,943 [WARN] ModelIntegratedComponent:63 - No mode defined for component null
2026-02-08 12:27:24,944 [WARN] ModelIntegratedComponent:63 - No mode defined for component null
2026-02-08 12:27:24,944 [WARN] ModelIntegratedComponent:63 - No mode defined for component null
2026-02-08 12:27:24,944 [WARN] ModelIntegratedComponent:63 - No mode defined for component null
2026-02-08 12:27:24,944 [WARN] ModelIntegratedComponent:63 - No mode defined for component null
2026-02-08 12:27:24,944 [WARN] ModelIntegratedComponent:63 - No mode defined for component null
2026-02-08 12:27:24,945 [WARN] ModelIntegratedComponent:63 - No mode defined for component null
2026-02-08 12:27:24,945 [WARN] ModelIntegratedComponent:63 - No mode defined for component null
2026-02-08 12:27:24,945 [WARN] ModelIntegratedComponent:63 - No mode defined for component null
2026-02-08 12:27:24,945 [WARN] ModelIntegratedComponent:63 - No mode defined for component null
2026-02-08 12:27:24,945 [WARN] ModelIntegratedComponent:63 - No mode defined for component null
2026-02-08 12:27:24,945 [WARN] ModelIntegratedComponent:63 - No mode defined for component null
2026-02-08 12:27:24,945 [WARN] ModelIntegratedComponent:63 - No mode defined for component null
2026-02-08 12:27:24,945 [WARN] ModelIntegratedComponent:63 - No mode defined for component null
2026-02-08 12:27:24,945 [WARN] ModelIntegratedComponent:63 - No mode defined for component null
2026-02-08 12:27:24,945 [WARN] ModelIntegratedComponent:63 - No mode defined for component null
2026-02-08 12:27:24,945 [WARN] ModelIntegratedComponent:63 - No mode defined for component null
2026-02-08 12:27:24,946 [WARN] ModelIntegratedComponent:63 - No mode defined for component null
2026-02-08 12:27:24,946 [WARN] ModelIntegratedComponent:63 - No mode defined for component null
2026-02-08 12:27:24,946 [WARN] ModelIntegratedComponent:63 - No mode defined for component null
2026-02-08 12:27:24,946 [WARN] ModelIntegratedComponent:63 - No mode defined for component null
2026-02-08 12:27:24,946 [WARN] ModelIntegratedComponent:63 - No mode defined for component null
2026-02-08 12:27:24,946 [WARN] ModelIntegratedComponent:63 - No mode defined for component null
2026-02-08 12:27:24,946 [WARN] ModelIntegratedComponent:63 - No mode defined for component null
2026-02-08 12:27:24,946 [WARN] ModelIntegratedComponent:63 - No mode defined for component null
2026-02-08 12:27:24,946 [WARN] ModelIntegratedComponent:63 - No mode defined for component null
2026-02-08 12:27:24,946 [WARN] ModelIntegratedComponent:63 - No mode defined for component null
2026-02-08 12:27:24,946 [WARN] ModelIntegratedComponent:63 - No mode defined for component null
2026-02-08 12:27:24,946 [WARN] ModelIntegratedComponent:63 - No mode defined for component null
2026-02-08 12:27:24,946 [WARN] ModelIntegratedComponent:63 - No mode defined for component null
2026-02-08 12:27:24,947 [WARN] ModelPack:524 - Component already loaded: STMicroelectronics:HAL Drivers:0.0.0:STMicroelectronics:Device:STMicro_Driver:XSPI:HAL::0.0.1:HAL_XSPI
2026-02-08 12:27:25,248 [INFO] ThirdPartyModel:298 - Start build external matchings
2026-02-08 12:27:26,441 [INFO] ThirdPartyModel:316 - End build external matchings
2026-02-08 12:27:26,505 [INFO] RtosManager:1018 - Current active RTOS is FREERTOS [Cortex-M4NS]
2026-02-08 12:27:26,516 [INFO] ImportTextPane:234 - (OptionalMessage_ERROR) IP (ADC1) : Parameter (CommonPathInternal) has invalid value (ADC_CHANNEL_VREFINT|ADC_CHANNEL_TEMPSENSOR_ADC1|null|null)
2026-02-08 12:27:26,516 [INFO] ImportTextPane:234 - (OptionalMessage_ERROR) IP (DMA) : Parameter (Instance) has Id (ADC1) currently not set
2026-02-08 12:27:26,516 [INFO] ImportTextPane:234 - (OptionalMessage_ERROR) IP (DMA) : Parameter (Request) has Id (ADC1) currently not set
2026-02-08 12:27:26,516 [INFO] ImportTextPane:234 - (OptionalMessage_ERROR) IP (DMA) : Parameter (Direction) has Id (ADC1) currently not set
2026-02-08 12:27:26,517 [INFO] ImportTextPane:234 - (OptionalMessage_ERROR) IP (DMA) : Parameter (PeriphInc) has Id (ADC1) currently not set
2026-02-08 12:27:26,517 [INFO] ImportTextPane:234 - (OptionalMessage_ERROR) IP (DMA) : Parameter (MemInc) has Id (ADC1) currently not set
2026-02-08 12:27:26,518 [INFO] ImportTextPane:234 - (OptionalMessage_ERROR) IP (DMA) : Parameter (PeriphDataAlignment) has Id (ADC1) currently not set
2026-02-08 12:27:26,519 [INFO] ImportTextPane:234 - (OptionalMessage_ERROR) IP (DMA) : Parameter (MemDataAlignment) has Id (ADC1) currently not set
2026-02-08 12:27:26,519 [INFO] ImportTextPane:234 - (OptionalMessage_ERROR) IP (DMA) : Parameter (Mode) has Id (ADC1) currently not set
2026-02-08 12:27:26,519 [INFO] ImportTextPane:234 - (OptionalMessage_ERROR) IP (DMA) : Parameter (Priority) has Id (ADC1) currently not set
2026-02-08 12:27:26,519 [INFO] ImportTextPane:234 - (OptionalMessage_ERROR) IP (DMA) : Parameter (SignalID) has Id (ADC1) currently not set
2026-02-08 12:27:26,519 [INFO] ImportTextPane:234 - (OptionalMessage_ERROR) IP (DMA) : Parameter (Polarity) has Id (ADC1) currently not set
2026-02-08 12:27:26,519 [INFO] ImportTextPane:234 - (OptionalMessage_ERROR) IP (DMA) : Parameter (RequestNumber) has Id (ADC1) currently not set
2026-02-08 12:27:26,519 [INFO] ImportTextPane:234 - (OptionalMessage_ERROR) IP (DMA) : Parameter (SyncSignalID) has Id (ADC1) currently not set
2026-02-08 12:27:26,520 [INFO] ImportTextPane:234 - (OptionalMessage_ERROR) IP (DMA) : Parameter (SyncPolarity) has Id (ADC1) currently not set
2026-02-08 12:27:26,520 [INFO] ImportTextPane:234 - (OptionalMessage_ERROR) IP (DMA) : Parameter (SyncEnable) has Id (ADC1) currently not set
2026-02-08 12:27:26,520 [INFO] ImportTextPane:234 - (OptionalMessage_ERROR) IP (DMA) : Parameter (EventEnable) has Id (ADC1) currently not set
2026-02-08 12:27:26,520 [INFO] ImportTextPane:234 - (OptionalMessage_ERROR) IP (DMA) : Parameter (SyncRequestNumber) has Id (ADC1) currently not set
2026-02-08 12:27:26,520 [INFO] ImportTextPane:234 - (OptionalMessage_ERROR) IP (DMA) : Parameter (Instance) has Id (UART4_TX) currently not set
2026-02-08 12:27:26,520 [INFO] ImportTextPane:234 - (OptionalMessage_ERROR) IP (DMA) : Parameter (Request) has Id (UART4_TX) currently not set
2026-02-08 12:27:26,520 [INFO] ImportTextPane:234 - (OptionalMessage_ERROR) IP (DMA) : Parameter (Direction) has Id (UART4_TX) currently not set
2026-02-08 12:27:26,520 [INFO] ImportTextPane:234 - (OptionalMessage_ERROR) IP (DMA) : Parameter (PeriphInc) has Id (UART4_TX) currently not set
2026-02-08 12:27:26,520 [INFO] ImportTextPane:234 - (OptionalMessage_ERROR) IP (DMA) : Parameter (MemInc) has Id (UART4_TX) currently not set
2026-02-08 12:27:26,520 [INFO] ImportTextPane:234 - (OptionalMessage_ERROR) IP (DMA) : Parameter (PeriphDataAlignment) has Id (UART4_TX) currently not set
2026-02-08 12:27:26,520 [INFO] ImportTextPane:234 - (OptionalMessage_ERROR) IP (DMA) : Parameter (MemDataAlignment) has Id (UART4_TX) currently not set
2026-02-08 12:27:26,520 [INFO] ImportTextPane:234 - (OptionalMessage_ERROR) IP (DMA) : Parameter (Mode) has Id (UART4_TX) currently not set
2026-02-08 12:27:26,520 [INFO] ImportTextPane:234 - (OptionalMessage_ERROR) IP (DMA) : Parameter (Priority) has Id (UART4_TX) currently not set
2026-02-08 12:27:26,520 [INFO] ImportTextPane:234 - (OptionalMessage_ERROR) IP (DMA) : Parameter (SignalID) has Id (UART4_TX) currently not set
2026-02-08 12:27:26,520 [INFO] ImportTextPane:234 - (OptionalMessage_ERROR) IP (DMA) : Parameter (Polarity) has Id (UART4_TX) currently not set
2026-02-08 12:27:26,520 [INFO] ImportTextPane:234 - (OptionalMessage_ERROR) IP (DMA) : Parameter (RequestNumber) has Id (UART4_TX) currently not set
2026-02-08 12:27:26,520 [INFO] ImportTextPane:234 - (OptionalMessage_ERROR) IP (DMA) : Parameter (SyncSignalID) has Id (UART4_TX) currently not set
2026-02-08 12:27:26,520 [INFO] ImportTextPane:234 - (OptionalMessage_ERROR) IP (DMA) : Parameter (SyncPolarity) has Id (UART4_TX) currently not set
2026-02-08 12:27:26,521 [INFO] ImportTextPane:234 - (OptionalMessage_ERROR) IP (DMA) : Parameter (SyncEnable) has Id (UART4_TX) currently not set
2026-02-08 12:27:26,521 [INFO] ImportTextPane:234 - (OptionalMessage_ERROR) IP (DMA) : Parameter (EventEnable) has Id (UART4_TX) currently not set
2026-02-08 12:27:26,522 [INFO] ImportTextPane:234 - (OptionalMessage_ERROR) IP (DMA) : Parameter (SyncRequestNumber) has Id (UART4_TX) currently not set
2026-02-08 12:27:27,187 [INFO] UtilMem:75 - End LoadConfig() Used Memory: 1008104792 Bytes (1073741824)
2026-02-08 12:27:27,261 [WARN] ThirdParty:833 - waiting for thirdparty lock release [change project]
2026-02-08 12:27:27,262 [INFO] ThirdParty:835 - entering critical section [change project]
2026-02-08 12:27:27,262 [INFO] ThirdParty:1030 - CMSIS Pack Vendor :STMicroelectronics X-CUBE-PM33A1 1.0.0
2026-02-08 12:27:27,262 [INFO] ThirdParty:1030 - CMSIS Pack Vendor :STMicroelectronics USBPD 4.1
2026-02-08 12:27:27,262 [INFO] ThirdParty:1030 - CMSIS Pack Vendor :STMicroelectronics USB_HOST 2.0.0
2026-02-08 12:27:27,263 [INFO] ThirdParty:1030 - CMSIS Pack Vendor :STMicroelectronics FP-SNS-MOTENVWB1 1.4.0
2026-02-08 12:27:27,263 [INFO] ThirdParty:1030 - CMSIS Pack Vendor :STMicroelectronics X-CUBE-AZRTOS-F4 1.1.0
2026-02-08 12:27:27,263 [INFO] ThirdParty:1030 - CMSIS Pack Vendor :STMicroelectronics LIBJPEG 8.0.0
2026-02-08 12:27:27,263 [INFO] ThirdParty:1030 - CMSIS Pack Vendor :STMicroelectronics FP-ATR-ASTRA1 2.0.2
2026-02-08 12:27:27,263 [INFO] ThirdParty:1030 - CMSIS Pack Vendor :Avnet-IotConnect X-CUBE-IoTC-DA16k-PMOD 1.0.0
2026-02-08 12:27:27,263 [INFO] ThirdParty:1030 - CMSIS Pack Vendor :STMicroelectronics X-CUBE-SMBUS 2.1.0
2026-02-08 12:27:27,264 [INFO] ThirdParty:1030 - CMSIS Pack Vendor :STMicroelectronics X-CUBE-WB05N 1.1.0
2026-02-08 12:27:27,264 [INFO] ThirdParty:1030 - CMSIS Pack Vendor :STMicroelectronics X-CUBE-ISPU 2.1.0
2026-02-08 12:27:27,264 [INFO] ThirdParty:1030 - CMSIS Pack Vendor :STMicroelectronics X-CUBE-IPS 3.2.0
2026-02-08 12:27:27,264 [INFO] ThirdParty:1030 - CMSIS Pack Vendor :STMicroelectronics X-CUBE-ST60 1.0.0
2026-02-08 12:27:27,264 [INFO] ThirdParty:1030 - CMSIS Pack Vendor :STMicroelectronics X-CUBE-NFC12 1.0.0
2026-02-08 12:27:27,264 [INFO] ThirdParty:1030 - CMSIS Pack Vendor :STMicroelectronics X-CUBE-AZRTOS-F7 1.1.0
2026-02-08 12:27:27,264 [INFO] ThirdParty:1030 - CMSIS Pack Vendor :STMicroelectronics X-CUBE-AZRTOS-L5 2.0.0
2026-02-08 12:27:27,264 [INFO] ThirdParty:1030 - CMSIS Pack Vendor :STMicroelectronics USB_DEVICE 2.0.0
2026-02-08 12:27:27,264 [INFO] ThirdParty:1030 - CMSIS Pack Vendor :STMicroelectronics X-CUBE-NFC6 3.1.0
2026-02-08 12:27:27,264 [INFO] ThirdParty:1030 - CMSIS Pack Vendor :STMicroelectronics FP-SNS-MOTENV1 5.1.0
2026-02-08 12:27:27,264 [INFO] ThirdParty:1030 - CMSIS Pack Vendor :STMicroelectronics FreeRTOS 0.0.1
2026-02-08 12:27:27,264 [INFO] ThirdParty:1030 - CMSIS Pack Vendor :STMicroelectronics X-CUBE-DPower 1.2.0
2026-02-08 12:27:27,264 [INFO] ThirdParty:1030 - CMSIS Pack Vendor :STMicroelectronics FP-SNS-FLIGHT1 5.0.2
2026-02-08 12:27:27,265 [INFO] ThirdParty:1030 - CMSIS Pack Vendor :Infineon AIROC-Wi-Fi-Bluetooth-STM32 1.7.0
2026-02-08 12:27:27,265 [INFO] ThirdParty:1030 - CMSIS Pack Vendor :STMicroelectronics PDM2PCM 3.3.0
2026-02-08 12:27:27,265 [INFO] ThirdParty:1030 - CMSIS Pack Vendor :STMicroelectronics X-CUBE-AZRTOS-H7 3.4.0
2026-02-08 12:27:27,265 [INFO] ThirdParty:1030 - CMSIS Pack Vendor :STMicroelectronics X-CUBE-DISPLAY 3.0.0
2026-02-08 12:27:27,265 [INFO] ThirdParty:1030 - CMSIS Pack Vendor :STMicroelectronics X-CUBE-NFC10 1.0.0
2026-02-08 12:27:27,265 [INFO] ThirdParty:1030 - CMSIS Pack Vendor :STMicroelectronics X-CUBE-BLEMGR 4.0.0
2026-02-08 12:27:27,265 [INFO] ThirdParty:1030 - CMSIS Pack Vendor :STMicroelectronics X-CUBE-FREERTOS 1.3.1
2026-02-08 12:27:27,265 [INFO] ThirdParty:1030 - CMSIS Pack Vendor :STMicroelectronics HAL Drivers 0.0.0
2026-02-08 12:27:27,265 [INFO] ThirdParty:1030 - CMSIS Pack Vendor :STMicroelectronics X-CUBE-ST60 1.1.0
2026-02-08 12:27:27,265 [INFO] ThirdParty:1030 - CMSIS Pack Vendor :emotas I-CUBE-CANOPEN 1.3.0
2026-02-08 12:27:27,266 [INFO] ThirdParty:1030 - CMSIS Pack Vendor :STMicroelectronics X-CUBE-FREERTOS 1.3.0
2026-02-08 12:27:27,266 [INFO] ThirdParty:1030 - CMSIS Pack Vendor :STMicroelectronics X-CUBE-NFC7 1.0.1
2026-02-08 12:27:27,266 [INFO] ThirdParty:1030 - CMSIS Pack Vendor :STMicroelectronics MBEDTLS 2.14.1
2026-02-08 12:27:27,266 [INFO] ThirdParty:1030 - CMSIS Pack Vendor :STMicroelectronics X-CUBE-GNSS1 7.1.0
2026-02-08 12:27:27,266 [INFO] ThirdParty:1030 - CMSIS Pack Vendor :STMicroelectronics X-CUBE-TOUCHGFX 4.26.0
2026-02-08 12:27:27,266 [INFO] ThirdParty:1030 - CMSIS Pack Vendor :quantropi X-CUBE-qispace-sdk-base 2.0.0
2026-02-08 12:27:27,266 [INFO] ThirdParty:1030 - CMSIS Pack Vendor :STMicroelectronics X-CUBE-AI 10.0.0
2026-02-08 12:27:27,266 [INFO] ThirdParty:1030 - CMSIS Pack Vendor :STMicroelectronics FP-SNS-STBOX1 2.1.0
2026-02-08 12:27:27,266 [INFO] ThirdParty:1030 - CMSIS Pack Vendor :STMicroelectronics FP-SNS-STAIOTCFT 1.0.0
2026-02-08 12:27:27,266 [INFO] ThirdParty:1030 - CMSIS Pack Vendor :STMicroelectronics FP-SNS-SMARTAG2 1.2.0
2026-02-08 12:27:27,267 [INFO] ThirdParty:1030 - CMSIS Pack Vendor :STMicroelectronics FP-SNS-FLIGHT1 5.1.0
2026-02-08 12:27:27,267 [INFO] ThirdParty:1030 - CMSIS Pack Vendor :STMicroelectronics X-CUBE-MEMS1 11.1.0
2026-02-08 12:27:27,267 [INFO] ThirdParty:1030 - CMSIS Pack Vendor :STMicroelectronics X-CUBE-AZRTOS-WL 2.0.0
2026-02-08 12:27:27,267 [INFO] ThirdParty:1030 - CMSIS Pack Vendor :STMicroelectronics X-CUBE-DPower 1.3.0
2026-02-08 12:27:27,267 [INFO] ThirdParty:1030 - CMSIS Pack Vendor :STMicroelectronics FP-SNS-MOTENV1 5.0.0
2026-02-08 12:27:27,267 [INFO] ThirdParty:1030 - CMSIS Pack Vendor :STMicroelectronics USB_DEVICE 1.0.0
2026-02-08 12:27:27,267 [INFO] ThirdParty:1030 - CMSIS Pack Vendor :STMicroelectronics X-CUBE-AZRTOS-H7RS 1.2.0
2026-02-08 12:27:27,267 [INFO] ThirdParty:1030 - CMSIS Pack Vendor :STMicroelectronics X-CUBE-AZRTOS-L4 2.0.0
2026-02-08 12:27:27,267 [INFO] ThirdParty:1030 - CMSIS Pack Vendor :STMicroelectronics ThreadX 0.0.2
2026-02-08 12:27:27,267 [INFO] ThirdParty:1030 - CMSIS Pack Vendor :WES I-CUBE-Cesium 1.3.0
2026-02-08 12:27:27,267 [INFO] ThirdParty:1030 - CMSIS Pack Vendor :STMicroelectronics lwIP 2.1.2
2026-02-08 12:27:27,267 [INFO] ThirdParty:1030 - CMSIS Pack Vendor :STMicroelectronics X-CUBE-SFXS2LP1 4.0.0
2026-02-08 12:27:27,268 [INFO] ThirdParty:1030 - CMSIS Pack Vendor :STMicroelectronics X-CUBE-BLE2 3.3.0
2026-02-08 12:27:27,268 [INFO] ThirdParty:1030 - CMSIS Pack Vendor :Avnet-IOTCONNECT X-CUBE-iotc-st67-sdk 1.0.0
2026-02-08 12:27:27,268 [INFO] ThirdParty:1030 - CMSIS Pack Vendor :STMicroelectronics PDM2PCM 3.2.0
2026-02-08 12:27:27,268 [INFO] ThirdParty:1030 - CMSIS Pack Vendor :STMicroelectronics X-CUBE-ST67W61 1.2.0
2026-02-08 12:27:27,268 [INFO] ThirdParty:1030 - CMSIS Pack Vendor :STMicroelectronics X-CUBE-AZRTOS-H7 3.3.0
2026-02-08 12:27:27,268 [INFO] ThirdParty:1030 - CMSIS Pack Vendor :STMicroelectronics X-CUBE-NFC9 1.0.0
2026-02-08 12:27:27,268 [INFO] ThirdParty:1030 - CMSIS Pack Vendor :STMicroelectronics X-CUBE-BLE1 7.1.0
2026-02-08 12:27:27,268 [INFO] ThirdParty:1030 - CMSIS Pack Vendor :wolfSSL I-CUBE-wolfMQTT 1.19.2
2026-02-08 12:27:27,268 [INFO] ThirdParty:1030 - CMSIS Pack Vendor :STMicroelectronics USB_DEVICE 3.0.0
2026-02-08 12:27:27,268 [INFO] ThirdParty:1030 - CMSIS Pack Vendor :STMicroelectronics X-CUBE-FREERTOS 1.4.0
2026-02-08 12:27:27,268 [INFO] ThirdParty:1030 - CMSIS Pack Vendor :STMicroelectronics X-CUBE-EEPRMA1 5.2.0
2026-02-08 12:27:27,269 [INFO] ThirdParty:1030 - CMSIS Pack Vendor :STMicroelectronics X-CUBE-BLEMGR 4.1.0
2026-02-08 12:27:27,269 [INFO] ThirdParty:1030 - CMSIS Pack Vendor :STMicroelectronics X-CUBE-AZRTOS-WB 2.0.0
2026-02-08 12:27:27,269 [INFO] ThirdParty:1030 - CMSIS Pack Vendor :STMicroelectronics X-CUBE-GNSS1 7.0.1
2026-02-08 12:27:27,269 [INFO] ThirdParty:1030 - CMSIS Pack Vendor :STMicroelectronics X-CUBE-TOUCHGFX 4.25.0
2026-02-08 12:27:27,269 [INFO] ThirdParty:1030 - CMSIS Pack Vendor :STMicroelectronics X-CUBE-ST67W61 1.1.0
2026-02-08 12:27:27,269 [INFO] ThirdParty:1030 - CMSIS Pack Vendor :STMicroelectronics X-CUBE-AI 10.1.0
2026-02-08 12:27:27,269 [INFO] ThirdParty:1030 - CMSIS Pack Vendor :STMicroelectronics FP-SNS-STBOX1 2.0.0
2026-02-08 12:27:27,269 [INFO] ThirdParty:1030 - CMSIS Pack Vendor :STMicroelectronics X-CUBE-MEMS1 12.0.0
2026-02-08 12:27:27,269 [INFO] ThirdParty:1030 - CMSIS Pack Vendor :STMicroelectronics X-CUBE-STSE01 2.0.0
2026-02-08 12:27:27,271 [INFO] ThirdParty:1030 - CMSIS Pack Vendor :STMicroelectronics X-CUBE-MEMS1 11.2.0
2026-02-08 12:27:27,272 [INFO] ThirdParty:1030 - CMSIS Pack Vendor :STMicroelectronics X-CUBE-AZRTOS-G0 1.1.0
2026-02-08 12:27:27,273 [INFO] ThirdParty:1030 - CMSIS Pack Vendor :STMicroelectronics X-CUBE-SAFEA1 1.2.2
2026-02-08 12:27:27,273 [INFO] ThirdParty:1030 - CMSIS Pack Vendor :STMicroelectronics X-CUBE-NFC4 3.0.0
2026-02-08 12:27:27,273 [INFO] ThirdParty:1030 - CMSIS Pack Vendor :STMicroelectronics X-CUBE-SUBG2 5.0.0
2026-02-08 12:27:27,273 [INFO] ThirdParty:1030 - CMSIS Pack Vendor :STMicroelectronics X-CUBE-AZRTOS-H7RS 1.1.0
2026-02-08 12:27:27,273 [INFO] ThirdParty:1030 - CMSIS Pack Vendor :STMicroelectronics STM32_WPAN 1.0.0
2026-02-08 12:27:27,273 [INFO] ThirdParty:1030 - CMSIS Pack Vendor :EmbeddedOffice I-CUBE-FS-RTOS 1.0.1
2026-02-08 12:27:27,273 [INFO] ThirdParty:1030 - CMSIS Pack Vendor :STMicroelectronics lwIP 2.0.3
2026-02-08 12:27:27,273 [INFO] ThirdParty:1030 - CMSIS Pack Vendor :Cesanta I-CUBE-Mongoose 7.13.0
2026-02-08 12:27:27,273 [INFO] ThirdParty:1030 - CMSIS Pack Vendor :STMicroelectronics USB_HOST 1.0.0
2026-02-08 12:27:27,273 [INFO] ThirdParty:1030 - CMSIS Pack Vendor :STMicroelectronics X-CUBE-AZRTOS-G4 2.0.0
2026-02-08 12:27:27,273 [INFO] ThirdParty:1030 - CMSIS Pack Vendor :STMicroelectronics X-CUBE-WB05N 2.0.0
2026-02-08 12:27:27,273 [INFO] ThirdParty:1030 - CMSIS Pack Vendor :STMicroelectronics PDM2PCM 3.1.0
2026-02-08 12:27:27,273 [INFO] ThirdParty:1030 - CMSIS Pack Vendor :wolfSSL I-CUBE-wolfTPM 3.8.0
2026-02-08 12:27:27,273 [INFO] ThirdParty:1030 - CMSIS Pack Vendor :wolfSSL I-CUBE-wolfSSH 1.4.20
2026-02-08 12:27:27,273 [INFO] ThirdParty:1030 - CMSIS Pack Vendor :STMicroelectronics X-CUBE-NFC7 2.0.0
2026-02-08 12:27:27,273 [INFO] ThirdParty:1030 - CMSIS Pack Vendor :STMicroelectronics X-CUBE-TCPP 4.2.0
2026-02-08 12:27:27,273 [INFO] ThirdParty:1030 - CMSIS Pack Vendor :RealThread X-CUBE-RT-Thread_Nano 4.1.1
2026-02-08 12:27:27,273 [INFO] ThirdParty:1030 - CMSIS Pack Vendor :STMicroelectronics FP-ATR-SIGFOX1 3.2.0
2026-02-08 12:27:27,274 [INFO] ThirdParty:1030 - CMSIS Pack Vendor :STMicroelectronics X-CUBE-EEPRMA1 5.1.0
2026-02-08 12:27:27,274 [INFO] ThirdParty:1030 - CMSIS Pack Vendor :STMicroelectronics MBEDTLS 2.16.2
2026-02-08 12:27:27,274 [INFO] ThirdParty:1030 - CMSIS Pack Vendor :STMicroelectronics X-CUBE-IPS 3.1.0
2026-02-08 12:27:27,274 [INFO] ThirdParty:1030 - CMSIS Pack Vendor :STMicroelectronics X-CUBE-ALS 1.0.2
2026-02-08 12:27:27,274 [INFO] ThirdParty:1030 - CMSIS Pack Vendor :wolfSSL I-CUBE-wolfSSL 5.7.6
2026-02-08 12:27:27,274 [INFO] ThirdParty:1030 - CMSIS Pack Vendor :ITTIA_DB I-CUBE-ITTIADB 8.9.0
2026-02-08 12:27:27,274 [INFO] ThirdParty:1030 - CMSIS Pack Vendor :STMicroelectronics X-CUBE-STSE01 1.0.0
2026-02-08 12:27:27,274 [INFO] ThirdParty:1030 - CMSIS Pack Vendor :portGmbH I-Cube-SoM-uGOAL 1.1.0
2026-02-08 12:27:27,274 [INFO] ThirdParty:1030 - CMSIS Pack Vendor :STMicroelectronics X-CUBE-NFC6 3.2.0
2026-02-08 12:27:27,274 [INFO] ThirdParty:1030 - CMSIS Pack Vendor :STMicroelectronics X-CUBE-ST67W61 1.0.0
2026-02-08 12:27:27,274 [INFO] ThirdParty:1030 - CMSIS Pack Vendor :STMicroelectronics X-CUBE-AI 10.2.0
2026-02-08 12:27:27,274 [INFO] ThirdParty:1030 - CMSIS Pack Vendor :STMicroelectronics ThreadX 1.0.0
2026-02-08 12:27:27,274 [INFO] ThirdParty:1030 - CMSIS Pack Vendor :SEGGER I-CUBE-embOS 1.3.1
2026-02-08 12:27:27,274 [INFO] ThirdParty:1030 - CMSIS Pack Vendor :STMicroelectronics X-CUBE-ALGOBUILD 1.4.0
2026-02-08 12:27:27,274 [INFO] ThirdParty:1030 - CMSIS Pack Vendor :STMicroelectronics X-CUBE-MEMS1 11.3.0
2026-02-08 12:27:27,274 [INFO] ThirdParty:1030 - CMSIS Pack Vendor :STMicroelectronics X-CUBE-AZRTOS-H7RS 1.0.0
2026-02-08 12:27:27,274 [INFO] ThirdParty:1030 - CMSIS Pack Vendor :STMicroelectronics X-CUBE-TOF1 3.4.2
2026-02-08 12:27:27,275 [INFO] ThirdParty:1030 - CMSIS Pack Vendor :STMicroelectronics X-CUBE-TOF1 3.4.3
2026-02-08 12:27:27,275 [INFO] ThirdParty:841 - exiting critical section [change project]
2026-02-08 12:27:27,894 [INFO] PinOutPanel:1589 - setPackage(No Configuration,No Configuration)
2026-02-08 12:27:27,898 [INFO] PinOutPanel:1589 - setPackage(STM32G474RETx,LQFP64)
2026-02-08 12:27:28,401 [INFO] UtilMem:75 - Before build in PCC Used Memory: 784379088 Bytes (1073741824)
2026-02-08 12:27:29,102 [INFO] UtilMem:75 - After build in PCC Used Memory: 875078864 Bytes (1073741824)
2026-02-08 12:27:29,114 [INFO] ApiDbMcu:532 - Load IP Config File for FREERTOS
2026-02-08 12:27:29,158 [INFO] IPUIPlugin:80 - create IPUIPlugin
2026-02-08 12:27:29,158 [INFO] IPUIPlugin:80 - create IPUIPlugin
2026-02-08 12:27:29,159 [INFO] IPUIPlugin:80 - create IPUIPlugin
2026-02-08 12:27:29,159 [INFO] IPUIPlugin:80 - create IPUIPlugin
2026-02-08 12:27:29,159 [INFO] IPUIPlugin:80 - create IPUIPlugin
2026-02-08 12:27:29,159 [INFO] IPUIPlugin:80 - create IPUIPlugin
2026-02-08 12:27:29,159 [INFO] IPUIPlugin:80 - create IPUIPlugin
2026-02-08 12:27:29,159 [INFO] IPUIPlugin:80 - create IPUIPlugin
2026-02-08 12:27:29,159 [INFO] IPUIPlugin:80 - create IPUIPlugin
2026-02-08 12:27:29,159 [INFO] IPUIPlugin:80 - create IPUIPlugin
2026-02-08 12:27:29,159 [INFO] IPUIPlugin:80 - create IPUIPlugin
2026-02-08 12:27:29,160 [INFO] IPUIPlugin:80 - create IPUIPlugin
2026-02-08 12:27:29,160 [INFO] IPUIPlugin:80 - create IPUIPlugin
2026-02-08 12:27:29,161 [INFO] IPUIPlugin:80 - create IPUIPlugin
2026-02-08 12:27:29,161 [INFO] IPUIPlugin:80 - create IPUIPlugin
2026-02-08 12:27:29,161 [INFO] IPUIPlugin:80 - create IPUIPlugin
2026-02-08 12:27:29,162 [INFO] IPUIPlugin:80 - create IPUIPlugin
2026-02-08 12:27:29,162 [INFO] IPUIPlugin:80 - create IPUIPlugin
2026-02-08 12:27:29,162 [INFO] IPUIPlugin:80 - create IPUIPlugin
2026-02-08 12:27:29,162 [INFO] IPUIPlugin:80 - create IPUIPlugin
2026-02-08 12:27:29,162 [INFO] IPUIPlugin:80 - create IPUIPlugin
2026-02-08 12:27:29,163 [INFO] IPUIPlugin:80 - create IPUIPlugin
2026-02-08 12:27:29,163 [INFO] IPUIPlugin:80 - create IPUIPlugin
2026-02-08 12:27:29,163 [INFO] IPUIPlugin:80 - create IPUIPlugin
2026-02-08 12:27:29,163 [INFO] IPUIPlugin:80 - create IPUIPlugin
2026-02-08 12:27:29,163 [INFO] IPUIPlugin:80 - create IPUIPlugin
2026-02-08 12:27:29,163 [INFO] IPUIPlugin:80 - create IPUIPlugin
2026-02-08 12:27:29,164 [INFO] IPUIPlugin:80 - create IPUIPlugin
2026-02-08 12:27:29,164 [INFO] IPUIPlugin:80 - create IPUIPlugin
2026-02-08 12:27:29,164 [INFO] IPUIPlugin:80 - create IPUIPlugin
2026-02-08 12:27:29,164 [INFO] IPUIPlugin:80 - create IPUIPlugin
2026-02-08 12:27:29,165 [INFO] IPUIPlugin:80 - create IPUIPlugin
2026-02-08 12:27:29,165 [INFO] IPUIPlugin:80 - create IPUIPlugin
2026-02-08 12:27:29,165 [INFO] IPUIPlugin:80 - create IPUIPlugin
2026-02-08 12:27:29,166 [INFO] IPUIPlugin:80 - create IPUIPlugin
2026-02-08 12:27:29,166 [INFO] IPUIPlugin:80 - create IPUIPlugin
2026-02-08 12:27:29,167 [INFO] IPUIPlugin:80 - create IPUIPlugin
2026-02-08 12:27:29,167 [INFO] IPUIPlugin:80 - create IPUIPlugin
2026-02-08 12:27:29,167 [INFO] IPUIPlugin:80 - create IPUIPlugin
2026-02-08 12:27:29,168 [INFO] IPUIPlugin:80 - create IPUIPlugin
2026-02-08 12:27:29,168 [INFO] IPUIPlugin:80 - create IPUIPlugin
2026-02-08 12:27:29,169 [INFO] IPUIPlugin:80 - create IPUIPlugin
2026-02-08 12:27:29,169 [INFO] IPUIPlugin:80 - create IPUIPlugin
2026-02-08 12:27:29,169 [INFO] IPUIPlugin:80 - create IPUIPlugin
2026-02-08 12:27:29,169 [INFO] IPUIPlugin:80 - create IPUIPlugin
2026-02-08 12:27:29,170 [INFO] IPUIPlugin:80 - create IPUIPlugin
2026-02-08 12:27:29,170 [INFO] IPUIPlugin:80 - create IPUIPlugin
2026-02-08 12:27:29,171 [INFO] IPUIPlugin:80 - create IPUIPlugin
2026-02-08 12:27:29,171 [INFO] IPUIPlugin:80 - create IPUIPlugin
2026-02-08 12:27:29,172 [INFO] IPUIPlugin:80 - create IPUIPlugin
2026-02-08 12:27:29,172 [INFO] IPUIPlugin:80 - create IPUIPlugin
2026-02-08 12:27:29,173 [INFO] IPUIPlugin:80 - create IPUIPlugin
2026-02-08 12:27:29,173 [INFO] IPUIPlugin:80 - create IPUIPlugin
2026-02-08 12:27:29,174 [INFO] IPUIPlugin:80 - create IPUIPlugin
2026-02-08 12:27:29,175 [INFO] IPUIPlugin:80 - create IPUIPlugin
2026-02-08 12:27:29,175 [INFO] IPUIPlugin:80 - create IPUIPlugin
2026-02-08 12:27:29,177 [INFO] IPUIPlugin:80 - create IPUIPlugin
2026-02-08 12:27:29,177 [INFO] IPUIPlugin:80 - create IPUIPlugin
2026-02-08 12:27:29,177 [INFO] IPUIPlugin:80 - create IPUIPlugin
2026-02-08 12:27:29,178 [INFO] IPUIPlugin:80 - create IPUIPlugin
2026-02-08 12:27:29,178 [INFO] IPUIPlugin:80 - create IPUIPlugin
2026-02-08 12:27:29,178 [INFO] IPUIPlugin:80 - create IPUIPlugin
2026-02-08 12:27:29,179 [INFO] IPUIPlugin:80 - create IPUIPlugin
2026-02-08 12:27:29,179 [INFO] IPUIPlugin:80 - create IPUIPlugin
2026-02-08 12:27:29,179 [INFO] IPUIPlugin:80 - create IPUIPlugin
2026-02-08 12:27:29,180 [INFO] IPUIPlugin:80 - create IPUIPlugin
2026-02-08 12:27:29,180 [INFO] IPUIPlugin:80 - create IPUIPlugin
2026-02-08 12:27:29,181 [INFO] IPUIPlugin:80 - create IPUIPlugin
2026-02-08 12:27:29,181 [INFO] IPUIPlugin:80 - create IPUIPlugin
2026-02-08 12:27:29,182 [INFO] IPUIPlugin:80 - create IPUIPlugin
2026-02-08 12:27:29,182 [INFO] IPUIPlugin:80 - create IPUIPlugin
2026-02-08 12:27:29,183 [INFO] IPUIPlugin:80 - create IPUIPlugin
2026-02-08 12:27:29,183 [INFO] IPUIPlugin:80 - create IPUIPlugin
2026-02-08 12:27:29,183 [INFO] IPUIPlugin:80 - create IPUIPlugin
2026-02-08 12:27:29,184 [INFO] IPUIPlugin:80 - create IPUIPlugin
2026-02-08 12:27:29,184 [INFO] IPUIPlugin:80 - create IPUIPlugin
2026-02-08 12:27:29,184 [INFO] IPUIPlugin:80 - create IPUIPlugin
2026-02-08 12:27:29,201 [WARN] FreeRTOS:1023 - Null or empty value: should not occur! (nothing added to the table)
2026-02-08 12:27:29,310 [INFO] CADModel:165 - CPN selected for project levelSTM32G474RET3
2026-02-08 12:27:29,310 [INFO] CADModel:114 - Register for checkConnection events
2026-02-08 12:27:29,313 [INFO] RtosManager:728 - Active RTOS found at IOC load: FREERTOS [Cortex-M4NS]
2026-02-08 12:27:29,389 [INFO] OpenFileManager:386 - Restore cursor
2026-02-08 12:27:53,108 [ERROR] RtosPanel:558 - Can not restore the selected Tab for FREERTOS(A reason can be that the tab is no more available.)
2026-02-08 12:30:16,523 [INFO] TasksAndQueuesTab:757 - Dynamic
2026-02-08 12:30:16,656 [WARN] TasksAndQueuesTab:763 - 128 128
2026-02-08 12:30:16,673 [WARN] TasksAndQueuesTab:775 - max value is: 768.0
2026-02-08 12:30:16,673 [INFO] TasksAndQueuesTab:757 - Static
2026-02-08 12:30:16,673 [INFO] TasksAndQueuesTab:757 - Static
2026-02-08 12:30:16,673 [INFO] TasksAndQueuesTab:757 - Static
2026-02-08 12:30:16,673 [INFO] TasksAndQueuesTab:757 - Static
2026-02-08 12:30:16,673 [INFO] TasksAndQueuesTab:757 - Static
2026-02-08 12:30:16,673 [INFO] TasksAndQueuesTab:757 - Static
2026-02-08 12:30:16,673 [INFO] TasksAndQueuesTab:757 - Static
2026-02-08 12:35:54,484 [INFO] UtilMem:75 - End SaveConfig() Used Memory: 1002585552 Bytes (1073741824)
2026-02-08 12:35:55,087 [INFO] UtilMem:75 - End SaveConfig() Used Memory: 753854184 Bytes (1073741824)
2026-02-08 12:35:56,993 [INFO] UtilMem:75 - End SaveConfig() Used Memory: 867626728 Bytes (1073741824)
2026-02-08 12:35:58,000 [INFO] BlockDiagram:2775 - set Specific Code input for plugin: FREERTOS
2026-02-08 12:35:58,000 [INFO] BlockDiagram:2775 - set Specific Code input for plugin: TIM1_8G4
2026-02-08 12:35:58,000 [INFO] BlockDiagram:2775 - set Specific Code input for plugin: TIM1_8G4
2026-02-08 12:35:58,000 [INFO] BlockDiagram:2775 - set Specific Code input for plugin: TIM1_8G4
2026-02-08 12:35:58,000 [INFO] BlockDiagram:2775 - set Specific Code input for plugin: TIM1_8G4
2026-02-08 12:35:58,000 [INFO] BlockDiagram:2775 - set Specific Code input for plugin: SYS
2026-02-08 12:35:58,000 [INFO] BlockDiagram:2775 - set Specific Code input for plugin: ADC
2026-02-08 12:35:58,000 [INFO] BlockDiagram:2775 - set Specific Code input for plugin: RCC
2026-02-08 12:35:58,000 [INFO] BlockDiagram:2775 - set Specific Code input for plugin: LPUART
2026-02-08 12:35:58,000 [INFO] BlockDiagram:2775 - set Specific Code input for plugin: NVIC
2026-02-08 12:35:58,000 [INFO] BlockDiagram:2775 - set Specific Code input for plugin: DMA
2026-02-08 12:35:58,000 [INFO] BlockDiagram:2775 - set Specific Code input for plugin: UART
2026-02-08 12:35:58,000 [INFO] BlockDiagram:2775 - set Specific Code input for plugin: UART
2026-02-08 12:35:58,001 [INFO] BlockDiagram:2775 - set Specific Code input for plugin: GPIO
2026-02-08 12:35:58,008 [INFO] CodeGenerator:892 - code generatio: config db path: C:\Users\Sterm\Desktop\STM32\STM32CubeIDE_1.18.0\STM32CubeIDE\plugins\com.st.stm32cube.common.mx_6.15.0.202507011659\\db\
2026-02-08 12:35:58,576 [INFO] CodeEngine:265 - oldGeneratedFile, C:\Users\Sterm\Desktop\STM32\workspace\Rover_Project_Fake\zzz_Board1\MXTmpFiles\license.tmp_save
2026-02-08 12:35:59,963 [INFO] CodeEngine:289 - Generated code: C:\Users\Sterm\Desktop\STM32\workspace\Rover_Project_Fake\zzz_Board1\MXTmpFiles\license.tmp
2026-02-08 12:36:00,138 [INFO] CodeEngine:265 - oldGeneratedFile, C:\Users\Sterm\Desktop\STM32\workspace\Rover_Project_Fake\zzz_Board1\Core\Src\gpio.c_save
2026-02-08 12:36:00,315 [INFO] CodeEngine:289 - Generated code: C:\Users\Sterm\Desktop\STM32\workspace\Rover_Project_Fake\zzz_Board1\Core\Src\gpio.c
2026-02-08 12:36:00,327 [INFO] CodeEngine:265 - oldGeneratedFile, C:\Users\Sterm\Desktop\STM32\workspace\Rover_Project_Fake\zzz_Board1\Core\Inc\gpio.h_save
2026-02-08 12:36:00,416 [INFO] CodeEngine:289 - Generated code: C:\Users\Sterm\Desktop\STM32\workspace\Rover_Project_Fake\zzz_Board1\Core\Inc\gpio.h
2026-02-08 12:36:01,762 [INFO] Middleware:1452 - No code input for Bsp Dependency
2026-02-08 12:36:01,782 [INFO] CodeEngine:265 - oldGeneratedFile, C:\Users\Sterm\Desktop\STM32\workspace\Rover_Project_Fake\zzz_Board1\MXTmpFiles\rtos_inc.tmp_save
2026-02-08 12:36:01,882 [INFO] CodeEngine:289 - Generated code: C:\Users\Sterm\Desktop\STM32\workspace\Rover_Project_Fake\zzz_Board1\MXTmpFiles\rtos_inc.tmp
2026-02-08 12:36:01,893 [INFO] CodeEngine:265 - oldGeneratedFile, C:\Users\Sterm\Desktop\STM32\workspace\Rover_Project_Fake\zzz_Board1\MXTmpFiles\rtos_kernelInit.tmp_save
2026-02-08 12:36:02,021 [INFO] CodeEngine:289 - Generated code: C:\Users\Sterm\Desktop\STM32\workspace\Rover_Project_Fake\zzz_Board1\MXTmpFiles\rtos_kernelInit.tmp
2026-02-08 12:36:02,033 [INFO] CodeEngine:265 - oldGeneratedFile, C:\Users\Sterm\Desktop\STM32\workspace\Rover_Project_Fake\zzz_Board1\MXTmpFiles\rtos_kernelStart.tmp_save
2026-02-08 12:36:02,176 [INFO] CodeEngine:289 - Generated code: C:\Users\Sterm\Desktop\STM32\workspace\Rover_Project_Fake\zzz_Board1\MXTmpFiles\rtos_kernelStart.tmp
2026-02-08 12:36:02,213 [INFO] CodeEngine:265 - oldGeneratedFile, C:\Users\Sterm\Desktop\STM32\workspace\Rover_Project_Fake\zzz_Board1\MXTmpFiles\rtos_typedefs.tmp_save
2026-02-08 12:36:02,327 [INFO] CodeEngine:289 - Generated code: C:\Users\Sterm\Desktop\STM32\workspace\Rover_Project_Fake\zzz_Board1\MXTmpFiles\rtos_typedefs.tmp
2026-02-08 12:36:02,338 [INFO] CodeEngine:265 - oldGeneratedFile, C:\Users\Sterm\Desktop\STM32\workspace\Rover_Project_Fake\zzz_Board1\MXTmpFiles\rtos_vars.tmp_save
2026-02-08 12:36:02,448 [INFO] CodeEngine:289 - Generated code: C:\Users\Sterm\Desktop\STM32\workspace\Rover_Project_Fake\zzz_Board1\MXTmpFiles\rtos_vars.tmp
2026-02-08 12:36:02,458 [INFO] CodeEngine:265 - oldGeneratedFile, C:\Users\Sterm\Desktop\STM32\workspace\Rover_Project_Fake\zzz_Board1\MXTmpFiles\rtos_pfp.tmp_save
2026-02-08 12:36:02,561 [INFO] CodeEngine:289 - Generated code: C:\Users\Sterm\Desktop\STM32\workspace\Rover_Project_Fake\zzz_Board1\MXTmpFiles\rtos_pfp.tmp
2026-02-08 12:36:02,574 [INFO] CodeEngine:265 - oldGeneratedFile, C:\Users\Sterm\Desktop\STM32\workspace\Rover_Project_Fake\zzz_Board1\MXTmpFiles\rtos_obj_creat.tmp_save
2026-02-08 12:36:02,672 [INFO] CodeEngine:289 - Generated code: C:\Users\Sterm\Desktop\STM32\workspace\Rover_Project_Fake\zzz_Board1\MXTmpFiles\rtos_obj_creat.tmp
2026-02-08 12:36:02,679 [INFO] CodeEngine:265 - oldGeneratedFile, C:\Users\Sterm\Desktop\STM32\workspace\Rover_Project_Fake\zzz_Board1\MXTmpFiles\rtos_default_thread.tmp_save
2026-02-08 12:36:02,748 [INFO] CodeEngine:289 - Generated code: C:\Users\Sterm\Desktop\STM32\workspace\Rover_Project_Fake\zzz_Board1\MXTmpFiles\rtos_default_thread.tmp
2026-02-08 12:36:02,760 [INFO] CodeEngine:265 - oldGeneratedFile, C:\Users\Sterm\Desktop\STM32\workspace\Rover_Project_Fake\zzz_Board1\MXTmpFiles\rtos_threads.tmp_save
2026-02-08 12:36:02,853 [INFO] CodeEngine:289 - Generated code: C:\Users\Sterm\Desktop\STM32\workspace\Rover_Project_Fake\zzz_Board1\MXTmpFiles\rtos_threads.tmp
2026-02-08 12:36:02,906 [INFO] Middleware:1452 - No code input for Bsp Dependency
2026-02-08 12:36:02,927 [INFO] CodeEngine:265 - oldGeneratedFile, C:\Users\Sterm\Desktop\STM32\workspace\Rover_Project_Fake\zzz_Board1\MXTmpFiles\rtos_inc.tmp_save
2026-02-08 12:36:03,011 [INFO] CodeEngine:289 - Generated code: C:\Users\Sterm\Desktop\STM32\workspace\Rover_Project_Fake\zzz_Board1\MXTmpFiles\rtos_inc.tmp
2026-02-08 12:36:03,028 [INFO] CodeEngine:265 - oldGeneratedFile, C:\Users\Sterm\Desktop\STM32\workspace\Rover_Project_Fake\zzz_Board1\MXTmpFiles\rtos_kernelInit.tmp_save
2026-02-08 12:36:03,126 [INFO] CodeEngine:289 - Generated code: C:\Users\Sterm\Desktop\STM32\workspace\Rover_Project_Fake\zzz_Board1\MXTmpFiles\rtos_kernelInit.tmp
2026-02-08 12:36:03,137 [INFO] CodeEngine:265 - oldGeneratedFile, C:\Users\Sterm\Desktop\STM32\workspace\Rover_Project_Fake\zzz_Board1\MXTmpFiles\rtos_kernelStart.tmp_save
2026-02-08 12:36:03,225 [INFO] CodeEngine:289 - Generated code: C:\Users\Sterm\Desktop\STM32\workspace\Rover_Project_Fake\zzz_Board1\MXTmpFiles\rtos_kernelStart.tmp
2026-02-08 12:36:03,236 [INFO] CodeEngine:265 - oldGeneratedFile, C:\Users\Sterm\Desktop\STM32\workspace\Rover_Project_Fake\zzz_Board1\MXTmpFiles\rtos_typedefs.tmp_save
2026-02-08 12:36:03,326 [INFO] CodeEngine:289 - Generated code: C:\Users\Sterm\Desktop\STM32\workspace\Rover_Project_Fake\zzz_Board1\MXTmpFiles\rtos_typedefs.tmp
2026-02-08 12:36:03,340 [INFO] CodeEngine:265 - oldGeneratedFile, C:\Users\Sterm\Desktop\STM32\workspace\Rover_Project_Fake\zzz_Board1\MXTmpFiles\rtos_vars.tmp_save
2026-02-08 12:36:03,431 [INFO] CodeEngine:289 - Generated code: C:\Users\Sterm\Desktop\STM32\workspace\Rover_Project_Fake\zzz_Board1\MXTmpFiles\rtos_vars.tmp
2026-02-08 12:36:03,445 [INFO] CodeEngine:265 - oldGeneratedFile, C:\Users\Sterm\Desktop\STM32\workspace\Rover_Project_Fake\zzz_Board1\MXTmpFiles\rtos_pfp.tmp_save
2026-02-08 12:36:03,527 [INFO] CodeEngine:289 - Generated code: C:\Users\Sterm\Desktop\STM32\workspace\Rover_Project_Fake\zzz_Board1\MXTmpFiles\rtos_pfp.tmp
2026-02-08 12:36:03,539 [INFO] CodeEngine:265 - oldGeneratedFile, C:\Users\Sterm\Desktop\STM32\workspace\Rover_Project_Fake\zzz_Board1\MXTmpFiles\rtos_obj_creat.tmp_save
2026-02-08 12:36:03,629 [INFO] CodeEngine:289 - Generated code: C:\Users\Sterm\Desktop\STM32\workspace\Rover_Project_Fake\zzz_Board1\MXTmpFiles\rtos_obj_creat.tmp
2026-02-08 12:36:03,643 [INFO] CodeEngine:265 - oldGeneratedFile, C:\Users\Sterm\Desktop\STM32\workspace\Rover_Project_Fake\zzz_Board1\MXTmpFiles\rtos_default_thread.tmp_save
2026-02-08 12:36:03,727 [INFO] CodeEngine:289 - Generated code: C:\Users\Sterm\Desktop\STM32\workspace\Rover_Project_Fake\zzz_Board1\MXTmpFiles\rtos_default_thread.tmp
2026-02-08 12:36:03,740 [INFO] CodeEngine:265 - oldGeneratedFile, C:\Users\Sterm\Desktop\STM32\workspace\Rover_Project_Fake\zzz_Board1\MXTmpFiles\rtos_threads.tmp_save
2026-02-08 12:36:03,861 [INFO] CodeEngine:289 - Generated code: C:\Users\Sterm\Desktop\STM32\workspace\Rover_Project_Fake\zzz_Board1\MXTmpFiles\rtos_threads.tmp
2026-02-08 12:36:03,877 [INFO] CodeEngine:265 - oldGeneratedFile, C:\Users\Sterm\Desktop\STM32\workspace\Rover_Project_Fake\zzz_Board1\Core\Inc\FreeRTOSConfig.h_save
2026-02-08 12:36:03,991 [INFO] CodeEngine:289 - Generated code: C:\Users\Sterm\Desktop\STM32\workspace\Rover_Project_Fake\zzz_Board1\Core\Inc\FreeRTOSConfig.h
2026-02-08 12:36:04,004 [INFO] CodeEngine:265 - oldGeneratedFile, C:\Users\Sterm\Desktop\STM32\workspace\Rover_Project_Fake\zzz_Board1\Core\Src\app_freertos.c_save
2026-02-08 12:36:04,150 [INFO] CodeEngine:289 - Generated code: C:\Users\Sterm\Desktop\STM32\workspace\Rover_Project_Fake\zzz_Board1\Core\Src\app_freertos.c
2026-02-08 12:36:04,175 [INFO] CodeEngine:265 - oldGeneratedFile, C:\Users\Sterm\Desktop\STM32\workspace\Rover_Project_Fake\zzz_Board1\Core\Src\adc.c_save
2026-02-08 12:36:04,929 [INFO] CodeEngine:289 - Generated code: C:\Users\Sterm\Desktop\STM32\workspace\Rover_Project_Fake\zzz_Board1\Core\Src\adc.c
2026-02-08 12:36:04,947 [INFO] CodeEngine:265 - oldGeneratedFile, C:\Users\Sterm\Desktop\STM32\workspace\Rover_Project_Fake\zzz_Board1\Core\Inc\adc.h_save
2026-02-08 12:36:05,059 [INFO] CodeEngine:289 - Generated code: C:\Users\Sterm\Desktop\STM32\workspace\Rover_Project_Fake\zzz_Board1\Core\Inc\adc.h
2026-02-08 12:36:05,211 [INFO] CodeEngine:265 - oldGeneratedFile, C:\Users\Sterm\Desktop\STM32\workspace\Rover_Project_Fake\zzz_Board1\Core\Src\dma.c_save
2026-02-08 12:36:05,327 [INFO] CodeEngine:289 - Generated code: C:\Users\Sterm\Desktop\STM32\workspace\Rover_Project_Fake\zzz_Board1\Core\Src\dma.c
2026-02-08 12:36:05,337 [INFO] CodeEngine:265 - oldGeneratedFile, C:\Users\Sterm\Desktop\STM32\workspace\Rover_Project_Fake\zzz_Board1\Core\Inc\dma.h_save
2026-02-08 12:36:05,480 [INFO] CodeEngine:289 - Generated code: C:\Users\Sterm\Desktop\STM32\workspace\Rover_Project_Fake\zzz_Board1\Core\Inc\dma.h
2026-02-08 12:36:05,602 [INFO] CodeEngine:265 - oldGeneratedFile, C:\Users\Sterm\Desktop\STM32\workspace\Rover_Project_Fake\zzz_Board1\Core\Src\usart.c_save
2026-02-08 12:36:05,809 [INFO] CodeEngine:289 - Generated code: C:\Users\Sterm\Desktop\STM32\workspace\Rover_Project_Fake\zzz_Board1\Core\Src\usart.c
2026-02-08 12:36:05,820 [INFO] CodeEngine:265 - oldGeneratedFile, C:\Users\Sterm\Desktop\STM32\workspace\Rover_Project_Fake\zzz_Board1\Core\Inc\usart.h_save
2026-02-08 12:36:05,898 [INFO] CodeEngine:289 - Generated code: C:\Users\Sterm\Desktop\STM32\workspace\Rover_Project_Fake\zzz_Board1\Core\Inc\usart.h
2026-02-08 12:36:05,921 [INFO] CodeEngine:265 - oldGeneratedFile, C:\Users\Sterm\Desktop\STM32\workspace\Rover_Project_Fake\zzz_Board1\Core\Src\tim.c_save
2026-02-08 12:36:06,031 [INFO] CodeEngine:289 - Generated code: C:\Users\Sterm\Desktop\STM32\workspace\Rover_Project_Fake\zzz_Board1\Core\Src\tim.c
2026-02-08 12:36:06,058 [INFO] CodeEngine:265 - oldGeneratedFile, C:\Users\Sterm\Desktop\STM32\workspace\Rover_Project_Fake\zzz_Board1\Core\Inc\tim.h_save
2026-02-08 12:36:06,124 [INFO] CodeEngine:289 - Generated code: C:\Users\Sterm\Desktop\STM32\workspace\Rover_Project_Fake\zzz_Board1\Core\Inc\tim.h
2026-02-08 12:36:06,153 [INFO] CodeEngine:265 - oldGeneratedFile, C:\Users\Sterm\Desktop\STM32\workspace\Rover_Project_Fake\zzz_Board1\Core\Src\stm32g4xx_it.c_save
2026-02-08 12:36:06,337 [INFO] CodeEngine:289 - Generated code: C:\Users\Sterm\Desktop\STM32\workspace\Rover_Project_Fake\zzz_Board1\Core\Src\stm32g4xx_it.c
2026-02-08 12:36:06,350 [INFO] CodeEngine:265 - oldGeneratedFile, C:\Users\Sterm\Desktop\STM32\workspace\Rover_Project_Fake\zzz_Board1\Core\Inc\stm32g4xx_it.h_save
2026-02-08 12:36:06,433 [INFO] CodeEngine:289 - Generated code: C:\Users\Sterm\Desktop\STM32\workspace\Rover_Project_Fake\zzz_Board1\Core\Inc\stm32g4xx_it.h
2026-02-08 12:36:06,473 [INFO] CodeEngine:265 - oldGeneratedFile, C:\Users\Sterm\Desktop\STM32\workspace\Rover_Project_Fake\zzz_Board1\Core\Src\stm32g4xx_hal_msp.c_save
2026-02-08 12:36:06,587 [INFO] CodeEngine:289 - Generated code: C:\Users\Sterm\Desktop\STM32\workspace\Rover_Project_Fake\zzz_Board1\Core\Src\stm32g4xx_hal_msp.c
2026-02-08 12:36:06,595 [INFO] CodeEngine:265 - oldGeneratedFile, C:\Users\Sterm\Desktop\STM32\workspace\Rover_Project_Fake\zzz_Board1\MXTmpFiles\system.tmp_save
2026-02-08 12:36:06,659 [INFO] CodeEngine:289 - Generated code: C:\Users\Sterm\Desktop\STM32\workspace\Rover_Project_Fake\zzz_Board1\MXTmpFiles\system.tmp
2026-02-08 12:36:06,671 [INFO] CodeEngine:265 - oldGeneratedFile, C:\Users\Sterm\Desktop\STM32\workspace\Rover_Project_Fake\zzz_Board1\Core\Src\stm32g4xx_hal_timebase_tim.c_save
2026-02-08 12:36:06,736 [INFO] CodeEngine:289 - Generated code: C:\Users\Sterm\Desktop\STM32\workspace\Rover_Project_Fake\zzz_Board1\Core\Src\stm32g4xx_hal_timebase_tim.c
2026-02-08 12:36:06,755 [INFO] CodeEngine:321 - oldGeneratedFile, C:\Users\Sterm\Desktop\STM32\workspace\Rover_Project_Fake\zzz_Board1\Core\Inc\stm32g4xx_hal_conf.h_save
2026-02-08 12:36:06,820 [INFO] CodeEngine:345 - Generated code: C:\Users\Sterm\Desktop\STM32\workspace\Rover_Project_Fake\zzz_Board1\Core\Inc\stm32g4xx_hal_conf.h
2026-02-08 12:36:06,858 [WARN] IPConfigManager:3238 - Warning: the RefConfig RCC_CommonPeriphClockConfig is not available in your config.xml file
2026-02-08 12:36:06,870 [INFO] ApiDbMcu:532 - Load IP Config File for ADC1
2026-02-08 12:36:06,880 [INFO] ApiDbMcu:532 - Load IP Config File for LPUART1
2026-02-08 12:36:06,891 [INFO] ApiDbMcu:532 - Load IP Config File for UART4
2026-02-08 12:36:06,904 [INFO] ApiDbMcu:532 - Load IP Config File for UART5
2026-02-08 12:36:06,922 [INFO] ApiDbMcu:532 - Load IP Config File for TIM1
2026-02-08 12:36:06,946 [INFO] ApiDbMcu:532 - Load IP Config File for TIM2
2026-02-08 12:36:06,969 [INFO] ApiDbMcu:532 - Load IP Config File for TIM3
2026-02-08 12:36:06,993 [INFO] ApiDbMcu:532 - Load IP Config File for TIM4
2026-02-08 12:36:06,997 [INFO] ApiDbMcu:532 - Load IP Config File for RCC
2026-02-08 12:36:07,028 [INFO] CodeEngine:265 - oldGeneratedFile, C:\Users\Sterm\Desktop\STM32\workspace\Rover_Project_Fake\zzz_Board1\Core\Inc\main.h_save
2026-02-08 12:36:07,203 [INFO] CodeEngine:289 - Generated code: C:\Users\Sterm\Desktop\STM32\workspace\Rover_Project_Fake\zzz_Board1\Core\Inc\main.h
2026-02-08 12:36:07,215 [INFO] CodeEngine:265 - oldGeneratedFile, C:\Users\Sterm\Desktop\STM32\workspace\Rover_Project_Fake\zzz_Board1\Core\Src\main.c_save
2026-02-08 12:36:07,331 [INFO] CodeEngine:289 - Generated code: C:\Users\Sterm\Desktop\STM32\workspace\Rover_Project_Fake\zzz_Board1\Core\Src\main.c
2026-02-08 12:36:08,282 [INFO] ProjectBuilder:3606 - Time for Copy HAL[1] : 690mS.
2026-02-08 12:36:08,324 [INFO] ProjectBuilder:5216 - Project Generator version: 4.7.0-B52
2026-02-08 12:36:08,846 [INFO] ConfigFileManager:1595 - The Die is : DIE469
2026-02-08 12:36:08,853 [INFO] ApiDbMcu:532 - Load IP Config File for FATFS
2026-02-08 12:36:08,871 [INFO] ApiDbMcu:532 - Load IP Config File for USBPD
2026-02-08 12:36:08,897 [INFO] ApiDbMcu:532 - Load IP Config File for USB_DEVICE
