This is pdfTeX, Version 3.141592653-2.6-1.40.27 (MiKTeX 25.4) (preloaded format=pdflatex 2025.7.22)  5 FEB 2026 18:32
entering extended mode
 restricted \write18 enabled.
 file:line:error style messages enabled.
 %&-line parsing enabled.
**c:/Users/miche/Desktop/GitRepositories/Rover_gruppo3/BozzaSup2_Sonsars.tex
(c:/Users/miche/Desktop/GitRepositories/Rover_gruppo3/BozzaSup2_Sonsars.tex
LaTeX2e <2025-06-01> patch level 1
L3 programming layer <2025-07-11>
(C:\Users\miche\AppData\Local\Programs\MiKTeX\tex/latex/base\article.cls
Document Class: article 2025/01/22 v1.4n Standard LaTeX document class
(C:\Users\miche\AppData\Local\Programs\MiKTeX\tex/latex/base\size12.clo
File: size12.clo 2025/01/22 v1.4n Standard LaTeX file (size option)
)
\c@part=\count275
\c@section=\count276
\c@subsection=\count277
\c@subsubsection=\count278
\c@paragraph=\count279
\c@subparagraph=\count280
\c@figure=\count281
\c@table=\count282
\abovecaptionskip=\skip49
\belowcaptionskip=\skip50
\bibindent=\dimen148
) (C:\Users\miche\AppData\Local\Programs\MiKTeX\tex/latex/graphics\graphicx.sty
Package: graphicx 2024/12/31 v1.2e Enhanced LaTeX Graphics (DPC,SPQR)
 (C:\Users\miche\AppData\Local\Programs\MiKTeX\tex/latex/graphics\keyval.sty
Package: keyval 2022/05/29 v1.15 key=value parser (DPC)
\KV@toks@=\toks17
) (C:\Users\miche\AppData\Local\Programs\MiKTeX\tex/latex/graphics\graphics.sty
Package: graphics 2024/08/06 v1.4g Standard LaTeX Graphics (DPC,SPQR)
 (C:\Users\miche\AppData\Local\Programs\MiKTeX\tex/latex/graphics\trig.sty
Package: trig 2023/12/02 v1.11 sin cos tan (DPC)
) (C:\Users\miche\AppData\Local\Programs\MiKTeX\tex/latex/graphics-cfg\graphics.cfg
File: graphics.cfg 2016/06/04 v1.11 sample graphics configuration
)
Package graphics Info: Driver file: pdftex.def on input line 106.
 (C:\Users\miche\AppData\Local\Programs\MiKTeX\tex/latex/graphics-def\pdftex.def
File: pdftex.def 2024/04/13 v1.2c Graphics/color driver for pdftex
))
\Gin@req@height=\dimen149
\Gin@req@width=\dimen150
) (C:\Users\miche\AppData\Local\Programs\MiKTeX\tex/latex/float\float.sty
Package: float 2001/11/08 v1.3d Float enhancements (AL)
\c@float@type=\count283
\float@exts=\toks18
\float@box=\box53
\@float@everytoks=\toks19
\@floatcapt=\box54
) (C:\Users\miche\AppData\Local\Programs\MiKTeX\tex/latex/caption\subcaption.sty
Package: subcaption 2023/07/28 v1.6b Sub-captions (AR)
 (C:\Users\miche\AppData\Local\Programs\MiKTeX\tex/latex/caption\caption.sty
Package: caption 2023/08/05 v3.6o Customizing captions (AR)
 (C:\Users\miche\AppData\Local\Programs\MiKTeX\tex/latex/caption\caption3.sty
Package: caption3 2023/07/31 v2.4d caption3 kernel (AR)
\caption@tempdima=\dimen151
\captionmargin=\dimen152
\caption@leftmargin=\dimen153
\caption@rightmargin=\dimen154
\caption@width=\dimen155
\caption@indent=\dimen156
\caption@parindent=\dimen157
\caption@hangindent=\dimen158
Package caption Info: Standard document class detected.
)
\c@caption@flags=\count284
\c@continuedfloat=\count285
Package caption Info: float package is loaded.
)
Package caption Info: New subtype `subfigure' on input line 238.
\c@subfigure=\count286
Package caption Info: New subtype `subtable' on input line 238.
\c@subtable=\count287
) (C:\Users\miche\AppData\Local\Programs\MiKTeX\tex/latex/l3backend\l3backend-pdftex.def
File: l3backend-pdftex.def 2025-06-09 L3 backend support: PDF output (pdfTeX)
\l__color_backend_stack_int=\count288
) (BozzaSup2_Sonsars.aux)
\openout1 = `BozzaSup2_Sonsars.aux'.

LaTeX Font Info:    Checking defaults for OML/cmm/m/it on input line 14.
LaTeX Font Info:    ... okay on input line 14.
LaTeX Font Info:    Checking defaults for OMS/cmsy/m/n on input line 14.
LaTeX Font Info:    ... okay on input line 14.
LaTeX Font Info:    Checking defaults for OT1/cmr/m/n on input line 14.
LaTeX Font Info:    ... okay on input line 14.
LaTeX Font Info:    Checking defaults for T1/cmr/m/n on input line 14.
LaTeX Font Info:    ... okay on input line 14.
LaTeX Font Info:    Checking defaults for TS1/cmr/m/n on input line 14.
LaTeX Font Info:    ... okay on input line 14.
LaTeX Font Info:    Checking defaults for OMX/cmex/m/n on input line 14.
LaTeX Font Info:    ... okay on input line 14.
LaTeX Font Info:    Checking defaults for U/cmr/m/n on input line 14.
LaTeX Font Info:    ... okay on input line 14.
 (C:\Users\miche\AppData\Local\Programs\MiKTeX\tex/context/base/mkii\supp-pdf.mkii
[Loading MPS to PDF converter (version 2006.09.02).]
\scratchcounter=\count289
\scratchdimen=\dimen159
\scratchbox=\box55
\nofMPsegments=\count290
\nofMParguments=\count291
\everyMPshowfont=\toks20
\MPscratchCnt=\count292
\MPscratchDim=\dimen160
\MPnumerator=\count293
\makeMPintoPDFobject=\count294
\everyMPtoPDFconversion=\toks21
) (C:\Users\miche\AppData\Local\Programs\MiKTeX\tex/latex/epstopdf-pkg\epstopdf-base.sty
Package: epstopdf-base 2020-01-24 v2.11 Base part for package epstopdf
Package epstopdf-base Info: Redefining graphics rule for `.eps' on input line 485.
 (C:\Users\miche\AppData\Local\Programs\MiKTeX\tex/latex/00miktex\epstopdf-sys.cfg
File: epstopdf-sys.cfg 2021/03/18 v2.0 Configuration of epstopdf for MiKTeX
))
Package caption Info: Begin \AtBeginDocument code.
Package caption Info: End \AtBeginDocument code.
LaTeX Font Info:    External font `cmex10' loaded for size
(Font)              <14.4> on input line 15.
LaTeX Font Info:    External font `cmex10' loaded for size
(Font)              <7> on input line 15.


LaTeX Warning: No \author given.



[1

{C:/Users/miche/AppData/Local/MiKTeX/fonts/map/pdftex/pdftex.map}] (BozzaSup2_Sonsars.toc
LaTeX Font Info:    External font `cmex10' loaded for size
(Font)              <12> on input line 2.
LaTeX Font Info:    External font `cmex10' loaded for size
(Font)              <8> on input line 2.
LaTeX Font Info:    External font `cmex10' loaded for size
(Font)              <6> on input line 2.
)
\tf@toc=\write3
\openout3 = `BozzaSup2_Sonsars.toc'.

 (BozzaSup2_Sonsars.lof)
\tf@lof=\write4
\openout4 = `BozzaSup2_Sonsars.lof'.



[2]
<images/Sonars/disposizioneSonar.png, id=13, 647.41875pt x 562.35094pt>
File: images/Sonars/disposizioneSonar.png Graphic file (type png)
<use images/Sonars/disposizioneSonar.png>
Package pdftex.def Info: images/Sonars/disposizioneSonar.png  used on input line 31.
(pdftex.def)             Requested size: 234.00238pt x 203.25278pt.
<images/Sonars/segnale_sonar_3m.png, id=15, 517.18219pt x 304.88907pt>
File: images/Sonars/segnale_sonar_3m.png Graphic file (type png)
<use images/Sonars/segnale_sonar_3m.png>
Package pdftex.def Info: images/Sonars/segnale_sonar_3m.png  used on input line 39.
(pdftex.def)             Requested size: 272.99881pt x 160.94377pt.


[3 <./images/Sonars/disposizioneSonar.png> <./images/Sonars/segnale_sonar_3m.png>]
<images/Sonars/configurazione_timIC_sonar.png, id=22, 749.04843pt x 486.31688pt>
File: images/Sonars/configurazione_timIC_sonar.png Graphic file (type png)
<use images/Sonars/configurazione_timIC_sonar.png>
Package pdftex.def Info: images/Sonars/configurazione_timIC_sonar.png  used on input line 52.
(pdftex.def)             Requested size: 272.99881pt x 177.24075pt.
<images/Sonars/callback_sonar.png, id=23, 586.44093pt x 546.54187pt>
File: images/Sonars/callback_sonar.png Graphic file (type png)
<use images/Sonars/callback_sonar.png>
Package pdftex.def Info: images/Sonars/callback_sonar.png  used on input line 62.
(pdftex.def)             Requested size: 272.99881pt x 254.42288pt.


[4 <./images/Sonars/configurazione_timIC_sonar.png>]

[5 <./images/Sonars/callback_sonar.png>]
<images/SupervisoreB2/GestioneRilevamentoOstacoli/GestioneOstacoli_StatoNonDegradato.png, id=33, 1321.93875pt x 661.72218pt>
File: images/SupervisoreB2/GestioneRilevamentoOstacoli/GestioneOstacoli_StatoNonDegradato.png Graphic file (type png)
<use images/SupervisoreB2/GestioneRilevamentoOstacoli/GestioneOstacoli_StatoNonDegradato.png>
Package pdftex.def Info: images/SupervisoreB2/GestioneRilevamentoOstacoli/GestioneOstacoli_StatoNonDegradato.png  used on input line 95.
(pdftex.def)             Requested size: 350.99762pt x 175.69884pt.

Overfull \hbox (7.88676pt too wide) in paragraph at lines 100--101
[]\OT1/cmr/m/n/12 In par-ti-co-lare, il chart ^^Re com-posto da 2 stati par-al-leli: \OT1/cmr/m/it/12 Sonars \OT1/cmr/m/n/12 e \OT1/cmr/m/it/12 B2Decisione 
 []

<images/SupervisoreB2/GestioneRilevamentoOstacoli/SonarsState.png, id=34, 879.285pt x 617.30624pt>
File: images/SupervisoreB2/GestioneRilevamentoOstacoli/SonarsState.png Graphic file (type png)
<use images/SupervisoreB2/GestioneRilevamentoOstacoli/SonarsState.png>
Package pdftex.def Info: images/SupervisoreB2/GestioneRilevamentoOstacoli/SonarsState.png  used on input line 105.
(pdftex.def)             Requested size: 175.49881pt x 123.20473pt.
<images/SupervisoreB2/GestioneRilevamentoOstacoli/B2DecisionState.png, id=35, 426.84468pt x 374.14781pt>
File: images/SupervisoreB2/GestioneRilevamentoOstacoli/B2DecisionState.png Graphic file (type png)
<use images/SupervisoreB2/GestioneRilevamentoOstacoli/B2DecisionState.png>
Package pdftex.def Info: images/SupervisoreB2/GestioneRilevamentoOstacoli/B2DecisionState.png  used on input line 111.
(pdftex.def)             Requested size: 175.49881pt x 153.83546pt.


[6 <./images/SupervisoreB2/GestioneRilevamentoOstacoli/GestioneOstacoli_StatoNonDegradato.png> <./images/SupervisoreB2/GestioneRilevamentoOstacoli/SonarsState.png> <./images/SupervisoreB2/GestioneRilevamentoOstacoli/B2DecisionState.png>]
<images/SupervisoreB2/GestioneRilevamentoOstacoli/distanceLt_70.png, id=43, 1147.28625pt x 208.52907pt>
File: images/SupervisoreB2/GestioneRilevamentoOstacoli/distanceLt_70.png Graphic file (type png)
<use images/SupervisoreB2/GestioneRilevamentoOstacoli/distanceLt_70.png>
Package pdftex.def Info: images/SupervisoreB2/GestioneRilevamentoOstacoli/distanceLt_70.png  used on input line 134.
(pdftex.def)             Requested size: 350.99762pt x 63.79376pt.
<images/SupervisoreB2/GestioneRilevamentoOstacoli/distancegt_70_and_timers.png, id=44, 1205.2528pt x 654.19406pt>
File: images/SupervisoreB2/GestioneRilevamentoOstacoli/distancegt_70_and_timers.png Graphic file (type png)
<use images/SupervisoreB2/GestioneRilevamentoOstacoli/distancegt_70_and_timers.png>
Package pdftex.def Info: images/SupervisoreB2/GestioneRilevamentoOstacoli/distancegt_70_and_timers.png  used on input line 154.
(pdftex.def)             Requested size: 350.99762pt x 190.51997pt.


[7 <./images/SupervisoreB2/GestioneRilevamentoOstacoli/distanceLt_70.png>]
Overfull \hbox (0.12234pt too wide) in paragraph at lines 177--178
\OT1/cmr/m/n/12 Il chart per la ges-tione degli os-ta-coli in stato degradato ^^Re mostrato in Figura 9[]. 
 []

<images/SupervisoreB2/GestioneRilevamentoOstacoli/GestioneOstacoli_StatoDegradato.png, id=51, 1373.88281pt x 382.42876pt>
File: images/SupervisoreB2/GestioneRilevamentoOstacoli/GestioneOstacoli_StatoDegradato.png Graphic file (type png)
<use images/SupervisoreB2/GestioneRilevamentoOstacoli/GestioneOstacoli_StatoDegradato.png>
Package pdftex.def Info: images/SupervisoreB2/GestioneRilevamentoOstacoli/GestioneOstacoli_StatoDegradato.png  used on input line 181.
(pdftex.def)             Requested size: 350.99762pt x 97.70184pt.


[8 <./images/SupervisoreB2/GestioneRilevamentoOstacoli/distancegt_70_and_timers.png>]
<images/SupervisoreB1/SupervisoreB1_simulink.png, id=56, 947.03813pt x 529.22719pt>
File: images/SupervisoreB1/SupervisoreB1_simulink.png Graphic file (type png)
<use images/SupervisoreB1/SupervisoreB1_simulink.png>
Package pdftex.def Info: images/SupervisoreB1/SupervisoreB1_simulink.png  used on input line 198.
(pdftex.def)             Requested size: 312.00119pt x 174.34671pt.


[9 <./images/SupervisoreB2/GestioneRilevamentoOstacoli/GestioneOstacoli_StatoDegradato.png> <./images/SupervisoreB1/SupervisoreB1_simulink.png>]
<images/SupervisoreB1/CMD_BOARD2.png, id=62, 171.64125pt x 179.92218pt>
File: images/SupervisoreB1/CMD_BOARD2.png Graphic file (type png)
<use images/SupervisoreB1/CMD_BOARD2.png>
Package pdftex.def Info: images/SupervisoreB1/CMD_BOARD2.png  used on input line 212.
(pdftex.def)             Requested size: 117.00119pt x 122.6447pt.
<images/SupervisoreB1/BoardHealthSnapshot.png, id=63, 451.6875pt x 158.84344pt>
File: images/SupervisoreB1/BoardHealthSnapshot.png Graphic file (type png)
<use images/SupervisoreB1/BoardHealthSnapshot.png>
Package pdftex.def Info: images/SupervisoreB1/BoardHealthSnapshot.png  used on input line 225.
(pdftex.def)             Requested size: 272.99881pt x 96.00967pt.


[10 <./images/SupervisoreB1/CMD_BOARD2.png>]
<images/SupervisoreB1/Encoder_snapshot.png, id=68, 678.28406pt x 182.18062pt>
File: images/SupervisoreB1/Encoder_snapshot.png Graphic file (type png)
<use images/SupervisoreB1/Encoder_snapshot.png>
Package pdftex.def Info: images/SupervisoreB1/Encoder_snapshot.png  used on input line 232.
(pdftex.def)             Requested size: 272.99881pt x 73.32407pt.


[11 <./images/SupervisoreB1/BoardHealthSnapshot.png> <./images/SupervisoreB1/Encoder_snapshot.png>]

[12] (BozzaSup2_Sonsars.aux)
 ***********
LaTeX2e <2025-06-01> patch level 1
L3 programming layer <2025-07-11>
 ***********
 ) 
Here is how much of TeX's memory you used:
 3039 strings out of 468149
 61425 string characters out of 5431082
 453345 words of memory out of 5000000
 31654 multiletter control sequences out of 15000+600000
 633336 words of font info for 61 fonts, out of 8000000 for 9000
 1141 hyphenation exceptions out of 8191
 67i,10n,77p,374b,479s stack positions out of 10000i,1000n,20000p,200000b,200000s
 <C:\Users\miche\AppData\Local\MiKTeX\fonts/pk/ljfour/jknappen/ec/dpi600\tcrm1200.pk><C:/Users/miche/AppData/Local/Programs/MiKTeX/fonts/type1/public/amsfonts/cm/cmbx12.pfb><C:/Users/miche/AppData/Local/Programs/MiKTeX/fonts/type1/public/amsfonts/cm/cmbxti10.pfb><C:/Users/miche/AppData/Local/Programs/MiKTeX/fonts/type1/public/amsfonts/cm/cmmi12.pfb><C:/Users/miche/AppData/Local/Programs/MiKTeX/fonts/type1/public/amsfonts/cm/cmr10.pfb><C:/Users/miche/AppData/Local/Programs/MiKTeX/fonts/type1/public/amsfonts/cm/cmr12.pfb><C:/Users/miche/AppData/Local/Programs/MiKTeX/fonts/type1/public/amsfonts/cm/cmr17.pfb><C:/Users/miche/AppData/Local/Programs/MiKTeX/fonts/type1/public/amsfonts/cm/cmsy10.pfb><C:/Users/miche/AppData/Local/Programs/MiKTeX/fonts/type1/public/amsfonts/cm/cmti12.pfb>
Output written on BozzaSup2_Sonsars.pdf (12 pages, 1234752 bytes).
PDF statistics:
 116 PDF objects out of 1000 (max. 8388607)
 0 named destinations out of 1000 (max. 500000)
 71 words of extra memory for PDF output out of 10000 (max. 10000000)

