2026-02-17 00:54:59,242 [ERROR] LogOutputStream:75 - [STDERR_REDIRECT] 
2026-02-17 11:27:45,776 [INFO] Activator:176 - 


2026-02-17 11:27:45,778 [INFO] Activator:177 - !SESSION log4j initialized
2026-02-17 11:27:50,809 [INFO] LogOutputStream:77 - [STDOUT_REDIRECT] 
2026-02-17 11:27:52,991 [INFO] ApplicationProperties:184 - Using Application install path: C:\Users\Sterm\Desktop\STM32\STM32CubeIDE_1.18.0\STM32CubeIDE\plugins\com.st.stm32cube.common.mx_6.15.0.202507011659
2026-02-17 11:27:53,013 [INFO] DbMcusXml:78 - Set database path to: C:\Users\Sterm\Desktop\STM32\STM32CubeIDE_1.18.0\STM32CubeIDE\plugins\com.st.stm32cube.common.mx_6.15.0.202507011659\\db\/mcu/
2026-02-17 11:27:53,013 [INFO] ApiDb:274 - Set plugin database path to: C:\Users\Sterm\Desktop\STM32\STM32CubeIDE_1.18.0\STM32CubeIDE\plugins\com.st.stm32cube.common.mx_6.15.0.202507011659\\db\/plugins/boardmanager/
2026-02-17 11:27:53,013 [WARN] ApiDb:259 - Overriding images path with different value:  => C:\Users\Sterm\Desktop\STM32\STM32CubeIDE_1.18.0\STM32CubeIDE\plugins\com.st.stm32cube.common.mx_6.15.0.202507011659\\db\/plugins/mcufinder/images/
2026-02-17 11:27:53,027 [INFO] ApiDb:250 - Set database path to: C:\Users\Sterm\.stmcufinder\plugins\mcufinder//mcu/
2026-02-17 11:27:53,029 [INFO] DbMcusAds:125 - Set database path to: C:\Users\Sterm\.stmcufinder\plugins\mcufinder//mcu/
2026-02-17 11:27:53,033 [INFO] CrossReferenceDbSqlite:203 - Set database path to: C:\Users\Sterm\.stmcufinder\plugins\mcufinder//mcu/cs/
2026-02-17 11:27:53,197 [INFO] RulesReader:64 - Compatibility file has been processed (317 Rules)
2026-02-17 11:27:53,322 [INFO] DbMcusXml:78 - Set database path to: C:\Users\Sterm\Desktop\STM32\STM32CubeIDE_1.18.0\STM32CubeIDE\plugins\com.st.stm32cube.common.mx_6.15.0.202507011659\\db\/mcu/
2026-02-17 11:27:53,322 [INFO] ApiDb:274 - Set plugin database path to: C:\Users\Sterm\Desktop\STM32\STM32CubeIDE_1.18.0\STM32CubeIDE\plugins\com.st.stm32cube.common.mx_6.15.0.202507011659\\db\/plugins/boardmanager/
2026-02-17 11:27:53,322 [INFO] ApiDb:261 - Set plugin images path to: C:\Users\Sterm\Desktop\STM32\STM32CubeIDE_1.18.0\STM32CubeIDE\plugins\com.st.stm32cube.common.mx_6.15.0.202507011659\\db\/plugins/mcufinder/images/
2026-02-17 11:27:53,322 [WARN] DbFile:41 - Overriding database path with different value: C:\Users\Sterm\.stmcufinder\plugins\mcufinder/ => C:\Users\Sterm\.stmcufinder\plugins\mcufinder
2026-02-17 11:27:53,322 [INFO] ApiDb:250 - Set database path to: C:\Users\Sterm\.stmcufinder\plugins\mcufinder//mcu/
2026-02-17 11:27:53,322 [WARN] DbFile:41 - Overriding database path with different value: C:\Users\Sterm\.stmcufinder\plugins\mcufinder/ => C:\Users\Sterm\.stmcufinder\plugins\mcufinder
2026-02-17 11:27:53,322 [INFO] DbMcusAds:125 - Set database path to: C:\Users\Sterm\.stmcufinder\plugins\mcufinder//mcu/
2026-02-17 11:27:53,322 [WARN] DbFile:41 - Overriding database path with different value: C:\Users\Sterm\.stmcufinder\plugins\mcufinder/ => C:\Users\Sterm\.stmcufinder\plugins\mcufinder
2026-02-17 11:27:53,322 [WARN] DbFile:41 - Overriding database path with different value: C:\Users\Sterm\.stmcufinder\plugins\mcufinder/ => C:\Users\Sterm\.stmcufinder\plugins\mcufinder
2026-02-17 11:27:53,323 [INFO] CrossReferenceDbSqlite:203 - Set database path to: C:\Users\Sterm\.stmcufinder\plugins\mcufinder//mcu/cs/
2026-02-17 11:27:53,436 [INFO] MainPanel:274 - HeapMemory: 268435456
2026-02-17 11:27:53,602 [INFO] DbMcusXml:78 - Set database path to: C:\Users\Sterm\Desktop\STM32\STM32CubeIDE_1.18.0\STM32CubeIDE\plugins\com.st.stm32cube.common.mx_6.15.0.202507011659\\db\/mcu/
2026-02-17 11:27:53,602 [INFO] ApiDb:274 - Set plugin database path to: C:\Users\Sterm\Desktop\STM32\STM32CubeIDE_1.18.0\STM32CubeIDE\plugins\com.st.stm32cube.common.mx_6.15.0.202507011659\\db\/plugins/boardmanager/
2026-02-17 11:27:53,602 [INFO] ApiDb:261 - Set plugin images path to: C:\Users\Sterm\Desktop\STM32\STM32CubeIDE_1.18.0\STM32CubeIDE\plugins\com.st.stm32cube.common.mx_6.15.0.202507011659\\db\/plugins/mcufinder/images/
2026-02-17 11:27:53,604 [WARN] DbFile:41 - Overriding database path with different value: C:\Users\Sterm\.stmcufinder\plugins\mcufinder/ => C:\Users\Sterm\.stmcufinder\plugins\mcufinder
2026-02-17 11:27:53,604 [INFO] ApiDb:250 - Set database path to: C:\Users\Sterm\.stmcufinder\plugins\mcufinder//mcu/
2026-02-17 11:27:53,604 [WARN] DbFile:41 - Overriding database path with different value: C:\Users\Sterm\.stmcufinder\plugins\mcufinder/ => C:\Users\Sterm\.stmcufinder\plugins\mcufinder
2026-02-17 11:27:53,605 [INFO] DbMcusAds:125 - Set database path to: C:\Users\Sterm\.stmcufinder\plugins\mcufinder//mcu/
2026-02-17 11:27:53,605 [WARN] DbFile:41 - Overriding database path with different value: C:\Users\Sterm\.stmcufinder\plugins\mcufinder/ => C:\Users\Sterm\.stmcufinder\plugins\mcufinder
2026-02-17 11:27:53,605 [WARN] DbFile:41 - Overriding database path with different value: C:\Users\Sterm\.stmcufinder\plugins\mcufinder/ => C:\Users\Sterm\.stmcufinder\plugins\mcufinder
2026-02-17 11:27:53,605 [INFO] CrossReferenceDbSqlite:203 - Set database path to: C:\Users\Sterm\.stmcufinder\plugins\mcufinder//mcu/cs/
2026-02-17 11:27:53,629 [INFO] ApplicationProperties:184 - Using Application install path: C:\Users\Sterm\Desktop\STM32\STM32CubeIDE_1.18.0\STM32CubeIDE\plugins\com.st.stm32cube.common.mx_6.15.0.202507011659
2026-02-17 11:27:53,630 [INFO] PluginManage:196 - Search for loadable plugins [exclusion list=, ]
2026-02-17 11:27:53,633 [INFO] PluginManage:310 - Check plugin analytics
2026-02-17 11:27:53,857 [INFO] AnalyticsPlugin:253 - Accepted Software Licenses: STM32CubeMX.6.12.0
2026-02-17 11:27:53,857 [INFO] AnalyticsPlugin:255 - Accepted CMSIS Pack Licenses: 
2026-02-17 11:27:53,857 [INFO] AnalyticsPlugin:257 - Accepted Firmware Licenses: FW.F4.1.28.0,FW.G4.1.6.0
2026-02-17 11:27:53,860 [INFO] PluginManage:359 - Loaded plugin analytics (category:tool,tabindex:-1)
2026-02-17 11:27:53,860 [INFO] PluginManage:310 - Check plugin cadmodel
2026-02-17 11:27:53,867 [INFO] CADModel:105 - Init CAD model plugin
2026-02-17 11:27:53,867 [INFO] PluginManage:359 - Loaded plugin cadmodel (category:power,tabindex:5)
2026-02-17 11:27:53,867 [INFO] PluginManage:310 - Check plugin clock
2026-02-17 11:27:53,881 [INFO] PluginManage:359 - Loaded plugin clock (category:base,tabindex:2)
2026-02-17 11:27:53,881 [INFO] PluginManage:310 - Check plugin ddr
2026-02-17 11:27:53,883 [INFO] PluginManage:359 - Loaded plugin ddr (category:tool,tabindex:6)
2026-02-17 11:27:53,884 [INFO] PluginManage:310 - Check plugin filemanager
2026-02-17 11:27:54,036 [INFO] PluginManage:359 - Loaded plugin filemanager (category:base,tabindex:10)
2026-02-17 11:27:54,036 [INFO] PluginManage:310 - Check plugin ipmanager
2026-02-17 11:27:54,043 [INFO] PluginManage:359 - Loaded plugin ipmanager (category:base,tabindex:5)
2026-02-17 11:27:54,043 [INFO] PluginManage:310 - Check plugin lpbam
2026-02-17 11:27:54,052 [INFO] PluginManage:359 - Loaded plugin lpbam (category:base,tabindex:0)
2026-02-17 11:27:54,052 [INFO] PluginManage:310 - Check plugin memorymap
2026-02-17 11:27:54,067 [INFO] PluginManage:359 - Loaded plugin memorymap (category:base,tabindex:4)
2026-02-17 11:27:54,067 [INFO] PluginManage:310 - Check plugin pinoutandconfiguration
2026-02-17 11:27:54,078 [INFO] PluginManage:359 - Loaded plugin pinoutandconfiguration (category:base,tabindex:1)
2026-02-17 11:27:54,078 [INFO] PluginManage:310 - Check plugin pinoutconfig
2026-02-17 11:27:54,168 [WARN] SupportedApi:132 - Cannot load RTOS API schema: s4s-elt-must-match.1: The content of 'definitions' must match (annotation?, (simpleType | complexType)?, (unique | key | keyref)*)). A problem was found starting at: attribute.
2026-02-17 11:27:54,332 [INFO] PluginManage:359 - Loaded plugin pinoutconfig (category:base,tabindex:0)
2026-02-17 11:27:54,332 [INFO] PluginManage:310 - Check plugin power
2026-02-17 11:27:54,344 [INFO] PluginManage:359 - Loaded plugin power (category:power,tabindex:4)
2026-02-17 11:27:54,344 [INFO] PluginManage:310 - Check plugin projectmanager
2026-02-17 11:27:54,364 [INFO] PluginManage:359 - Loaded plugin projectmanager (category:projectmanager,tabindex:4)
2026-02-17 11:27:54,365 [INFO] PluginManage:310 - Check plugin rif
2026-02-17 11:27:54,379 [INFO] PluginManage:359 - Loaded plugin rif (category:base,tabindex:3)
2026-02-17 11:27:54,379 [INFO] PluginManage:310 - Check plugin thirdparty
2026-02-17 11:27:54,533 [INFO] PluginManage:359 - Loaded plugin thirdparty (category:base,tabindex:-1)
2026-02-17 11:27:54,533 [WARN] IntegrityCheckThread:84 - waiting for thirdparty lock release [integrity check]
2026-02-17 11:27:54,533 [INFO] IntegrityCheckThread:86 - entering critical section [integrity check]
2026-02-17 11:27:54,533 [INFO] PluginManage:310 - Check plugin tools
2026-02-17 11:27:54,534 [INFO] ThirdPartyUpdaterWithRetryManager:70 - Updater plugin not ready yet. [1/15]
2026-02-17 11:27:54,537 [INFO] PluginManage:359 - Loaded plugin tools (category:base,tabindex:7)
2026-02-17 11:27:54,537 [INFO] PluginManage:310 - Check plugin tutovideos
2026-02-17 11:27:54,756 [INFO] PluginManage:359 - Loaded plugin tutovideos (category:base,tabindex:-1)
2026-02-17 11:27:54,756 [INFO] PluginManage:310 - Check plugin updater
2026-02-17 11:27:54,777 [INFO] PluginManage:359 - Loaded plugin updater (category:base,tabindex:12)
2026-02-17 11:27:54,777 [INFO] PluginManage:310 - Check plugin userauth
2026-02-17 11:27:54,782 [INFO] UserAuth:118 - Init User Auth plugin
2026-02-17 11:27:54,782 [INFO] PluginManage:359 - Loaded plugin userauth (category:base,tabindex:14)
2026-02-17 11:27:54,783 [INFO] PluginManage:283 - PluginManage : Loaded plugins [18]
2026-02-17 11:27:55,006 [INFO] PinOutPanel:1589 - setPackage(No Configuration,No Configuration)
2026-02-17 11:27:55,112 [INFO] CADModel:165 - CPN selected for project level
2026-02-17 11:27:55,112 [INFO] CADModel:114 - Register for checkConnection events
2026-02-17 11:27:55,135 [INFO] IPUIPlugin:80 - create IPUIPlugin
2026-02-17 11:27:55,135 [INFO] PluginManager:220 - loadIPPluginJar : add adc
2026-02-17 11:27:55,141 [INFO] IPUIPlugin:80 - create IPUIPlugin
2026-02-17 11:27:55,141 [INFO] PluginManager:220 - loadIPPluginJar : add aes
2026-02-17 11:27:55,144 [INFO] IPUIPlugin:80 - create IPUIPlugin
2026-02-17 11:27:55,144 [INFO] PluginManager:220 - loadIPPluginJar : add can
2026-02-17 11:27:55,147 [INFO] IPUIPlugin:80 - create IPUIPlugin
2026-02-17 11:27:55,147 [INFO] PluginManager:220 - loadIPPluginJar : add comp
2026-02-17 11:27:55,152 [INFO] IPUIPlugin:80 - create IPUIPlugin
2026-02-17 11:27:55,152 [INFO] PluginManager:220 - loadIPPluginJar : add cryp
2026-02-17 11:27:55,156 [INFO] IPUIPlugin:80 - create IPUIPlugin
2026-02-17 11:27:55,156 [INFO] PluginManager:220 - loadIPPluginJar : add ddr_ctrl_phy
2026-02-17 11:27:55,160 [INFO] IPUIPlugin:80 - create IPUIPlugin
2026-02-17 11:27:55,160 [INFO] PluginManager:220 - loadIPPluginJar : add dfsdm
2026-02-17 11:27:55,166 [INFO] IPUIPlugin:80 - create IPUIPlugin
2026-02-17 11:27:55,167 [INFO] PluginManager:220 - loadIPPluginJar : add dma
2026-02-17 11:27:55,171 [INFO] IPUIPlugin:80 - create IPUIPlugin
2026-02-17 11:27:55,172 [INFO] PluginManager:220 - loadIPPluginJar : add dma3
2026-02-17 11:27:55,175 [INFO] IPUIPlugin:80 - create IPUIPlugin
2026-02-17 11:27:55,175 [INFO] PluginManager:220 - loadIPPluginJar : add extmemmanager
2026-02-17 11:27:55,177 [INFO] IPUIPlugin:80 - create IPUIPlugin
2026-02-17 11:27:55,177 [INFO] PluginManager:220 - loadIPPluginJar : add fatfs
2026-02-17 11:27:55,183 [INFO] IPUIPlugin:80 - create IPUIPlugin
2026-02-17 11:27:55,183 [INFO] PluginManager:220 - loadIPPluginJar : add fmc
2026-02-17 11:27:55,191 [INFO] IPUIPlugin:80 - create IPUIPlugin
2026-02-17 11:27:55,192 [INFO] PluginManager:220 - loadIPPluginJar : add freertos
2026-02-17 11:27:55,194 [INFO] IPUIPlugin:80 - create IPUIPlugin
2026-02-17 11:27:55,194 [INFO] PluginManager:220 - loadIPPluginJar : add genericplugin
2026-02-17 11:27:55,197 [INFO] IPUIPlugin:80 - create IPUIPlugin
2026-02-17 11:27:55,197 [INFO] PluginManager:220 - loadIPPluginJar : add gfxmmu
2026-02-17 11:27:55,203 [INFO] IPUIPlugin:80 - create IPUIPlugin
2026-02-17 11:27:55,204 [INFO] PluginManager:220 - loadIPPluginJar : add gic
2026-02-17 11:27:55,209 [INFO] IPUIPlugin:80 - create IPUIPlugin
2026-02-17 11:27:55,210 [INFO] PluginManager:220 - loadIPPluginJar : add gpio
2026-02-17 11:27:55,213 [INFO] IPUIPlugin:80 - create IPUIPlugin
2026-02-17 11:27:55,213 [INFO] PluginManager:220 - loadIPPluginJar : add gtzc
2026-02-17 11:27:55,217 [INFO] IPUIPlugin:80 - create IPUIPlugin
2026-02-17 11:27:55,217 [INFO] PluginManager:220 - loadIPPluginJar : add hash
2026-02-17 11:27:55,220 [INFO] IPUIPlugin:80 - create IPUIPlugin
2026-02-17 11:27:55,220 [INFO] PluginManager:220 - loadIPPluginJar : add i2c
2026-02-17 11:27:55,223 [INFO] IPUIPlugin:80 - create IPUIPlugin
2026-02-17 11:27:55,223 [INFO] PluginManager:220 - loadIPPluginJar : add i2s
2026-02-17 11:27:55,227 [INFO] IPUIPlugin:80 - create IPUIPlugin
2026-02-17 11:27:55,228 [INFO] PluginManager:220 - loadIPPluginJar : add i3c
2026-02-17 11:27:55,232 [INFO] IPUIPlugin:80 - create IPUIPlugin
2026-02-17 11:27:55,232 [INFO] PluginManager:220 - loadIPPluginJar : add ipddr
2026-02-17 11:27:55,240 [INFO] IPUIPlugin:80 - create IPUIPlugin
2026-02-17 11:27:55,240 [INFO] PluginManager:220 - loadIPPluginJar : add linkedlist
2026-02-17 11:27:55,243 [INFO] IPUIPlugin:80 - create IPUIPlugin
2026-02-17 11:27:55,243 [INFO] PluginManager:220 - loadIPPluginJar : add lorawan
2026-02-17 11:27:55,246 [INFO] IPUIPlugin:80 - create IPUIPlugin
2026-02-17 11:27:55,246 [INFO] PluginManager:220 - loadIPPluginJar : add ltdc
2026-02-17 11:27:55,251 [INFO] IPUIPlugin:80 - create IPUIPlugin
2026-02-17 11:27:55,251 [INFO] PluginManager:220 - loadIPPluginJar : add mdma
2026-02-17 11:27:55,257 [INFO] IPUIPlugin:80 - create IPUIPlugin
2026-02-17 11:27:55,257 [INFO] PluginManager:220 - loadIPPluginJar : add nvic
2026-02-17 11:27:55,261 [INFO] IPUIPlugin:80 - create IPUIPlugin
2026-02-17 11:27:55,261 [INFO] PluginManager:220 - loadIPPluginJar : add opamp
2026-02-17 11:27:55,265 [INFO] IPUIPlugin:80 - create IPUIPlugin
2026-02-17 11:27:55,265 [INFO] PluginManager:220 - loadIPPluginJar : add openamp
2026-02-17 11:27:55,268 [INFO] IPUIPlugin:80 - create IPUIPlugin
2026-02-17 11:27:55,268 [INFO] PluginManager:220 - loadIPPluginJar : add pdm2pcm
2026-02-17 11:27:55,275 [INFO] IPUIPlugin:80 - create IPUIPlugin
2026-02-17 11:27:55,278 [INFO] PluginManager:220 - loadIPPluginJar : add plateformsettings
2026-02-17 11:27:55,281 [INFO] IPUIPlugin:80 - create IPUIPlugin
2026-02-17 11:27:55,281 [INFO] PluginManager:220 - loadIPPluginJar : add quadspi
2026-02-17 11:27:55,284 [INFO] IPUIPlugin:80 - create IPUIPlugin
2026-02-17 11:27:55,284 [INFO] PluginManager:220 - loadIPPluginJar : add radio
2026-02-17 11:27:55,290 [INFO] IPUIPlugin:80 - create IPUIPlugin
2026-02-17 11:27:55,290 [INFO] PluginManager:220 - loadIPPluginJar : add resmgrutility
2026-02-17 11:27:55,295 [INFO] IPUIPlugin:80 - create IPUIPlugin
2026-02-17 11:27:55,295 [INFO] PluginManager:220 - loadIPPluginJar : add sai
2026-02-17 11:27:55,298 [INFO] IPUIPlugin:80 - create IPUIPlugin
2026-02-17 11:27:55,298 [INFO] PluginManager:220 - loadIPPluginJar : add spi
2026-02-17 11:27:55,305 [INFO] IPUIPlugin:80 - create IPUIPlugin
2026-02-17 11:27:55,305 [INFO] PluginManager:220 - loadIPPluginJar : add stm32_wpan
2026-02-17 11:27:55,307 [INFO] IPUIPlugin:80 - create IPUIPlugin
2026-02-17 11:27:55,307 [INFO] PluginManager:220 - loadIPPluginJar : add tim
2026-02-17 11:27:55,311 [INFO] IPUIPlugin:80 - create IPUIPlugin
2026-02-17 11:27:55,311 [INFO] PluginManager:220 - loadIPPluginJar : add touchsensing
2026-02-17 11:27:55,313 [INFO] IPUIPlugin:80 - create IPUIPlugin
2026-02-17 11:27:55,313 [INFO] PluginManager:220 - loadIPPluginJar : add tracer_emb
2026-02-17 11:27:55,316 [INFO] IPUIPlugin:80 - create IPUIPlugin
2026-02-17 11:27:55,316 [INFO] PluginManager:220 - loadIPPluginJar : add ts
2026-02-17 11:27:55,318 [INFO] IPUIPlugin:80 - create IPUIPlugin
2026-02-17 11:27:55,318 [INFO] PluginManager:220 - loadIPPluginJar : add tsc
2026-02-17 11:27:55,321 [INFO] IPUIPlugin:80 - create IPUIPlugin
2026-02-17 11:27:55,321 [INFO] PluginManager:220 - loadIPPluginJar : add ucpd
2026-02-17 11:27:55,324 [INFO] IPUIPlugin:80 - create IPUIPlugin
2026-02-17 11:27:55,324 [INFO] PluginManager:220 - loadIPPluginJar : add usart
2026-02-17 11:27:55,328 [INFO] IPUIPlugin:80 - create IPUIPlugin
2026-02-17 11:27:55,328 [INFO] PluginManager:220 - loadIPPluginJar : add usbx
2026-02-17 11:27:55,463 [FATAL] Updater:351 - Updater called before beeing initialized
2026-02-17 11:27:55,489 [INFO] RulesReader:64 - Compatibility file has been processed (317 Rules)
2026-02-17 11:27:55,500 [INFO] RulesReader:64 - Compatibility file has been processed (317 Rules)
2026-02-17 11:27:55,511 [INFO] CADModel:165 - CPN selected for project level
2026-02-17 11:27:55,511 [INFO] CADModel:114 - Register for checkConnection events
2026-02-17 11:27:55,511 [FATAL] Updater:351 - Updater called before beeing initialized
2026-02-17 11:27:55,511 [ERROR] CADModel:125 - Updater not yet initialized, retry later 
2026-02-17 11:27:55,687 [FATAL] Updater:351 - Updater called before beeing initialized
2026-02-17 11:27:55,689 [INFO] CADModel:165 - CPN selected for project level
2026-02-17 11:27:55,690 [INFO] CADModel:114 - Register for checkConnection events
2026-02-17 11:27:55,690 [FATAL] Updater:351 - Updater called before beeing initialized
2026-02-17 11:27:55,690 [ERROR] CADModel:125 - Updater not yet initialized, retry later 
2026-02-17 11:27:55,693 [FATAL] Updater:351 - Updater called before beeing initialized
2026-02-17 11:27:55,846 [FATAL] Updater:351 - Updater called before beeing initialized
2026-02-17 11:27:55,850 [INFO] DbMcusAds:53 - JSON generation date=Thu Jan 08 16:57:51 CET 2026 (1767887871456)
2026-02-17 11:27:55,850 [FATAL] Updater:351 - Updater called before beeing initialized
2026-02-17 11:27:55,887 [WARN] DetailPanel:346 - Failed to get advertising image, set to default
2026-02-17 11:27:55,959 [FATAL] Updater:351 - Updater called before beeing initialized
2026-02-17 11:27:55,961 [FATAL] Updater:351 - Updater called before beeing initialized
2026-02-17 11:27:55,961 [FATAL] Updater:351 - Updater called before beeing initialized
2026-02-17 11:27:55,961 [WARN] DetailPanel:346 - Failed to get advertising image, set to default
2026-02-17 11:27:55,962 [FATAL] Updater:351 - Updater called before beeing initialized
2026-02-17 11:27:56,004 [ERROR] Updater:1198 - MainUpdater not yet initialized. External WinMGr cannot be set.
2026-02-17 11:27:56,007 [INFO] Updater:1134 - Updater Version found : 6.15.0
2026-02-17 11:27:56,021 [INFO] ApplicationProperties:184 - Using Application install path: C:\Users\Sterm\Desktop\STM32\STM32CubeIDE_1.18.0\STM32CubeIDE\plugins\com.st.stm32cube.common.mx_6.15.0.202507011659
2026-02-17 11:27:56,361 [INFO] MainUpdater:2872 - connection check result : 10
2026-02-17 11:27:56,362 [INFO] MainUpdater:289 - Updater Check For Update Now.
2026-02-17 11:27:56,362 [INFO] MicroXplorer:498 - Change Database Version : DB.6.0.150
2026-02-17 11:27:56,369 [INFO] McuFinderGlobals:63 - Set McuFinder mode to 2 (CubeIDE integrated)
2026-02-17 11:27:56,370 [INFO] UserAuth:487 - Internet connection configuration mode: 1
2026-02-17 11:27:56,396 [INFO] JxBrowserEngine:152 - Initiate JxBrowser Engine with user profile folder
2026-02-17 11:27:56,545 [INFO] CheckServerUpdateThread:120 - End of CheckServer Thread
2026-02-17 11:27:57,900 [WARN] PackLoader:240 - Cannot read IP mode file for STMicroelectronics.FP-SNS-MOTENVWB1.1.4.0
2026-02-17 11:27:57,916 [WARN] PackLoader:240 - Cannot read IP mode file for STMicroelectronics.FP-ATR-ASTRA1.2.0.2
2026-02-17 11:27:57,929 [WARN] PackLoader:240 - Cannot read IP mode file for STMicroelectronics.X-CUBE-SMBUS.2.1.0
2026-02-17 11:27:57,940 [WARN] PackLoader:240 - Cannot read IP mode file for STMicroelectronics.X-CUBE-WB05N.1.1.0
2026-02-17 11:27:57,949 [WARN] PackLoader:240 - Cannot read IP mode file for STMicroelectronics.X-CUBE-ST60.1.0.0
2026-02-17 11:27:57,983 [WARN] PackLoader:240 - Cannot read IP mode file for STMicroelectronics.X-CUBE-AZRTOS-F7.1.1.0
2026-02-17 11:27:57,993 [WARN] PackLoader:240 - Cannot read IP mode file for STMicroelectronics.FP-SNS-MOTENV1.5.1.0
2026-02-17 11:27:58,008 [WARN] PackLoader:240 - Cannot read IP mode file for STMicroelectronics.FP-SNS-FLIGHT1.5.0.2
2026-02-17 11:27:58,008 [INFO] WebApp:169 - Instantiating new browser for Auth
2026-02-17 11:27:58,038 [WARN] PackLoader:240 - Cannot read IP mode file for Infineon.AIROC-Wi-Fi-Bluetooth-STM32.1.7.0
2026-02-17 11:27:58,079 [WARN] PackLoader:240 - Cannot read IP mode file for STMicroelectronics.X-CUBE-AZRTOS-H7.3.4.0
2026-02-17 11:27:58,093 [WARN] PackLoader:240 - Cannot read IP mode file for STMicroelectronics.X-CUBE-DISPLAY.3.0.0
2026-02-17 11:27:58,105 [WARN] PackLoader:240 - Cannot read IP mode file for STMicroelectronics.X-CUBE-NFC10.1.0.0
2026-02-17 11:27:58,118 [WARN] PackLoader:240 - Cannot read IP mode file for STMicroelectronics.X-CUBE-BLEMGR.4.0.0
2026-02-17 11:27:58,128 [WARN] PackLoader:240 - Cannot read IP mode file for STMicroelectronics.X-CUBE-ST60.1.1.0
2026-02-17 11:27:58,137 [WARN] PackLoader:240 - Cannot read IP mode file for emotas.I-CUBE-CANOPEN.1.3.0
2026-02-17 11:27:58,144 [WARN] PackLoader:240 - Cannot read IP mode file for STMicroelectronics.X-CUBE-GNSS1.7.1.0
2026-02-17 11:27:58,152 [WARN] ConditionMgr:438 - getConditionDescription Invalid condition id : Cortex-A Device cause : null
2026-02-17 11:27:58,164 [WARN] ConditionMgr:1044 - genDependencies : Invalid condition id : Cortex-A Device cause : null
2026-02-17 11:27:58,164 [WARN] ConditionMgr:1044 - genDependencies : Invalid condition id : Cortex-A Device cause : null
2026-02-17 11:27:58,164 [WARN] ConditionMgr:1044 - genDependencies : Invalid condition id : Cortex-A Device cause : null
2026-02-17 11:27:58,169 [WARN] PackLoader:240 - Cannot read IP mode file for STMicroelectronics.X-CUBE-AI.10.0.0
2026-02-17 11:27:58,177 [WARN] PackLoader:240 - Cannot read IP mode file for STMicroelectronics.FP-SNS-STBOX1.2.1.0
2026-02-17 11:27:58,183 [WARN] PackLoader:240 - Cannot read IP mode file for STMicroelectronics.FP-SNS-SMARTAG2.1.2.0
2026-02-17 11:27:58,187 [WARN] PackLoader:240 - Cannot read IP mode file for STMicroelectronics.FP-SNS-FLIGHT1.5.1.0
2026-02-17 11:27:58,233 [WARN] PackLoader:240 - Cannot read IP mode file for STMicroelectronics.X-CUBE-MEMS1.11.1.0
2026-02-17 11:27:58,375 [INFO] LogOutputStream:77 - [STDOUT_REDIRECT] 1 : Invalid condition id : UX_CORESTACK_Condition cause : null
2026-02-17 11:27:58,376 [INFO] LogOutputStream:77 - [STDOUT_REDIRECT] 1 : Invalid condition id : UX_CORESTACK_Condition cause : null
2026-02-17 11:27:58,377 [INFO] LogOutputStream:77 - [STDOUT_REDIRECT] 1 : Invalid condition id : UX_CORESTACK_Condition cause : null
2026-02-17 11:27:58,378 [INFO] LogOutputStream:77 - [STDOUT_REDIRECT] 1 : Invalid condition id : UX_CORESTACK_Condition cause : null
2026-02-17 11:27:58,379 [INFO] LogOutputStream:77 - [STDOUT_REDIRECT] 1 : Invalid condition id : UX_CORESTACK_Condition cause : null
2026-02-17 11:27:58,383 [WARN] PackLoader:240 - Cannot read IP mode file for STMicroelectronics.X-CUBE-AZRTOS-WL.2.0.0
2026-02-17 11:27:58,390 [WARN] PackLoader:240 - Cannot read IP mode file for STMicroelectronics.FP-SNS-MOTENV1.5.0.0
2026-02-17 11:27:58,412 [WARN] PackLoader:240 - Cannot read IP mode file for STMicroelectronics.X-CUBE-AZRTOS-H7RS.1.2.0
2026-02-17 11:27:58,423 [WARN] PackLoader:240 - Cannot read IP mode file for WES.I-CUBE-Cesium.1.3.0
2026-02-17 11:27:58,428 [WARN] PackLoader:240 - Cannot read IP mode file for STMicroelectronics.X-CUBE-BLE2.3.3.0
2026-02-17 11:27:58,474 [WARN] PackLoader:240 - Cannot read IP mode file for STMicroelectronics.X-CUBE-NFC9.1.0.0
2026-02-17 11:27:58,490 [WARN] PackLoader:240 - Cannot read IP mode file for STMicroelectronics.X-CUBE-BLE1.7.1.0
2026-02-17 11:27:58,494 [WARN] PackLoader:240 - Cannot read IP mode file for wolfSSL.I-CUBE-wolfMQTT.1.19.2
2026-02-17 11:27:58,513 [WARN] PackLoader:240 - Cannot read IP mode file for STMicroelectronics.X-CUBE-FREERTOS.1.4.0
2026-02-17 11:27:58,523 [WARN] PackLoader:240 - Cannot read IP mode file for STMicroelectronics.X-CUBE-EEPRMA1.5.2.0
2026-02-17 11:27:58,534 [WARN] PackLoader:240 - Cannot read IP mode file for STMicroelectronics.X-CUBE-ST67W61.1.1.0
2026-02-17 11:27:58,541 [WARN] PackLoader:240 - Cannot read IP mode file for STMicroelectronics.X-CUBE-AI.10.1.0
2026-02-17 11:27:58,676 [WARN] PackLoader:240 - Cannot read IP mode file for STMicroelectronics.X-CUBE-MEMS1.12.0.0
2026-02-17 11:27:58,920 [WARN] PackLoader:240 - Cannot read IP mode file for STMicroelectronics.X-CUBE-MEMS1.11.2.0
2026-02-17 11:27:59,089 [WARN] PackLoader:240 - Cannot read IP mode file for STMicroelectronics.X-CUBE-AZRTOS-G0.1.1.0
2026-02-17 11:27:59,101 [WARN] PackLoader:240 - Cannot read IP mode file for STMicroelectronics.X-CUBE-SAFEA1.1.2.2
2026-02-17 11:27:59,109 [WARN] PackLoader:240 - Cannot read IP mode file for STMicroelectronics.X-CUBE-NFC4.3.0.0
2026-02-17 11:27:59,121 [WARN] PackLoader:240 - Cannot read IP mode file for EmbeddedOffice.I-CUBE-FS-RTOS.1.0.1
2026-02-17 11:27:59,132 [WARN] PackLoader:240 - Cannot read IP mode file for STMicroelectronics.X-CUBE-WB05N.2.0.0
2026-02-17 11:27:59,139 [WARN] PackLoader:240 - Cannot read IP mode file for wolfSSL.I-CUBE-wolfTPM.3.8.0
2026-02-17 11:27:59,147 [WARN] PackLoader:240 - Cannot read IP mode file for STMicroelectronics.X-CUBE-TCPP.4.2.0
2026-02-17 11:27:59,155 [WARN] PackLoader:240 - Cannot read IP mode file for RealThread.X-CUBE-RT-Thread_Nano.4.1.1
2026-02-17 11:27:59,162 [WARN] PackLoader:240 - Cannot read IP mode file for STMicroelectronics.FP-ATR-SIGFOX1.3.2.0
2026-02-17 11:27:59,169 [WARN] PackLoader:240 - Cannot read IP mode file for STMicroelectronics.X-CUBE-EEPRMA1.5.1.0
2026-02-17 11:27:59,179 [WARN] PackLoader:240 - Cannot read IP mode file for wolfSSL.I-CUBE-wolfSSL.5.7.6
2026-02-17 11:27:59,194 [WARN] PackLoader:240 - Cannot read IP mode file for ITTIA_DB.I-CUBE-ITTIADB.8.9.0
2026-02-17 11:27:59,205 [WARN] PackLoader:240 - Cannot read IP mode file for STMicroelectronics.X-CUBE-NFC6.3.2.0
2026-02-17 11:27:59,214 [WARN] PackLoader:240 - Cannot read IP mode file for STMicroelectronics.X-CUBE-ST67W61.1.0.0
2026-02-17 11:27:59,219 [WARN] PackLoader:240 - Cannot read IP mode file for STMicroelectronics.X-CUBE-AI.10.2.0
2026-02-17 11:27:59,247 [WARN] PackLoader:240 - Cannot read IP mode file for SEGGER.I-CUBE-embOS.1.3.1
2026-02-17 11:27:59,290 [WARN] PackLoader:240 - Cannot read IP mode file for STMicroelectronics.X-CUBE-ALGOBUILD.1.4.0
2026-02-17 11:27:59,348 [WARN] PackLoader:240 - Cannot read IP mode file for STMicroelectronics.X-CUBE-MEMS1.11.3.0
2026-02-17 11:27:59,489 [WARN] PackLoader:240 - Cannot read IP mode file for STMicroelectronics.X-CUBE-PM33A1.1.0.0
2026-02-17 11:27:59,511 [WARN] PackLoader:240 - Cannot read IP mode file for STMicroelectronics.X-CUBE-AZRTOS-F4.1.1.0
2026-02-17 11:27:59,519 [WARN] PackLoader:240 - Cannot read IP mode file for Avnet-IotConnect.X-CUBE-IoTC-DA16k-PMOD.1.0.0
2026-02-17 11:27:59,560 [WARN] PackLoader:240 - Cannot read IP mode file for STMicroelectronics.X-CUBE-ISPU.2.1.0
2026-02-17 11:27:59,575 [WARN] PackLoader:240 - Cannot read IP mode file for STMicroelectronics.X-CUBE-IPS.3.2.0
2026-02-17 11:27:59,608 [WARN] PackLoader:240 - Cannot read IP mode file for STMicroelectronics.X-CUBE-NFC12.1.0.0
2026-02-17 11:27:59,633 [WARN] PackLoader:240 - Cannot read IP mode file for STMicroelectronics.X-CUBE-AZRTOS-L5.2.0.0
2026-02-17 11:27:59,645 [WARN] PackLoader:240 - Cannot read IP mode file for STMicroelectronics.X-CUBE-NFC6.3.1.0
2026-02-17 11:27:59,655 [WARN] PackLoader:240 - Cannot read IP mode file for STMicroelectronics.X-CUBE-DPower.1.2.0
2026-02-17 11:27:59,663 [WARN] PackLoader:240 - Cannot read IP mode file for STMicroelectronics.X-CUBE-FREERTOS.1.3.1
2026-02-17 11:27:59,670 [WARN] PackLoader:240 - Cannot read IP mode file for STMicroelectronics.X-CUBE-FREERTOS.1.3.0
2026-02-17 11:27:59,678 [WARN] PackLoader:240 - Cannot read IP mode file for STMicroelectronics.X-CUBE-NFC7.1.0.1
2026-02-17 11:27:59,687 [WARN] PackLoader:240 - Cannot read IP mode file for STMicroelectronics.X-CUBE-TOUCHGFX.4.26.0
2026-02-17 11:27:59,694 [WARN] PackLoader:240 - Cannot read IP mode file for STMicroelectronics.FP-SNS-STAIOTCFT.1.0.0
2026-02-17 11:27:59,701 [WARN] PackLoader:240 - Cannot read IP mode file for STMicroelectronics.X-CUBE-DPower.1.3.0
2026-02-17 11:27:59,714 [INFO] WebApp:463 - Apply proxy settings
2026-02-17 11:27:59,714 [INFO] WebApp:548 - Chromium requires no authentication
2026-02-17 11:27:59,721 [WARN] ConditionMgr:438 - getConditionDescription Invalid condition id : LAN8742 Phy interface Condition cause : null
2026-02-17 11:27:59,722 [WARN] PackLoader:240 - Cannot read IP mode file for STMicroelectronics.X-CUBE-AZRTOS-L4.2.0.0
2026-02-17 11:27:59,724 [WARN] ConditionMgr:1044 - genDependencies : Invalid condition id : LAN8742 Phy interface Condition cause : null
2026-02-17 11:27:59,725 [WARN] ConditionMgr:1044 - genDependencies : Invalid condition id : LAN8742 Phy interface Condition cause : null
2026-02-17 11:27:59,725 [WARN] ConditionMgr:1044 - genDependencies : Invalid condition id : LAN8742 Phy interface Condition cause : null
2026-02-17 11:27:59,732 [INFO] WebApp:491 - Direct internet connection detected
2026-02-17 11:27:59,735 [WARN] PackLoader:240 - Cannot read IP mode file for STMicroelectronics.X-CUBE-SFXS2LP1.4.0.0
2026-02-17 11:27:59,745 [WARN] PackLoader:240 - Cannot read IP mode file for STMicroelectronics.X-CUBE-ST67W61.1.2.0
2026-02-17 11:27:59,894 [WARN] PackLoader:240 - Cannot read IP mode file for STMicroelectronics.X-CUBE-AZRTOS-H7.3.3.0
2026-02-17 11:27:59,902 [INFO] WebApp:900 - Register for checkConnection events
2026-02-17 11:27:59,903 [INFO] WebApp:463 - Apply proxy settings
2026-02-17 11:27:59,904 [INFO] WebApp:548 - Chromium requires no authentication
2026-02-17 11:27:59,905 [INFO] WebApp:491 - Direct internet connection detected
2026-02-17 11:27:59,911 [WARN] PackLoader:240 - Cannot read IP mode file for STMicroelectronics.X-CUBE-BLEMGR.4.1.0
2026-02-17 11:27:59,930 [WARN] ConditionMgr:438 - getConditionDescription Invalid condition id : UX DEVICE CLASS RTOS Condition cause : null
2026-02-17 11:27:59,931 [WARN] ConditionMgr:438 - getConditionDescription Invalid condition id : UX DEVICE CLASS RTOS Condition cause : null
2026-02-17 11:27:59,933 [WARN] PackLoader:240 - Cannot read IP mode file for STMicroelectronics.X-CUBE-AZRTOS-WB.2.0.0
2026-02-17 11:27:59,933 [WARN] ConditionMgr:1044 - genDependencies : Invalid condition id : UX DEVICE CLASS RTOS Condition cause : null
2026-02-17 11:27:59,933 [WARN] ConditionMgr:1044 - genDependencies : Invalid condition id : UX DEVICE CLASS RTOS Condition cause : null
2026-02-17 11:27:59,934 [WARN] ConditionMgr:1044 - genDependencies : Invalid condition id : UX DEVICE CLASS RTOS Condition cause : null
2026-02-17 11:27:59,934 [WARN] ConditionMgr:1044 - genDependencies : Invalid condition id : UX DEVICE CLASS RTOS Condition cause : null
2026-02-17 11:27:59,935 [WARN] ConditionMgr:1044 - genDependencies : Invalid condition id : UX DEVICE CLASS RTOS Condition cause : null
2026-02-17 11:27:59,941 [WARN] PackLoader:240 - Cannot read IP mode file for STMicroelectronics.X-CUBE-GNSS1.7.0.1
2026-02-17 11:27:59,945 [WARN] PackLoader:240 - Cannot read IP mode file for STMicroelectronics.X-CUBE-TOUCHGFX.4.25.0
2026-02-17 11:27:59,952 [WARN] PackLoader:240 - Cannot read IP mode file for STMicroelectronics.FP-SNS-STBOX1.2.0.0
2026-02-17 11:27:59,962 [WARN] PackLoader:240 - Cannot read IP mode file for STMicroelectronics.X-CUBE-STSE01.2.0.0
2026-02-17 11:27:59,975 [WARN] PackLoader:240 - Cannot read IP mode file for STMicroelectronics.X-CUBE-SUBG2.5.0.0
2026-02-17 11:27:59,999 [WARN] PackLoader:240 - Cannot read IP mode file for STMicroelectronics.X-CUBE-AZRTOS-H7RS.1.1.0
2026-02-17 11:28:00,008 [WARN] PackLoader:240 - Cannot read IP mode file for Cesanta.I-CUBE-Mongoose.7.13.0
2026-02-17 11:28:00,028 [WARN] PackLoader:240 - Cannot read IP mode file for STMicroelectronics.X-CUBE-AZRTOS-G4.2.0.0
2026-02-17 11:28:00,036 [WARN] PackLoader:240 - Cannot read IP mode file for wolfSSL.I-CUBE-wolfSSH.1.4.20
2026-02-17 11:28:00,043 [WARN] PackLoader:240 - Cannot read IP mode file for STMicroelectronics.X-CUBE-NFC7.2.0.0
2026-02-17 11:28:00,055 [WARN] PackLoader:240 - Cannot read IP mode file for STMicroelectronics.X-CUBE-IPS.3.1.0
2026-02-17 11:28:00,066 [WARN] PackLoader:240 - Cannot read IP mode file for STMicroelectronics.X-CUBE-ALS.1.0.2
2026-02-17 11:28:00,075 [WARN] PackLoader:240 - Cannot read IP mode file for STMicroelectronics.X-CUBE-STSE01.1.0.0
2026-02-17 11:28:00,083 [WARN] PackLoader:240 - Cannot read IP mode file for portGmbH.I-Cube-SoM-uGOAL.1.1.0
2026-02-17 11:28:00,108 [WARN] PackLoader:240 - Cannot read IP mode file for STMicroelectronics.X-CUBE-AZRTOS-H7RS.1.0.0
2026-02-17 11:28:00,123 [WARN] PackLoader:240 - Cannot read IP mode file for STMicroelectronics.X-CUBE-TOF1.3.4.2
2026-02-17 11:28:00,141 [WARN] PackLoader:240 - Cannot read IP mode file for STMicroelectronics.X-CUBE-TOF1.3.4.3
2026-02-17 11:28:00,152 [INFO] ThirdParty:978 - Integrity check success = true
2026-02-17 11:28:00,152 [INFO] IntegrityCheckThread:100 - exiting critical section [integrity check]
2026-02-17 11:28:00,152 [INFO] IntegrityCheckThread:103 - End integrity checks thread
2026-02-17 11:28:00,414 [INFO] WebApp:225 - Starting web application
2026-02-17 11:28:00,414 [INFO] WebApp:593 - Web application path used C:\Users\Sterm\Desktop\STM32\STM32CubeIDE_1.18.0\STM32CubeIDE\plugins\com.st.stm32cube.common.mx_6.15.0.202507011659\db\plugins\mcufinder\reactClient1\index.html
2026-02-17 11:28:00,428 [INFO] WebApp:191 - Connection restablished
2026-02-17 11:28:00,733 [INFO] UserAuth:487 - Internet connection configuration mode: 1
