This is pdfTeX, Version 3.141592653-2.6-1.40.28 (MiKTeX 25.12) (preloaded format=pdflatex 2026.2.5)  16 FEB 2026 15:24
entering extended mode
 restricted \write18 enabled.
 %&-line parsing enabled.
**./BozzaSup2_Sonsars.tex
(BozzaSup2_Sonsars.tex
LaTeX2e <2025-11-01>
L3 programming layer <2025-12-24>
(C:\Program Files\MiKTeX\tex/latex/base\article.cls
Document Class: article 2025/01/22 v1.4n Standard LaTeX document class
(C:\Program Files\MiKTeX\tex/latex/base\size12.clo
File: size12.clo 2025/01/22 v1.4n Standard LaTeX file (size option)
)
\c@part=\count275
\c@section=\count276
\c@subsection=\count277
\c@subsubsection=\count278
\c@paragraph=\count279
\c@subparagraph=\count280
\c@figure=\count281
\c@table=\count282
\abovecaptionskip=\skip49
\belowcaptionskip=\skip50
\bibindent=\dimen148
)
(C:\Program Files\MiKTeX\tex/latex/graphics\graphicx.sty
Package: graphicx 2024/12/31 v1.2e Enhanced LaTeX Graphics (DPC,SPQR)

(C:\Program Files\MiKTeX\tex/latex/graphics\keyval.sty
Package: keyval 2022/05/29 v1.15 key=value parser (DPC)
\KV@toks@=\toks17
)
(C:\Program Files\MiKTeX\tex/latex/graphics\graphics.sty
Package: graphics 2024/08/06 v1.4g Standard LaTeX Graphics (DPC,SPQR)

(C:\Program Files\MiKTeX\tex/latex/graphics\trig.sty
Package: trig 2023/12/02 v1.11 sin cos tan (DPC)
)
(C:\Program Files\MiKTeX\tex/latex/graphics-cfg\graphics.cfg
File: graphics.cfg 2016/06/04 v1.11 sample graphics configuration
)
Package graphics Info: Driver file: pdftex.def on input line 106.

(C:\Program Files\MiKTeX\tex/latex/graphics-def\pdftex.def
File: pdftex.def 2025/09/29 v1.2d Graphics/color driver for pdftex
))
\Gin@req@height=\dimen149
\Gin@req@width=\dimen150
)
(C:\Program Files\MiKTeX\tex/latex/float\float.sty
Package: float 2001/11/08 v1.3d Float enhancements (AL)
\c@float@type=\count283
\float@exts=\toks18
\float@box=\box53
\@float@everytoks=\toks19
\@floatcapt=\box54
)
(C:\Program Files\MiKTeX\tex/latex/caption\subcaption.sty
Package: subcaption 2023/07/28 v1.6b Sub-captions (AR)

(C:\Program Files\MiKTeX\tex/latex/caption\caption.sty
Package: caption 2023/08/05 v3.6o Customizing captions (AR)

(C:\Program Files\MiKTeX\tex/latex/caption\caption3.sty
Package: caption3 2023/07/31 v2.4d caption3 kernel (AR)
\caption@tempdima=\dimen151
\captionmargin=\dimen152
\caption@leftmargin=\dimen153
\caption@rightmargin=\dimen154
\caption@width=\dimen155
\caption@indent=\dimen156
\caption@parindent=\dimen157
\caption@hangindent=\dimen158
Package caption Info: Standard document class detected.
)
\c@caption@flags=\count284
\c@continuedfloat=\count285
Package caption Info: float package is loaded.
)
Package caption Info: New subtype `subfigure' on input line 238.
\c@subfigure=\count286
Package caption Info: New subtype `subtable' on input line 238.
\c@subtable=\count287
)
(C:\Program Files\MiKTeX\tex/latex/makecell\makecell.sty
Package: makecell 2009/08/03 V0.1e Managing of Tab Column Heads and Cells

(C:\Program Files\MiKTeX\tex/latex/tools\array.sty
Package: array 2025/09/25 v2.6n Tabular extension package (FMi)
\col@sep=\dimen159
\ar@mcellbox=\box55
\extrarowheight=\dimen160
\NC@list=\toks20
\extratabsurround=\skip51
\backup@length=\skip52
\ar@cellbox=\box56
)
\rotheadsize=\dimen161
\c@nlinenum=\count288
\TeXr@lab=\toks21
)
(C:\Program Files\MiKTeX\tex/latex/enumitem\enumitem.sty
Package: enumitem 2025/02/06 v3.11 Customized lists
\labelindent=\skip53
\enit@outerparindent=\dimen162
\enit@toks=\toks22
\enit@inbox=\box57
\enit@count@id=\count289
\enitdp@description=\count290
)
(C:\Program Files\MiKTeX\tex/latex/tools\longtable.sty
Package: longtable 2025-10-13 v4.24 Multi-page Table package (DPC)
\LTleft=\skip54
\LTright=\skip55
\LTpre=\skip56
\LTpost=\skip57
\LTchunksize=\count291
\LTcapwidth=\dimen163
\LT@head=\box58
\LT@firsthead=\box59
\LT@foot=\box60
\LT@lastfoot=\box61
\LT@gbox=\box62
\LT@cols=\count292
\LT@rows=\count293
\c@LT@tables=\count294
\c@LT@chunks=\count295
\LT@p@ftn=\toks23
)
(C:\Program Files\MiKTeX\tex/latex/tools\tabularx.sty
Package: tabularx 2023/12/11 v2.12a `tabularx' package (DPC)
\TX@col@width=\dimen164
\TX@old@table=\dimen165
\TX@old@col=\dimen166
\TX@target=\dimen167
\TX@delta=\dimen168
\TX@cols=\count296
\TX@ftn=\toks24
)
(C:\Program Files\MiKTeX\tex/latex/multirow\multirow.sty
Package: multirow 2024/11/12 v2.9 Span multiple rows of a table
\multirow@colwidth=\skip58
\multirow@cntb=\count297
\multirow@dima=\skip59
\bigstrutjot=\dimen169
)
(C:\Program Files\MiKTeX\tex/latex/amsmath\amsmath.sty
Package: amsmath 2025/07/09 v2.17z AMS math features
\@mathmargin=\skip60

For additional information on amsmath, use the `?' option.
(C:\Program Files\MiKTeX\tex/latex/amsmath\amstext.sty
Package: amstext 2024/11/17 v2.01 AMS text

(C:\Program Files\MiKTeX\tex/latex/amsmath\amsgen.sty
File: amsgen.sty 1999/11/30 v2.0 generic functions
\@emptytoks=\toks25
\ex@=\dimen170
))
(C:\Program Files\MiKTeX\tex/latex/amsmath\amsbsy.sty
Package: amsbsy 1999/11/29 v1.2d Bold Symbols
\pmbraise@=\dimen171
)
(C:\Program Files\MiKTeX\tex/latex/amsmath\amsopn.sty
Package: amsopn 2022/04/08 v2.04 operator names
)
\inf@bad=\count298
LaTeX Info: Redefining \frac on input line 233.
\uproot@=\count299
\leftroot@=\count300
LaTeX Info: Redefining \overline on input line 398.
LaTeX Info: Redefining \colon on input line 409.
\classnum@=\count301
\DOTSCASE@=\count302
LaTeX Info: Redefining \ldots on input line 495.
LaTeX Info: Redefining \dots on input line 498.
LaTeX Info: Redefining \cdots on input line 619.
\Mathstrutbox@=\box63
\strutbox@=\box64
LaTeX Info: Redefining \big on input line 721.
LaTeX Info: Redefining \Big on input line 722.
LaTeX Info: Redefining \bigg on input line 723.
LaTeX Info: Redefining \Bigg on input line 724.
\big@size=\dimen172
LaTeX Font Info:    Redeclaring font encoding OML on input line 742.
LaTeX Font Info:    Redeclaring font encoding OMS on input line 743.
\macc@depth=\count303
LaTeX Info: Redefining \bmod on input line 904.
LaTeX Info: Redefining \pmod on input line 909.
LaTeX Info: Redefining \smash on input line 939.
LaTeX Info: Redefining \relbar on input line 969.
LaTeX Info: Redefining \Relbar on input line 970.
\c@MaxMatrixCols=\count304
\dotsspace@=\muskip17
\c@parentequation=\count305
\dspbrk@lvl=\count306
\tag@help=\toks26
\row@=\count307
\column@=\count308
\maxfields@=\count309
\andhelp@=\toks27
\eqnshift@=\dimen173
\alignsep@=\dimen174
\tagshift@=\dimen175
\tagwidth@=\dimen176
\totwidth@=\dimen177
\lineht@=\dimen178
\@envbody=\toks28
\multlinegap=\skip61
\multlinetaggap=\skip62
\mathdisplay@stack=\toks29
LaTeX Info: Redefining \[ on input line 2950.
LaTeX Info: Redefining \] on input line 2951.
)
(C:\Program Files\MiKTeX\tex/latex/l3backend\l3backend-pdftex.def
File: l3backend-pdftex.def 2025-10-09 L3 backend support: PDF output (pdfTeX)
\l__color_backend_stack_int=\count310
)
(BozzaSup2_Sonsars.aux

LaTeX Warning: Label `' multiply defined.


LaTeX Warning: Label `' multiply defined.


LaTeX Warning: Label `' multiply defined.


LaTeX Warning: Label `' multiply defined.


LaTeX Warning: Label `fig:log_task' multiply defined.

)
\openout1 = `BozzaSup2_Sonsars.aux'.

LaTeX Font Info:    Checking defaults for OML/cmm/m/it on input line 23.
LaTeX Font Info:    ... okay on input line 23.
LaTeX Font Info:    Checking defaults for OMS/cmsy/m/n on input line 23.
LaTeX Font Info:    ... okay on input line 23.
LaTeX Font Info:    Checking defaults for OT1/cmr/m/n on input line 23.
LaTeX Font Info:    ... okay on input line 23.
LaTeX Font Info:    Checking defaults for T1/cmr/m/n on input line 23.
LaTeX Font Info:    ... okay on input line 23.
LaTeX Font Info:    Checking defaults for TS1/cmr/m/n on input line 23.
LaTeX Font Info:    ... okay on input line 23.
LaTeX Font Info:    Checking defaults for OMX/cmex/m/n on input line 23.
LaTeX Font Info:    ... okay on input line 23.
LaTeX Font Info:    Checking defaults for U/cmr/m/n on input line 23.
LaTeX Font Info:    ... okay on input line 23.
 (C:\Program Files\MiKTeX\tex/context/base/mkii\supp-pdf.mkii
[Loading MPS to PDF converter (version 2006.09.02).]
\scratchcounter=\count311
\scratchdimen=\dimen179
\scratchbox=\box65
\nofMPsegments=\count312
\nofMParguments=\count313
\everyMPshowfont=\toks30
\MPscratchCnt=\count314
\MPscratchDim=\dimen180
\MPnumerator=\count315
\makeMPintoPDFobject=\count316
\everyMPtoPDFconversion=\toks31
) (C:\Program Files\MiKTeX\tex/latex/epstopdf-pkg\epstopdf-base.sty
Package: epstopdf-base 2020-01-24 v2.11 Base part for package epstopdf

(C:\Program Files\MiKTeX\tex/generic/infwarerr\infwarerr.sty
Package: infwarerr 2019/12/03 v1.5 Providing info/warning/error messages (HO)
)
(C:\Program Files\MiKTeX\tex/latex/grfext\grfext.sty
Package: grfext 2019/12/03 v1.3 Manage graphics extensions (HO)

(C:\Program Files\MiKTeX\tex/generic/kvdefinekeys\kvdefinekeys.sty
Package: kvdefinekeys 2019-12-19 v1.6 Define keys (HO)
))
(C:\Program Files\MiKTeX\tex/latex/kvoptions\kvoptions.sty
Package: kvoptions 2022-06-15 v3.15 Key value format for package options (HO)

(C:\Program Files\MiKTeX\tex/generic/ltxcmds\ltxcmds.sty
Package: ltxcmds 2023-12-04 v1.26 LaTeX kernel commands for general use (HO)
)
(C:\Program Files\MiKTeX\tex/latex/kvsetkeys\kvsetkeys.sty
Package: kvsetkeys 2022-10-05 v1.19 Key value parser (HO)
))
(C:\Program Files\MiKTeX\tex/generic/pdftexcmds\pdftexcmds.sty
Package: pdftexcmds 2020-06-27 v0.33 Utility functions of pdfTeX for LuaTeX (HO
)

(C:\Program Files\MiKTeX\tex/generic/iftex\iftex.sty
Package: iftex 2024/12/12 v1.0g TeX engine tests
)
Package pdftexcmds Info: \pdf@primitive is available.
Package pdftexcmds Info: \pdf@ifprimitive is available.
Package pdftexcmds Info: \pdfdraftmode found.
)
Package epstopdf-base Info: Redefining graphics rule for `.eps' on input line 4
85.
Package grfext Info: Graphics extension search list:
(grfext)             [.pdf,.png,.jpg,.mps,.jpeg,.jbig2,.jb2,.PDF,.PNG,.JPG,.JPE
G,.JBIG2,.JB2,.eps]
(grfext)             \AppendGraphicsExtensions on input line 504.

(C:\Program Files\MiKTeX\tex/latex/00miktex\epstopdf-sys.cfg
File: epstopdf-sys.cfg 2021/03/18 v2.0 Configuration of epstopdf for MiKTeX
))
Package caption Info: Begin \AtBeginDocument code.
Package caption Info: longtable package is loaded.

(C:\Program Files\MiKTeX\tex/latex/caption\ltcaption.sty
Package: ltcaption 2021/01/08 v1.4c longtable captions (AR)
)
Package caption Info: End \AtBeginDocument code.


LaTeX Warning: No \author given.

[1

{C:/Users/OEM/AppData/Local/MiKTeX/fonts/map/pdftex/pdftex.map}]
(BozzaSup2_Sonsars.toc [2])
\tf@toc=\write3
\openout3 = `BozzaSup2_Sonsars.toc'.

 [3]
<images/Introduzione/architettura_rover.png, id=16, 425.79076pt x 295.70474pt>
File: images/Introduzione/architettura_rover.png Graphic file (type png)
<use images/Introduzione/architettura_rover.png>
Package pdftex.def Info: images/Introduzione/architettura_rover.png  used on in
put line 35.
(pdftex.def)             Requested size: 390.0pt x 270.85144pt.
 [4 <./images/Introduzione/architettura_rover.png>]
Overfull \hbox (5.13573pt too wide) in paragraph at lines 52--53
[]\OT1/cmr/bx/n/12 Controllo PID: \OT1/cmr/m/n/12 La ve-locit^^Ra richi-esta da
l con-troller viene gestita tramite
 []

[5] [6

] [7

]
<images/funzionamento_generale/specifiche/architettura.png, id=35, 965.85844pt 
x 645.91313pt>
File: images/funzionamento_generale/specifiche/architettura.png Graphic file (t
ype png)
<use images/funzionamento_generale/specifiche/architettura.png>
Package pdftex.def Info: images/funzionamento_generale/specifiche/architettura.
png  used on input line 96.
(pdftex.def)             Requested size: 390.0pt x 260.80492pt.
 [8

 <./images/funzionamento_generale/specifiche/architettura.png>]
<images/funzionamento_generale/specifiche/Encoder_faults.png, id=40, 971.12813p
t x 643.6547pt>
File: images/funzionamento_generale/specifiche/Encoder_faults.png Graphic file 
(type png)
<use images/funzionamento_generale/specifiche/Encoder_faults.png>
Package pdftex.def Info: images/funzionamento_generale/specifiche/Encoder_fault
s.png  used on input line 139.
(pdftex.def)             Requested size: 390.0pt x 258.48856pt.

[9] [10 <./images/funzionamento_generale/specifiche/Encoder_faults.png>]
<images/funzionamento_generale/specifiche/Board2_non_riceve.png, id=48, 919.936
87pt x 633.86812pt>
File: images/funzionamento_generale/specifiche/Board2_non_riceve.png Graphic fi
le (type png)
<use images/funzionamento_generale/specifiche/Board2_non_riceve.png>
Package pdftex.def Info: images/funzionamento_generale/specifiche/Board2_non_ri
ceve.png  used on input line 166.
(pdftex.def)             Requested size: 390.0pt x 268.72784pt.

[11 <./images/funzionamento_generale/specifiche/Board2_non_riceve.png>]
<images/funzionamento_generale/specifiche/Board1_non_riceve.png, id=53, 916.172
8pt x 623.32875pt>
File: images/funzionamento_generale/specifiche/Board1_non_riceve.png Graphic fi
le (type png)
<use images/funzionamento_generale/specifiche/Board1_non_riceve.png>
Package pdftex.def Info: images/funzionamento_generale/specifiche/Board1_non_ri
ceve.png  used on input line 186.
(pdftex.def)             Requested size: 390.0pt x 265.34396pt.

[12 <./images/funzionamento_generale/specifiche/Board1_non_riceve.png>]
[13]
Overfull \hbox (8.51576pt too wide) in paragraph at lines 215--215
[]\OT1/cmr/bx/n/17.28 Funzionamento gen-erale del soft-ware di cias-
 []


Overfull \hbox (2.6188pt too wide) in paragraph at lines 226--227
[]\OT1/cmr/m/it/12 data[]last[]valid[]ms\OT1/cmr/m/n/12 : in-dica l'istante tem
-po-rale dell'ultimo ag-gior-na-mento
 []

<images/funzionamento_generale/funzGener_B1.png, id=62, 755.07094pt x 568.37344
pt>
File: images/funzionamento_generale/funzGener_B1.png Graphic file (type png)
<use images/funzionamento_generale/funzGener_B1.png>
Package pdftex.def Info: images/funzionamento_generale/funzGener_B1.png  used o
n input line 233.
(pdftex.def)             Requested size: 390.0pt x 293.56985pt.
[14]
<images/funzionamento_generale/funzGener_B2.png, id=66, 754.31813pt x 569.12625
pt>
File: images/funzionamento_generale/funzGener_B2.png Graphic file (type png)
<use images/funzionamento_generale/funzGener_B2.png>
Package pdftex.def Info: images/funzionamento_generale/funzGener_B2.png  used o
n input line 240.
(pdftex.def)             Requested size: 390.0pt x 294.24525pt.
 [15 <./images/funzionamento_generale/funzGener_B1.png>]
<images/funzionamento_generale/Sonars/disposizioneSonar.png, id=71, 647.41875pt
 x 562.35094pt>
File: images/funzionamento_generale/Sonars/disposizioneSonar.png Graphic file (
type png)
<use images/funzionamento_generale/Sonars/disposizioneSonar.png>
Package pdftex.def Info: images/funzionamento_generale/Sonars/disposizioneSonar
.png  used on input line 257.
(pdftex.def)             Requested size: 234.00238pt x 203.25278pt.
<images/funzionamento_generale/Sonars/segnale_sonar_3m.png, id=72, 517.18219pt 
x 304.88907pt>
File: images/funzionamento_generale/Sonars/segnale_sonar_3m.png Graphic file (t
ype png)
<use images/funzionamento_generale/Sonars/segnale_sonar_3m.png>
Package pdftex.def Info: images/funzionamento_generale/Sonars/segnale_sonar_3m.
png  used on input line 265.
(pdftex.def)             Requested size: 272.99881pt x 160.94377pt.
 [16 <./images/funzionamento_generale/funzGener_B2.png>]
<images/funzionamento_generale/Sonars/configurazione_timIC_sonar.png, id=77, 74
9.04843pt x 486.31688pt>
File: images/funzionamento_generale/Sonars/configurazione_timIC_sonar.png Graph
ic file (type png)
<use images/funzionamento_generale/Sonars/configurazione_timIC_sonar.png>
Package pdftex.def Info: images/funzionamento_generale/Sonars/configurazione_ti
mIC_sonar.png  used on input line 278.
(pdftex.def)             Requested size: 272.99881pt x 177.24075pt.
 [17 <./images/funzionamento_generale/Sonars/disposizioneSonar.png> <./images/f
unzionamento_generale/Sonars/segnale_sonar_3m.png>]
<images/funzionamento_generale/Sonars/callback_sonar.png, id=83, 579.66562pt x 
544.28343pt>
File: images/funzionamento_generale/Sonars/callback_sonar.png Graphic file (typ
e png)
<use images/funzionamento_generale/Sonars/callback_sonar.png>
Package pdftex.def Info: images/funzionamento_generale/Sonars/callback_sonar.pn
g  used on input line 288.
(pdftex.def)             Requested size: 272.99881pt x 256.33647pt.
 [18 <./images/funzionamento_generale/Sonars/configurazione_timIC_sonar.png>]
<images/funzionamento_generale/Sonars/sonars_snapshot.png, id=88, 564.60938pt x
 120.45pt>
File: images/funzionamento_generale/Sonars/sonars_snapshot.png Graphic file (ty
pe png)
<use images/funzionamento_generale/Sonars/sonars_snapshot.png>
Package pdftex.def Info: images/funzionamento_generale/Sonars/sonars_snapshot.p
ng  used on input line 296.
(pdftex.def)             Requested size: 272.99881pt x 58.23988pt.
 [19 <./images/funzionamento_generale/Sonars/callback_sonar.png> <./images/funz
ionamento_generale/Sonars/sonars_snapshot.png>]
<images/funzionamento_generale/user_command/task_step_BLE.png, id=95, 417.05812
pt x 475.7775pt>
File: images/funzionamento_generale/user_command/task_step_BLE.png Graphic file
 (type png)
<use images/funzionamento_generale/user_command/task_step_BLE.png>
Package pdftex.def Info: images/funzionamento_generale/user_command/task_step_B
LE.png  used on input line 312.
(pdftex.def)             Requested size: 312.00119pt x 355.94655pt.
 [20

 <./images/funzionamento_generale/user_command/task_step_BLE.png>]
<images/funzionamento_generale/user_command/BLE_snapshot.png, id=100, 547.2947p
t x 322.20375pt>
File: images/funzionamento_generale/user_command/BLE_snapshot.png Graphic file 
(type png)
<use images/funzionamento_generale/user_command/BLE_snapshot.png>
Package pdftex.def Info: images/funzionamento_generale/user_command/BLE_snapsho
t.png  used on input line 324.
(pdftex.def)             Requested size: 272.99881pt x 160.7229pt.
 [21 <./images/funzionamento_generale/user_command/BLE_snapshot.png>]
<images/Joystick/joystick.jpg, id=105, 1027.84pt x 587.19376pt>
File: images/Joystick/joystick.jpg Graphic file (type jpg)
<use images/Joystick/joystick.jpg>
Package pdftex.def Info: images/Joystick/joystick.jpg  used on input line 345.
(pdftex.def)             Requested size: 390.0pt x 222.80443pt.
<images/Joystick/RappresentazioneTasti.png, id=106, 354.123pt x 163.20975pt>
File: images/Joystick/RappresentazioneTasti.png Graphic file (type png)
<use images/Joystick/RappresentazioneTasti.png>
Package pdftex.def Info: images/Joystick/RappresentazioneTasti.png  used on inp
ut line 351.
(pdftex.def)             Requested size: 350.99762pt x 161.77985pt.
 [22

 <./images/Joystick/joystick.jpg> <./images/Joystick/RappresentazioneTasti.png>
]
<images/Joystick/OnConnect.png, id=111, 425.79076pt x 308.352pt>
File: images/Joystick/OnConnect.png Graphic file (type png)
<use images/Joystick/OnConnect.png>
Package pdftex.def Info: images/Joystick/OnConnect.png  used on input line 362.

(pdftex.def)             Requested size: 390.0pt x 282.43573pt.

Overfull \hbox (26.13956pt too wide) in paragraph at lines 359--365
[]\OT1/cmr/bx/n/12 Parsing dei dati: \OT1/cmr/m/n/12 Tramite le call-back della
 li-bre-ria (\OT1/cmtt/m/n/12 onConnectedGamepad\OT1/cmr/m/n/12 ),
 []

[23 <./images/Joystick/OnConnect.png>]
<images/Joystick/Loop.png, id=117, 311.36325pt x 241.50224pt>
File: images/Joystick/Loop.png Graphic file (type png)
<use images/Joystick/Loop.png>
Package pdftex.def Info: images/Joystick/Loop.png  used on input line 371.
(pdftex.def)             Requested size: 390.0pt x 302.51086pt.

Overfull \hbox (1.79701pt too wide) in paragraph at lines 368--374
[]\OT1/cmr/bx/n/12 Normalizzazione: \OT1/cmr/m/n/12 Viene con-tin-u-a-mente mon
-i-torato lo stato del BLue-
 []

[24

 <./images/Joystick/Loop.png>]
<images/Joystick/OnRequest.png, id=122, 254.1495pt x 58.41824pt>
File: images/Joystick/OnRequest.png Graphic file (type png)
<use images/Joystick/OnRequest.png>
Package pdftex.def Info: images/Joystick/OnRequest.png  used on input line 380.

(pdftex.def)             Requested size: 390.0pt x 89.65236pt.

Overfull \hbox (50.85172pt too wide) in paragraph at lines 377--383
\OT1/cmr/m/n/12 la Board 2 in-ter-roga l'ESP32 (tramite la fun-zione \OT1/cmtt/
m/n/12 BleController[]I2C[]ReadFrame
 []

<images/Joystick/OnDIsconnect.png, id=123, 248.72925pt x 76.48575pt>
File: images/Joystick/OnDIsconnect.png Graphic file (type png)
<use images/Joystick/OnDIsconnect.png>
Package pdftex.def Info: images/Joystick/OnDIsconnect.png  used on input line 3
88.
(pdftex.def)             Requested size: 390.0pt x 119.93112pt.
[25

 <./images/Joystick/OnRequest.png> <./images/Joystick/OnDIsconnect.png>]
<images/funzionamento_generale/IMU/IMU_snapshot.png, id=130, 548.0475pt x 348.5
5219pt>
File: images/funzionamento_generale/IMU/IMU_snapshot.png Graphic file (type png
)
<use images/funzionamento_generale/IMU/IMU_snapshot.png>
Package pdftex.def Info: images/funzionamento_generale/IMU/IMU_snapshot.png  us
ed on input line 398.
(pdftex.def)             Requested size: 272.99881pt x 173.6268pt.
<images/funzionamento_generale/TaskSupervisoreB2/task_step_supervisorB2.png, id
=131, 439.6425pt x 612.03656pt>
File: images/funzionamento_generale/TaskSupervisoreB2/task_step_supervisorB2.pn
g Graphic file (type png)
<use images/funzionamento_generale/TaskSupervisoreB2/task_step_supervisorB2.png
>
Package pdftex.def Info: images/funzionamento_generale/TaskSupervisoreB2/task_s
tep_supervisorB2.png  used on input line 413.
(pdftex.def)             Requested size: 312.00119pt x 434.35287pt.

[26

 <./images/funzionamento_generale/IMU/IMU_snapshot.png>] [27 <./images/funziona
mento_generale/TaskSupervisoreB2/task_step_supervisorB2.png>]
<images/funzionamento_generale/TaskSupervisoreB2/B2Actuation.png, id=140, 567.6
2062pt x 444.15938pt>
File: images/funzionamento_generale/TaskSupervisoreB2/B2Actuation.png Graphic f
ile (type png)
<use images/funzionamento_generale/TaskSupervisoreB2/B2Actuation.png>
Package pdftex.def Info: images/funzionamento_generale/TaskSupervisoreB2/B2Actu
ation.png  used on input line 441.
(pdftex.def)             Requested size: 312.00119pt x 244.14607pt.
 [28]
<images/funzionamento_generale/TaskSupervisoreB2/snapshot_supervisoreB2.png, id
=145, 496.10344pt x 339.51843pt>
File: images/funzionamento_generale/TaskSupervisoreB2/snapshot_supervisoreB2.pn
g Graphic file (type png)
<use images/funzionamento_generale/TaskSupervisoreB2/snapshot_supervisoreB2.png
>
Package pdftex.def Info: images/funzionamento_generale/TaskSupervisoreB2/snapsh
ot_supervisoreB2.png  used on input line 454.
(pdftex.def)             Requested size: 312.00119pt x 213.52473pt.
 [29 <./images/funzionamento_generale/TaskSupervisoreB2/B2Actuation.png>]
<images/funzionamento_generale/LogBoard2/LogTask.png, id=150, 342.5297pt x 295.
1025pt>
File: images/funzionamento_generale/LogBoard2/LogTask.png Graphic file (type pn
g)
<use images/funzionamento_generale/LogBoard2/LogTask.png>
Package pdftex.def Info: images/funzionamento_generale/LogBoard2/LogTask.png  u
sed on input line 476.
(pdftex.def)             Requested size: 312.00119pt x 268.82286pt.
 [30 <./images/funzionamento_generale/TaskSupervisoreB2/snapshot_supervisoreB2.
png>]
<images/funzionamento_generale/BatTemp/BoardHelathTask.png, id=155, 359.09157pt
 x 503.63156pt>
File: images/funzionamento_generale/BatTemp/BoardHelathTask.png Graphic file (t
ype png)
<use images/funzionamento_generale/BatTemp/BoardHelathTask.png>
Package pdftex.def Info: images/funzionamento_generale/BatTemp/BoardHelathTask.
png  used on input line 503.
(pdftex.def)             Requested size: 312.00119pt x 437.61798pt.
 [31 <./images/funzionamento_generale/LogBoard2/LogTask.png>] [32 <./images/fun
zionamento_generale/BatTemp/BoardHelathTask.png>]
<images/funzionamento_generale/TaskSupervisoreB1/task_step_supervisorB1.png, id
=165, 425.33907pt x 613.54219pt>
File: images/funzionamento_generale/TaskSupervisoreB1/task_step_supervisorB1.pn
g Graphic file (type png)
<use images/funzionamento_generale/TaskSupervisoreB1/task_step_supervisorB1.png
>
Package pdftex.def Info: images/funzionamento_generale/TaskSupervisoreB1/task_s
tep_supervisorB1.png  used on input line 528.
(pdftex.def)             Requested size: 312.00119pt x 450.07275pt.
 [33] [34 <./images/funzionamento_generale/TaskSupervisoreB1/task_step_supervis
orB1.png>]
Overfull \hbox (12.3898pt too wide) in paragraph at lines 545--548
\OT1/cmr/m/n/12 l'affidabilit^^Ra della co-mu-ni-cazione inter-board. Qualora r
ilevi un'instabilit^^Ra
 []

<images/funzionamento_generale/TaskSupervisoreB1/snapshot_supervisoreB1.png, id
=173, 496.85625pt x 373.395pt>
File: images/funzionamento_generale/TaskSupervisoreB1/snapshot_supervisoreB1.pn
g Graphic file (type png)
<use images/funzionamento_generale/TaskSupervisoreB1/snapshot_supervisoreB1.png
>
Package pdftex.def Info: images/funzionamento_generale/TaskSupervisoreB1/snapsh
ot_supervisoreB1.png  used on input line 555.
(pdftex.def)             Requested size: 312.00119pt x 234.47662pt.
[35 <./images/funzionamento_generale/TaskSupervisoreB1/snapshot_supervisoreB1.p
ng>]
File: images/funzionamento_generale/LogBoard2/LogTask.png Graphic file (type pn
g)
<use images/funzionamento_generale/LogBoard2/LogTask.png>
Package pdftex.def Info: images/funzionamento_generale/LogBoard2/LogTask.png  u
sed on input line 596.
(pdftex.def)             Requested size: 312.00119pt x 268.82286pt.
 [36]
Overfull \hbox (55.85033pt too wide) in paragraph at lines 608--616
 [][] 
 []

[37]
<images/funzionamento_generale/comm_b2b1.png, id=185, 1412.27625pt x 540.51938p
t>
File: images/funzionamento_generale/comm_b2b1.png Graphic file (type png)
<use images/funzionamento_generale/comm_b2b1.png>
Package pdftex.def Info: images/funzionamento_generale/comm_b2b1.png  used on i
nput line 631.
(pdftex.def)             Requested size: 390.0pt x 149.26598pt.
 [38 <./images/funzionamento_generale/comm_b2b1.png>]
<images/funzionamento_generale/comm_b1b2.png, id=190, 1413.78188pt x 526.96875p
t>
File: images/funzionamento_generale/comm_b1b2.png Graphic file (type png)
<use images/funzionamento_generale/comm_b1b2.png>
Package pdftex.def Info: images/funzionamento_generale/comm_b1b2.png  used on i
nput line 641.
(pdftex.def)             Requested size: 390.0pt x 145.36311pt.
 [39 <./images/funzionamento_generale/comm_b1b2.png>]
<images/SupervisoreB1/SupervisoreB1_simulink.png, id=195, 776.9025pt x 514.1709
4pt>
File: images/SupervisoreB1/SupervisoreB1_simulink.png Graphic file (type png)
<use images/SupervisoreB1/SupervisoreB1_simulink.png>
Package pdftex.def Info: images/SupervisoreB1/SupervisoreB1_simulink.png  used 
on input line 705.
(pdftex.def)             Requested size: 312.00119pt x 206.48853pt.

Overfull \hbox (62.03563pt too wide) in paragraph at lines 713--714
[]\OT1/cmr/bx/n/12 Aggregazione Fualt\OT1/cmr/m/n/12 : ag-grega le anoma-lie ri
l-e-vate nella parte di $\OML/cmm/m/it/12 rilevazionefaults$
 []

[40 <./images/SupervisoreB1/SupervisoreB1_simulink.png>]
<images/SupervisoreB1/CMD_BOARD2.png, id=200, 171.64125pt x 179.92218pt>
File: images/SupervisoreB1/CMD_BOARD2.png Graphic file (type png)
<use images/SupervisoreB1/CMD_BOARD2.png>
Package pdftex.def Info: images/SupervisoreB1/CMD_BOARD2.png  used on input lin
e 729.
(pdftex.def)             Requested size: 117.00119pt x 122.6447pt.

Overfull \hbox (9.6135pt too wide) in paragraph at lines 733--736
\OML/cmm/m/it/12 y[]norm \OMS/cmsy/m/n/12 ^^A \OML/cmm/m/it/12 MAX[]SPEED$ \OT1
/cmr/m/n/12 e $\OML/cmm/m/it/12 steering[]cmd \OT1/cmr/m/n/12 = \OML/cmm/m/it/1
2 x[]norm \OMS/cmsy/m/n/12 ^^A \OML/cmm/m/it/12 MAX[]TURN$\OT1/cmr/m/n/12 ). 
 []

<images/SupervisoreB1/BoardHealthSnapshot.png, id=201, 560.0925pt x 152.06813pt
>
File: images/SupervisoreB1/BoardHealthSnapshot.png Graphic file (type png)
<use images/SupervisoreB1/BoardHealthSnapshot.png>
Package pdftex.def Info: images/SupervisoreB1/BoardHealthSnapshot.png  used on 
input line 744.
(pdftex.def)             Requested size: 272.99881pt x 74.1242pt.

Overfull \hbox (60.86807pt too wide) in paragraph at lines 741--747
[]\OT1/cmr/bx/n/12 Board[]Health\OT1/cmr/m/n/12 : ^^Re l'ultimo snap-shot di sa
lute del sis-tema ($\OML/cmm/m/it/12 BoardHealthSnapshot$\OT1/cmr/m/n/12 ),
 []

[41 <./images/SupervisoreB1/CMD_BOARD2.png>]
<images/SupervisoreB1/Encoder_snapshot.png, id=206, 678.28406pt x 182.18062pt>
File: images/SupervisoreB1/Encoder_snapshot.png Graphic file (type png)
<use images/SupervisoreB1/Encoder_snapshot.png>
Package pdftex.def Info: images/SupervisoreB1/Encoder_snapshot.png  used on inp
ut line 751.
(pdftex.def)             Requested size: 272.99881pt x 73.32407pt.

Overfull \hbox (15.5793pt too wide) in paragraph at lines 748--754
[]\OT1/cmr/bx/n/12 Encoder\OT1/cmr/m/n/12 : ^^Re l'ultimo snap-shot delle ve-lo
cit^^Ra delle ruote ($\OML/cmm/m/it/12 wheel[]speed[]rpm$\OT1/cmr/m/n/12 )
 []


Overfull \hbox (0.64967pt too wide) in paragraph at lines 748--754
\OT1/cmr/m/n/12 e di even-tu-ali anoma-lie riscon-trate in uno dei mo-tori ($\O
ML/cmm/m/it/12 has[]no[]feedback$\OT1/cmr/m/n/12 ).
 []


Overfull \hbox (82.34799pt too wide) in paragraph at lines 772--781
 [][] 
 []

[42 <./images/SupervisoreB1/BoardHealthSnapshot.png> <./images/SupervisoreB1/En
coder_snapshot.png>]
<images/SupervisoreB1/Gestione_Faults.png, id=212, 1221.81468pt x 549.55313pt>
File: images/SupervisoreB1/Gestione_Faults.png Graphic file (type png)
<use images/SupervisoreB1/Gestione_Faults.png>
Package pdftex.def Info: images/SupervisoreB1/Gestione_Faults.png  used on inpu
t line 797.
(pdftex.def)             Requested size: 312.00119pt x 140.33125pt.

Overfull \hbox (58.20287pt too wide) in alignment at lines 807--812
 [] [] [] 
 []


Overfull \hbox (58.20287pt too wide) in alignment at lines 812--817
 [] [] [] 
 []


Overfull \hbox (58.20287pt too wide) in alignment at lines 817--820
 [] [] [] 
 []


Underfull \hbox (badness 2452) in paragraph at lines 826--828
\OT1/cmr/m/n/12 gior-na-mento della tem-
 []


Underfull \hbox (badness 2689) in paragraph at lines 826--828
\OT1/cmr/m/n/12 per-atura ^^Re di $0\OML/cmm/m/it/12 :\OT1/cmr/m/n/12 5$s, si
 []


Underfull \hbox (badness 1005) in paragraph at lines 826--828
\OT1/cmr/m/n/12 ipo-tizza che la tem-per-
 []


Underfull \hbox (badness 4886) in paragraph at lines 837--839
\OT1/cmr/m/n/12 gior-na-mento della per-
 []


Underfull \hbox (badness 4673) in paragraph at lines 837--839
\OT1/cmr/m/n/12 centuale bat-te-ria ^^Re di
 []


Underfull \hbox (badness 6893) in paragraph at lines 837--839
\OT1/cmr/m/n/12 0\OML/cmm/m/it/12 :\OT1/cmr/m/n/12 42%\OML/cmm/m/it/12 =\OT1/cm
r/m/n/12 s$. Se questa
 []


Underfull \hbox (badness 1997) in paragraph at lines 845--848
[]|\OT1/cmr/m/n/12 Viene at-ti-vato dalla fun-
 []


Underfull \hbox (badness 10000) in paragraph at lines 845--848
\OT1/cmr/m/n/12 zione $\OML/cmm/m/it/12 has[]no[]feedback\OT1/cmr/m/n/12 (\OML/
cmm/m/it/12 i\OT1/cmr/m/n/12 )$
 []


Underfull \hbox (badness 10000) in paragraph at lines 845--848
\OT1/cmr/m/n/12 di im-pulsi dall'encoder
 []


Underfull \hbox (badness 10000) in paragraph at lines 845--848
\OT1/cmr/m/n/12 o un blocco mec-ca-nico
 []


Underfull \hbox (badness 7168) in paragraph at lines 845--848
\OT1/cmr/m/n/12 per-me-tte l'attivazione di
 []


Underfull \hbox (badness 10000) in paragraph at lines 845--848
\OT1/cmr/m/n/12 una log-ica di re-cu-pero
 []


Underfull \hbox (badness 2469) in paragraph at lines 845--848
\OT1/cmr/m/n/12 sen-sori in-te-gri degli al-tri
 []


Underfull \hbox (badness 5832) in paragraph at lines 849--852
\OT1/cmr/m/n/12 quando alla perdita del
 []


Underfull \hbox (badness 10000) in paragraph at lines 849--852
\OT1/cmr/m/n/12 feed-back dell'encoder si
 []


Underfull \hbox (badness 3884) in paragraph at lines 849--852
\OT1/cmr/m/n/12 somma un'incoerenza tra
 []


Underfull \hbox (badness 2126) in paragraph at lines 849--852
\OT1/cmr/m/n/12 il dato del sen-sore IMU
 []


Underfull \hbox (badness 10000) in paragraph at lines 849--852
\OT1/cmr/m/n/12 e la ro-tazione sti-mata
 []


Underfull \hbox (badness 5217) in paragraph at lines 849--852
\OT1/cmr/m/n/12 tramite l'odometria delle
 []


Underfull \hbox (badness 1314) in paragraph at lines 849--852
\OT1/cmr/m/n/12 ruote. Tale dis-crepanza,
 []


Underfull \hbox (badness 10000) in paragraph at lines 849--852
\OT1/cmr/m/n/12 ale $\OML/cmm/m/it/12 isMotionConsistent$\OT1/cmr/m/n/12 ,
 []


Underfull \hbox (badness 3229) in paragraph at lines 849--852
\OT1/cmr/m/n/12 in-dica che il sis-tema di
 []


Underfull \hbox (badness 10000) in paragraph at lines 849--852
\OT1/cmr/m/n/12 di garan-tire una stima
 []


Underfull \hbox (badness 2376) in paragraph at lines 853--856
\OT1/cmr/m/n/12 sot-to-sis-tema. In questo
 []


Underfull \hbox (badness 6204) in paragraph at lines 853--856
\OT1/cmr/m/n/12 as-senza di anoma-lie sia
 []


Underfull \hbox (badness 3068) in paragraph at lines 853--856
\OT1/cmr/m/n/12 a liv-ello lo-cale, dove la
 []


Underfull \hbox (badness 10000) in paragraph at lines 853--856
\OT1/cmr/m/n/12 ve-locit^^Ra cal-co-lata dagli
 []


Underfull \hbox (badness 10000) in paragraph at lines 853--856
\OT1/cmr/m/n/12 en-coder risulta co-er-ente
 []


Underfull \hbox (badness 10000) in paragraph at lines 853--856
\OT1/cmr/m/n/12 con il co-mando im-par-
 []


Underfull \hbox (badness 10000) in paragraph at lines 853--856
\OT1/cmr/m/n/12 tito (ver-i-fi-cato tramite
 []


Underfull \hbox (badness 3989) in paragraph at lines 853--856
\OT1/cmr/m/n/12 del sen-sore IMU con-fer-
 []


Underfull \hbox (badness 3386) in paragraph at lines 853--856
\OT1/cmr/m/n/12 in base agli RPM delle
 []


Underfull \hbox (badness 10000) in paragraph at lines 853--856
\OT1/cmr/m/n/12 ruote (ver-i-fi-cato tramite
 []


Underfull \hbox (badness 1527) in paragraph at lines 861--863
[]|\OT1/cmr/m/n/12 Questo val-ore in-dica una
 []


Underfull \hbox (badness 10000) in paragraph at lines 861--863
\OT1/cmr/m/n/12 dis-con-ti-nuit^^Ra op-er-a-tiva
 []


Underfull \hbox (badness 1117) in paragraph at lines 861--863
\OT1/cmr/m/n/12 ogni volta che viene es-e-
 []


Underfull \hbox (badness 5592) in paragraph at lines 864--864
[]|\OT1/cmr/m/n/12 Se l'intervallo di tempo
 []


Underfull \hbox (badness 5533) in paragraph at lines 864--864
\OT1/cmr/m/n/12 dall'ultimo ag-gior-na-mento
 []


Underfull \hbox (badness 2368) in paragraph at lines 864--864
\OT1/cmr/m/n/12 sore di Board2 su-pera i
 []


Underfull \hbox (badness 10000) in paragraph at lines 870--873
\OT1/cmr/m/n/12 co-mu-ni-cazione in-sta-bile.
 []


Underfull \hbox (badness 10000) in paragraph at lines 870--873
\OT1/cmr/m/n/12 Sebbene il col-lega-mento
 []


Underfull \hbox (badness 1509) in paragraph at lines 870--873
\OT1/cmr/m/n/12 dei pac-chetti im-pedis-cono
 []


Underfull \hbox (badness 10000) in paragraph at lines 870--873
\OT1/cmr/m/n/12 abile data[]last[]valid[]ms.
 []


Underfull \hbox (badness 10000) in paragraph at lines 870--873
\OT1/cmr/m/n/12 Il sis-tema mon-i-tora la
 []


Underfull \hbox (badness 3668) in paragraph at lines 870--873
\OT1/cmr/m/n/12 10 in-ter-valli di ricezione
 []


Underfull \hbox (badness 5592) in paragraph at lines 874--874
[]|\OT1/cmr/m/n/12 Se l'intervallo di tempo
 []


Underfull \hbox (badness 5578) in paragraph at lines 874--874
\OT1/cmr/m/n/12 dall'ultima ricezione cor-
 []


Overfull \hbox (58.20287pt too wide) in alignment at lines 820--879
 [] [] [] 
 []

[43 <./images/SupervisoreB1/Gestione_Faults.png>]
ignored error: Infinite glue shrinkage found in box being split [44]
ignored error: Infinite glue shrinkage found in box being split [45]
ignored error: Infinite glue shrinkage found in box being split [46]
<images/SupervisoreB1/B1_to_B2_command.png, id=227, 740.7675pt x 486.31688pt>
File: images/SupervisoreB1/B1_to_B2_command.png Graphic file (type png)
<use images/SupervisoreB1/B1_to_B2_command.png>
Package pdftex.def Info: images/SupervisoreB1/B1_to_B2_command.png  used on inp
ut line 896.
(pdftex.def)             Requested size: 312.00119pt x 204.83049pt.
 [47]
<images/SupervisoreB1/rele_board1.png, id=231, 1284.8pt x 842.14626pt>
File: images/SupervisoreB1/rele_board1.png Graphic file (type png)
<use images/SupervisoreB1/rele_board1.png>
Package pdftex.def Info: images/SupervisoreB1/rele_board1.png  used on input li
ne 914.
(pdftex.def)             Requested size: 175.49881pt x 115.02124pt.
<images/SupervisoreB1/rele_board2.png, id=232, 1284.8pt x 869.2475pt>
File: images/SupervisoreB1/rele_board2.png Graphic file (type png)
<use images/SupervisoreB1/rele_board2.png>
Package pdftex.def Info: images/SupervisoreB1/rele_board2.png  used on input li
ne 920.
(pdftex.def)             Requested size: 175.49881pt x 118.72276pt.

[48 <./images/SupervisoreB1/B1_to_B2_command.png>]
<images/SupervisoreB1/costruzione_maschere.png, id=239, 496.10344pt x 399.74344
pt>
File: images/SupervisoreB1/costruzione_maschere.png Graphic file (type png)
<use images/SupervisoreB1/costruzione_maschere.png>
Package pdftex.def Info: images/SupervisoreB1/costruzione_maschere.png  used on
 input line 933.
(pdftex.def)             Requested size: 312.00119pt x 251.40051pt.

Overfull \hbox (80.84581pt too wide) in paragraph at lines 945--966
 [][] 
 []

[49 <./images/SupervisoreB1/rele_board1.png (PNG copy)> <./images/SupervisoreB1
/rele_board2.png (PNG copy)> <./images/SupervisoreB1/costruzione_maschere.png>]
<images/SupervisoreB1/decisione_vel_rot.png, id=245, 1374.63562pt x 623.32875pt
>
File: images/SupervisoreB1/decisione_vel_rot.png Graphic file (type png)
<use images/SupervisoreB1/decisione_vel_rot.png>
Package pdftex.def Info: images/SupervisoreB1/decisione_vel_rot.png  used on in
put line 974.
(pdftex.def)             Requested size: 390.0pt x 176.84209pt.
<images/SupervisoreB1/scaling_Riferimenti.png, id=246, 571.38469pt x 485.56406p
t>
File: images/SupervisoreB1/scaling_Riferimenti.png Graphic file (type png)
<use images/SupervisoreB1/scaling_Riferimenti.png>
Package pdftex.def Info: images/SupervisoreB1/scaling_Riferimenti.png  used on 
input line 986.
(pdftex.def)             Requested size: 312.00119pt x 265.14209pt.
[50 <./images/SupervisoreB1/decisione_vel_rot.png>]
<images/SupervisoreB1/calcolo_safety_status.png, id=251, 1379.90532pt x 627.845
63pt>
File: images/SupervisoreB1/calcolo_safety_status.png Graphic file (type png)
<use images/SupervisoreB1/calcolo_safety_status.png>
Package pdftex.def Info: images/SupervisoreB1/calcolo_safety_status.png  used o
n input line 994.
(pdftex.def)             Requested size: 312.00119pt x 141.95851pt.
 [51 <./images/SupervisoreB1/scaling_Riferimenti.png>] [52 <./images/Supervisor
eB1/calcolo_safety_status.png>]
<images/SupervisoreB2/SupervisoreBoard2_InputOutput.png, id=260, 784.43062pt x 
624.08156pt>
File: images/SupervisoreB2/SupervisoreBoard2_InputOutput.png Graphic file (type
 png)
<use images/SupervisoreB2/SupervisoreBoard2_InputOutput.png>
Package pdftex.def Info: images/SupervisoreB2/SupervisoreBoard2_InputOutput.png
  used on input line 1045.
(pdftex.def)             Requested size: 312.00119pt x 248.22836pt.
 [53 <./images/SupervisoreB2/SupervisoreBoard2_InputOutput.png>]
<images/SupervisoreB2/GestioneRilevamentoOstacoli/GestioneOstacoliB2.png, id=26
5, 941.01563pt x 548.0475pt>
File: images/SupervisoreB2/GestioneRilevamentoOstacoli/GestioneOstacoliB2.png G
raphic file (type png)
<use images/SupervisoreB2/GestioneRilevamentoOstacoli/GestioneOstacoliB2.png>
Package pdftex.def Info: images/SupervisoreB2/GestioneRilevamentoOstacoli/Gesti
oneOstacoliB2.png  used on input line 1100.
(pdftex.def)             Requested size: 350.99762pt x 204.42181pt.
 [54]
<images/SupervisoreB2/GestioneRilevamentoOstacoli/GestioneOstacoli_StatoNonDegr
adato.png, id=269, 1321.93875pt x 661.72218pt>
File: images/SupervisoreB2/GestioneRilevamentoOstacoli/GestioneOstacoli_StatoNo
nDegradato.png Graphic file (type png)
<use images/SupervisoreB2/GestioneRilevamentoOstacoli/GestioneOstacoli_StatoNon
Degradato.png>
Package pdftex.def Info: images/SupervisoreB2/GestioneRilevamentoOstacoli/Gesti
oneOstacoli_StatoNonDegradato.png  used on input line 1109.
(pdftex.def)             Requested size: 350.99762pt x 175.69884pt.

Overfull \hbox (7.88676pt too wide) in paragraph at lines 1114--1115
[]\OT1/cmr/m/n/12 In par-ti-co-lare, il chart ^^Re com-posto da 2 stati par-al-
leli: \OT1/cmr/m/it/12 Sonars \OT1/cmr/m/n/12 e \OT1/cmr/m/it/12 B2Decisione 
 []

<images/SupervisoreB2/GestioneRilevamentoOstacoli/SonarsState.png, id=270, 879.
285pt x 617.30624pt>
File: images/SupervisoreB2/GestioneRilevamentoOstacoli/SonarsState.png Graphic 
file (type png)
<use images/SupervisoreB2/GestioneRilevamentoOstacoli/SonarsState.png>
Package pdftex.def Info: images/SupervisoreB2/GestioneRilevamentoOstacoli/Sonar
sState.png  used on input line 1119.
(pdftex.def)             Requested size: 175.49881pt x 123.20473pt.
<images/SupervisoreB2/GestioneRilevamentoOstacoli/B2DecisionState.png, id=271, 
426.84468pt x 374.14781pt>
File: images/SupervisoreB2/GestioneRilevamentoOstacoli/B2DecisionState.png Grap
hic file (type png)
<use images/SupervisoreB2/GestioneRilevamentoOstacoli/B2DecisionState.png>
Package pdftex.def Info: images/SupervisoreB2/GestioneRilevamentoOstacoli/B2Dec
isionState.png  used on input line 1125.
(pdftex.def)             Requested size: 175.49881pt x 153.83546pt.

LaTeX Warning: `h' float specifier changed to `ht'.

[55 <./images/SupervisoreB2/GestioneRilevamentoOstacoli/GestioneOstacoliB2.png>
 <./images/SupervisoreB2/GestioneRilevamentoOstacoli/GestioneOstacoli_StatoNonD
egradato.png>]
<images/SupervisoreB2/GestioneRilevamentoOstacoli/distanceLt_70.png, id=278, 11
47.28625pt x 208.52907pt>
File: images/SupervisoreB2/GestioneRilevamentoOstacoli/distanceLt_70.png Graphi
c file (type png)
<use images/SupervisoreB2/GestioneRilevamentoOstacoli/distanceLt_70.png>
Package pdftex.def Info: images/SupervisoreB2/GestioneRilevamentoOstacoli/dista
nceLt_70.png  used on input line 1148.
(pdftex.def)             Requested size: 350.99762pt x 63.79376pt.
 [56 <./images/SupervisoreB2/GestioneRilevamentoOstacoli/SonarsState.png> <./im
ages/SupervisoreB2/GestioneRilevamentoOstacoli/B2DecisionState.png> <./images/S
upervisoreB2/GestioneRilevamentoOstacoli/distanceLt_70.png>]
<images/SupervisoreB2/GestioneRilevamentoOstacoli/distancegt_70_and_timers.png,
 id=285, 1205.2528pt x 654.19406pt>
File: images/SupervisoreB2/GestioneRilevamentoOstacoli/distancegt_70_and_timers
.png Graphic file (type png)
<use images/SupervisoreB2/GestioneRilevamentoOstacoli/distancegt_70_and_timers.
png>
Package pdftex.def Info: images/SupervisoreB2/GestioneRilevamentoOstacoli/dista
ncegt_70_and_timers.png  used on input line 1168.
(pdftex.def)             Requested size: 350.99762pt x 190.51997pt.

[57 <./images/SupervisoreB2/GestioneRilevamentoOstacoli/distancegt_70_and_timer
s.png>]
Overfull \hbox (5.99728pt too wide) in paragraph at lines 1191--1192
\OT1/cmr/m/n/12 Il chart per la ges-tione degli os-ta-coli in stato degradato ^
^Re mostrato in Figura 49[]. 
 []

<images/SupervisoreB2/GestioneRilevamentoOstacoli/GestioneOstacoli_StatoDegrada
to.png, id=290, 1373.88281pt x 382.42876pt>
File: images/SupervisoreB2/GestioneRilevamentoOstacoli/GestioneOstacoli_StatoDe
gradato.png Graphic file (type png)
<use images/SupervisoreB2/GestioneRilevamentoOstacoli/GestioneOstacoli_StatoDeg
radato.png>
Package pdftex.def Info: images/SupervisoreB2/GestioneRilevamentoOstacoli/Gesti
oneOstacoli_StatoDegradato.png  used on input line 1195.
(pdftex.def)             Requested size: 350.99762pt x 97.70184pt.
[58 <./images/SupervisoreB2/GestioneRilevamentoOstacoli/GestioneOstacoli_StatoD
egradato.png>] (BozzaSup2_Sonsars.aux)
 ***********
LaTeX2e <2025-11-01>
L3 programming layer <2025-12-24>
 ***********


LaTeX Warning: There were multiply-defined labels.

 ) 
Here is how much of TeX's memory you used:
 5589 strings out of 467871
 116369 string characters out of 5428450
 512359 words of memory out of 5000000
 34413 multiletter control sequences out of 15000+600000
 635526 words of font info for 67 fonts, out of 8000000 for 9000
 1141 hyphenation exceptions out of 8191
 67i,10n,77p,528b,549s stack positions out of 10000i,1000n,20000p,200000b,200000s
 <C:\Users\OEM\AppData\Local\MiKTeX\fonts/pk/ljfour/jknappen/ec/dpi600\tcrm12
00.pk><C:/Program Files/MiKTeX/fonts/type1/public/amsfonts/cm/cmbx12.pfb><C:/Pr
ogram Files/MiKTeX/fonts/type1/public/amsfonts/cm/cmbxti10.pfb><C:/Program File
s/MiKTeX/fonts/type1/public/amsfonts/cm/cmmi12.pfb><C:/Program Files/MiKTeX/fon
ts/type1/public/amsfonts/cm/cmr10.pfb><C:/Program Files/MiKTeX/fonts/type1/publ
ic/amsfonts/cm/cmr12.pfb><C:/Program Files/MiKTeX/fonts/type1/public/amsfonts/c
m/cmr17.pfb><C:/Program Files/MiKTeX/fonts/type1/public/amsfonts/cm/cmr8.pfb><C
:/Program Files/MiKTeX/fonts/type1/public/amsfonts/cm/cmsy10.pfb><C:/Program Fi
les/MiKTeX/fonts/type1/public/amsfonts/cm/cmsy8.pfb><C:/Program Files/MiKTeX/fo
nts/type1/public/amsfonts/cm/cmti12.pfb><C:/Program Files/MiKTeX/fonts/type1/pu
blic/amsfonts/cm/cmtt12.pfb>
Output written on BozzaSup2_Sonsars.pdf (58 pages, 3323593 bytes).
PDF statistics:
 348 PDF objects out of 1000 (max. 8388607)
 0 named destinations out of 1000 (max. 500000)
 251 words of extra memory for PDF output out of 10000 (max. 10000000)

