This is pdfTeX, Version 3.141592653-2.6-1.40.26 (MiKTeX 24.4) (preloaded format=pdflatex 2026.2.7)  17 FEB 2026 16:04
entering extended mode
 restricted \write18 enabled.
 %&-line parsing enabled.
**./Relazione_ESD.tex
(Relazione_ESD.tex
LaTeX2e <2024-11-01>
L3 programming layer <2024-11-02>
(C:\Users\Sterm\AppData\Local\Programs\MiKTeX\tex/latex/base\article.cls
Document Class: article 2024/06/29 v1.4n Standard LaTeX document class
(C:\Users\Sterm\AppData\Local\Programs\MiKTeX\tex/latex/base\size12.clo
File: size12.clo 2024/06/29 v1.4n Standard LaTeX file (size option)
)
\c@part=\count196
\c@section=\count197
\c@subsection=\count198
\c@subsubsection=\count199
\c@paragraph=\count266
\c@subparagraph=\count267
\c@figure=\count268
\c@table=\count269
\abovecaptionskip=\skip49
\belowcaptionskip=\skip50
\bibindent=\dimen141
)
(C:\Users\Sterm\AppData\Local\Programs\MiKTeX\tex/latex/graphics\graphicx.sty
Package: graphicx 2021/09/16 v1.2d Enhanced LaTeX Graphics (DPC,SPQR)

(C:\Users\Sterm\AppData\Local\Programs\MiKTeX\tex/latex/graphics\keyval.sty
Package: keyval 2022/05/29 v1.15 key=value parser (DPC)
\KV@toks@=\toks17
)
(C:\Users\Sterm\AppData\Local\Programs\MiKTeX\tex/latex/graphics\graphics.sty
Package: graphics 2024/08/06 v1.4g Standard LaTeX Graphics (DPC,SPQR)

(C:\Users\Sterm\AppData\Local\Programs\MiKTeX\tex/latex/graphics\trig.sty
Package: trig 2023/12/02 v1.11 sin cos tan (DPC)
)
(C:\Users\Sterm\AppData\Local\Programs\MiKTeX\tex/latex/graphics-cfg\graphics.c
fg
File: graphics.cfg 2016/06/04 v1.11 sample graphics configuration
)
Package graphics Info: Driver file: pdftex.def on input line 106.

(C:\Users\Sterm\AppData\Local\Programs\MiKTeX\tex/latex/graphics-def\pdftex.def
File: pdftex.def 2024/04/13 v1.2c Graphics/color driver for pdftex
))
\Gin@req@height=\dimen142
\Gin@req@width=\dimen143
) (C:\Users\Sterm\AppData\Local\Programs\MiKTeX\tex/latex/float\float.sty
Package: float 2001/11/08 v1.3d Float enhancements (AL)
\c@float@type=\count270
\float@exts=\toks18
\float@box=\box52
\@float@everytoks=\toks19
\@floatcapt=\box53
)
(C:\Users\Sterm\AppData\Local\Programs\MiKTeX\tex/latex/caption\subcaption.sty
Package: subcaption 2023/07/28 v1.6b Sub-captions (AR)

(C:\Users\Sterm\AppData\Local\Programs\MiKTeX\tex/latex/caption\caption.sty
Package: caption 2023/08/05 v3.6o Customizing captions (AR)

(C:\Users\Sterm\AppData\Local\Programs\MiKTeX\tex/latex/caption\caption3.sty
Package: caption3 2023/07/31 v2.4d caption3 kernel (AR)
\caption@tempdima=\dimen144
\captionmargin=\dimen145
\caption@leftmargin=\dimen146
\caption@rightmargin=\dimen147
\caption@width=\dimen148
\caption@indent=\dimen149
\caption@parindent=\dimen150
\caption@hangindent=\dimen151
Package caption Info: Standard document class detected.
)
\c@caption@flags=\count271
\c@continuedfloat=\count272
Package caption Info: float package is loaded.
)
Package caption Info: New subtype `subfigure' on input line 238.
\c@subfigure=\count273
Package caption Info: New subtype `subtable' on input line 238.
\c@subtable=\count274
) (C:\Users\Sterm\AppData\Local\Programs\MiKTeX\tex/latex/makecell\makecell.sty
Package: makecell 2009/08/03 V0.1e Managing of Tab Column Heads and Cells

(C:\Users\Sterm\AppData\Local\Programs\MiKTeX\tex/latex/tools\array.sty
Package: array 2024/10/17 v2.6g Tabular extension package (FMi)
\col@sep=\dimen152
\ar@mcellbox=\box54
\extrarowheight=\dimen153
\NC@list=\toks20
\extratabsurround=\skip51
\backup@length=\skip52
\ar@cellbox=\box55
)
\rotheadsize=\dimen154
\c@nlinenum=\count275
\TeXr@lab=\toks21
)
(C:\Users\Sterm\AppData\Local\Programs\MiKTeX\tex/latex/enumitem\enumitem.sty
Package: enumitem 2025/02/06 v3.11 Customized lists
\labelindent=\skip53
\enit@outerparindent=\dimen155
\enit@toks=\toks22
\enit@inbox=\box56
\enit@count@id=\count276
\enitdp@description=\count277
)
(C:\Users\Sterm\AppData\Local\Programs\MiKTeX\tex/latex/tools\longtable.sty
Package: longtable 2024-10-27 v4.22 Multi-page Table package (DPC)
\LTleft=\skip54
\LTright=\skip55
\LTpre=\skip56
\LTpost=\skip57
\LTchunksize=\count278
\LTcapwidth=\dimen156
\LT@head=\box57
\LT@firsthead=\box58
\LT@foot=\box59
\LT@lastfoot=\box60
\LT@gbox=\box61
\LT@cols=\count279
\LT@rows=\count280
\c@LT@tables=\count281
\c@LT@chunks=\count282
\LT@p@ftn=\toks23
)
(C:\Users\Sterm\AppData\Local\Programs\MiKTeX\tex/latex/tools\tabularx.sty
Package: tabularx 2023/12/11 v2.12a `tabularx' package (DPC)
\TX@col@width=\dimen157
\TX@old@table=\dimen158
\TX@old@col=\dimen159
\TX@target=\dimen160
\TX@delta=\dimen161
\TX@cols=\count283
\TX@ftn=\toks24
)
(C:\Users\Sterm\AppData\Local\Programs\MiKTeX\tex/latex/multirow\multirow.sty
Package: multirow 2024/11/12 v2.9 Span multiple rows of a table
\multirow@colwidth=\skip58
\multirow@cntb=\count284
\multirow@dima=\skip59
\bigstrutjot=\dimen162
)
(C:\Users\Sterm\AppData\Local\Programs\MiKTeX\tex/latex/amsmath\amsmath.sty
Package: amsmath 2024/11/05 v2.17t AMS math features
\@mathmargin=\skip60

For additional information on amsmath, use the `?' option.
(C:\Users\Sterm\AppData\Local\Programs\MiKTeX\tex/latex/amsmath\amstext.sty
Package: amstext 2021/08/26 v2.01 AMS text

(C:\Users\Sterm\AppData\Local\Programs\MiKTeX\tex/latex/amsmath\amsgen.sty
File: amsgen.sty 1999/11/30 v2.0 generic functions
\@emptytoks=\toks25
\ex@=\dimen163
))
(C:\Users\Sterm\AppData\Local\Programs\MiKTeX\tex/latex/amsmath\amsbsy.sty
Package: amsbsy 1999/11/29 v1.2d Bold Symbols
\pmbraise@=\dimen164
)
(C:\Users\Sterm\AppData\Local\Programs\MiKTeX\tex/latex/amsmath\amsopn.sty
Package: amsopn 2022/04/08 v2.04 operator names
)
\inf@bad=\count285
LaTeX Info: Redefining \frac on input line 233.
\uproot@=\count286
\leftroot@=\count287
LaTeX Info: Redefining \overline on input line 398.
LaTeX Info: Redefining \colon on input line 409.
\classnum@=\count288
\DOTSCASE@=\count289
LaTeX Info: Redefining \ldots on input line 495.
LaTeX Info: Redefining \dots on input line 498.
LaTeX Info: Redefining \cdots on input line 619.
\Mathstrutbox@=\box62
\strutbox@=\box63
LaTeX Info: Redefining \big on input line 721.
LaTeX Info: Redefining \Big on input line 722.
LaTeX Info: Redefining \bigg on input line 723.
LaTeX Info: Redefining \Bigg on input line 724.
\big@size=\dimen165
LaTeX Font Info:    Redeclaring font encoding OML on input line 742.
LaTeX Font Info:    Redeclaring font encoding OMS on input line 743.
\macc@depth=\count290
LaTeX Info: Redefining \bmod on input line 904.
LaTeX Info: Redefining \pmod on input line 909.
LaTeX Info: Redefining \smash on input line 939.
LaTeX Info: Redefining \relbar on input line 969.
LaTeX Info: Redefining \Relbar on input line 970.
\c@MaxMatrixCols=\count291
\dotsspace@=\muskip17
\c@parentequation=\count292
\dspbrk@lvl=\count293
\tag@help=\toks26
\row@=\count294
\column@=\count295
\maxfields@=\count296
\andhelp@=\toks27
\eqnshift@=\dimen166
\alignsep@=\dimen167
\tagshift@=\dimen168
\tagwidth@=\dimen169
\totwidth@=\dimen170
\lineht@=\dimen171
\@envbody=\toks28
\multlinegap=\skip61
\multlinetaggap=\skip62
\mathdisplay@stack=\toks29
LaTeX Info: Redefining \[ on input line 2953.
LaTeX Info: Redefining \] on input line 2954.
)
(C:\Users\Sterm\AppData\Local\Programs\MiKTeX\tex/latex/hyperref\hyperref.sty
Package: hyperref 2024-11-05 v7.01l Hypertext links for LaTeX

(C:\Users\Sterm\AppData\Local\Programs\MiKTeX\tex/generic/iftex\iftex.sty
Package: iftex 2022/02/03 v1.0f TeX engine tests
)
(C:\Users\Sterm\AppData\Local\Programs\MiKTeX\tex/latex/kvsetkeys\kvsetkeys.sty
Package: kvsetkeys 2022-10-05 v1.19 Key value parser (HO)
)
(C:\Users\Sterm\AppData\Local\Programs\MiKTeX\tex/generic/kvdefinekeys\kvdefine
keys.sty
Package: kvdefinekeys 2019-12-19 v1.6 Define keys (HO)
)
(C:\Users\Sterm\AppData\Local\Programs\MiKTeX\tex/generic/pdfescape\pdfescape.s
ty
Package: pdfescape 2019/12/09 v1.15 Implements pdfTeX's escape features (HO)

(C:\Users\Sterm\AppData\Local\Programs\MiKTeX\tex/generic/ltxcmds\ltxcmds.sty
Package: ltxcmds 2023-12-04 v1.26 LaTeX kernel commands for general use (HO)
)
(C:\Users\Sterm\AppData\Local\Programs\MiKTeX\tex/generic/pdftexcmds\pdftexcmds
.sty
Package: pdftexcmds 2020-06-27 v0.33 Utility functions of pdfTeX for LuaTeX (HO
)

(C:\Users\Sterm\AppData\Local\Programs\MiKTeX\tex/generic/infwarerr\infwarerr.s
ty
Package: infwarerr 2019/12/03 v1.5 Providing info/warning/error messages (HO)
)
Package pdftexcmds Info: \pdf@primitive is available.
Package pdftexcmds Info: \pdf@ifprimitive is available.
Package pdftexcmds Info: \pdfdraftmode found.
))
(C:\Users\Sterm\AppData\Local\Programs\MiKTeX\tex/latex/hycolor\hycolor.sty
Package: hycolor 2020-01-27 v1.10 Color options for hyperref/bookmark (HO)
)
(C:\Users\Sterm\AppData\Local\Programs\MiKTeX\tex/latex/hyperref\nameref.sty
Package: nameref 2023-11-26 v2.56 Cross-referencing by name of section

(C:\Users\Sterm\AppData\Local\Programs\MiKTeX\tex/latex/refcount\refcount.sty
Package: refcount 2019/12/15 v3.6 Data extraction from label references (HO)
)
(C:\Users\Sterm\AppData\Local\Programs\MiKTeX\tex/generic/gettitlestring\gettit
lestring.sty
Package: gettitlestring 2019/12/15 v1.6 Cleanup title references (HO)

(C:\Users\Sterm\AppData\Local\Programs\MiKTeX\tex/latex/kvoptions\kvoptions.sty
Package: kvoptions 2022-06-15 v3.15 Key value format for package options (HO)
))
\c@section@level=\count297
)
(C:\Users\Sterm\AppData\Local\Programs\MiKTeX\tex/latex/etoolbox\etoolbox.sty
Package: etoolbox 2020/10/05 v2.5k e-TeX tools for LaTeX (JAW)
\etb@tempcnta=\count298
)
(C:\Users\Sterm\AppData\Local\Programs\MiKTeX\tex/generic/stringenc\stringenc.s
ty
Package: stringenc 2019/11/29 v1.12 Convert strings between diff. encodings (HO
)
)
\@linkdim=\dimen172
\Hy@linkcounter=\count299
\Hy@pagecounter=\count300
 (C:\Users\Sterm\AppData\Local\Programs\MiKTeX\tex/latex/hyperref\pd1enc.def
File: pd1enc.def 2024-11-05 v7.01l Hyperref: PDFDocEncoding definition (HO)
Now handling font encoding PD1 ...
... no UTF-8 mapping file for font encoding PD1
) (C:\Users\Sterm\AppData\Local\Programs\MiKTeX\tex/generic/intcalc\intcalc.sty
Package: intcalc 2019/12/15 v1.3 Expandable calculations with integers (HO)
)
\Hy@SavedSpaceFactor=\count301
 (C:\Users\Sterm\AppData\Local\Programs\MiKTeX\tex/latex/hyperref\puenc.def
File: puenc.def 2024-11-05 v7.01l Hyperref: PDF Unicode definition (HO)
Now handling font encoding PU ...
... no UTF-8 mapping file for font encoding PU
)
Package hyperref Info: Hyper figures OFF on input line 4157.
Package hyperref Info: Link nesting OFF on input line 4162.
Package hyperref Info: Hyper index ON on input line 4165.
Package hyperref Info: Plain pages OFF on input line 4172.
Package hyperref Info: Backreferencing OFF on input line 4177.
Package hyperref Info: Implicit mode ON; LaTeX internals redefined.
Package hyperref Info: Bookmarks ON on input line 4424.
\c@Hy@tempcnt=\count302

(C:\Users\Sterm\AppData\Local\Programs\MiKTeX\tex/latex/url\url.sty
\Urlmuskip=\muskip18
Package: url 2013/09/16  ver 3.4  Verb mode for urls, etc.
)
LaTeX Info: Redefining \url on input line 4763.
\XeTeXLinkMargin=\dimen173

(C:\Users\Sterm\AppData\Local\Programs\MiKTeX\tex/generic/bitset\bitset.sty
Package: bitset 2019/12/09 v1.3 Handle bit-vector datatype (HO)

(C:\Users\Sterm\AppData\Local\Programs\MiKTeX\tex/generic/bigintcalc\bigintcalc
.sty
Package: bigintcalc 2019/12/15 v1.5 Expandable calculations on big integers (HO
)
))
\Fld@menulength=\count303
\Field@Width=\dimen174
\Fld@charsize=\dimen175
Package hyperref Info: Hyper figures OFF on input line 6042.
Package hyperref Info: Link nesting OFF on input line 6047.
Package hyperref Info: Hyper index ON on input line 6050.
Package hyperref Info: backreferencing OFF on input line 6057.
Package hyperref Info: Link coloring OFF on input line 6062.
Package hyperref Info: Link coloring with OCG OFF on input line 6067.
Package hyperref Info: PDF/A mode OFF on input line 6072.

(C:\Users\Sterm\AppData\Local\Programs\MiKTeX\tex/latex/base\atbegshi-ltx.sty
Package: atbegshi-ltx 2021/01/10 v1.0c Emulation of the original atbegshi
package with kernel methods
)
\Hy@abspage=\count304
\c@Item=\count305
\c@Hfootnote=\count306
)
Package hyperref Info: Driver (autodetected): hpdftex.
(C:\Users\Sterm\AppData\Local\Programs\MiKTeX\tex/latex/hyperref\hpdftex.def
File: hpdftex.def 2024-11-05 v7.01l Hyperref driver for pdfTeX

(C:\Users\Sterm\AppData\Local\Programs\MiKTeX\tex/latex/base\atveryend-ltx.sty
Package: atveryend-ltx 2020/08/19 v1.0a Emulation of the original atveryend pac
kage
with kernel methods
)
\Fld@listcount=\count307
\c@bookmark@seq@number=\count308

(C:\Users\Sterm\AppData\Local\Programs\MiKTeX\tex/latex/rerunfilecheck\rerunfil
echeck.sty
Package: rerunfilecheck 2022-07-10 v1.10 Rerun checks for auxiliary files (HO)

(C:\Users\Sterm\AppData\Local\Programs\MiKTeX\tex/generic/uniquecounter\uniquec
ounter.sty
Package: uniquecounter 2019/12/15 v1.4 Provide unlimited unique counter (HO)
)
Package uniquecounter Info: New unique counter `rerunfilecheck' on input line 2
85.
)
\Hy@SectionHShift=\skip63
)
(C:\Users\Sterm\AppData\Local\Programs\MiKTeX\tex/latex/bookmark\bookmark.sty
Package: bookmark 2023-12-10 v1.31 PDF bookmarks (HO)

(C:\Users\Sterm\AppData\Local\Programs\MiKTeX\tex/latex/bookmark\bkm-pdftex.def
File: bkm-pdftex.def 2023-12-10 v1.31 bookmark driver for pdfTeX and luaTeX (HO
)
\BKM@id=\count309
))
(C:\Users\Sterm\AppData\Local\Programs\MiKTeX\tex/latex/booktabs\booktabs.sty
Package: booktabs 2020/01/12 v1.61803398 Publication quality tables
\heavyrulewidth=\dimen176
\lightrulewidth=\dimen177
\cmidrulewidth=\dimen178
\belowrulesep=\dimen179
\belowbottomsep=\dimen180
\aboverulesep=\dimen181
\abovetopsep=\dimen182
\cmidrulesep=\dimen183
\cmidrulekern=\dimen184
\defaultaddspace=\dimen185
\@cmidla=\count310
\@cmidlb=\count311
\@aboverulesep=\dimen186
\@belowrulesep=\dimen187
\@thisruleclass=\count312
\@lastruleclass=\count313
\@thisrulewidth=\dimen188
)
(C:\Users\Sterm\AppData\Local\Programs\MiKTeX\tex/latex/siunitx\siunitx.sty
Package: siunitx 2025-07-09 v3.4.14 A comprehensive (SI) units package
\l__siunitx_number_uncert_offset_int=\count314
\l__siunitx_number_exponent_fixed_int=\count315
\l__siunitx_number_min_decimal_int=\count316
\l__siunitx_number_min_integer_int=\count317
\l__siunitx_number_round_precision_int=\count318
\l__siunitx_number_lower_threshold_int=\count319
\l__siunitx_number_upper_threshold_int=\count320
\l__siunitx_number_group_first_int=\count321
\l__siunitx_number_group_size_int=\count322
\l__siunitx_number_group_minimum_int=\count323
\l__siunitx_angle_tmp_dim=\dimen189
\l__siunitx_angle_marker_box=\box64
\l__siunitx_angle_unit_box=\box65
\l__siunitx_compound_count_int=\count324

(C:\Users\Sterm\AppData\Local\Programs\MiKTeX\tex/latex/translations\translatio
ns.sty
Package: translations 2022/02/05 v1.12 internationalization of LaTeX2e packages
 (CN)
)
\l__siunitx_table_tmp_box=\box66
\l__siunitx_table_tmp_dim=\dimen190
\l__siunitx_table_column_width_dim=\dimen191
\l__siunitx_table_integer_box=\box67
\l__siunitx_table_decimal_box=\box68
\l__siunitx_table_uncert_box=\box69
\l__siunitx_table_before_box=\box70
\l__siunitx_table_after_box=\box71
\l__siunitx_table_before_dim=\dimen192
\l__siunitx_table_carry_dim=\dimen193
\l__siunitx_unit_tmp_int=\count325
\l__siunitx_unit_position_int=\count326
\l__siunitx_unit_total_int=\count327
)
(C:\Users\Sterm\AppData\Local\Programs\MiKTeX\tex/latex/titlesec\titlesec.sty
Package: titlesec 2025/01/04 v2.17 Sectioning titles
\ttl@box=\box72
\beforetitleunit=\skip64
\aftertitleunit=\skip65
\ttl@plus=\dimen194
\ttl@minus=\dimen195
\ttl@toksa=\toks30
\titlewidth=\dimen196
\titlewidthlast=\dimen197
\titlewidthfirst=\dimen198
)
Package translations Info: No language package found. I am going to use `englis
h' as default language. on input line 39.

(C:\Users\Sterm\AppData\Local\Programs\MiKTeX\tex/latex/graphics\color.sty
Package: color 2024/06/23 v1.3e Standard LaTeX Color (DPC)

(C:\Users\Sterm\AppData\Local\Programs\MiKTeX\tex/latex/graphics-cfg\color.cfg
File: color.cfg 2016/01/02 v1.6 sample color configuration
)
Package color Info: Driver file: pdftex.def on input line 149.
(C:\Users\Sterm\AppData\Local\Programs\MiKTeX\tex/latex/graphics\mathcolor.ltx)
)
(C:\Users\Sterm\AppData\Local\Programs\MiKTeX\tex/latex/l3backend\l3backend-pdf
tex.def
File: l3backend-pdftex.def 2024-05-08 L3 backend support: PDF output (pdfTeX)
\l__color_backend_stack_int=\count328
\l__pdf_internal_box=\box73
) (Relazione_ESD.aux

LaTeX Warning: Label `' multiply defined.


LaTeX Warning: Label `' multiply defined.


LaTeX Warning: Label `' multiply defined.


LaTeX Warning: Label `' multiply defined.


LaTeX Warning: Label `fig:board_health_struct' multiply defined.


LaTeX Warning: Label `fig:encoder_struct' multiply defined.

)
\openout1 = `Relazione_ESD.aux'.

LaTeX Font Info:    Checking defaults for OML/cmm/m/it on input line 39.
LaTeX Font Info:    ... okay on input line 39.
LaTeX Font Info:    Checking defaults for OMS/cmsy/m/n on input line 39.
LaTeX Font Info:    ... okay on input line 39.
LaTeX Font Info:    Checking defaults for OT1/cmr/m/n on input line 39.
LaTeX Font Info:    ... okay on input line 39.
LaTeX Font Info:    Checking defaults for T1/cmr/m/n on input line 39.
LaTeX Font Info:    ... okay on input line 39.
LaTeX Font Info:    Checking defaults for TS1/cmr/m/n on input line 39.
LaTeX Font Info:    ... okay on input line 39.
LaTeX Font Info:    Checking defaults for OMX/cmex/m/n on input line 39.
LaTeX Font Info:    ... okay on input line 39.
LaTeX Font Info:    Checking defaults for U/cmr/m/n on input line 39.
LaTeX Font Info:    ... okay on input line 39.
LaTeX Font Info:    Checking defaults for PD1/pdf/m/n on input line 39.
LaTeX Font Info:    ... okay on input line 39.
LaTeX Font Info:    Checking defaults for PU/pdf/m/n on input line 39.
LaTeX Font Info:    ... okay on input line 39.

(C:\Users\Sterm\AppData\Local\Programs\MiKTeX\tex/context/base/mkii\supp-pdf.mk
ii
[Loading MPS to PDF converter (version 2006.09.02).]
\scratchcounter=\count329
\scratchdimen=\dimen199
\scratchbox=\box74
\nofMPsegments=\count330
\nofMParguments=\count331
\everyMPshowfont=\toks31
\MPscratchCnt=\count332
\MPscratchDim=\dimen256
\MPnumerator=\count333
\makeMPintoPDFobject=\count334
\everyMPtoPDFconversion=\toks32
)
(C:\Users\Sterm\AppData\Local\Programs\MiKTeX\tex/latex/epstopdf-pkg\epstopdf-b
ase.sty
Package: epstopdf-base 2020-01-24 v2.11 Base part for package epstopdf
Package epstopdf-base Info: Redefining graphics rule for `.eps' on input line 4
85.

(C:\Users\Sterm\AppData\Local\Programs\MiKTeX\tex/latex/00miktex\epstopdf-sys.c
fg
File: epstopdf-sys.cfg 2021/03/18 v2.0 Configuration of epstopdf for MiKTeX
))
Package caption Info: Begin \AtBeginDocument code.
Package caption Info: hyperref package is loaded.
Package caption Info: longtable package is loaded.

(C:\Users\Sterm\AppData\Local\Programs\MiKTeX\tex/latex/caption\ltcaption.sty
Package: ltcaption 2021/01/08 v1.4c longtable captions (AR)
)
Package caption Info: End \AtBeginDocument code.
Package hyperref Info: Link coloring OFF on input line 39.

(C:\Users\Sterm\AppData\Local\Programs\MiKTeX\tex/latex/translations/dicts\tran
slations-basic-dictionary-english.trsl
File: translations-basic-dictionary-english.trsl (english translation file `tra
nslations-basic-dictionary')
)
Package translations Info: loading dictionary `translations-basic-dictionary' f
or `english'. on input line 39.
<images/logo_unisa.png, id=3, 320.397pt x 245.718pt>
File: images/logo_unisa.png Graphic file (type png)
<use images/logo_unisa.png>
Package pdftex.def Info: images/logo_unisa.png  used on input line 46.
(pdftex.def)             Requested size: 272.99881pt x 209.3787pt.

Overfull \hbox (3.61452pt too wide) in paragraph at lines 56--64
 [][] 
 []



[1

{C:/Users/Sterm/AppData/Local/MiKTeX/fonts/map/pdftex/pdftex.map} <./images/log
o_unisa.png>] (Relazione_ESD.toc

[2]

[3])
\tf@toc=\write3
\openout3 = `Relazione_ESD.toc'.



[4]
<images/Introduzione/architettura_rover.png, id=200, 425.79076pt x 295.70474pt>

File: images/Introduzione/architettura_rover.png Graphic file (type png)
<use images/Introduzione/architettura_rover.png>
Package pdftex.def Info: images/Introduzione/architettura_rover.png  used on in
put line 84.
(pdftex.def)             Requested size: 390.0pt x 270.85144pt.


[5 <./images/Introduzione/architettura_rover.png>]
Overfull \hbox (5.13573pt too wide) in paragraph at lines 101--102
[]\OT1/cmr/bx/n/12 Controllo PID: \OT1/cmr/m/n/12 La ve-locit^^Ra richi-esta da
l con-troller viene gestita tramite
 []



[6]

[7]

[8

]
Underfull \hbox (badness 10000) in paragraph at lines 145--147

 []


Overfull \hbox (29.8623pt too wide) in paragraph at lines 156--157
[]\OT1/cmr/m/n/12 requisiti di schedu-lazione, che de-scrivono i vin-coli tem-p
o-rali e l'organizzazione
 []


Underfull \hbox (badness 10000) in paragraph at lines 166--168

 []


Underfull \hbox (badness 10000) in paragraph at lines 169--171

 []



[9

]
Underfull \hbox (badness 10000) in paragraph at lines 178--180

 []


Underfull \hbox (badness 10000) in paragraph at lines 181--183

 []


Underfull \hbox (badness 10000) in paragraph at lines 191--193

 []


Underfull \hbox (badness 10000) in paragraph at lines 194--196

 []



[10]
Underfull \hbox (badness 10000) in paragraph at lines 210--212

 []


Underfull \hbox (badness 10000) in paragraph at lines 213--215

 []


Underfull \hbox (badness 10000) in paragraph at lines 226--228

 []


Underfull \hbox (badness 10000) in paragraph at lines 229--231

 []


Underfull \hbox (badness 10000) in paragraph at lines 237--239

 []



[11]
Underfull \hbox (badness 10000) in paragraph at lines 240--242

 []


Underfull \hbox (badness 10000) in paragraph at lines 249--251

 []


Underfull \hbox (badness 10000) in paragraph at lines 252--254

 []


Underfull \hbox (badness 10000) in paragraph at lines 260--262

 []


Underfull \hbox (badness 10000) in paragraph at lines 263--265

 []



[12]
Underfull \hbox (badness 10000) in paragraph at lines 271--273

 []


Underfull \hbox (badness 10000) in paragraph at lines 274--276

 []


Underfull \hbox (badness 10000) in paragraph at lines 282--284

 []


Underfull \hbox (badness 10000) in paragraph at lines 285--287

 []


Overfull \hbox (0.64873pt too wide) in paragraph at lines 290--291
[]\OT1/cmr/m/n/12 Dato un os-ta-colo fermo ril-e-vato frontal-mente, quando la 
dis-tanza scende
 []


Underfull \hbox (badness 10000) in paragraph at lines 293--295

 []


Underfull \hbox (badness 10000) in paragraph at lines 296--298

 []


Underfull \hbox (badness 10000) in paragraph at lines 304--306

 []



[13]
Underfull \hbox (badness 10000) in paragraph at lines 307--309

 []


Underfull \hbox (badness 10000) in paragraph at lines 316--318

 []


Underfull \hbox (badness 10000) in paragraph at lines 319--321

 []


Underfull \hbox (badness 10000) in paragraph at lines 328--330

 []


Underfull \hbox (badness 10000) in paragraph at lines 331--333

 []



[14]
Overfull \hbox (15.99309pt too wide) in paragraph at lines 346--346
|\OT1/cmr/bx/n/12 R15. Com-mu-tazione modalit^^Ra retro-mar-cia con combo (OPZI
ONALE)| 
 []


Underfull \hbox (badness 10000) in paragraph at lines 346--348

 []


Underfull \hbox (badness 10000) in paragraph at lines 349--351

 []


Underfull \hbox (badness 10000) in paragraph at lines 359--361

 []



[15]
Underfull \hbox (badness 10000) in paragraph at lines 362--364

 []


Underfull \hbox (badness 10000) in paragraph at lines 373--375

 []


Underfull \hbox (badness 10000) in paragraph at lines 376--378

 []


Underfull \hbox (badness 10000) in paragraph at lines 386--388

 []



[16]
Underfull \hbox (badness 10000) in paragraph at lines 402--404

 []


Underfull \hbox (badness 10000) in paragraph at lines 405--407

 []



[17]
Underfull \hbox (badness 10000) in paragraph at lines 418--420

 []


Underfull \hbox (badness 10000) in paragraph at lines 421--423

 []


Overfull \hbox (9.46114pt too wide) in paragraph at lines 427--428
[]\OT1/cmr/m/n/12 Dato un dis-allinea-mento tra trasmet-ti-tore e rice-vi-tore 
(fuori fase), quando
 []


Underfull \hbox (badness 10000) in paragraph at lines 431--433

 []


Underfull \hbox (badness 10000) in paragraph at lines 434--436

 []



[18]
Underfull \hbox (badness 10000) in paragraph at lines 448--450

 []


Underfull \hbox (badness 10000) in paragraph at lines 451--453

 []


Underfull \hbox (badness 10000) in paragraph at lines 466--468

 []



[19]
Underfull \hbox (badness 10000) in paragraph at lines 469--471

 []


Underfull \hbox (badness 10000) in paragraph at lines 478--480

 []


Underfull \hbox (badness 10000) in paragraph at lines 481--483

 []


Underfull \hbox (badness 10000) in paragraph at lines 490--492

 []


Underfull \hbox (badness 10000) in paragraph at lines 493--495

 []



[20]
Overfull \hbox (7.4326pt too wide) in paragraph at lines 502--504
\OT1/cmr/bx/n/12 Condizione di mal-fun-zion-a-mento: \OT1/cmr/m/n/12 En-trambi 
i mo-tor con-troller non rispon-
 []


Underfull \hbox (badness 10000) in paragraph at lines 502--504

 []


Underfull \hbox (badness 10000) in paragraph at lines 505--507

 []


Underfull \hbox (badness 10000) in paragraph at lines 514--516

 []


Underfull \hbox (badness 10000) in paragraph at lines 517--519

 []


Overfull \hbox (7.69865pt too wide) in paragraph at lines 523--524
[]\OT1/cmr/m/n/12 Dato fall-back at-tivo, quando l'attuazione pros-egue, al-lor
a ven-gono rispet-
 []


Underfull \hbox (badness 10000) in paragraph at lines 526--528

 []



[21]
Underfull \hbox (badness 10000) in paragraph at lines 529--531

 []


Underfull \hbox (badness 10000) in paragraph at lines 538--540

 []


Underfull \hbox (badness 10000) in paragraph at lines 541--543

 []


Overfull \hbox (10.40973pt too wide) in paragraph at lines 546--547
\OT1/cmr/m/n/12 con-dizione ^^Re con-fer-mata, al-lora viene gen-er-ato fault c
o-mu-ni-cazione/input. 
 []


Underfull \hbox (badness 10000) in paragraph at lines 550--552

 []


Underfull \hbox (badness 10000) in paragraph at lines 553--555

 []


Overfull \hbox (13.44304pt too wide) in paragraph at lines 558--559
[]\OT1/cmr/m/n/12 Dato perdita della con-nes-sione con-troller, quando il sis-t
ema ril-eva l'evento,
 []



[22]
Underfull \hbox (badness 10000) in paragraph at lines 562--564

 []


Underfull \hbox (badness 10000) in paragraph at lines 565--567

 []


Underfull \hbox (badness 10000) in paragraph at lines 575--577

 []


Underfull \hbox (badness 10000) in paragraph at lines 578--580

 []



[23]
Underfull \hbox (badness 10000) in paragraph at lines 587--589

 []


Underfull \hbox (badness 10000) in paragraph at lines 590--592

 []


Underfull \hbox (badness 10000) in paragraph at lines 602--604

 []


Underfull \hbox (badness 10000) in paragraph at lines 605--607

 []



[24]
Underfull \hbox (badness 10000) in paragraph at lines 614--616

 []


Underfull \hbox (badness 10000) in paragraph at lines 617--619

 []


Underfull \hbox (badness 10000) in paragraph at lines 626--628

 []


Underfull \hbox (badness 10000) in paragraph at lines 629--631

 []


Underfull \hbox (badness 10000) in paragraph at lines 638--640

 []



[25]
Underfull \hbox (badness 10000) in paragraph at lines 641--643

 []


Underfull \hbox (badness 10000) in paragraph at lines 651--653

 []


Underfull \hbox (badness 10000) in paragraph at lines 654--656

 []


Underfull \hbox (badness 10000) in paragraph at lines 664--666

 []



[26]
Underfull \hbox (badness 10000) in paragraph at lines 667--669

 []


Underfull \hbox (badness 10000) in paragraph at lines 677--679

 []


Underfull \hbox (badness 10000) in paragraph at lines 680--682

 []


Underfull \hbox (badness 10000) in paragraph at lines 690--692

 []



[27]
Underfull \hbox (badness 10000) in paragraph at lines 693--695

 []


Overfull \hbox (52.9627pt too wide) in paragraph at lines 707--709
\OT1/cmr/bx/n/12 Requisito: \OT1/cmr/m/n/12 Pro-gettare in-sieme task real-time
 per ac-qui-sizione/elaborazione/attuazione
 []


Underfull \hbox (badness 10000) in paragraph at lines 707--709

 []


Underfull \hbox (badness 10000) in paragraph at lines 710--712

 []



[28]
Underfull \hbox (badness 10000) in paragraph at lines 720--722

 []


Underfull \hbox (badness 10000) in paragraph at lines 723--725

 []


Underfull \hbox (badness 10000) in paragraph at lines 733--735

 []


Underfull \hbox (badness 10000) in paragraph at lines 736--738

 []



[29]
Underfull \hbox (badness 10000) in paragraph at lines 749--751

 []


Underfull \hbox (badness 10000) in paragraph at lines 757--759

 []



[30]
Underfull \hbox (badness 10000) in paragraph at lines 780--783

 []



[31]

[32]
Overfull \hbox (8.51576pt too wide) in paragraph at lines 792--792
|[]\OT1/cmr/bx/n/17.28 Funzionamento gen-erale del soft-ware di cias-
 []


Overfull \hbox (2.6188pt too wide) in paragraph at lines 803--804
[]\OT1/cmr/m/it/12 data[]last[]valid[]ms\OT1/cmr/m/n/12 : in-dica l'istante tem
-po-rale dell'ultimo ag-gior-na-mento
 []

<images/funzionamento_generale/funzGener_B1.png, id=329, 755.07094pt x 568.3734
4pt>
File: images/funzionamento_generale/funzGener_B1.png Graphic file (type png)
<use images/funzionamento_generale/funzGener_B1.png>
Package pdftex.def Info: images/funzionamento_generale/funzGener_B1.png  used o
n input line 810.
(pdftex.def)             Requested size: 331.50238pt x 249.53003pt.


[33

]
<images/funzionamento_generale/funzGener_B2.png, id=336, 754.31813pt x 569.1262
5pt>
File: images/funzionamento_generale/funzGener_B2.png Graphic file (type png)
<use images/funzionamento_generale/funzGener_B2.png>
Package pdftex.def Info: images/funzionamento_generale/funzGener_B2.png  used o
n input line 817.
(pdftex.def)             Requested size: 331.50238pt x 250.11238pt.


[34 <./images/funzionamento_generale/funzGener_B1.png> <./images/funzionamento_
generale/funzGener_B2.png>]
<images/funzionamento_generale/Sonars/disposizioneSonar.png, id=344, 647.41875p
t x 562.35094pt>
File: images/funzionamento_generale/Sonars/disposizioneSonar.png Graphic file (
type png)
<use images/funzionamento_generale/Sonars/disposizioneSonar.png>
Package pdftex.def Info: images/funzionamento_generale/Sonars/disposizioneSonar
.png  used on input line 833.
(pdftex.def)             Requested size: 234.00238pt x 203.25278pt.
<images/funzionamento_generale/Sonars/segnale_sonar_3m.png, id=345, 517.18219pt
 x 304.88907pt>
File: images/funzionamento_generale/Sonars/segnale_sonar_3m.png Graphic file (t
ype png)
<use images/funzionamento_generale/Sonars/segnale_sonar_3m.png>
Package pdftex.def Info: images/funzionamento_generale/Sonars/segnale_sonar_3m.
png  used on input line 841.
(pdftex.def)             Requested size: 272.99881pt x 160.94377pt.


[35

 <./images/funzionamento_generale/Sonars/disposizioneSonar.png> <./images/funzi
onamento_generale/Sonars/segnale_sonar_3m.png>]
<images/funzionamento_generale/Sonars/configurazione_timIC_sonar.png, id=353, 7
49.04843pt x 486.31688pt>
File: images/funzionamento_generale/Sonars/configurazione_timIC_sonar.png Graph
ic file (type png)
<use images/funzionamento_generale/Sonars/configurazione_timIC_sonar.png>
Package pdftex.def Info: images/funzionamento_generale/Sonars/configurazione_ti
mIC_sonar.png  used on input line 854.
(pdftex.def)             Requested size: 272.99881pt x 177.24075pt.
<images/funzionamento_generale/Sonars/callback_sonar.png, id=355, 579.66562pt x
 544.28343pt>
File: images/funzionamento_generale/Sonars/callback_sonar.png Graphic file (typ
e png)
<use images/funzionamento_generale/Sonars/callback_sonar.png>
Package pdftex.def Info: images/funzionamento_generale/Sonars/callback_sonar.pn
g  used on input line 864.
(pdftex.def)             Requested size: 272.99881pt x 256.33647pt.


[36 <./images/funzionamento_generale/Sonars/configurazione_timIC_sonar.png>]
<images/funzionamento_generale/Sonars/sonars_snapshot.png, id=364, 564.60938pt 
x 120.45pt>
File: images/funzionamento_generale/Sonars/sonars_snapshot.png Graphic file (ty
pe png)
<use images/funzionamento_generale/Sonars/sonars_snapshot.png>
Package pdftex.def Info: images/funzionamento_generale/Sonars/sonars_snapshot.p
ng  used on input line 872.
(pdftex.def)             Requested size: 272.99881pt x 58.23988pt.
<images/funzionamento_generale/user_command/task_step_BLE.png, id=366, 417.0581
2pt x 475.7775pt>
File: images/funzionamento_generale/user_command/task_step_BLE.png Graphic file
 (type png)
<use images/funzionamento_generale/user_command/task_step_BLE.png>
Package pdftex.def Info: images/funzionamento_generale/user_command/task_step_B
LE.png  used on input line 885.
(pdftex.def)             Requested size: 312.00119pt x 355.94655pt.


[37 <./images/funzionamento_generale/Sonars/callback_sonar.png> <./images/funzi
onamento_generale/Sonars/sonars_snapshot.png>]
Overfull \hbox (1.16913pt too wide) in paragraph at lines 890--891
[]\OT1/cmr/m/n/12 La fun-zione $\OML/cmm/m/it/12 BleController[]I\OT1/cmr/m/n/1
2 2\OML/cmm/m/it/12 C[]ReadFrame$ \OT1/cmr/m/n/12 si oc-cupa di leg-gere i dati
 prove-
 []

<images/funzionamento_generale/user_command/BLE_snapshot.png, id=377, 547.2947p
t x 322.20375pt>
File: images/funzionamento_generale/user_command/BLE_snapshot.png Graphic file 
(type png)
<use images/funzionamento_generale/user_command/BLE_snapshot.png>
Package pdftex.def Info: images/funzionamento_generale/user_command/BLE_snapsho
t.png  used on input line 897.
(pdftex.def)             Requested size: 272.99881pt x 160.7229pt.


[38 <./images/funzionamento_generale/user_command/task_step_BLE.png>]
<images/Joystick/joystick.jpg, id=384, 1027.84pt x 587.19376pt>
File: images/Joystick/joystick.jpg Graphic file (type jpg)
<use images/Joystick/joystick.jpg>
Package pdftex.def Info: images/Joystick/joystick.jpg  used on input line 909.
(pdftex.def)             Requested size: 350.99762pt x 200.5213pt.
<images/Joystick/RappresentazioneTasti.png, id=385, 354.123pt x 163.20975pt>
File: images/Joystick/RappresentazioneTasti.png Graphic file (type png)
<use images/Joystick/RappresentazioneTasti.png>
Package pdftex.def Info: images/Joystick/RappresentazioneTasti.png  used on inp
ut line 915.
(pdftex.def)             Requested size: 272.99881pt x 125.82877pt.


[39 <./images/funzionamento_generale/user_command/BLE_snapshot.png> <./images/J
oystick/joystick.jpg>]
<images/Joystick/OnConnect.png, id=393, 425.79076pt x 308.352pt>
File: images/Joystick/OnConnect.png Graphic file (type png)
<use images/Joystick/OnConnect.png>
Package pdftex.def Info: images/Joystick/OnConnect.png  used on input line 926.

(pdftex.def)             Requested size: 347.09976pt x 251.36818pt.

Overfull \hbox (26.13956pt too wide) in paragraph at lines 923--929
[]\OT1/cmr/bx/n/12 Parsing dei dati: \OT1/cmr/m/n/12 Tramite le call-back della
 li-bre-ria (\OT1/cmtt/m/n/12 onConnectedGamepad\OT1/cmr/m/n/12 ),
 []

<images/Joystick/Loop.png, id=394, 311.36325pt x 241.50224pt>
File: images/Joystick/Loop.png Graphic file (type png)
<use images/Joystick/Loop.png>
Package pdftex.def Info: images/Joystick/Loop.png  used on input line 934.
(pdftex.def)             Requested size: 390.0pt x 302.51086pt.

Overfull \hbox (1.79701pt too wide) in paragraph at lines 931--937
[]\OT1/cmr/bx/n/12 Normalizzazione: \OT1/cmr/m/n/12 Viene con-tin-u-a-mente mon
-i-torato lo stato del BLue-
 []



[40 <./images/Joystick/RappresentazioneTasti.png> <./images/Joystick/OnConnect.
png>]
<images/Joystick/OnRequest.png, id=404, 254.1495pt x 58.41824pt>
File: images/Joystick/OnRequest.png Graphic file (type png)
<use images/Joystick/OnRequest.png>
Package pdftex.def Info: images/Joystick/OnRequest.png  used on input line 942.

(pdftex.def)             Requested size: 390.0pt x 89.65236pt.

Overfull \hbox (50.85172pt too wide) in paragraph at lines 939--945
\OT1/cmr/m/n/12 la Board 2 in-ter-roga l'ESP32 (tramite la fun-zione \OT1/cmtt/
m/n/12 BleController[]I2C[]ReadFrame
 []



[41 <./images/Joystick/Loop.png>]
<images/Joystick/OnDIsconnect.png, id=413, 248.72925pt x 76.48575pt>
File: images/Joystick/OnDIsconnect.png Graphic file (type png)
<use images/Joystick/OnDIsconnect.png>
Package pdftex.def Info: images/Joystick/OnDIsconnect.png  used on input line 9
50.
(pdftex.def)             Requested size: 390.0pt x 119.93112pt.


[42 <./images/Joystick/OnRequest.png> <./images/Joystick/OnDIsconnect.png>]
<images/funzionamento_generale/IMU/IMU_snapshot.png, id=424, 548.0475pt x 348.5
5219pt>
File: images/funzionamento_generale/IMU/IMU_snapshot.png Graphic file (type png
)
<use images/funzionamento_generale/IMU/IMU_snapshot.png>
Package pdftex.def Info: images/funzionamento_generale/IMU/IMU_snapshot.png  us
ed on input line 966.
(pdftex.def)             Requested size: 272.99881pt x 173.6268pt.
<images/funzionamento_generale/TaskSupervisoreB2/task_step_supervisorB2.png, id
=426, 439.6425pt x 612.03656pt>
File: images/funzionamento_generale/TaskSupervisoreB2/task_step_supervisorB2.pn
g Graphic file (type png)
<use images/funzionamento_generale/TaskSupervisoreB2/task_step_supervisorB2.png
>
Package pdftex.def Info: images/funzionamento_generale/TaskSupervisoreB2/task_s
tep_supervisorB2.png  used on input line 981.
(pdftex.def)             Requested size: 312.00119pt x 434.35287pt.


[43 <./images/funzionamento_generale/IMU/IMU_snapshot.png>]

[44 <./images/funzionamento_generale/TaskSupervisoreB2/task_step_supervisorB2.p
ng>]
<images/funzionamento_generale/TaskSupervisoreB2/B2Actuation.png, id=441, 567.6
2062pt x 444.15938pt>
File: images/funzionamento_generale/TaskSupervisoreB2/B2Actuation.png Graphic f
ile (type png)
<use images/funzionamento_generale/TaskSupervisoreB2/B2Actuation.png>
Package pdftex.def Info: images/funzionamento_generale/TaskSupervisoreB2/B2Actu
ation.png  used on input line 1011.
(pdftex.def)             Requested size: 312.00119pt x 244.14607pt.


[45]
<images/funzionamento_generale/TaskSupervisoreB2/snapshot_supervisoreB2.png, id
=448, 496.10344pt x 339.51843pt>
File: images/funzionamento_generale/TaskSupervisoreB2/snapshot_supervisoreB2.pn
g Graphic file (type png)
<use images/funzionamento_generale/TaskSupervisoreB2/snapshot_supervisoreB2.png
>
Package pdftex.def Info: images/funzionamento_generale/TaskSupervisoreB2/snapsh
ot_supervisoreB2.png  used on input line 1024.
(pdftex.def)             Requested size: 312.00119pt x 213.52473pt.


[46 <./images/funzionamento_generale/TaskSupervisoreB2/B2Actuation.png>]
<images/funzionamento_generale/LogBoard2/LogTask.png, id=456, 342.5297pt x 295.
1025pt>
File: images/funzionamento_generale/LogBoard2/LogTask.png Graphic file (type pn
g)
<use images/funzionamento_generale/LogBoard2/LogTask.png>
Package pdftex.def Info: images/funzionamento_generale/LogBoard2/LogTask.png  u
sed on input line 1046.
(pdftex.def)             Requested size: 312.00119pt x 268.82286pt.


[47 <./images/funzionamento_generale/TaskSupervisoreB2/snapshot_supervisoreB2.p
ng>]
<images/funzionamento_generale/BatTemp/BoardHelathTask.png, id=464, 359.09157pt
 x 503.63156pt>
File: images/funzionamento_generale/BatTemp/BoardHelathTask.png Graphic file (t
ype png)
<use images/funzionamento_generale/BatTemp/BoardHelathTask.png>
Package pdftex.def Info: images/funzionamento_generale/BatTemp/BoardHelathTask.
png  used on input line 1073.
(pdftex.def)             Requested size: 312.00119pt x 437.61798pt.


[48 <./images/funzionamento_generale/LogBoard2/LogTask.png>]

[49 <./images/funzionamento_generale/BatTemp/BoardHelathTask.png>]
<images/funzionamento_generale/TaskSupervisoreB1/task_step_supervisorB1.png, id
=478, 425.33907pt x 613.54219pt>
File: images/funzionamento_generale/TaskSupervisoreB1/task_step_supervisorB1.pn
g Graphic file (type png)
<use images/funzionamento_generale/TaskSupervisoreB1/task_step_supervisorB1.png
>
Package pdftex.def Info: images/funzionamento_generale/TaskSupervisoreB1/task_s
tep_supervisorB1.png  used on input line 1098.
(pdftex.def)             Requested size: 312.00119pt x 450.07275pt.


[50]

[51 <./images/funzionamento_generale/TaskSupervisoreB1/task_step_supervisorB1.p
ng>]
Overfull \hbox (12.3898pt too wide) in paragraph at lines 1115--1118
\OT1/cmr/m/n/12 l'affidabilit^^Ra della co-mu-ni-cazione inter-board. Qualora r
ilevi un'instabilit^^Ra
 []

<images/funzionamento_generale/TaskSupervisoreB1/snapshot_supervisoreB1.png, id
=490, 496.85625pt x 373.395pt>
File: images/funzionamento_generale/TaskSupervisoreB1/snapshot_supervisoreB1.pn
g Graphic file (type png)
<use images/funzionamento_generale/TaskSupervisoreB1/snapshot_supervisoreB1.png
>
Package pdftex.def Info: images/funzionamento_generale/TaskSupervisoreB1/snapsh
ot_supervisoreB1.png  used on input line 1125.
(pdftex.def)             Requested size: 312.00119pt x 234.47662pt.


[52 <./images/funzionamento_generale/TaskSupervisoreB1/snapshot_supervisoreB1.p
ng>]
Underfull \hbox (badness 10000) in paragraph at lines 1153--1155

 []



[53]
Underfull \hbox (badness 10000) in paragraph at lines 1172--1174

 []


Underfull \hbox (badness 10000) in paragraph at lines 1184--1187

 []


Overfull \hbox (13.50285pt too wide) in paragraph at lines 1188--1189
[]\OT1/cmr/m/n/12 Tale liv-ello con-siste nell'utilizzare un re-go-la-tore PI d
ed-i-cato che agisce sull'errore
 []



[54]
Underfull \hbox (badness 10000) in paragraph at lines 1216--1218

 []


Underfull \hbox (badness 10000) in paragraph at lines 1222--1225

 []



[55]
<images/Controllore/screenshot003.png, id=513, 714.41907pt x 566.86781pt>
File: images/Controllore/screenshot003.png Graphic file (type png)
<use images/Controllore/screenshot003.png>
Package pdftex.def Info: images/Controllore/screenshot003.png  used on input li
ne 1239.
(pdftex.def)             Requested size: 272.99881pt x 216.6143pt.


[56 <./images/Controllore/screenshot003.png>]
<images/Controllore/screenshot005.png, id=519, 465.23813pt x 305.64188pt>
File: images/Controllore/screenshot005.png Graphic file (type png)
<use images/Controllore/screenshot005.png>
Package pdftex.def Info: images/Controllore/screenshot005.png  used on input li
ne 1266.
(pdftex.def)             Requested size: 272.99881pt x 179.35242pt.

Underfull \hbox (badness 10000) in paragraph at lines 1272--1274

 []

<images/Controllore/screenshot004.png, id=520, 726.46407pt x 237.13594pt>
File: images/Controllore/screenshot004.png Graphic file (type png)
<use images/Controllore/screenshot004.png>
Package pdftex.def Info: images/Controllore/screenshot004.png  used on input li
ne 1283.
(pdftex.def)             Requested size: 272.99881pt x 89.1139pt.


[57 <./images/Controllore/screenshot005.png>]
Underfull \hbox (badness 10000) in paragraph at lines 1289--1291

 []

<images/Controllore/screenshot009.png, id=527, 176.15813pt x 167.12437pt>
File: images/Controllore/screenshot009.png Graphic file (type png)
<use images/Controllore/screenshot009.png>
Package pdftex.def Info: images/Controllore/screenshot009.png  used on input li
ne 1307.
(pdftex.def)             Requested size: 97.5pt x 92.50009pt.


[58 <./images/Controllore/screenshot004.png>]
File: images/funzionamento_generale/LogBoard2/LogTask.png Graphic file (type pn
g)
<use images/funzionamento_generale/LogBoard2/LogTask.png>
Package pdftex.def Info: images/funzionamento_generale/LogBoard2/LogTask.png  u
sed on input line 1327.
(pdftex.def)             Requested size: 312.00119pt x 268.82286pt.


[59 <./images/Controllore/screenshot009.png>]
Overfull \hbox (55.85033pt too wide) in paragraph at lines 1339--1347
 [][] 
 []


Overfull \hbox (2.5112pt too wide) in paragraph at lines 1351--1352
[]\OT1/cmr/m/n/12 Questa im-ple-men-tazione risulta fon-da-men-tale du-rante i 
test sul campo, poich^^Se
 []



[60]
Underfull \hbox (badness 10000) in paragraph at lines 1367--1369

 []


Underfull \hbox (badness 10000) in paragraph at lines 1370--1372

 []


Underfull \hbox (badness 10000) in paragraph at lines 1373--1375

 []



[61]
Underfull \hbox (badness 10000) in paragraph at lines 1380--1382

 []


Underfull \hbox (badness 10000) in paragraph at lines 1385--1387

 []



[62]
<images/funzionamento_generale/comm_b2b1.png, id=557, 1412.27625pt x 540.51938p
t>
File: images/funzionamento_generale/comm_b2b1.png Graphic file (type png)
<use images/funzionamento_generale/comm_b2b1.png>
Package pdftex.def Info: images/funzionamento_generale/comm_b2b1.png  used on i
nput line 1400.
(pdftex.def)             Requested size: 390.0pt x 149.26598pt.

Underfull \hbox (badness 10000) in paragraph at lines 1405--1407

 []


Underfull \hbox (badness 10000) in paragraph at lines 1408--1410

 []

<images/funzionamento_generale/comm_b1b2.png, id=559, 1413.78188pt x 526.96875p
t>
File: images/funzionamento_generale/comm_b1b2.png Graphic file (type png)
<use images/funzionamento_generale/comm_b1b2.png>
Package pdftex.def Info: images/funzionamento_generale/comm_b1b2.png  used on i
nput line 1414.
(pdftex.def)             Requested size: 390.0pt x 145.36311pt.


[63 <./images/funzionamento_generale/comm_b2b1.png>]
<images/funzionamento_generale/Esempio protocollo di comunicazione.png, id=566,
 301.8778pt x 365.11406pt>
File: images/funzionamento_generale/Esempio protocollo di comunicazione.png Gra
phic file (type png)
<use images/funzionamento_generale/Esempio protocollo di comunicazione.png>
Package pdftex.def Info: images/funzionamento_generale/Esempio protocollo di co
municazione.png  used on input line 1435.
(pdftex.def)             Requested size: 272.99881pt x 330.1874pt.


[64 <./images/funzionamento_generale/comm_b1b2.png>]
Underfull \hbox (badness 10000) in paragraph at lines 1445--1447

 []



[65 <./images/funzionamento_generale/Esempio protocollo di comunicazione.png>]

[66]

[67

]

[68

]
<images/Scheduling/priorita_board1.png, id=599, 227.6505pt x 177.66376pt>
File: images/Scheduling/priorita_board1.png Graphic file (type png)
<use images/Scheduling/priorita_board1.png>
Package pdftex.def Info: images/Scheduling/priorita_board1.png  used on input l
ine 1542.
(pdftex.def)             Requested size: 272.99881pt x 213.07614pt.
<images/Scheduling/priorita_board2.png, id=600, 221.02576pt x 181.8795pt>
File: images/Scheduling/priorita_board2.png Graphic file (type png)
<use images/Scheduling/priorita_board2.png>
Package pdftex.def Info: images/Scheduling/priorita_board2.png  used on input l
ine 1549.
(pdftex.def)             Requested size: 272.99881pt x 224.67067pt.

Overfull \hbox (22.48578pt too wide) in paragraph at lines 1555--1555
|[]\OT1/cmr/bx/n/17.28 Gestione della con-cor-renza e sin-croniz-zazione:
 []



[69

 <./images/Scheduling/priorita_board1.png> <./images/Scheduling/priorita_board2
.png>]

[70]
<images/Scheduling/EsempioMutex1.png, id=616, 561.59813pt x 319.94531pt>
File: images/Scheduling/EsempioMutex1.png Graphic file (type png)
<use images/Scheduling/EsempioMutex1.png>
Package pdftex.def Info: images/Scheduling/EsempioMutex1.png  used on input lin
e 1588.
(pdftex.def)             Requested size: 331.50238pt x 188.85884pt.

Underfull \hbox (badness 10000) in paragraph at lines 1596--1599

 []



[71 <./images/Scheduling/EsempioMutex1.png>]
<images/Scheduling/EsempioMutex.png, id=623, 404.26031pt x 483.30562pt>
File: images/Scheduling/EsempioMutex.png Graphic file (type png)
<use images/Scheduling/EsempioMutex.png>
Package pdftex.def Info: images/Scheduling/EsempioMutex.png  used on input line
 1603.
(pdftex.def)             Requested size: 272.99881pt x 326.37946pt.

Overfull \hbox (23.32913pt too wide) in paragraph at lines 1600--1606
[]\OT1/cmr/m/n/12 I mu-tex as-so-ciati agli snap-shot sono stati definiti stati
-ca-mente tramite l'interfaccia
 []

<images/Scheduling/EsempioMutex2.png, id=624, 376.40625pt x 121.20282pt>
File: images/Scheduling/EsempioMutex2.png Graphic file (type png)
<use images/Scheduling/EsempioMutex2.png>
Package pdftex.def Info: images/Scheduling/EsempioMutex2.png  used on input lin
e 1612.
(pdftex.def)             Requested size: 272.99881pt x 87.91139pt.


[72 <./images/Scheduling/EsempioMutex.png>]
<images/Scheduling/EsempioMutex3.png, id=631, 484.81125pt x 184.43906pt>
File: images/Scheduling/EsempioMutex3.png Graphic file (type png)
<use images/Scheduling/EsempioMutex3.png>
Package pdftex.def Info: images/Scheduling/EsempioMutex3.png  used on input lin
e 1619.
(pdftex.def)             Requested size: 272.99881pt x 103.86209pt.
<images/Scheduling/EsempioMutex4.png, id=632, 465.23813pt x 437.38406pt>
File: images/Scheduling/EsempioMutex4.png Graphic file (type png)
<use images/Scheduling/EsempioMutex4.png>
Package pdftex.def Info: images/Scheduling/EsempioMutex4.png  used on input lin
e 1630.
(pdftex.def)             Requested size: 272.99881pt x 256.6595pt.


[73 <./images/Scheduling/EsempioMutex2.png> <./images/Scheduling/EsempioMutex3.
png>]
Underfull \hbox (badness 10000) in paragraph at lines 1644--1646

 []



[74 <./images/Scheduling/EsempioMutex4.png>]
Underfull \hbox (badness 10000) in paragraph at lines 1661--1663

 []



[75]

[76]
<images/funzionamento_generale/specifiche/architettura.png, id=658, 965.85844pt
 x 645.91313pt>
File: images/funzionamento_generale/specifiche/architettura.png Graphic file (t
ype png)
<use images/funzionamento_generale/specifiche/architettura.png>
Package pdftex.def Info: images/funzionamento_generale/specifiche/architettura.
png  used on input line 1683.
(pdftex.def)             Requested size: 390.0pt x 260.80492pt.

Underfull \hbox (badness 10000) in paragraph at lines 1689--1691

 []



[77 <./images/funzionamento_generale/specifiche/architettura.png>]
Overfull \hbox (11.73792pt too wide) in paragraph at lines 1704--1706
[] []\OT1/cmr/bx/n/12 Modalit^^Ra degra-data con en-trambe le Board op-er-a-tiv
e[] \OT1/cmr/m/n/12 Questa modalit^^Ra
 []


Underfull \hbox (badness 10000) in paragraph at lines 1704--1706

 []


Overfull \hbox (6.32367pt too wide) in paragraph at lines 1707--1708
[]\OT1/cmr/m/n/12 In questa con-fig-u-razione en-trambe le Board restano at-tiv
e e il sis-tema mantiene
 []


Underfull \hbox (badness 10000) in paragraph at lines 1710--1712

 []



[78]
<images/funzionamento_generale/specifiche/Encoder_faults.png, id=669, 971.12813
pt x 643.6547pt>
File: images/funzionamento_generale/specifiche/Encoder_faults.png Graphic file 
(type png)
<use images/funzionamento_generale/specifiche/Encoder_faults.png>
Package pdftex.def Info: images/funzionamento_generale/specifiche/Encoder_fault
s.png  used on input line 1728.
(pdftex.def)             Requested size: 390.0pt x 258.48856pt.


[79 <./images/funzionamento_generale/specifiche/Encoder_faults.png>]
Overfull \hbox (0.25156pt too wide) in paragraph at lines 1739--1740
\OT1/cmr/m/n/12 strut-tura del PI ger-ar-chico risulta im-pos-si-bile ap-pli-ca
re la sterzata,
 []


Overfull \hbox (12.28458pt too wide) in paragraph at lines 1745--1746
[]\OT1/cmr/m/it/12 Tre en-coder guasti\OT1/cmr/m/n/12 : tutte le ruote as-sumon
o la ve-locit^^Ra mis-urata dall'unico
 []


Underfull \hbox (badness 10000) in paragraph at lines 1750--1752

 []


Underfull \hbox (badness 10000) in paragraph at lines 1753--1755

 []



[80]

[81]
<images/SupervisoreB1/SupervisoreB1_simulink.png, id=686, 776.9025pt x 514.1709
4pt>
File: images/SupervisoreB1/SupervisoreB1_simulink.png Graphic file (type png)
<use images/SupervisoreB1/SupervisoreB1_simulink.png>
Package pdftex.def Info: images/SupervisoreB1/SupervisoreB1_simulink.png  used 
on input line 1766.
(pdftex.def)             Requested size: 312.00119pt x 206.48853pt.

Underfull \hbox (badness 10000) in paragraph at lines 1770--1772

 []



[82

 <./images/SupervisoreB1/SupervisoreB1_simulink.png>]
Overfull \hbox (9.80896pt too wide) in paragraph at lines 1782--1783
[]\OT1/cmr/bx/n/12 Ricostruzione dello stato glob-ale e cal-colo dei rifer-i-me
nti\OT1/cmr/m/n/12 : quando
 []

<images/SupervisoreB1/CMD_BOARD2.png, id=693, 171.64125pt x 179.92218pt>
File: images/SupervisoreB1/CMD_BOARD2.png Graphic file (type png)
<use images/SupervisoreB1/CMD_BOARD2.png>
Package pdftex.def Info: images/SupervisoreB1/CMD_BOARD2.png  used on input lin
e 1797.
(pdftex.def)             Requested size: 117.00119pt x 122.6447pt.


[83 <./images/SupervisoreB1/CMD_BOARD2.png>]
Overfull \hbox (8.4937pt too wide) in paragraph at lines 1814--1815
[]\OT1/cmr/m/it/12 data[]last[]valid[]ms\OT1/cmr/m/n/12 : rap-p-re-senta il tem
po, in mil-lisec-ondi, dell'ultimo
 []

<images/SupervisoreB1/BoardHealthSnapshot.png, id=701, 560.0925pt x 152.06813pt
>
File: images/SupervisoreB1/BoardHealthSnapshot.png Graphic file (type png)
<use images/SupervisoreB1/BoardHealthSnapshot.png>
Package pdftex.def Info: images/SupervisoreB1/BoardHealthSnapshot.png  used on 
input line 1821.
(pdftex.def)             Requested size: 272.99881pt x 74.1242pt.
<images/SupervisoreB1/Encoder_snapshot.png, id=703, 678.28406pt x 182.18062pt>
File: images/SupervisoreB1/Encoder_snapshot.png Graphic file (type png)
<use images/SupervisoreB1/Encoder_snapshot.png>
Package pdftex.def Info: images/SupervisoreB1/Encoder_snapshot.png  used on inp
ut line 1829.
(pdftex.def)             Requested size: 272.99881pt x 73.32407pt.


[84 <./images/SupervisoreB1/BoardHealthSnapshot.png>]

[85 <./images/SupervisoreB1/Encoder_snapshot.png>]
<images/SupervisoreB1/Chart fault locali.png, id=720, 747.54282pt x 338.76563pt
>
File: images/SupervisoreB1/Chart fault locali.png Graphic file (type png)
<use images/SupervisoreB1/Chart fault locali.png>
Package pdftex.def Info: images/SupervisoreB1/Chart fault locali.png  used on i
nput line 1885.
(pdftex.def)             Requested size: 312.00119pt x 141.3915pt.


[86]
<images/SupervisoreB1/Chart fault locali stati.png, id=726, 843.15pt x 529.98pt
>
File: images/SupervisoreB1/Chart fault locali stati.png Graphic file (type png)

<use images/SupervisoreB1/Chart fault locali stati.png>
Package pdftex.def Info: images/SupervisoreB1/Chart fault locali stati.png  use
d on input line 1907.
(pdftex.def)             Requested size: 312.00119pt x 196.11378pt.


[87 <./images/SupervisoreB1/Chart fault locali.png>]
<images/SupervisoreB1/Chart fault locali esempio ricezione.png, id=733, 927.465
pt x 432.11438pt>
File: images/SupervisoreB1/Chart fault locali esempio ricezione.png Graphic fil
e (type png)
<use images/SupervisoreB1/Chart fault locali esempio ricezione.png>
Package pdftex.def Info: images/SupervisoreB1/Chart fault locali esempio ricezi
one.png  used on input line 1931.
(pdftex.def)             Requested size: 312.00119pt x 145.36746pt.


[88 <./images/SupervisoreB1/Chart fault locali stati.png>]
Overfull \hbox (11.87915pt too wide) in paragraph at lines 1936--1938
\OT1/cmr/bx/n/12 RX[]DEGRADED \OT1/cmr/m/n/12 e \OT1/cmr/bx/n/12 RX[]CRITICAL\O
T1/cmr/m/n/12 . La tran-sizione tra questi stati avviene
 []


Overfull \hbox (52.16782pt too wide) in paragraph at lines 1936--1938
\OT1/cmr/m/n/12 in fun-zione del tempo dell'ultimo ag-gior-na-mento valido rice
-vuto (\OT1/cmr/m/it/12 Rx[]data[]last[]valid[]ms\OT1/cmr/m/n/12 )
 []


Underfull \hbox (badness 10000) in paragraph at lines 1936--1938

 []


Overfull \hbox (2.95886pt too wide) in paragraph at lines 1943--1947
\OT1/cmtt/m/n/12 isCommDegradedByMeanPeriod(Rx[]data[]last[]valid[]ms, threshol
d)
 []


Underfull \hbox (badness 10000) in paragraph at lines 1959--1961

 []



[89 <./images/SupervisoreB1/Chart fault locali esempio ricezione.png>]

[90]
Overfull \hbox (59.67226pt too wide) in paragraph at lines 1997--1998
[]\OT1/cmr/m/n/12 WHEEL[]DEGRADED[]ENCODER: quando il seg-nale booleano \OT1/cm
r/m/it/12 has[]no[]feedback(i)\OT1/cmr/m/n/12 ,
 []


Overfull \hbox (12.04352pt too wide) in paragraph at lines 1999--2000
[]\OT1/cmr/m/n/12 WHEEL[]CRITICAL[]MOTOR: quando alla con-dizione \OT1/cmr/m/it
/12 has[]no[]feedback(i)
 []


Overfull \hbox (3.42177pt too wide) in paragraph at lines 2022--2023
[]\OT1/cmr/m/n/12 RX[]CRITICAL: quando l'intervallo di tempo dall'ultimo ag-gio
r-na-mento
 []



[91]
Underfull \hbox (badness 10000) in paragraph at lines 2027--2029

 []

<images/SupervisoreB1/maschere pt2.png, id=755, 712.91344pt x 276.28218pt>
File: images/SupervisoreB1/maschere pt2.png Graphic file (type png)
<use images/SupervisoreB1/maschere pt2.png>
Package pdftex.def Info: images/SupervisoreB1/maschere pt2.png  used on input l
ine 2034.
(pdftex.def)             Requested size: 331.50238pt x 128.46988pt.
<images/SupervisoreB1/decide actuation.png, id=757, 487.06969pt x 164.86594pt>
File: images/SupervisoreB1/decide actuation.png Graphic file (type png)
<use images/SupervisoreB1/decide actuation.png>
Package pdftex.def Info: images/SupervisoreB1/decide actuation.png  used on inp
ut line 2050.
(pdftex.def)             Requested size: 272.99881pt x 92.40477pt.


[92 <./images/SupervisoreB1/maschere pt2.png>]
<images/SupervisoreB1/Selezione board attuante.png, id=764, 666.23906pt x 251.4
3938pt>
File: images/SupervisoreB1/Selezione board attuante.png Graphic file (type png)

<use images/SupervisoreB1/Selezione board attuante.png>
Package pdftex.def Info: images/SupervisoreB1/Selezione board attuante.png  use
d on input line 2058.
(pdftex.def)             Requested size: 331.50238pt x 125.10934pt.

Overfull \hbox (47.30614pt too wide) in paragraph at lines 2067--2068
\OT1/cmr/m/n/12 pure nello stato del su-per-vi-sore della Board 2 (\OT1/cmr/m/i
t/12 b2[]sup[]status = SUP[]CRITICAL\OT1/cmr/m/n/12 ). 
 []

<images/SupervisoreB1/rele_board1.png, id=767, 1284.8pt x 842.14626pt>
File: images/SupervisoreB1/rele_board1.png Graphic file (type png)
<use images/SupervisoreB1/rele_board1.png>
Package pdftex.def Info: images/SupervisoreB1/rele_board1.png  used on input li
ne 2077.
(pdftex.def)             Requested size: 175.49881pt x 115.02124pt.
<images/SupervisoreB1/rele_board2.png, id=768, 1284.8pt x 869.2475pt>
File: images/SupervisoreB1/rele_board2.png Graphic file (type png)
<use images/SupervisoreB1/rele_board2.png>
Package pdftex.def Info: images/SupervisoreB1/rele_board2.png  used on input li
ne 2083.
(pdftex.def)             Requested size: 175.49881pt x 118.72276pt.


[93 <./images/SupervisoreB1/decide actuation.png> <./images/SupervisoreB1/Selez
ione board attuante.png>]
Overfull \hbox (6.03119pt too wide) in paragraph at lines 2092--2092
|[]\OT1/cmr/bx/n/14.4 Stato del rover e cal-colo dei rifer-i-menti (solo quando

 []

<images/SupervisoreB1/rover state and actuation subsystem.png, id=778, 931.9818
7pt x 539.01375pt>
File: images/SupervisoreB1/rover state and actuation subsystem.png Graphic file
 (type png)
<use images/SupervisoreB1/rover state and actuation subsystem.png>
Package pdftex.def Info: images/SupervisoreB1/rover state and actuation subsyst
em.png  used on input line 2097.
(pdftex.def)             Requested size: 350.99762pt x 203.00146pt.

Underfull \hbox (badness 10000) in paragraph at lines 2102--2104

 []



[94 <./images/SupervisoreB1/rele_board1.png (PNG copy)> <./images/SupervisoreB1
/rele_board2.png (PNG copy)> <./images/SupervisoreB1/rover state and actuation 
subsystem.png>]
Overfull \hbox (9.43008pt too wide) in paragraph at lines 2111--2112
[]\OT1/cmr/m/it/12 degraded[]required\OT1/cmr/m/n/12 : viene posto a 1 se ^^Re 
pre-sente al-meno un fault degradato
 []

<images/SupervisoreB1/rover state and actuation subsystem1.png, id=785, 724.958
44pt x 283.81032pt>
File: images/SupervisoreB1/rover state and actuation subsystem1.png Graphic fil
e (type png)
<use images/SupervisoreB1/rover state and actuation subsystem1.png>
Package pdftex.def Info: images/SupervisoreB1/rover state and actuation subsyst
em1.png  used on input line 2120.
(pdftex.def)             Requested size: 331.50238pt x 129.77914pt.


[95 <./images/SupervisoreB1/rover state and actuation subsystem1.png>]
Overfull \hbox (17.70876pt too wide) in paragraph at lines 2131--2132
\OT1/cmr/m/n/12 dalle fault mask lo-cali, e \OT1/cmr/m/it/12 b2[]critical \OT1/
cmr/m/n/12 e \OT1/cmr/m/it/12 b2[]degraded\OT1/cmr/m/n/12 , ot-tenuti dal pre-p
rocessamento
 []

<images/SupervisoreB1/check rover safety.png, id=791, 847.66687pt x 349.305pt>
File: images/SupervisoreB1/check rover safety.png Graphic file (type png)
<use images/SupervisoreB1/check rover safety.png>
Package pdftex.def Info: images/SupervisoreB1/check rover safety.png  used on i
nput line 2146.
(pdftex.def)             Requested size: 370.49881pt x 152.67131pt.
<images/SupervisoreB1/rover motion chart.png, id=792, 666.23906pt x 475.02469pt
>
File: images/SupervisoreB1/rover motion chart.png Graphic file (type png)
<use images/SupervisoreB1/rover motion chart.png>
Package pdftex.def Info: images/SupervisoreB1/rover motion chart.png  used on i
nput line 2157.
(pdftex.def)             Requested size: 350.99762pt x 250.26147pt.


[96 <./images/SupervisoreB1/check rover safety.png>]
Overfull \hbox (14.71802pt too wide) in paragraph at lines 2162--2163
\OT1/cmr/m/n/12 tazione a 180 gradi quando il co-mando utente richiede un movi-
mento all'indietro.
 []

<images/SupervisoreB1/backward_toggle.png, id=798, 777.65532pt x 304.13625pt>
File: images/SupervisoreB1/backward_toggle.png Graphic file (type png)
<use images/SupervisoreB1/backward_toggle.png>
Package pdftex.def Info: images/SupervisoreB1/backward_toggle.png  used on inpu
t line 2176.
(pdftex.def)             Requested size: 350.99762pt x 137.27771pt.


[97 <./images/SupervisoreB1/rover motion chart.png>]
Overfull \hbox (30.00325pt too wide) in paragraph at lines 2184--2185
[]\OT1/cmr/m/n/12 La vari-abile \OT1/cmr/m/it/12 back-ward[]enabled \OT1/cmr/m/
n/12 viene quindi uti-liz-zata dal blocco \OT1/cmr/m/it/12 Mo-tion[]Supervision

 []


Overfull \hbox (0.68344pt too wide) in paragraph at lines 2194--2195
[]\OT1/cmr/m/n/12 marcia nor-male, in cui i rifer-i-menti sono di-ret-ta-mente 
derivati dall'input
 []

<images/SupervisoreB1/normale marcia esempio.png, id=805, 889.07156pt x 532.238
43pt>
File: images/SupervisoreB1/normale marcia esempio.png Graphic file (type png)
<use images/SupervisoreB1/normale marcia esempio.png>
Package pdftex.def Info: images/SupervisoreB1/normale marcia esempio.png  used 
on input line 2202.
(pdftex.def)             Requested size: 350.99762pt x 210.12224pt.


[98 <./images/SupervisoreB1/backward_toggle.png>]
<images/SupervisoreB1/chart frenata di emergenza.png, id=811, 914.66719pt x 515
.67656pt>
File: images/SupervisoreB1/chart frenata di emergenza.png Graphic file (type pn
g)
<use images/SupervisoreB1/chart frenata di emergenza.png>
Package pdftex.def Info: images/SupervisoreB1/chart frenata di emergenza.png  u
sed on input line 2226.
(pdftex.def)             Requested size: 350.99762pt x 197.88692pt.

Underfull \hbox (badness 10000) in paragraph at lines 2232--2234

 []



[99 <./images/SupervisoreB1/normale marcia esempio.png>]

[100 <./images/SupervisoreB1/chart frenata di emergenza.png>]
<images/SupervisoreB2/SupervisoreBoard2_InputOutput.png, id=825, 748.29562pt x 
626.34pt>
File: images/SupervisoreB2/SupervisoreBoard2_InputOutput.png Graphic file (type
 png)
<use images/SupervisoreB2/SupervisoreBoard2_InputOutput.png>
Package pdftex.def Info: images/SupervisoreB2/SupervisoreBoard2_InputOutput.png
  used on input line 2247.
(pdftex.def)             Requested size: 312.00119pt x 261.14957pt.

Overfull \hbox (10.03586pt too wide) in paragraph at lines 2256--2257
[]\OT1/cmr/bx/n/12 Rilevazione Faults\OT1/cmr/m/n/12 : si oc-cupa di ril-e-vare
 even-tu-ali anoma-lie nell'ESP32,
 []


Overfull \hbox (62.03563pt too wide) in paragraph at lines 2257--2258
[]\OT1/cmr/bx/n/12 Aggregazione Fualt\OT1/cmr/m/n/12 : ag-grega le anoma-lie ri
l-e-vate nella parte di $\OML/cmm/m/it/12 rilevazionefaults$
 []



[101 <./images/SupervisoreB2/SupervisoreBoard2_InputOutput.png>]
Overfull \hbox (1.44377pt too wide) in paragraph at lines 2278--2279
[]\OT1/cmr/m/it/12 data[]last[]valid[]ms\OT1/cmr/m/n/12 : rap-p-re-senta il tem
po in mil-lisec-ondi dell'ultimo
 []

<images/SupervisoreB2/IMU_snapshot.png, id=832, 551.81157pt x 353.82187pt>
File: images/SupervisoreB2/IMU_snapshot.png Graphic file (type png)
<use images/SupervisoreB2/IMU_snapshot.png>
Package pdftex.def Info: images/SupervisoreB2/IMU_snapshot.png  used on input l
ine 2285.
(pdftex.def)             Requested size: 272.99881pt x 175.05328pt.


[102]
<images/SupervisoreB2/Sonars_snapshot.png, id=837, 552.56438pt x 126.4725pt>
File: images/SupervisoreB2/Sonars_snapshot.png Graphic file (type png)
<use images/SupervisoreB2/Sonars_snapshot.png>
Package pdftex.def Info: images/SupervisoreB2/Sonars_snapshot.png  used on inpu
t line 2292.
(pdftex.def)             Requested size: 272.99881pt x 62.48346pt.

Overfull \hbox (6.07098pt too wide) in paragraph at lines 2289--2295
[]\OT1/cmr/bx/n/12 Sonars\OT1/cmr/m/n/12 : ^^Re l'ultimo snap-shot delle ve-loc
it^^Ra delle ruote ($\OML/cmm/m/it/12 wheel[]speed[]rpm$\OT1/cmr/m/n/12 )
 []


Overfull \hbox (0.64967pt too wide) in paragraph at lines 2289--2295
\OT1/cmr/m/n/12 e di even-tu-ali anoma-lie riscon-trate in uno dei mo-tori ($\O
ML/cmm/m/it/12 has[]no[]feedback$\OT1/cmr/m/n/12 ).
 []


Overfull \hbox (14.14674pt too wide) in paragraph at lines 2321--2330
 [][] 
 []



[103 <./images/SupervisoreB2/IMU_snapshot.png> <./images/SupervisoreB2/Sonars_s
napshot.png>]
Overfull \hbox (3.00433pt too wide) in paragraph at lines 2340--2342
[]\OT1/cmr/bx/n/12 v[]ref[]actuation\OT1/cmr/m/n/12 : rap-p-re-senta il rifer-i
-mento di ve-locit^^Ra lin-eare del rover,
 []

<images/SupervisoreB2/Rilevamento_Faults.png, id=846, 813.0375pt x 602.25pt>
File: images/SupervisoreB2/Rilevamento_Faults.png Graphic file (type png)
<use images/SupervisoreB2/Rilevamento_Faults.png>
Package pdftex.def Info: images/SupervisoreB2/Rilevamento_Faults.png  used on i
nput line 2369.
(pdftex.def)             Requested size: 312.00119pt x 231.10883pt.


[104]
Underfull \hbox (badness 1005) in paragraph at lines 2395--2396
[]|\OT1/cmr/m/n/12 Se la me-dia mo-bile degli
 []


Underfull \hbox (badness 1005) in paragraph at lines 2396--2397
[]|\OT1/cmr/m/n/12 Se la me-dia mo-bile degli
 []


Underfull \hbox (badness 1082) in paragraph at lines 2397--2397
[]|\OT1/cmr/m/n/12 Quando la fre-quenza me-
 []


Underfull \hbox (badness 1005) in paragraph at lines 2399--2400
[]|\OT1/cmr/m/n/12 Se la me-dia mo-bile degli
 []


Underfull \hbox (badness 1005) in paragraph at lines 2400--2401
[]|\OT1/cmr/m/n/12 Se la me-dia mo-bile degli
 []


Underfull \hbox (badness 1527) in paragraph at lines 2403--2405
[]|\OT1/cmr/m/n/12 Questo val-ore in-dica una
 []


Underfull \hbox (badness 10000) in paragraph at lines 2403--2405
\OT1/cmr/m/n/12 dis-con-ti-nuit^^Ra op-er-a-tiva
 []


Underfull \hbox (badness 1117) in paragraph at lines 2403--2405
\OT1/cmr/m/n/12 ogni volta che viene es-e-
 []


Underfull \hbox (badness 5592) in paragraph at lines 2406--2406
[]|\OT1/cmr/m/n/12 Se l'intervallo di tempo
 []


Underfull \hbox (badness 5533) in paragraph at lines 2406--2406
\OT1/cmr/m/n/12 dall'ultimo ag-gior-na-mento
 []


Underfull \hbox (badness 2368) in paragraph at lines 2406--2406
\OT1/cmr/m/n/12 sore di Board1 su-pera i
 []


Underfull \hbox (badness 10000) in paragraph at lines 2409--2412
\OT1/cmr/m/n/12 co-mu-ni-cazione in-sta-bile.
 []


Underfull \hbox (badness 10000) in paragraph at lines 2409--2412
\OT1/cmr/m/n/12 Sebbene il col-lega-mento
 []


Underfull \hbox (badness 1509) in paragraph at lines 2409--2412
\OT1/cmr/m/n/12 dei pac-chetti im-pedis-cono
 []


Underfull \hbox (badness 10000) in paragraph at lines 2409--2412
\OT1/cmr/m/n/12 abile data[]last[]valid[]ms.
 []


Underfull \hbox (badness 10000) in paragraph at lines 2409--2412
\OT1/cmr/m/n/12 Il sis-tema mon-i-tora la
 []


Underfull \hbox (badness 3668) in paragraph at lines 2409--2412
\OT1/cmr/m/n/12 10 in-ter-valli di ricezione
 []


Underfull \hbox (badness 5592) in paragraph at lines 2413--2413
[]|\OT1/cmr/m/n/12 Se l'intervallo di tempo
 []


Underfull \hbox (badness 5578) in paragraph at lines 2413--2413
\OT1/cmr/m/n/12 dall'ultima ricezione cor-
 []


Underfull \hbox (badness 4229) in paragraph at lines 2416--2417
[]|\OT1/cmr/m/n/12 Indica che c'^^Re una dis-
 []


Underfull \hbox (badness 4492) in paragraph at lines 2416--2417
\OT1/cmr/m/n/12 crepanza sig-ni-fica-tiva tra
 []


Underfull \hbox (badness 2197) in paragraph at lines 2416--2417
\OT1/cmr/m/n/12 ve-locit^^Ra dei mo-tori, sug-
 []

[105 <./images/SupervisoreB2/Rilevamento_Faults.png>] [106] [107]
<images/SupervisoreB2/costruzione_maschere.png, id=867, 475.7775pt x 419.31656p
t>
File: images/SupervisoreB2/costruzione_maschere.png Graphic file (type png)
<use images/SupervisoreB2/costruzione_maschere.png>
Package pdftex.def Info: images/SupervisoreB2/costruzione_maschere.png  used on
 input line 2426.
(pdftex.def)             Requested size: 312.00119pt x 274.99025pt.

Overfull \hbox (134.94116pt too wide) in paragraph at lines 2439--2454
 [][] 
 []



[108 <./images/SupervisoreB2/costruzione_maschere.png>]
<images/SupervisoreB2/decidere_se_attuare.png, id=876, 1187.18532pt x 544.28343
pt>
File: images/SupervisoreB2/decidere_se_attuare.png Graphic file (type png)
<use images/SupervisoreB2/decidere_se_attuare.png>
Package pdftex.def Info: images/SupervisoreB2/decidere_se_attuare.png  used on 
input line 2464.
(pdftex.def)             Requested size: 312.00119pt x 143.03848pt.


[109 <./images/SupervisoreB2/decidere_se_attuare.png>]
<images/SupervisoreB2/GestioneRilevamentoOstacoli/GestioneOstacoliB2.png, id=88
4, 941.01563pt x 548.0475pt>
File: images/SupervisoreB2/GestioneRilevamentoOstacoli/GestioneOstacoliB2.png G
raphic file (type png)
<use images/SupervisoreB2/GestioneRilevamentoOstacoli/GestioneOstacoliB2.png>
Package pdftex.def Info: images/SupervisoreB2/GestioneRilevamentoOstacoli/Gesti
oneOstacoliB2.png  used on input line 2508.
(pdftex.def)             Requested size: 350.99762pt x 204.42181pt.
<images/SupervisoreB2/GestioneRilevamentoOstacoli/GestioneOstacoli_StatoNonDegr
adato.png, id=886, 1321.93875pt x 661.72218pt>
File: images/SupervisoreB2/GestioneRilevamentoOstacoli/GestioneOstacoli_StatoNo
nDegradato.png Graphic file (type png)
<use images/SupervisoreB2/GestioneRilevamentoOstacoli/GestioneOstacoli_StatoNon
Degradato.png>
Package pdftex.def Info: images/SupervisoreB2/GestioneRilevamentoOstacoli/Gesti
oneOstacoli_StatoNonDegradato.png  used on input line 2517.
(pdftex.def)             Requested size: 350.99762pt x 175.69884pt.


[110 <./images/SupervisoreB2/GestioneRilevamentoOstacoli/GestioneOstacoliB2.png
>]
<images/SupervisoreB2/GestioneRilevamentoOstacoli/SonarsState.png, id=896, 879.
285pt x 617.30624pt>
File: images/SupervisoreB2/GestioneRilevamentoOstacoli/SonarsState.png Graphic 
file (type png)
<use images/SupervisoreB2/GestioneRilevamentoOstacoli/SonarsState.png>
Package pdftex.def Info: images/SupervisoreB2/GestioneRilevamentoOstacoli/Sonar
sState.png  used on input line 2527.
(pdftex.def)             Requested size: 175.49881pt x 123.20473pt.
<images/SupervisoreB2/GestioneRilevamentoOstacoli/B2DecisionState.png, id=897, 
426.84468pt x 374.14781pt>
File: images/SupervisoreB2/GestioneRilevamentoOstacoli/B2DecisionState.png Grap
hic file (type png)
<use images/SupervisoreB2/GestioneRilevamentoOstacoli/B2DecisionState.png>
Package pdftex.def Info: images/SupervisoreB2/GestioneRilevamentoOstacoli/B2Dec
isionState.png  used on input line 2533.
(pdftex.def)             Requested size: 175.49881pt x 153.83546pt.


[111 <./images/SupervisoreB2/GestioneRilevamentoOstacoli/GestioneOstacoli_Stato
NonDegradato.png> <./images/SupervisoreB2/GestioneRilevamentoOstacoli/SonarsSta
te.png> <./images/SupervisoreB2/GestioneRilevamentoOstacoli/B2DecisionState.png
>]
<images/SupervisoreB2/GestioneRilevamentoOstacoli/distanceLt_70.png, id=908, 11
47.28625pt x 208.52907pt>
File: images/SupervisoreB2/GestioneRilevamentoOstacoli/distanceLt_70.png Graphi
c file (type png)
<use images/SupervisoreB2/GestioneRilevamentoOstacoli/distanceLt_70.png>
Package pdftex.def Info: images/SupervisoreB2/GestioneRilevamentoOstacoli/dista
nceLt_70.png  used on input line 2556.
(pdftex.def)             Requested size: 350.99762pt x 63.79376pt.
<images/SupervisoreB2/GestioneRilevamentoOstacoli/distancegt_70_and_timers.png,
 id=909, 1205.2528pt x 654.19406pt>
File: images/SupervisoreB2/GestioneRilevamentoOstacoli/distancegt_70_and_timers
.png Graphic file (type png)
<use images/SupervisoreB2/GestioneRilevamentoOstacoli/distancegt_70_and_timers.
png>
Package pdftex.def Info: images/SupervisoreB2/GestioneRilevamentoOstacoli/dista
ncegt_70_and_timers.png  used on input line 2576.
(pdftex.def)             Requested size: 350.99762pt x 190.51997pt.


[112 <./images/SupervisoreB2/GestioneRilevamentoOstacoli/distanceLt_70.png>]

Package hyperref Warning: Token not allowed in a PDF string (Unicode):
(hyperref)                removing `math shift' on input line 2597.


Package hyperref Warning: Token not allowed in a PDF string (Unicode):
(hyperref)                removing `math shift' on input line 2597.


Overfull \hbox (5.99728pt too wide) in paragraph at lines 2599--2600
\OT1/cmr/m/n/12 Il chart per la ges-tione degli os-ta-coli in stato degradato ^
^Re mostrato in Figura []71[]. 
 []

<images/SupervisoreB2/GestioneRilevamentoOstacoli/GestioneOstacoli_StatoDegrada
to.png, id=920, 1373.88281pt x 382.42876pt>
File: images/SupervisoreB2/GestioneRilevamentoOstacoli/GestioneOstacoli_StatoDe
gradato.png Graphic file (type png)
<use images/SupervisoreB2/GestioneRilevamentoOstacoli/GestioneOstacoli_StatoDeg
radato.png>
Package pdftex.def Info: images/SupervisoreB2/GestioneRilevamentoOstacoli/Gesti
oneOstacoli_StatoDegradato.png  used on input line 2603.
(pdftex.def)             Requested size: 350.99762pt x 97.70184pt.


[113 <./images/SupervisoreB2/GestioneRilevamentoOstacoli/distancegt_70_and_time
rs.png>]
<images/SupervisoreB2/attuazione_Board2.png, id=931, 1101.36469pt x 428.35031pt
>
File: images/SupervisoreB2/attuazione_Board2.png Graphic file (type png)
<use images/SupervisoreB2/attuazione_Board2.png>
Package pdftex.def Info: images/SupervisoreB2/attuazione_Board2.png  used on in
put line 2623.
(pdftex.def)             Requested size: 312.00119pt x 121.34251pt.


[114 <./images/SupervisoreB2/GestioneRilevamentoOstacoli/GestioneOstacoli_Stato
Degradato.png>]

[115 <./images/SupervisoreB2/attuazione_Board2.png>] (Relazione_ESD.aux)
 ***********
LaTeX2e <2024-11-01>
L3 programming layer <2024-11-02>
 ***********


LaTeX Warning: There were multiply-defined labels.

 ) 
Here is how much of TeX's memory you used:
 17291 strings out of 473682
 366005 string characters out of 5719217
 691811 words of memory out of 5000000
 39918 multiletter control sequences out of 15000+600000
 569357 words of font info for 74 fonts, out of 8000000 for 9000
 1141 hyphenation exceptions out of 8191
 75i,13n,79p,987b,1260s stack positions out of 10000i,1000n,20000p,200000b,200000s
 <C:\Users\Sterm\AppData\Local\MiKTeX\fonts/pk/ljfour/jknappen/ec/dpi600\tcrm
1200.pk><C:/Users/Sterm/AppData/Local/Programs/MiKTeX/fonts/type1/public/amsfon
ts/cm/cmbx12.pfb><C:/Users/Sterm/AppData/Local/Programs/MiKTeX/fonts/type1/publ
ic/amsfonts/cm/cmbx8.pfb><C:/Users/Sterm/AppData/Local/Programs/MiKTeX/fonts/ty
pe1/public/amsfonts/cm/cmbxti10.pfb><C:/Users/Sterm/AppData/Local/Programs/MiKT
eX/fonts/type1/public/amsfonts/cm/cmex10.pfb><C:/Users/Sterm/AppData/Local/Prog
rams/MiKTeX/fonts/type1/public/amsfonts/cm/cmmi10.pfb><C:/Users/Sterm/AppData/L
ocal/Programs/MiKTeX/fonts/type1/public/amsfonts/cm/cmmi12.pfb><C:/Users/Sterm/
AppData/Local/Programs/MiKTeX/fonts/type1/public/amsfonts/cm/cmmi8.pfb><C:/User
s/Sterm/AppData/Local/Programs/MiKTeX/fonts/type1/public/amsfonts/cm/cmmib10.pf
b><C:/Users/Sterm/AppData/Local/Programs/MiKTeX/fonts/type1/public/amsfonts/cme
xtra/cmmib8.pfb><C:/Users/Sterm/AppData/Local/Programs/MiKTeX/fonts/type1/publi
c/amsfonts/cm/cmr10.pfb><C:/Users/Sterm/AppData/Local/Programs/MiKTeX/fonts/typ
e1/public/amsfonts/cm/cmr12.pfb><C:/Users/Sterm/AppData/Local/Programs/MiKTeX/f
onts/type1/public/amsfonts/cm/cmr17.pfb><C:/Users/Sterm/AppData/Local/Programs/
MiKTeX/fonts/type1/public/amsfonts/cm/cmr8.pfb><C:/Users/Sterm/AppData/Local/Pr
ograms/MiKTeX/fonts/type1/public/amsfonts/cm/cmsy10.pfb><C:/Users/Sterm/AppData
/Local/Programs/MiKTeX/fonts/type1/public/amsfonts/cm/cmsy8.pfb><C:/Users/Sterm
/AppData/Local/Programs/MiKTeX/fonts/type1/public/amsfonts/cm/cmti12.pfb><C:/Us
ers/Sterm/AppData/Local/Programs/MiKTeX/fonts/type1/public/amsfonts/cm/cmtt10.p
fb><C:/Users/Sterm/AppData/Local/Programs/MiKTeX/fonts/type1/public/amsfonts/cm
/cmtt12.pfb>
Output written on Relazione_ESD.pdf (115 pages, 5793707 bytes).
PDF statistics:
 1359 PDF objects out of 1440 (max. 8388607)
 289 named destinations out of 1000 (max. 500000)
 1083 words of extra memory for PDF output out of 10000 (max. 10000000)

